===== Training Config =====
Dataset:        emnist
EMNIST Split:   balanced
Model:          lenet
BatchSize:      128
Epochs:         300
LR:             0.0022
Patience:       10
NumClasses:     47
SaveDir:        /scratch/gilbreth/hu953/cs57800/pth
Noise Std:      40.0
Noise Type:     gaussian
===========================
[Epoch 1/300] Iter [10/794] Loss: 3.3072
[Epoch 1/300] Iter [20/794] Loss: 2.6320
[Epoch 1/300] Iter [30/794] Loss: 1.9818
[Epoch 1/300] Iter [40/794] Loss: 1.4790
[Epoch 1/300] Iter [50/794] Loss: 1.0863
[Epoch 1/300] Iter [60/794] Loss: 0.9979
[Epoch 1/300] Iter [70/794] Loss: 0.9781
[Epoch 1/300] Iter [80/794] Loss: 0.9181
[Epoch 1/300] Iter [90/794] Loss: 0.7502
[Epoch 1/300] Iter [100/794] Loss: 0.7687
[Epoch 1/300] Iter [110/794] Loss: 0.6813
[Epoch 1/300] Iter [120/794] Loss: 0.7378
[Epoch 1/300] Iter [130/794] Loss: 0.6551
[Epoch 1/300] Iter [140/794] Loss: 0.5596
[Epoch 1/300] Iter [150/794] Loss: 0.5484
[Epoch 1/300] Iter [160/794] Loss: 0.6989
[Epoch 1/300] Iter [170/794] Loss: 0.5734
[Epoch 1/300] Iter [180/794] Loss: 0.4010
[Epoch 1/300] Iter [190/794] Loss: 0.6759
[Epoch 1/300] Iter [200/794] Loss: 0.5446
[Epoch 1/300] Iter [210/794] Loss: 0.5622
[Epoch 1/300] Iter [220/794] Loss: 0.4913
[Epoch 1/300] Iter [230/794] Loss: 0.7128
[Epoch 1/300] Iter [240/794] Loss: 0.4918
[Epoch 1/300] Iter [250/794] Loss: 0.5691
[Epoch 1/300] Iter [260/794] Loss: 0.6250
[Epoch 1/300] Iter [270/794] Loss: 0.5238
[Epoch 1/300] Iter [280/794] Loss: 0.4096
[Epoch 1/300] Iter [290/794] Loss: 0.4151
[Epoch 1/300] Iter [300/794] Loss: 0.4480
[Epoch 1/300] Iter [310/794] Loss: 0.5682
[Epoch 1/300] Iter [320/794] Loss: 0.7859
[Epoch 1/300] Iter [330/794] Loss: 0.5423
[Epoch 1/300] Iter [340/794] Loss: 0.5385
[Epoch 1/300] Iter [350/794] Loss: 0.3071
[Epoch 1/300] Iter [360/794] Loss: 0.4581
[Epoch 1/300] Iter [370/794] Loss: 0.6925
[Epoch 1/300] Iter [380/794] Loss: 0.4980
[Epoch 1/300] Iter [390/794] Loss: 0.4955
[Epoch 1/300] Iter [400/794] Loss: 0.4024
[Epoch 1/300] Iter [410/794] Loss: 0.3838
[Epoch 1/300] Iter [420/794] Loss: 0.4368
[Epoch 1/300] Iter [430/794] Loss: 0.4513
[Epoch 1/300] Iter [440/794] Loss: 0.4569
[Epoch 1/300] Iter [450/794] Loss: 0.4122
[Epoch 1/300] Iter [460/794] Loss: 0.5129
[Epoch 1/300] Iter [470/794] Loss: 0.6245
[Epoch 1/300] Iter [480/794] Loss: 0.6231
[Epoch 1/300] Iter [490/794] Loss: 0.4248
[Epoch 1/300] Iter [500/794] Loss: 0.4814
[Epoch 1/300] Iter [510/794] Loss: 0.4776
[Epoch 1/300] Iter [520/794] Loss: 0.5183
[Epoch 1/300] Iter [530/794] Loss: 0.5144
[Epoch 1/300] Iter [540/794] Loss: 0.4980
[Epoch 1/300] Iter [550/794] Loss: 0.5840
[Epoch 1/300] Iter [560/794] Loss: 0.4720
[Epoch 1/300] Iter [570/794] Loss: 0.4816
[Epoch 1/300] Iter [580/794] Loss: 0.3931
[Epoch 1/300] Iter [590/794] Loss: 0.5615
[Epoch 1/300] Iter [600/794] Loss: 0.4848
[Epoch 1/300] Iter [610/794] Loss: 0.5341
[Epoch 1/300] Iter [620/794] Loss: 0.4188
[Epoch 1/300] Iter [630/794] Loss: 0.4849
[Epoch 1/300] Iter [640/794] Loss: 0.4064
[Epoch 1/300] Iter [650/794] Loss: 0.7149
[Epoch 1/300] Iter [660/794] Loss: 0.4757
[Epoch 1/300] Iter [670/794] Loss: 0.2788
[Epoch 1/300] Iter [680/794] Loss: 0.4511
[Epoch 1/300] Iter [690/794] Loss: 0.3731
[Epoch 1/300] Iter [700/794] Loss: 0.6023
[Epoch 1/300] Iter [710/794] Loss: 0.4274
[Epoch 1/300] Iter [720/794] Loss: 0.4684
[Epoch 1/300] Iter [730/794] Loss: 0.5085
[Epoch 1/300] Iter [740/794] Loss: 0.3454
[Epoch 1/300] Iter [750/794] Loss: 0.3879
[Epoch 1/300] Iter [760/794] Loss: 0.3283
[Epoch 1/300] Iter [770/794] Loss: 0.5206
[Epoch 1/300] Iter [780/794] Loss: 0.5692
[Epoch 1/300] Iter [790/794] Loss: 0.3886
Epoch [1/300] Validation Loss: 0.4614
[Epoch 2/300] Iter [10/794] Loss: 0.4957
[Epoch 2/300] Iter [20/794] Loss: 0.3617
[Epoch 2/300] Iter [30/794] Loss: 0.4666
[Epoch 2/300] Iter [40/794] Loss: 0.3226
[Epoch 2/300] Iter [50/794] Loss: 0.4041
[Epoch 2/300] Iter [60/794] Loss: 0.3770
[Epoch 2/300] Iter [70/794] Loss: 0.3652
[Epoch 2/300] Iter [80/794] Loss: 0.3377
[Epoch 2/300] Iter [90/794] Loss: 0.5336
[Epoch 2/300] Iter [100/794] Loss: 0.3859
[Epoch 2/300] Iter [110/794] Loss: 0.3978
[Epoch 2/300] Iter [120/794] Loss: 0.2995
[Epoch 2/300] Iter [130/794] Loss: 0.4520
[Epoch 2/300] Iter [140/794] Loss: 0.5070
[Epoch 2/300] Iter [150/794] Loss: 0.3434
[Epoch 2/300] Iter [160/794] Loss: 0.5135
[Epoch 2/300] Iter [170/794] Loss: 0.3181
[Epoch 2/300] Iter [180/794] Loss: 0.3311
[Epoch 2/300] Iter [190/794] Loss: 0.3018
[Epoch 2/300] Iter [200/794] Loss: 0.3901
[Epoch 2/300] Iter [210/794] Loss: 0.5212
[Epoch 2/300] Iter [220/794] Loss: 0.3667
[Epoch 2/300] Iter [230/794] Loss: 0.4625
[Epoch 2/300] Iter [240/794] Loss: 0.3679
[Epoch 2/300] Iter [250/794] Loss: 0.4510
[Epoch 2/300] Iter [260/794] Loss: 0.3989
[Epoch 2/300] Iter [270/794] Loss: 0.3853
[Epoch 2/300] Iter [280/794] Loss: 0.3565
[Epoch 2/300] Iter [290/794] Loss: 0.4159
[Epoch 2/300] Iter [300/794] Loss: 0.3905
[Epoch 2/300] Iter [310/794] Loss: 0.3325
[Epoch 2/300] Iter [320/794] Loss: 0.3444
[Epoch 2/300] Iter [330/794] Loss: 0.3969
[Epoch 2/300] Iter [340/794] Loss: 0.4080
[Epoch 2/300] Iter [350/794] Loss: 0.4034
[Epoch 2/300] Iter [360/794] Loss: 0.5440
[Epoch 2/300] Iter [370/794] Loss: 0.6675
[Epoch 2/300] Iter [380/794] Loss: 0.5632
[Epoch 2/300] Iter [390/794] Loss: 0.3566
[Epoch 2/300] Iter [400/794] Loss: 0.3214
[Epoch 2/300] Iter [410/794] Loss: 0.3628
[Epoch 2/300] Iter [420/794] Loss: 0.4267
[Epoch 2/300] Iter [430/794] Loss: 0.4517
[Epoch 2/300] Iter [440/794] Loss: 0.2276
[Epoch 2/300] Iter [450/794] Loss: 0.3108
[Epoch 2/300] Iter [460/794] Loss: 0.4784
[Epoch 2/300] Iter [470/794] Loss: 0.3886
[Epoch 2/300] Iter [480/794] Loss: 0.3286
[Epoch 2/300] Iter [490/794] Loss: 0.4941
[Epoch 2/300] Iter [500/794] Loss: 0.4916
[Epoch 2/300] Iter [510/794] Loss: 0.4427
[Epoch 2/300] Iter [520/794] Loss: 0.3407
[Epoch 2/300] Iter [530/794] Loss: 0.3228
[Epoch 2/300] Iter [540/794] Loss: 0.3919
[Epoch 2/300] Iter [550/794] Loss: 0.3408
[Epoch 2/300] Iter [560/794] Loss: 0.3039
[Epoch 2/300] Iter [570/794] Loss: 0.3246
[Epoch 2/300] Iter [580/794] Loss: 0.3315
[Epoch 2/300] Iter [590/794] Loss: 0.5005
[Epoch 2/300] Iter [600/794] Loss: 0.4764
[Epoch 2/300] Iter [610/794] Loss: 0.4822
[Epoch 2/300] Iter [620/794] Loss: 0.3500
[Epoch 2/300] Iter [630/794] Loss: 0.2972
[Epoch 2/300] Iter [640/794] Loss: 0.4324
[Epoch 2/300] Iter [650/794] Loss: 0.3647
[Epoch 2/300] Iter [660/794] Loss: 0.3438
[Epoch 2/300] Iter [670/794] Loss: 0.3563
[Epoch 2/300] Iter [680/794] Loss: 0.4725
[Epoch 2/300] Iter [690/794] Loss: 0.2880
[Epoch 2/300] Iter [700/794] Loss: 0.1849
[Epoch 2/300] Iter [710/794] Loss: 0.5831
[Epoch 2/300] Iter [720/794] Loss: 0.3016
[Epoch 2/300] Iter [730/794] Loss: 0.2902
[Epoch 2/300] Iter [740/794] Loss: 0.4031
[Epoch 2/300] Iter [750/794] Loss: 0.5608
[Epoch 2/300] Iter [760/794] Loss: 0.5436
[Epoch 2/300] Iter [770/794] Loss: 0.3136
[Epoch 2/300] Iter [780/794] Loss: 0.3281
[Epoch 2/300] Iter [790/794] Loss: 0.4618
Epoch [2/300] Validation Loss: 0.4057
[Epoch 3/300] Iter [10/794] Loss: 0.3863
[Epoch 3/300] Iter [20/794] Loss: 0.2733
[Epoch 3/300] Iter [30/794] Loss: 0.4516
[Epoch 3/300] Iter [40/794] Loss: 0.3964
[Epoch 3/300] Iter [50/794] Loss: 0.2640
[Epoch 3/300] Iter [60/794] Loss: 0.4165
[Epoch 3/300] Iter [70/794] Loss: 0.3448
[Epoch 3/300] Iter [80/794] Loss: 0.3326
[Epoch 3/300] Iter [90/794] Loss: 0.3837
[Epoch 3/300] Iter [100/794] Loss: 0.3308
[Epoch 3/300] Iter [110/794] Loss: 0.3750
[Epoch 3/300] Iter [120/794] Loss: 0.3895
[Epoch 3/300] Iter [130/794] Loss: 0.2379
[Epoch 3/300] Iter [140/794] Loss: 0.3058
[Epoch 3/300] Iter [150/794] Loss: 0.4913
[Epoch 3/300] Iter [160/794] Loss: 0.2376
[Epoch 3/300] Iter [170/794] Loss: 0.3136
[Epoch 3/300] Iter [180/794] Loss: 0.3508
[Epoch 3/300] Iter [190/794] Loss: 0.4099
[Epoch 3/300] Iter [200/794] Loss: 0.2217
[Epoch 3/300] Iter [210/794] Loss: 0.2862
[Epoch 3/300] Iter [220/794] Loss: 0.2756
[Epoch 3/300] Iter [230/794] Loss: 0.4775
[Epoch 3/300] Iter [240/794] Loss: 0.4344
[Epoch 3/300] Iter [250/794] Loss: 0.3838
[Epoch 3/300] Iter [260/794] Loss: 0.6146
[Epoch 3/300] Iter [270/794] Loss: 0.2856
[Epoch 3/300] Iter [280/794] Loss: 0.3614
[Epoch 3/300] Iter [290/794] Loss: 0.3396
[Epoch 3/300] Iter [300/794] Loss: 0.3493
[Epoch 3/300] Iter [310/794] Loss: 0.4263
[Epoch 3/300] Iter [320/794] Loss: 0.3544
[Epoch 3/300] Iter [330/794] Loss: 0.2903
[Epoch 3/300] Iter [340/794] Loss: 0.3416
[Epoch 3/300] Iter [350/794] Loss: 0.2481
[Epoch 3/300] Iter [360/794] Loss: 0.3043
[Epoch 3/300] Iter [370/794] Loss: 0.3572
[Epoch 3/300] Iter [380/794] Loss: 0.4196
[Epoch 3/300] Iter [390/794] Loss: 0.3459
[Epoch 3/300] Iter [400/794] Loss: 0.4323
[Epoch 3/300] Iter [410/794] Loss: 0.3912
[Epoch 3/300] Iter [420/794] Loss: 0.3603
[Epoch 3/300] Iter [430/794] Loss: 0.4607
[Epoch 3/300] Iter [440/794] Loss: 0.3009
[Epoch 3/300] Iter [450/794] Loss: 0.2795
[Epoch 3/300] Iter [460/794] Loss: 0.3646
[Epoch 3/300] Iter [470/794] Loss: 0.3352
[Epoch 3/300] Iter [480/794] Loss: 0.3041
[Epoch 3/300] Iter [490/794] Loss: 0.4811
[Epoch 3/300] Iter [500/794] Loss: 0.2817
[Epoch 3/300] Iter [510/794] Loss: 0.2465
[Epoch 3/300] Iter [520/794] Loss: 0.3953
[Epoch 3/300] Iter [530/794] Loss: 0.3129
[Epoch 3/300] Iter [540/794] Loss: 0.3625
[Epoch 3/300] Iter [550/794] Loss: 0.3635
[Epoch 3/300] Iter [560/794] Loss: 0.5163
[Epoch 3/300] Iter [570/794] Loss: 0.3521
[Epoch 3/300] Iter [580/794] Loss: 0.3569
[Epoch 3/300] Iter [590/794] Loss: 0.3454
[Epoch 3/300] Iter [600/794] Loss: 0.3043
[Epoch 3/300] Iter [610/794] Loss: 0.3429
[Epoch 3/300] Iter [620/794] Loss: 0.2575
[Epoch 3/300] Iter [630/794] Loss: 0.3732
[Epoch 3/300] Iter [640/794] Loss: 0.2714
[Epoch 3/300] Iter [650/794] Loss: 0.3765
[Epoch 3/300] Iter [660/794] Loss: 0.2329
[Epoch 3/300] Iter [670/794] Loss: 0.3706
[Epoch 3/300] Iter [680/794] Loss: 0.4931
[Epoch 3/300] Iter [690/794] Loss: 0.3444
[Epoch 3/300] Iter [700/794] Loss: 0.2909
[Epoch 3/300] Iter [710/794] Loss: 0.2878
[Epoch 3/300] Iter [720/794] Loss: 0.2855
[Epoch 3/300] Iter [730/794] Loss: 0.3471
[Epoch 3/300] Iter [740/794] Loss: 0.2787
[Epoch 3/300] Iter [750/794] Loss: 0.3257
[Epoch 3/300] Iter [760/794] Loss: 0.2468
[Epoch 3/300] Iter [770/794] Loss: 0.3706
[Epoch 3/300] Iter [780/794] Loss: 0.3361
[Epoch 3/300] Iter [790/794] Loss: 0.3831
Epoch [3/300] Validation Loss: 0.3805
[Epoch 4/300] Iter [10/794] Loss: 0.3133
[Epoch 4/300] Iter [20/794] Loss: 0.2739
[Epoch 4/300] Iter [30/794] Loss: 0.3204
[Epoch 4/300] Iter [40/794] Loss: 0.3224
[Epoch 4/300] Iter [50/794] Loss: 0.2125
[Epoch 4/300] Iter [60/794] Loss: 0.3169
[Epoch 4/300] Iter [70/794] Loss: 0.4351
[Epoch 4/300] Iter [80/794] Loss: 0.2931
[Epoch 4/300] Iter [90/794] Loss: 0.1958
[Epoch 4/300] Iter [100/794] Loss: 0.4239
[Epoch 4/300] Iter [110/794] Loss: 0.2194
[Epoch 4/300] Iter [120/794] Loss: 0.4606
[Epoch 4/300] Iter [130/794] Loss: 0.4788
[Epoch 4/300] Iter [140/794] Loss: 0.2700
[Epoch 4/300] Iter [150/794] Loss: 0.2708
[Epoch 4/300] Iter [160/794] Loss: 0.3497
[Epoch 4/300] Iter [170/794] Loss: 0.2266
[Epoch 4/300] Iter [180/794] Loss: 0.4331
[Epoch 4/300] Iter [190/794] Loss: 0.3502
[Epoch 4/300] Iter [200/794] Loss: 0.3126
[Epoch 4/300] Iter [210/794] Loss: 0.3206
[Epoch 4/300] Iter [220/794] Loss: 0.3049
[Epoch 4/300] Iter [230/794] Loss: 0.4070
[Epoch 4/300] Iter [240/794] Loss: 0.2345
[Epoch 4/300] Iter [250/794] Loss: 0.1933
[Epoch 4/300] Iter [260/794] Loss: 0.4103
[Epoch 4/300] Iter [270/794] Loss: 0.3466
[Epoch 4/300] Iter [280/794] Loss: 0.3847
[Epoch 4/300] Iter [290/794] Loss: 0.3923
[Epoch 4/300] Iter [300/794] Loss: 0.3531
[Epoch 4/300] Iter [310/794] Loss: 0.2006
[Epoch 4/300] Iter [320/794] Loss: 0.3247
[Epoch 4/300] Iter [330/794] Loss: 0.2901
[Epoch 4/300] Iter [340/794] Loss: 0.2643
[Epoch 4/300] Iter [350/794] Loss: 0.2512
[Epoch 4/300] Iter [360/794] Loss: 0.3698
[Epoch 4/300] Iter [370/794] Loss: 0.3576
[Epoch 4/300] Iter [380/794] Loss: 0.4104
[Epoch 4/300] Iter [390/794] Loss: 0.3852
[Epoch 4/300] Iter [400/794] Loss: 0.4344
[Epoch 4/300] Iter [410/794] Loss: 0.4241
[Epoch 4/300] Iter [420/794] Loss: 0.3039
[Epoch 4/300] Iter [430/794] Loss: 0.3341
[Epoch 4/300] Iter [440/794] Loss: 0.3249
[Epoch 4/300] Iter [450/794] Loss: 0.2981
[Epoch 4/300] Iter [460/794] Loss: 0.3513
[Epoch 4/300] Iter [470/794] Loss: 0.3377
[Epoch 4/300] Iter [480/794] Loss: 0.4046
[Epoch 4/300] Iter [490/794] Loss: 0.2578
[Epoch 4/300] Iter [500/794] Loss: 0.2583
[Epoch 4/300] Iter [510/794] Loss: 0.2914
[Epoch 4/300] Iter [520/794] Loss: 0.3677
[Epoch 4/300] Iter [530/794] Loss: 0.2389
[Epoch 4/300] Iter [540/794] Loss: 0.4199
[Epoch 4/300] Iter [550/794] Loss: 0.2428
[Epoch 4/300] Iter [560/794] Loss: 0.3248
[Epoch 4/300] Iter [570/794] Loss: 0.3744
[Epoch 4/300] Iter [580/794] Loss: 0.4129
[Epoch 4/300] Iter [590/794] Loss: 0.3962
[Epoch 4/300] Iter [600/794] Loss: 0.3369
[Epoch 4/300] Iter [610/794] Loss: 0.3059
[Epoch 4/300] Iter [620/794] Loss: 0.3875
[Epoch 4/300] Iter [630/794] Loss: 0.4330
[Epoch 4/300] Iter [640/794] Loss: 0.2297
[Epoch 4/300] Iter [650/794] Loss: 0.4075
[Epoch 4/300] Iter [660/794] Loss: 0.3503
[Epoch 4/300] Iter [670/794] Loss: 0.2187
[Epoch 4/300] Iter [680/794] Loss: 0.3296
[Epoch 4/300] Iter [690/794] Loss: 0.3934
[Epoch 4/300] Iter [700/794] Loss: 0.3494
[Epoch 4/300] Iter [710/794] Loss: 0.3941
[Epoch 4/300] Iter [720/794] Loss: 0.3060
[Epoch 4/300] Iter [730/794] Loss: 0.2556
[Epoch 4/300] Iter [740/794] Loss: 0.2492
[Epoch 4/300] Iter [750/794] Loss: 0.3460
[Epoch 4/300] Iter [760/794] Loss: 0.3202
[Epoch 4/300] Iter [770/794] Loss: 0.3913
[Epoch 4/300] Iter [780/794] Loss: 0.5710
[Epoch 4/300] Iter [790/794] Loss: 0.2953
Epoch [4/300] Validation Loss: 0.3750
[Epoch 5/300] Iter [10/794] Loss: 0.3572
[Epoch 5/300] Iter [20/794] Loss: 0.2434
[Epoch 5/300] Iter [30/794] Loss: 0.3744
[Epoch 5/300] Iter [40/794] Loss: 0.2088
[Epoch 5/300] Iter [50/794] Loss: 0.2684
[Epoch 5/300] Iter [60/794] Loss: 0.3193
[Epoch 5/300] Iter [70/794] Loss: 0.3261
[Epoch 5/300] Iter [80/794] Loss: 0.3741
[Epoch 5/300] Iter [90/794] Loss: 0.3047
[Epoch 5/300] Iter [100/794] Loss: 0.3354
[Epoch 5/300] Iter [110/794] Loss: 0.1717
[Epoch 5/300] Iter [120/794] Loss: 0.3400
[Epoch 5/300] Iter [130/794] Loss: 0.3091
[Epoch 5/300] Iter [140/794] Loss: 0.3332
[Epoch 5/300] Iter [150/794] Loss: 0.1996
[Epoch 5/300] Iter [160/794] Loss: 0.3074
[Epoch 5/300] Iter [170/794] Loss: 0.2148
[Epoch 5/300] Iter [180/794] Loss: 0.2368
[Epoch 5/300] Iter [190/794] Loss: 0.2539
[Epoch 5/300] Iter [200/794] Loss: 0.2279
[Epoch 5/300] Iter [210/794] Loss: 0.2851
[Epoch 5/300] Iter [220/794] Loss: 0.3011
[Epoch 5/300] Iter [230/794] Loss: 0.2851
[Epoch 5/300] Iter [240/794] Loss: 0.3067
[Epoch 5/300] Iter [250/794] Loss: 0.2917
[Epoch 5/300] Iter [260/794] Loss: 0.3665
[Epoch 5/300] Iter [270/794] Loss: 0.3308
[Epoch 5/300] Iter [280/794] Loss: 0.2716
[Epoch 5/300] Iter [290/794] Loss: 0.3766
[Epoch 5/300] Iter [300/794] Loss: 0.3562
[Epoch 5/300] Iter [310/794] Loss: 0.3149
[Epoch 5/300] Iter [320/794] Loss: 0.4427
[Epoch 5/300] Iter [330/794] Loss: 0.2909
[Epoch 5/300] Iter [340/794] Loss: 0.2439
[Epoch 5/300] Iter [350/794] Loss: 0.4810
[Epoch 5/300] Iter [360/794] Loss: 0.2359
[Epoch 5/300] Iter [370/794] Loss: 0.4016
[Epoch 5/300] Iter [380/794] Loss: 0.3021
[Epoch 5/300] Iter [390/794] Loss: 0.3738
[Epoch 5/300] Iter [400/794] Loss: 0.1904
[Epoch 5/300] Iter [410/794] Loss: 0.3279
[Epoch 5/300] Iter [420/794] Loss: 0.2186
[Epoch 5/300] Iter [430/794] Loss: 0.3247
[Epoch 5/300] Iter [440/794] Loss: 0.3296
[Epoch 5/300] Iter [450/794] Loss: 0.3548
[Epoch 5/300] Iter [460/794] Loss: 0.3171
[Epoch 5/300] Iter [470/794] Loss: 0.2707
[Epoch 5/300] Iter [480/794] Loss: 0.2807
[Epoch 5/300] Iter [490/794] Loss: 0.4477
[Epoch 5/300] Iter [500/794] Loss: 0.3441
[Epoch 5/300] Iter [510/794] Loss: 0.4827
[Epoch 5/300] Iter [520/794] Loss: 0.2984
[Epoch 5/300] Iter [530/794] Loss: 0.2899
[Epoch 5/300] Iter [540/794] Loss: 0.2758
[Epoch 5/300] Iter [550/794] Loss: 0.3419
[Epoch 5/300] Iter [560/794] Loss: 0.3804
[Epoch 5/300] Iter [570/794] Loss: 0.2119
[Epoch 5/300] Iter [580/794] Loss: 0.3004
[Epoch 5/300] Iter [590/794] Loss: 0.3362
[Epoch 5/300] Iter [600/794] Loss: 0.2630
[Epoch 5/300] Iter [610/794] Loss: 0.3383
[Epoch 5/300] Iter [620/794] Loss: 0.3500
[Epoch 5/300] Iter [630/794] Loss: 0.2835
[Epoch 5/300] Iter [640/794] Loss: 0.2221
[Epoch 5/300] Iter [650/794] Loss: 0.2585
[Epoch 5/300] Iter [660/794] Loss: 0.3855
[Epoch 5/300] Iter [670/794] Loss: 0.2730
[Epoch 5/300] Iter [680/794] Loss: 0.3481
[Epoch 5/300] Iter [690/794] Loss: 0.3698
[Epoch 5/300] Iter [700/794] Loss: 0.1761
[Epoch 5/300] Iter [710/794] Loss: 0.4091
[Epoch 5/300] Iter [720/794] Loss: 0.3521
[Epoch 5/300] Iter [730/794] Loss: 0.3291
[Epoch 5/300] Iter [740/794] Loss: 0.2403
[Epoch 5/300] Iter [750/794] Loss: 0.2650
[Epoch 5/300] Iter [760/794] Loss: 0.2816
[Epoch 5/300] Iter [770/794] Loss: 0.2227
[Epoch 5/300] Iter [780/794] Loss: 0.3484
[Epoch 5/300] Iter [790/794] Loss: 0.2108
Epoch [5/300] Validation Loss: 0.3735
[Epoch 6/300] Iter [10/794] Loss: 0.2580
[Epoch 6/300] Iter [20/794] Loss: 0.2494
[Epoch 6/300] Iter [30/794] Loss: 0.2956
[Epoch 6/300] Iter [40/794] Loss: 0.2710
[Epoch 6/300] Iter [50/794] Loss: 0.2479
[Epoch 6/300] Iter [60/794] Loss: 0.2082
[Epoch 6/300] Iter [70/794] Loss: 0.2465
[Epoch 6/300] Iter [80/794] Loss: 0.2959
[Epoch 6/300] Iter [90/794] Loss: 0.5349
[Epoch 6/300] Iter [100/794] Loss: 0.2689
[Epoch 6/300] Iter [110/794] Loss: 0.1205
[Epoch 6/300] Iter [120/794] Loss: 0.2809
[Epoch 6/300] Iter [130/794] Loss: 0.3178
[Epoch 6/300] Iter [140/794] Loss: 0.3314
[Epoch 6/300] Iter [150/794] Loss: 0.2787
[Epoch 6/300] Iter [160/794] Loss: 0.2894
[Epoch 6/300] Iter [170/794] Loss: 0.3042
[Epoch 6/300] Iter [180/794] Loss: 0.3848
[Epoch 6/300] Iter [190/794] Loss: 0.1863
[Epoch 6/300] Iter [200/794] Loss: 0.4115
[Epoch 6/300] Iter [210/794] Loss: 0.2465
[Epoch 6/300] Iter [220/794] Loss: 0.2959
[Epoch 6/300] Iter [230/794] Loss: 0.2910
[Epoch 6/300] Iter [240/794] Loss: 0.3567
[Epoch 6/300] Iter [250/794] Loss: 0.2468
[Epoch 6/300] Iter [260/794] Loss: 0.2188
[Epoch 6/300] Iter [270/794] Loss: 0.3133
[Epoch 6/300] Iter [280/794] Loss: 0.3382
[Epoch 6/300] Iter [290/794] Loss: 0.2258
[Epoch 6/300] Iter [300/794] Loss: 0.3653
[Epoch 6/300] Iter [310/794] Loss: 0.2060
[Epoch 6/300] Iter [320/794] Loss: 0.1565
[Epoch 6/300] Iter [330/794] Loss: 0.2886
[Epoch 6/300] Iter [340/794] Loss: 0.1906
[Epoch 6/300] Iter [350/794] Loss: 0.2954
[Epoch 6/300] Iter [360/794] Loss: 0.3090
[Epoch 6/300] Iter [370/794] Loss: 0.2917
[Epoch 6/300] Iter [380/794] Loss: 0.3484
[Epoch 6/300] Iter [390/794] Loss: 0.3342
[Epoch 6/300] Iter [400/794] Loss: 0.2949
[Epoch 6/300] Iter [410/794] Loss: 0.3049
[Epoch 6/300] Iter [420/794] Loss: 0.2296
[Epoch 6/300] Iter [430/794] Loss: 0.2233
[Epoch 6/300] Iter [440/794] Loss: 0.2425
[Epoch 6/300] Iter [450/794] Loss: 0.2890
[Epoch 6/300] Iter [460/794] Loss: 0.1659
[Epoch 6/300] Iter [470/794] Loss: 0.2695
[Epoch 6/300] Iter [480/794] Loss: 0.2329
[Epoch 6/300] Iter [490/794] Loss: 0.3539
[Epoch 6/300] Iter [500/794] Loss: 0.3912
[Epoch 6/300] Iter [510/794] Loss: 0.2516
[Epoch 6/300] Iter [520/794] Loss: 0.1805
[Epoch 6/300] Iter [530/794] Loss: 0.4441
[Epoch 6/300] Iter [540/794] Loss: 0.3731
[Epoch 6/300] Iter [550/794] Loss: 0.2471
[Epoch 6/300] Iter [560/794] Loss: 0.2774
[Epoch 6/300] Iter [570/794] Loss: 0.3184
[Epoch 6/300] Iter [580/794] Loss: 0.2645
[Epoch 6/300] Iter [590/794] Loss: 0.2914
[Epoch 6/300] Iter [600/794] Loss: 0.1976
[Epoch 6/300] Iter [610/794] Loss: 0.3025
[Epoch 6/300] Iter [620/794] Loss: 0.2111
[Epoch 6/300] Iter [630/794] Loss: 0.2313
[Epoch 6/300] Iter [640/794] Loss: 0.3265
[Epoch 6/300] Iter [650/794] Loss: 0.2620
[Epoch 6/300] Iter [660/794] Loss: 0.3311
[Epoch 6/300] Iter [670/794] Loss: 0.2691
[Epoch 6/300] Iter [680/794] Loss: 0.2936
[Epoch 6/300] Iter [690/794] Loss: 0.2589
[Epoch 6/300] Iter [700/794] Loss: 0.2986
[Epoch 6/300] Iter [710/794] Loss: 0.3376
[Epoch 6/300] Iter [720/794] Loss: 0.3059
[Epoch 6/300] Iter [730/794] Loss: 0.3497
[Epoch 6/300] Iter [740/794] Loss: 0.3102
[Epoch 6/300] Iter [750/794] Loss: 0.2388
[Epoch 6/300] Iter [760/794] Loss: 0.4209
[Epoch 6/300] Iter [770/794] Loss: 0.5500
[Epoch 6/300] Iter [780/794] Loss: 0.2957
[Epoch 6/300] Iter [790/794] Loss: 0.4235
Epoch [6/300] Validation Loss: 0.3933
No improvement for 1 epoch(s).
[Epoch 7/300] Iter [10/794] Loss: 0.3046
[Epoch 7/300] Iter [20/794] Loss: 0.2186
[Epoch 7/300] Iter [30/794] Loss: 0.2859
[Epoch 7/300] Iter [40/794] Loss: 0.2883
[Epoch 7/300] Iter [50/794] Loss: 0.2832
[Epoch 7/300] Iter [60/794] Loss: 0.2127
[Epoch 7/300] Iter [70/794] Loss: 0.3048
[Epoch 7/300] Iter [80/794] Loss: 0.2259
[Epoch 7/300] Iter [90/794] Loss: 0.2221
[Epoch 7/300] Iter [100/794] Loss: 0.2255
[Epoch 7/300] Iter [110/794] Loss: 0.1945
[Epoch 7/300] Iter [120/794] Loss: 0.2863
[Epoch 7/300] Iter [130/794] Loss: 0.2212
[Epoch 7/300] Iter [140/794] Loss: 0.2271
[Epoch 7/300] Iter [150/794] Loss: 0.2892
[Epoch 7/300] Iter [160/794] Loss: 0.2940
[Epoch 7/300] Iter [170/794] Loss: 0.3166
[Epoch 7/300] Iter [180/794] Loss: 0.2183
[Epoch 7/300] Iter [190/794] Loss: 0.2314
[Epoch 7/300] Iter [200/794] Loss: 0.2968
[Epoch 7/300] Iter [210/794] Loss: 0.3468
[Epoch 7/300] Iter [220/794] Loss: 0.2791
[Epoch 7/300] Iter [230/794] Loss: 0.3283
[Epoch 7/300] Iter [240/794] Loss: 0.2762
[Epoch 7/300] Iter [250/794] Loss: 0.1926
[Epoch 7/300] Iter [260/794] Loss: 0.1681
[Epoch 7/300] Iter [270/794] Loss: 0.2358
[Epoch 7/300] Iter [280/794] Loss: 0.3103
[Epoch 7/300] Iter [290/794] Loss: 0.4586
[Epoch 7/300] Iter [300/794] Loss: 0.2048
[Epoch 7/300] Iter [310/794] Loss: 0.2807
[Epoch 7/300] Iter [320/794] Loss: 0.1225
[Epoch 7/300] Iter [330/794] Loss: 0.2379
[Epoch 7/300] Iter [340/794] Loss: 0.2874
[Epoch 7/300] Iter [350/794] Loss: 0.2517
[Epoch 7/300] Iter [360/794] Loss: 0.2394
[Epoch 7/300] Iter [370/794] Loss: 0.2184
[Epoch 7/300] Iter [380/794] Loss: 0.2572
[Epoch 7/300] Iter [390/794] Loss: 0.3827
[Epoch 7/300] Iter [400/794] Loss: 0.2408
[Epoch 7/300] Iter [410/794] Loss: 0.2927
[Epoch 7/300] Iter [420/794] Loss: 0.2434
[Epoch 7/300] Iter [430/794] Loss: 0.3075
[Epoch 7/300] Iter [440/794] Loss: 0.2280
[Epoch 7/300] Iter [450/794] Loss: 0.1800
[Epoch 7/300] Iter [460/794] Loss: 0.2376
[Epoch 7/300] Iter [470/794] Loss: 0.2499
[Epoch 7/300] Iter [480/794] Loss: 0.2385
[Epoch 7/300] Iter [490/794] Loss: 0.4421
[Epoch 7/300] Iter [500/794] Loss: 0.3209
[Epoch 7/300] Iter [510/794] Loss: 0.2791
[Epoch 7/300] Iter [520/794] Loss: 0.1911
[Epoch 7/300] Iter [530/794] Loss: 0.2836
[Epoch 7/300] Iter [540/794] Loss: 0.2526
[Epoch 7/300] Iter [550/794] Loss: 0.1957
[Epoch 7/300] Iter [560/794] Loss: 0.3154
[Epoch 7/300] Iter [570/794] Loss: 0.2896
[Epoch 7/300] Iter [580/794] Loss: 0.1834
[Epoch 7/300] Iter [590/794] Loss: 0.3004
[Epoch 7/300] Iter [600/794] Loss: 0.3095
[Epoch 7/300] Iter [610/794] Loss: 0.2710
[Epoch 7/300] Iter [620/794] Loss: 0.2086
[Epoch 7/300] Iter [630/794] Loss: 0.1957
[Epoch 7/300] Iter [640/794] Loss: 0.3401
[Epoch 7/300] Iter [650/794] Loss: 0.3684
[Epoch 7/300] Iter [660/794] Loss: 0.2873
[Epoch 7/300] Iter [670/794] Loss: 0.2936
[Epoch 7/300] Iter [680/794] Loss: 0.2658
[Epoch 7/300] Iter [690/794] Loss: 0.2598
[Epoch 7/300] Iter [700/794] Loss: 0.3078
[Epoch 7/300] Iter [710/794] Loss: 0.3498
[Epoch 7/300] Iter [720/794] Loss: 0.3137
[Epoch 7/300] Iter [730/794] Loss: 0.3233
[Epoch 7/300] Iter [740/794] Loss: 0.2634
[Epoch 7/300] Iter [750/794] Loss: 0.1893
[Epoch 7/300] Iter [760/794] Loss: 0.3260
[Epoch 7/300] Iter [770/794] Loss: 0.2801
[Epoch 7/300] Iter [780/794] Loss: 0.2844
[Epoch 7/300] Iter [790/794] Loss: 0.3257
Epoch [7/300] Validation Loss: 0.3766
No improvement for 2 epoch(s).
[Epoch 8/300] Iter [10/794] Loss: 0.2421
[Epoch 8/300] Iter [20/794] Loss: 0.2288
[Epoch 8/300] Iter [30/794] Loss: 0.2159
[Epoch 8/300] Iter [40/794] Loss: 0.2437
[Epoch 8/300] Iter [50/794] Loss: 0.3269
[Epoch 8/300] Iter [60/794] Loss: 0.2770
[Epoch 8/300] Iter [70/794] Loss: 0.2786
[Epoch 8/300] Iter [80/794] Loss: 0.2163
[Epoch 8/300] Iter [90/794] Loss: 0.3351
[Epoch 8/300] Iter [100/794] Loss: 0.3428
[Epoch 8/300] Iter [110/794] Loss: 0.2721
[Epoch 8/300] Iter [120/794] Loss: 0.1883
[Epoch 8/300] Iter [130/794] Loss: 0.2659
[Epoch 8/300] Iter [140/794] Loss: 0.1824
[Epoch 8/300] Iter [150/794] Loss: 0.2978
[Epoch 8/300] Iter [160/794] Loss: 0.2301
[Epoch 8/300] Iter [170/794] Loss: 0.2757
[Epoch 8/300] Iter [180/794] Loss: 0.2679
[Epoch 8/300] Iter [190/794] Loss: 0.2313
[Epoch 8/300] Iter [200/794] Loss: 0.2660
[Epoch 8/300] Iter [210/794] Loss: 0.2614
[Epoch 8/300] Iter [220/794] Loss: 0.2441
[Epoch 8/300] Iter [230/794] Loss: 0.2131
[Epoch 8/300] Iter [240/794] Loss: 0.3162
[Epoch 8/300] Iter [250/794] Loss: 0.2775
[Epoch 8/300] Iter [260/794] Loss: 0.2870
[Epoch 8/300] Iter [270/794] Loss: 0.2993
[Epoch 8/300] Iter [280/794] Loss: 0.3582
[Epoch 8/300] Iter [290/794] Loss: 0.3666
[Epoch 8/300] Iter [300/794] Loss: 0.2330
[Epoch 8/300] Iter [310/794] Loss: 0.2502
[Epoch 8/300] Iter [320/794] Loss: 0.1736
[Epoch 8/300] Iter [330/794] Loss: 0.1623
[Epoch 8/300] Iter [340/794] Loss: 0.1919
[Epoch 8/300] Iter [350/794] Loss: 0.2249
[Epoch 8/300] Iter [360/794] Loss: 0.1788
[Epoch 8/300] Iter [370/794] Loss: 0.2927
[Epoch 8/300] Iter [380/794] Loss: 0.3135
[Epoch 8/300] Iter [390/794] Loss: 0.2184
[Epoch 8/300] Iter [400/794] Loss: 0.2063
[Epoch 8/300] Iter [410/794] Loss: 0.4119
[Epoch 8/300] Iter [420/794] Loss: 0.1543
[Epoch 8/300] Iter [430/794] Loss: 0.2272
[Epoch 8/300] Iter [440/794] Loss: 0.3397
[Epoch 8/300] Iter [450/794] Loss: 0.2626
[Epoch 8/300] Iter [460/794] Loss: 0.2225
[Epoch 8/300] Iter [470/794] Loss: 0.3110
[Epoch 8/300] Iter [480/794] Loss: 0.3043
[Epoch 8/300] Iter [490/794] Loss: 0.3355
[Epoch 8/300] Iter [500/794] Loss: 0.1872
[Epoch 8/300] Iter [510/794] Loss: 0.3074
[Epoch 8/300] Iter [520/794] Loss: 0.3012
[Epoch 8/300] Iter [530/794] Loss: 0.1797
[Epoch 8/300] Iter [540/794] Loss: 0.2759
[Epoch 8/300] Iter [550/794] Loss: 0.2915
[Epoch 8/300] Iter [560/794] Loss: 0.1882
[Epoch 8/300] Iter [570/794] Loss: 0.1299
[Epoch 8/300] Iter [580/794] Loss: 0.2866
[Epoch 8/300] Iter [590/794] Loss: 0.2358
[Epoch 8/300] Iter [600/794] Loss: 0.2752
[Epoch 8/300] Iter [610/794] Loss: 0.2499
[Epoch 8/300] Iter [620/794] Loss: 0.3204
[Epoch 8/300] Iter [630/794] Loss: 0.1969
[Epoch 8/300] Iter [640/794] Loss: 0.2061
[Epoch 8/300] Iter [650/794] Loss: 0.3897
[Epoch 8/300] Iter [660/794] Loss: 0.3569
[Epoch 8/300] Iter [670/794] Loss: 0.2486
[Epoch 8/300] Iter [680/794] Loss: 0.2275
[Epoch 8/300] Iter [690/794] Loss: 0.1524
[Epoch 8/300] Iter [700/794] Loss: 0.1940
[Epoch 8/300] Iter [710/794] Loss: 0.2939
[Epoch 8/300] Iter [720/794] Loss: 0.2686
[Epoch 8/300] Iter [730/794] Loss: 0.1570
[Epoch 8/300] Iter [740/794] Loss: 0.2033
[Epoch 8/300] Iter [750/794] Loss: 0.2296
[Epoch 8/300] Iter [760/794] Loss: 0.3999
[Epoch 8/300] Iter [770/794] Loss: 0.2480
[Epoch 8/300] Iter [780/794] Loss: 0.2838
[Epoch 8/300] Iter [790/794] Loss: 0.3752
Epoch [8/300] Validation Loss: 0.3825
No improvement for 3 epoch(s).
[Epoch 9/300] Iter [10/794] Loss: 0.2845
[Epoch 9/300] Iter [20/794] Loss: 0.2254
[Epoch 9/300] Iter [30/794] Loss: 0.2542
[Epoch 9/300] Iter [40/794] Loss: 0.2087
[Epoch 9/300] Iter [50/794] Loss: 0.2724
[Epoch 9/300] Iter [60/794] Loss: 0.2765
[Epoch 9/300] Iter [70/794] Loss: 0.1996
[Epoch 9/300] Iter [80/794] Loss: 0.1886
[Epoch 9/300] Iter [90/794] Loss: 0.1810
[Epoch 9/300] Iter [100/794] Loss: 0.1844
[Epoch 9/300] Iter [110/794] Loss: 0.2148
[Epoch 9/300] Iter [120/794] Loss: 0.2483
[Epoch 9/300] Iter [130/794] Loss: 0.3149
[Epoch 9/300] Iter [140/794] Loss: 0.2109
[Epoch 9/300] Iter [150/794] Loss: 0.2246
[Epoch 9/300] Iter [160/794] Loss: 0.2332
[Epoch 9/300] Iter [170/794] Loss: 0.2283
[Epoch 9/300] Iter [180/794] Loss: 0.2010
[Epoch 9/300] Iter [190/794] Loss: 0.2228
[Epoch 9/300] Iter [200/794] Loss: 0.1594
[Epoch 9/300] Iter [210/794] Loss: 0.2188
[Epoch 9/300] Iter [220/794] Loss: 0.1517
[Epoch 9/300] Iter [230/794] Loss: 0.1997
[Epoch 9/300] Iter [240/794] Loss: 0.3151
[Epoch 9/300] Iter [250/794] Loss: 0.2272
[Epoch 9/300] Iter [260/794] Loss: 0.2224
[Epoch 9/300] Iter [270/794] Loss: 0.1898
[Epoch 9/300] Iter [280/794] Loss: 0.2148
[Epoch 9/300] Iter [290/794] Loss: 0.2589
[Epoch 9/300] Iter [300/794] Loss: 0.1779
[Epoch 9/300] Iter [310/794] Loss: 0.2196
[Epoch 9/300] Iter [320/794] Loss: 0.2068
[Epoch 9/300] Iter [330/794] Loss: 0.3104
[Epoch 9/300] Iter [340/794] Loss: 0.2297
[Epoch 9/300] Iter [350/794] Loss: 0.2491
[Epoch 9/300] Iter [360/794] Loss: 0.1586
[Epoch 9/300] Iter [370/794] Loss: 0.3835
[Epoch 9/300] Iter [380/794] Loss: 0.3019
[Epoch 9/300] Iter [390/794] Loss: 0.2230
[Epoch 9/300] Iter [400/794] Loss: 0.2765
[Epoch 9/300] Iter [410/794] Loss: 0.1817
[Epoch 9/300] Iter [420/794] Loss: 0.1424
[Epoch 9/300] Iter [430/794] Loss: 0.1462
[Epoch 9/300] Iter [440/794] Loss: 0.3465
[Epoch 9/300] Iter [450/794] Loss: 0.2103
[Epoch 9/300] Iter [460/794] Loss: 0.2777
[Epoch 9/300] Iter [470/794] Loss: 0.2697
[Epoch 9/300] Iter [480/794] Loss: 0.2038
[Epoch 9/300] Iter [490/794] Loss: 0.1973
[Epoch 9/300] Iter [500/794] Loss: 0.3536
[Epoch 9/300] Iter [510/794] Loss: 0.1585
[Epoch 9/300] Iter [520/794] Loss: 0.2043
[Epoch 9/300] Iter [530/794] Loss: 0.3307
[Epoch 9/300] Iter [540/794] Loss: 0.2303
[Epoch 9/300] Iter [550/794] Loss: 0.2581
[Epoch 9/300] Iter [560/794] Loss: 0.1952
[Epoch 9/300] Iter [570/794] Loss: 0.1876
[Epoch 9/300] Iter [580/794] Loss: 0.4677
[Epoch 9/300] Iter [590/794] Loss: 0.1990
[Epoch 9/300] Iter [600/794] Loss: 0.3299
[Epoch 9/300] Iter [610/794] Loss: 0.2527
[Epoch 9/300] Iter [620/794] Loss: 0.3248
[Epoch 9/300] Iter [630/794] Loss: 0.2729
[Epoch 9/300] Iter [640/794] Loss: 0.2983
[Epoch 9/300] Iter [650/794] Loss: 0.2602
[Epoch 9/300] Iter [660/794] Loss: 0.1611
[Epoch 9/300] Iter [670/794] Loss: 0.1864
[Epoch 9/300] Iter [680/794] Loss: 0.2497
[Epoch 9/300] Iter [690/794] Loss: 0.3467
[Epoch 9/300] Iter [700/794] Loss: 0.1780
[Epoch 9/300] Iter [710/794] Loss: 0.2582
[Epoch 9/300] Iter [720/794] Loss: 0.1822
[Epoch 9/300] Iter [730/794] Loss: 0.2551
[Epoch 9/300] Iter [740/794] Loss: 0.2143
[Epoch 9/300] Iter [750/794] Loss: 0.2071
[Epoch 9/300] Iter [760/794] Loss: 0.2325
[Epoch 9/300] Iter [770/794] Loss: 0.3512
[Epoch 9/300] Iter [780/794] Loss: 0.2661
[Epoch 9/300] Iter [790/794] Loss: 0.2238
Epoch [9/300] Validation Loss: 0.3857
No improvement for 4 epoch(s).
[Epoch 10/300] Iter [10/794] Loss: 0.1848
[Epoch 10/300] Iter [20/794] Loss: 0.2428
[Epoch 10/300] Iter [30/794] Loss: 0.2337
[Epoch 10/300] Iter [40/794] Loss: 0.3241
[Epoch 10/300] Iter [50/794] Loss: 0.1384
[Epoch 10/300] Iter [60/794] Loss: 0.1812
[Epoch 10/300] Iter [70/794] Loss: 0.2068
[Epoch 10/300] Iter [80/794] Loss: 0.2361
[Epoch 10/300] Iter [90/794] Loss: 0.1672
[Epoch 10/300] Iter [100/794] Loss: 0.3149
[Epoch 10/300] Iter [110/794] Loss: 0.3180
[Epoch 10/300] Iter [120/794] Loss: 0.2480
[Epoch 10/300] Iter [130/794] Loss: 0.2052
[Epoch 10/300] Iter [140/794] Loss: 0.2216
[Epoch 10/300] Iter [150/794] Loss: 0.2881
[Epoch 10/300] Iter [160/794] Loss: 0.1986
[Epoch 10/300] Iter [170/794] Loss: 0.2268
[Epoch 10/300] Iter [180/794] Loss: 0.2114
[Epoch 10/300] Iter [190/794] Loss: 0.2651
[Epoch 10/300] Iter [200/794] Loss: 0.1830
[Epoch 10/300] Iter [210/794] Loss: 0.2601
[Epoch 10/300] Iter [220/794] Loss: 0.2115
[Epoch 10/300] Iter [230/794] Loss: 0.3269
[Epoch 10/300] Iter [240/794] Loss: 0.2298
[Epoch 10/300] Iter [250/794] Loss: 0.1767
[Epoch 10/300] Iter [260/794] Loss: 0.3260
[Epoch 10/300] Iter [270/794] Loss: 0.1916
[Epoch 10/300] Iter [280/794] Loss: 0.2319
[Epoch 10/300] Iter [290/794] Loss: 0.3686
[Epoch 10/300] Iter [300/794] Loss: 0.3230
[Epoch 10/300] Iter [310/794] Loss: 0.2262
[Epoch 10/300] Iter [320/794] Loss: 0.3386
[Epoch 10/300] Iter [330/794] Loss: 0.2596
[Epoch 10/300] Iter [340/794] Loss: 0.2194
[Epoch 10/300] Iter [350/794] Loss: 0.1702
[Epoch 10/300] Iter [360/794] Loss: 0.1423
[Epoch 10/300] Iter [370/794] Loss: 0.3374
[Epoch 10/300] Iter [380/794] Loss: 0.3626
[Epoch 10/300] Iter [390/794] Loss: 0.1734
[Epoch 10/300] Iter [400/794] Loss: 0.1880
[Epoch 10/300] Iter [410/794] Loss: 0.2055
[Epoch 10/300] Iter [420/794] Loss: 0.1887
[Epoch 10/300] Iter [430/794] Loss: 0.1800
[Epoch 10/300] Iter [440/794] Loss: 0.1236
[Epoch 10/300] Iter [450/794] Loss: 0.2836
[Epoch 10/300] Iter [460/794] Loss: 0.2640
[Epoch 10/300] Iter [470/794] Loss: 0.4444
[Epoch 10/300] Iter [480/794] Loss: 0.2255
[Epoch 10/300] Iter [490/794] Loss: 0.2349
[Epoch 10/300] Iter [500/794] Loss: 0.1453
[Epoch 10/300] Iter [510/794] Loss: 0.2393
[Epoch 10/300] Iter [520/794] Loss: 0.2196
[Epoch 10/300] Iter [530/794] Loss: 0.2717
[Epoch 10/300] Iter [540/794] Loss: 0.2359
[Epoch 10/300] Iter [550/794] Loss: 0.1680
[Epoch 10/300] Iter [560/794] Loss: 0.1913
[Epoch 10/300] Iter [570/794] Loss: 0.2536
[Epoch 10/300] Iter [580/794] Loss: 0.2541
[Epoch 10/300] Iter [590/794] Loss: 0.3070
[Epoch 10/300] Iter [600/794] Loss: 0.1971
[Epoch 10/300] Iter [610/794] Loss: 0.1635
[Epoch 10/300] Iter [620/794] Loss: 0.3108
[Epoch 10/300] Iter [630/794] Loss: 0.2442
[Epoch 10/300] Iter [640/794] Loss: 0.3410
[Epoch 10/300] Iter [650/794] Loss: 0.2529
[Epoch 10/300] Iter [660/794] Loss: 0.2933
[Epoch 10/300] Iter [670/794] Loss: 0.2428
[Epoch 10/300] Iter [680/794] Loss: 0.1690
[Epoch 10/300] Iter [690/794] Loss: 0.2984
[Epoch 10/300] Iter [700/794] Loss: 0.3066
[Epoch 10/300] Iter [710/794] Loss: 0.2298
[Epoch 10/300] Iter [720/794] Loss: 0.2862
[Epoch 10/300] Iter [730/794] Loss: 0.3170
[Epoch 10/300] Iter [740/794] Loss: 0.2771
[Epoch 10/300] Iter [750/794] Loss: 0.2130
[Epoch 10/300] Iter [760/794] Loss: 0.1856
[Epoch 10/300] Iter [770/794] Loss: 0.2625
[Epoch 10/300] Iter [780/794] Loss: 0.3247
[Epoch 10/300] Iter [790/794] Loss: 0.2684
Epoch [10/300] Validation Loss: 0.3800
No improvement for 5 epoch(s).
[Epoch 11/300] Iter [10/794] Loss: 0.1788
[Epoch 11/300] Iter [20/794] Loss: 0.2221
[Epoch 11/300] Iter [30/794] Loss: 0.2151
[Epoch 11/300] Iter [40/794] Loss: 0.2061
[Epoch 11/300] Iter [50/794] Loss: 0.2513
[Epoch 11/300] Iter [60/794] Loss: 0.1413
[Epoch 11/300] Iter [70/794] Loss: 0.1431
[Epoch 11/300] Iter [80/794] Loss: 0.2432
[Epoch 11/300] Iter [90/794] Loss: 0.2282
[Epoch 11/300] Iter [100/794] Loss: 0.2906
[Epoch 11/300] Iter [110/794] Loss: 0.2035
[Epoch 11/300] Iter [120/794] Loss: 0.1272
[Epoch 11/300] Iter [130/794] Loss: 0.1799
[Epoch 11/300] Iter [140/794] Loss: 0.2356
[Epoch 11/300] Iter [150/794] Loss: 0.2850
[Epoch 11/300] Iter [160/794] Loss: 0.1526
[Epoch 11/300] Iter [170/794] Loss: 0.2194
[Epoch 11/300] Iter [180/794] Loss: 0.2470
[Epoch 11/300] Iter [190/794] Loss: 0.2854
[Epoch 11/300] Iter [200/794] Loss: 0.1780
[Epoch 11/300] Iter [210/794] Loss: 0.2594
[Epoch 11/300] Iter [220/794] Loss: 0.1635
[Epoch 11/300] Iter [230/794] Loss: 0.1733
[Epoch 11/300] Iter [240/794] Loss: 0.1977
[Epoch 11/300] Iter [250/794] Loss: 0.2213
[Epoch 11/300] Iter [260/794] Loss: 0.1569
[Epoch 11/300] Iter [270/794] Loss: 0.2467
[Epoch 11/300] Iter [280/794] Loss: 0.2455
[Epoch 11/300] Iter [290/794] Loss: 0.3015
[Epoch 11/300] Iter [300/794] Loss: 0.1800
[Epoch 11/300] Iter [310/794] Loss: 0.1630
[Epoch 11/300] Iter [320/794] Loss: 0.2514
[Epoch 11/300] Iter [330/794] Loss: 0.2697
[Epoch 11/300] Iter [340/794] Loss: 0.2142
[Epoch 11/300] Iter [350/794] Loss: 0.2367
[Epoch 11/300] Iter [360/794] Loss: 0.2793
[Epoch 11/300] Iter [370/794] Loss: 0.2455
[Epoch 11/300] Iter [380/794] Loss: 0.1140
[Epoch 11/300] Iter [390/794] Loss: 0.2168
[Epoch 11/300] Iter [400/794] Loss: 0.2639
[Epoch 11/300] Iter [410/794] Loss: 0.2125
[Epoch 11/300] Iter [420/794] Loss: 0.2267
[Epoch 11/300] Iter [430/794] Loss: 0.2064
[Epoch 11/300] Iter [440/794] Loss: 0.3635
[Epoch 11/300] Iter [450/794] Loss: 0.2299
[Epoch 11/300] Iter [460/794] Loss: 0.1571
[Epoch 11/300] Iter [470/794] Loss: 0.2209
[Epoch 11/300] Iter [480/794] Loss: 0.1905
[Epoch 11/300] Iter [490/794] Loss: 0.1815
[Epoch 11/300] Iter [500/794] Loss: 0.1890
[Epoch 11/300] Iter [510/794] Loss: 0.2960
[Epoch 11/300] Iter [520/794] Loss: 0.2928
[Epoch 11/300] Iter [530/794] Loss: 0.2535
[Epoch 11/300] Iter [540/794] Loss: 0.1924
[Epoch 11/300] Iter [550/794] Loss: 0.3399
[Epoch 11/300] Iter [560/794] Loss: 0.2400
[Epoch 11/300] Iter [570/794] Loss: 0.3456
[Epoch 11/300] Iter [580/794] Loss: 0.1502
[Epoch 11/300] Iter [590/794] Loss: 0.1872
[Epoch 11/300] Iter [600/794] Loss: 0.2448
[Epoch 11/300] Iter [610/794] Loss: 0.2819
[Epoch 11/300] Iter [620/794] Loss: 0.3500
[Epoch 11/300] Iter [630/794] Loss: 0.1733
[Epoch 11/300] Iter [640/794] Loss: 0.2582
[Epoch 11/300] Iter [650/794] Loss: 0.1907
[Epoch 11/300] Iter [660/794] Loss: 0.2331
[Epoch 11/300] Iter [670/794] Loss: 0.2448
[Epoch 11/300] Iter [680/794] Loss: 0.1491
[Epoch 11/300] Iter [690/794] Loss: 0.1597
[Epoch 11/300] Iter [700/794] Loss: 0.2825
[Epoch 11/300] Iter [710/794] Loss: 0.2070
[Epoch 11/300] Iter [720/794] Loss: 0.2369
[Epoch 11/300] Iter [730/794] Loss: 0.2556
[Epoch 11/300] Iter [740/794] Loss: 0.2094
[Epoch 11/300] Iter [750/794] Loss: 0.2481
[Epoch 11/300] Iter [760/794] Loss: 0.1711
[Epoch 11/300] Iter [770/794] Loss: 0.1624
[Epoch 11/300] Iter [780/794] Loss: 0.2957
[Epoch 11/300] Iter [790/794] Loss: 0.2168
Epoch [11/300] Validation Loss: 0.3982
No improvement for 6 epoch(s).
[Epoch 12/300] Iter [10/794] Loss: 0.2392
[Epoch 12/300] Iter [20/794] Loss: 0.2575
[Epoch 12/300] Iter [30/794] Loss: 0.1667
[Epoch 12/300] Iter [40/794] Loss: 0.2030
[Epoch 12/300] Iter [50/794] Loss: 0.2575
[Epoch 12/300] Iter [60/794] Loss: 0.1912
[Epoch 12/300] Iter [70/794] Loss: 0.1644
[Epoch 12/300] Iter [80/794] Loss: 0.2512
[Epoch 12/300] Iter [90/794] Loss: 0.2307
[Epoch 12/300] Iter [100/794] Loss: 0.1989
[Epoch 12/300] Iter [110/794] Loss: 0.1531
[Epoch 12/300] Iter [120/794] Loss: 0.2033
[Epoch 12/300] Iter [130/794] Loss: 0.2098
[Epoch 12/300] Iter [140/794] Loss: 0.0994
[Epoch 12/300] Iter [150/794] Loss: 0.2117
[Epoch 12/300] Iter [160/794] Loss: 0.2450
[Epoch 12/300] Iter [170/794] Loss: 0.1404
[Epoch 12/300] Iter [180/794] Loss: 0.3194
[Epoch 12/300] Iter [190/794] Loss: 0.1929
[Epoch 12/300] Iter [200/794] Loss: 0.2956
[Epoch 12/300] Iter [210/794] Loss: 0.0801
[Epoch 12/300] Iter [220/794] Loss: 0.1885
[Epoch 12/300] Iter [230/794] Loss: 0.2087
[Epoch 12/300] Iter [240/794] Loss: 0.1976
[Epoch 12/300] Iter [250/794] Loss: 0.1923
[Epoch 12/300] Iter [260/794] Loss: 0.2278
[Epoch 12/300] Iter [270/794] Loss: 0.2476
[Epoch 12/300] Iter [280/794] Loss: 0.2260
[Epoch 12/300] Iter [290/794] Loss: 0.2113
[Epoch 12/300] Iter [300/794] Loss: 0.2683
[Epoch 12/300] Iter [310/794] Loss: 0.2615
[Epoch 12/300] Iter [320/794] Loss: 0.3277
[Epoch 12/300] Iter [330/794] Loss: 0.1614
[Epoch 12/300] Iter [340/794] Loss: 0.1627
[Epoch 12/300] Iter [350/794] Loss: 0.3537
[Epoch 12/300] Iter [360/794] Loss: 0.2720
[Epoch 12/300] Iter [370/794] Loss: 0.1560
[Epoch 12/300] Iter [380/794] Loss: 0.2081
[Epoch 12/300] Iter [390/794] Loss: 0.1626
[Epoch 12/300] Iter [400/794] Loss: 0.3114
[Epoch 12/300] Iter [410/794] Loss: 0.2745
[Epoch 12/300] Iter [420/794] Loss: 0.1514
[Epoch 12/300] Iter [430/794] Loss: 0.2927
[Epoch 12/300] Iter [440/794] Loss: 0.2574
[Epoch 12/300] Iter [450/794] Loss: 0.1144
[Epoch 12/300] Iter [460/794] Loss: 0.2370
[Epoch 12/300] Iter [470/794] Loss: 0.3112
[Epoch 12/300] Iter [480/794] Loss: 0.1119
[Epoch 12/300] Iter [490/794] Loss: 0.2374
[Epoch 12/300] Iter [500/794] Loss: 0.2016
[Epoch 12/300] Iter [510/794] Loss: 0.1883
[Epoch 12/300] Iter [520/794] Loss: 0.3155
[Epoch 12/300] Iter [530/794] Loss: 0.3084
[Epoch 12/300] Iter [540/794] Loss: 0.2370
[Epoch 12/300] Iter [550/794] Loss: 0.3137
[Epoch 12/300] Iter [560/794] Loss: 0.3198
[Epoch 12/300] Iter [570/794] Loss: 0.2850
[Epoch 12/300] Iter [580/794] Loss: 0.2350
[Epoch 12/300] Iter [590/794] Loss: 0.1443
[Epoch 12/300] Iter [600/794] Loss: 0.2182
[Epoch 12/300] Iter [610/794] Loss: 0.3280
[Epoch 12/300] Iter [620/794] Loss: 0.2376
[Epoch 12/300] Iter [630/794] Loss: 0.1998
[Epoch 12/300] Iter [640/794] Loss: 0.2515
[Epoch 12/300] Iter [650/794] Loss: 0.3130
[Epoch 12/300] Iter [660/794] Loss: 0.2292
[Epoch 12/300] Iter [670/794] Loss: 0.2093
[Epoch 12/300] Iter [680/794] Loss: 0.2429
[Epoch 12/300] Iter [690/794] Loss: 0.2334
[Epoch 12/300] Iter [700/794] Loss: 0.2853
[Epoch 12/300] Iter [710/794] Loss: 0.4008
[Epoch 12/300] Iter [720/794] Loss: 0.2663
[Epoch 12/300] Iter [730/794] Loss: 0.2358
[Epoch 12/300] Iter [740/794] Loss: 0.3091
[Epoch 12/300] Iter [750/794] Loss: 0.2380
[Epoch 12/300] Iter [760/794] Loss: 0.1770
[Epoch 12/300] Iter [770/794] Loss: 0.2732
[Epoch 12/300] Iter [780/794] Loss: 0.1876
[Epoch 12/300] Iter [790/794] Loss: 0.2186
Epoch [12/300] Validation Loss: 0.3978
No improvement for 7 epoch(s).
[Epoch 13/300] Iter [10/794] Loss: 0.1048
[Epoch 13/300] Iter [20/794] Loss: 0.1807
[Epoch 13/300] Iter [30/794] Loss: 0.1781
[Epoch 13/300] Iter [40/794] Loss: 0.3110
[Epoch 13/300] Iter [50/794] Loss: 0.1586
[Epoch 13/300] Iter [60/794] Loss: 0.2249
[Epoch 13/300] Iter [70/794] Loss: 0.2444
[Epoch 13/300] Iter [80/794] Loss: 0.2334
[Epoch 13/300] Iter [90/794] Loss: 0.2580
[Epoch 13/300] Iter [100/794] Loss: 0.2246
[Epoch 13/300] Iter [110/794] Loss: 0.2889
[Epoch 13/300] Iter [120/794] Loss: 0.2177
[Epoch 13/300] Iter [130/794] Loss: 0.2138
[Epoch 13/300] Iter [140/794] Loss: 0.1922
[Epoch 13/300] Iter [150/794] Loss: 0.2367
[Epoch 13/300] Iter [160/794] Loss: 0.2023
[Epoch 13/300] Iter [170/794] Loss: 0.2705
[Epoch 13/300] Iter [180/794] Loss: 0.1778
[Epoch 13/300] Iter [190/794] Loss: 0.1791
[Epoch 13/300] Iter [200/794] Loss: 0.2121
[Epoch 13/300] Iter [210/794] Loss: 0.1911
[Epoch 13/300] Iter [220/794] Loss: 0.2150
[Epoch 13/300] Iter [230/794] Loss: 0.2683
[Epoch 13/300] Iter [240/794] Loss: 0.2492
[Epoch 13/300] Iter [250/794] Loss: 0.1310
[Epoch 13/300] Iter [260/794] Loss: 0.0902
[Epoch 13/300] Iter [270/794] Loss: 0.1296
[Epoch 13/300] Iter [280/794] Loss: 0.2605
[Epoch 13/300] Iter [290/794] Loss: 0.2665
[Epoch 13/300] Iter [300/794] Loss: 0.2074
[Epoch 13/300] Iter [310/794] Loss: 0.2231
[Epoch 13/300] Iter [320/794] Loss: 0.2020
[Epoch 13/300] Iter [330/794] Loss: 0.2555
[Epoch 13/300] Iter [340/794] Loss: 0.1568
[Epoch 13/300] Iter [350/794] Loss: 0.1540
[Epoch 13/300] Iter [360/794] Loss: 0.2693
[Epoch 13/300] Iter [370/794] Loss: 0.1624
[Epoch 13/300] Iter [380/794] Loss: 0.2105
[Epoch 13/300] Iter [390/794] Loss: 0.2077
[Epoch 13/300] Iter [400/794] Loss: 0.2689
[Epoch 13/300] Iter [410/794] Loss: 0.1925
[Epoch 13/300] Iter [420/794] Loss: 0.2202
[Epoch 13/300] Iter [430/794] Loss: 0.1950
[Epoch 13/300] Iter [440/794] Loss: 0.1710
[Epoch 13/300] Iter [450/794] Loss: 0.2113
[Epoch 13/300] Iter [460/794] Loss: 0.2001
[Epoch 13/300] Iter [470/794] Loss: 0.1686
[Epoch 13/300] Iter [480/794] Loss: 0.2631
[Epoch 13/300] Iter [490/794] Loss: 0.2398
[Epoch 13/300] Iter [500/794] Loss: 0.1977
[Epoch 13/300] Iter [510/794] Loss: 0.2263
[Epoch 13/300] Iter [520/794] Loss: 0.1136
[Epoch 13/300] Iter [530/794] Loss: 0.2231
[Epoch 13/300] Iter [540/794] Loss: 0.2031
[Epoch 13/300] Iter [550/794] Loss: 0.1639
[Epoch 13/300] Iter [560/794] Loss: 0.1956
[Epoch 13/300] Iter [570/794] Loss: 0.1948
[Epoch 13/300] Iter [580/794] Loss: 0.2347
[Epoch 13/300] Iter [590/794] Loss: 0.4161
[Epoch 13/300] Iter [600/794] Loss: 0.2547
[Epoch 13/300] Iter [610/794] Loss: 0.1717
[Epoch 13/300] Iter [620/794] Loss: 0.1832
[Epoch 13/300] Iter [630/794] Loss: 0.2506
[Epoch 13/300] Iter [640/794] Loss: 0.2963
[Epoch 13/300] Iter [650/794] Loss: 0.2621
[Epoch 13/300] Iter [660/794] Loss: 0.2378
[Epoch 13/300] Iter [670/794] Loss: 0.2572
[Epoch 13/300] Iter [680/794] Loss: 0.2342
[Epoch 13/300] Iter [690/794] Loss: 0.1173
[Epoch 13/300] Iter [700/794] Loss: 0.3383
[Epoch 13/300] Iter [710/794] Loss: 0.2319
[Epoch 13/300] Iter [720/794] Loss: 0.2311
[Epoch 13/300] Iter [730/794] Loss: 0.2194
[Epoch 13/300] Iter [740/794] Loss: 0.2219
[Epoch 13/300] Iter [750/794] Loss: 0.1654
[Epoch 13/300] Iter [760/794] Loss: 0.3009
[Epoch 13/300] Iter [770/794] Loss: 0.2737
[Epoch 13/300] Iter [780/794] Loss: 0.2782
[Epoch 13/300] Iter [790/794] Loss: 0.1740
Epoch [13/300] Validation Loss: 0.4060
No improvement for 8 epoch(s).
[Epoch 14/300] Iter [10/794] Loss: 0.1979
[Epoch 14/300] Iter [20/794] Loss: 0.2023
[Epoch 14/300] Iter [30/794] Loss: 0.2577
[Epoch 14/300] Iter [40/794] Loss: 0.2256
[Epoch 14/300] Iter [50/794] Loss: 0.2045
[Epoch 14/300] Iter [60/794] Loss: 0.1816
[Epoch 14/300] Iter [70/794] Loss: 0.1421
[Epoch 14/300] Iter [80/794] Loss: 0.3167
[Epoch 14/300] Iter [90/794] Loss: 0.1819
[Epoch 14/300] Iter [100/794] Loss: 0.1878
[Epoch 14/300] Iter [110/794] Loss: 0.2029
[Epoch 14/300] Iter [120/794] Loss: 0.2167
[Epoch 14/300] Iter [130/794] Loss: 0.1476
[Epoch 14/300] Iter [140/794] Loss: 0.2022
[Epoch 14/300] Iter [150/794] Loss: 0.2002
[Epoch 14/300] Iter [160/794] Loss: 0.1411
[Epoch 14/300] Iter [170/794] Loss: 0.1971
[Epoch 14/300] Iter [180/794] Loss: 0.1610
[Epoch 14/300] Iter [190/794] Loss: 0.1590
[Epoch 14/300] Iter [200/794] Loss: 0.1415
[Epoch 14/300] Iter [210/794] Loss: 0.1639
[Epoch 14/300] Iter [220/794] Loss: 0.3280
[Epoch 14/300] Iter [230/794] Loss: 0.2059
[Epoch 14/300] Iter [240/794] Loss: 0.1896
[Epoch 14/300] Iter [250/794] Loss: 0.2170
[Epoch 14/300] Iter [260/794] Loss: 0.2462
[Epoch 14/300] Iter [270/794] Loss: 0.1718
[Epoch 14/300] Iter [280/794] Loss: 0.1412
[Epoch 14/300] Iter [290/794] Loss: 0.2371
[Epoch 14/300] Iter [300/794] Loss: 0.2195
[Epoch 14/300] Iter [310/794] Loss: 0.2060
[Epoch 14/300] Iter [320/794] Loss: 0.1245
[Epoch 14/300] Iter [330/794] Loss: 0.2526
[Epoch 14/300] Iter [340/794] Loss: 0.2893
[Epoch 14/300] Iter [350/794] Loss: 0.2332
[Epoch 14/300] Iter [360/794] Loss: 0.1441
[Epoch 14/300] Iter [370/794] Loss: 0.2261
[Epoch 14/300] Iter [380/794] Loss: 0.1866
[Epoch 14/300] Iter [390/794] Loss: 0.2749
[Epoch 14/300] Iter [400/794] Loss: 0.1867
[Epoch 14/300] Iter [410/794] Loss: 0.2015
[Epoch 14/300] Iter [420/794] Loss: 0.1881
[Epoch 14/300] Iter [430/794] Loss: 0.1855
[Epoch 14/300] Iter [440/794] Loss: 0.2134
[Epoch 14/300] Iter [450/794] Loss: 0.1936
[Epoch 14/300] Iter [460/794] Loss: 0.2360
[Epoch 14/300] Iter [470/794] Loss: 0.2185
[Epoch 14/300] Iter [480/794] Loss: 0.2347
[Epoch 14/300] Iter [490/794] Loss: 0.3074
[Epoch 14/300] Iter [500/794] Loss: 0.1796
[Epoch 14/300] Iter [510/794] Loss: 0.2238
[Epoch 14/300] Iter [520/794] Loss: 0.2723
[Epoch 14/300] Iter [530/794] Loss: 0.3077
[Epoch 14/300] Iter [540/794] Loss: 0.2273
[Epoch 14/300] Iter [550/794] Loss: 0.1679
[Epoch 14/300] Iter [560/794] Loss: 0.1724
[Epoch 14/300] Iter [570/794] Loss: 0.1528
[Epoch 14/300] Iter [580/794] Loss: 0.1621
[Epoch 14/300] Iter [590/794] Loss: 0.1353
[Epoch 14/300] Iter [600/794] Loss: 0.2977
[Epoch 14/300] Iter [610/794] Loss: 0.2422
[Epoch 14/300] Iter [620/794] Loss: 0.1952
[Epoch 14/300] Iter [630/794] Loss: 0.2004
[Epoch 14/300] Iter [640/794] Loss: 0.2004
[Epoch 14/300] Iter [650/794] Loss: 0.1961
[Epoch 14/300] Iter [660/794] Loss: 0.2039
[Epoch 14/300] Iter [670/794] Loss: 0.2184
[Epoch 14/300] Iter [680/794] Loss: 0.2574
[Epoch 14/300] Iter [690/794] Loss: 0.2626
[Epoch 14/300] Iter [700/794] Loss: 0.2404
[Epoch 14/300] Iter [710/794] Loss: 0.1921
[Epoch 14/300] Iter [720/794] Loss: 0.2094
[Epoch 14/300] Iter [730/794] Loss: 0.1678
[Epoch 14/300] Iter [740/794] Loss: 0.2543
[Epoch 14/300] Iter [750/794] Loss: 0.1587
[Epoch 14/300] Iter [760/794] Loss: 0.2926
[Epoch 14/300] Iter [770/794] Loss: 0.2310
[Epoch 14/300] Iter [780/794] Loss: 0.2521
[Epoch 14/300] Iter [790/794] Loss: 0.1844
Epoch [14/300] Validation Loss: 0.4167
No improvement for 9 epoch(s).
[Epoch 15/300] Iter [10/794] Loss: 0.1740
[Epoch 15/300] Iter [20/794] Loss: 0.1315
[Epoch 15/300] Iter [30/794] Loss: 0.2490
[Epoch 15/300] Iter [40/794] Loss: 0.2876
[Epoch 15/300] Iter [50/794] Loss: 0.2330
[Epoch 15/300] Iter [60/794] Loss: 0.1229
[Epoch 15/300] Iter [70/794] Loss: 0.1149
[Epoch 15/300] Iter [80/794] Loss: 0.1899
[Epoch 15/300] Iter [90/794] Loss: 0.1940
[Epoch 15/300] Iter [100/794] Loss: 0.2857
[Epoch 15/300] Iter [110/794] Loss: 0.0757
[Epoch 15/300] Iter [120/794] Loss: 0.1376
[Epoch 15/300] Iter [130/794] Loss: 0.1982
[Epoch 15/300] Iter [140/794] Loss: 0.1758
[Epoch 15/300] Iter [150/794] Loss: 0.1847
[Epoch 15/300] Iter [160/794] Loss: 0.1944
[Epoch 15/300] Iter [170/794] Loss: 0.1964
[Epoch 15/300] Iter [180/794] Loss: 0.2019
[Epoch 15/300] Iter [190/794] Loss: 0.1584
[Epoch 15/300] Iter [200/794] Loss: 0.1945
[Epoch 15/300] Iter [210/794] Loss: 0.2642
[Epoch 15/300] Iter [220/794] Loss: 0.1789
[Epoch 15/300] Iter [230/794] Loss: 0.1590
[Epoch 15/300] Iter [240/794] Loss: 0.1726
[Epoch 15/300] Iter [250/794] Loss: 0.1867
[Epoch 15/300] Iter [260/794] Loss: 0.1753
[Epoch 15/300] Iter [270/794] Loss: 0.1604
[Epoch 15/300] Iter [280/794] Loss: 0.2558
[Epoch 15/300] Iter [290/794] Loss: 0.1918
[Epoch 15/300] Iter [300/794] Loss: 0.1507
[Epoch 15/300] Iter [310/794] Loss: 0.1580
[Epoch 15/300] Iter [320/794] Loss: 0.1218
[Epoch 15/300] Iter [330/794] Loss: 0.2203
[Epoch 15/300] Iter [340/794] Loss: 0.2770
[Epoch 15/300] Iter [350/794] Loss: 0.2652
[Epoch 15/300] Iter [360/794] Loss: 0.2491
[Epoch 15/300] Iter [370/794] Loss: 0.1731
[Epoch 15/300] Iter [380/794] Loss: 0.1906
[Epoch 15/300] Iter [390/794] Loss: 0.1738
[Epoch 15/300] Iter [400/794] Loss: 0.1652
[Epoch 15/300] Iter [410/794] Loss: 0.1682
[Epoch 15/300] Iter [420/794] Loss: 0.2013
[Epoch 15/300] Iter [430/794] Loss: 0.1516
[Epoch 15/300] Iter [440/794] Loss: 0.1577
[Epoch 15/300] Iter [450/794] Loss: 0.1571
[Epoch 15/300] Iter [460/794] Loss: 0.2458
[Epoch 15/300] Iter [470/794] Loss: 0.1545
[Epoch 15/300] Iter [480/794] Loss: 0.1845
[Epoch 15/300] Iter [490/794] Loss: 0.1372
[Epoch 15/300] Iter [500/794] Loss: 0.1809
[Epoch 15/300] Iter [510/794] Loss: 0.1645
[Epoch 15/300] Iter [520/794] Loss: 0.1228
[Epoch 15/300] Iter [530/794] Loss: 0.2143
[Epoch 15/300] Iter [540/794] Loss: 0.1950
[Epoch 15/300] Iter [550/794] Loss: 0.2380
[Epoch 15/300] Iter [560/794] Loss: 0.2513
[Epoch 15/300] Iter [570/794] Loss: 0.1503
[Epoch 15/300] Iter [580/794] Loss: 0.1714
[Epoch 15/300] Iter [590/794] Loss: 0.2923
[Epoch 15/300] Iter [600/794] Loss: 0.1371
[Epoch 15/300] Iter [610/794] Loss: 0.1602
[Epoch 15/300] Iter [620/794] Loss: 0.2951
[Epoch 15/300] Iter [630/794] Loss: 0.2250
[Epoch 15/300] Iter [640/794] Loss: 0.2006
[Epoch 15/300] Iter [650/794] Loss: 0.2601
[Epoch 15/300] Iter [660/794] Loss: 0.2168
[Epoch 15/300] Iter [670/794] Loss: 0.2230
[Epoch 15/300] Iter [680/794] Loss: 0.3075
[Epoch 15/300] Iter [690/794] Loss: 0.3384
[Epoch 15/300] Iter [700/794] Loss: 0.2892
[Epoch 15/300] Iter [710/794] Loss: 0.2253
[Epoch 15/300] Iter [720/794] Loss: 0.2266
[Epoch 15/300] Iter [730/794] Loss: 0.1637
[Epoch 15/300] Iter [740/794] Loss: 0.2198
[Epoch 15/300] Iter [750/794] Loss: 0.2557
[Epoch 15/300] Iter [760/794] Loss: 0.2220
[Epoch 15/300] Iter [770/794] Loss: 0.2473
[Epoch 15/300] Iter [780/794] Loss: 0.2321
[Epoch 15/300] Iter [790/794] Loss: 0.1819
Epoch [15/300] Validation Loss: 0.4234
No improvement for 10 epoch(s).
Early stopping triggered at epoch 15
Training complete!
Test Accuracy: 57.51%
