===== Training Config =====
Dataset:        emnist
EMNIST Split:   balanced
Model:          lenet
BatchSize:      128
Epochs:         300
LR:             0.0022
Patience:       10
NumClasses:     47
SaveDir:        /scratch/gilbreth/hu953/cs57800/pth
Noise Std:      80.0
Noise Type:     gaussian
===========================
[Epoch 1/300] Iter [10/794] Loss: 3.4195
[Epoch 1/300] Iter [20/794] Loss: 2.7870
[Epoch 1/300] Iter [30/794] Loss: 2.0610
[Epoch 1/300] Iter [40/794] Loss: 1.5671
[Epoch 1/300] Iter [50/794] Loss: 1.2560
[Epoch 1/300] Iter [60/794] Loss: 0.9836
[Epoch 1/300] Iter [70/794] Loss: 0.8380
[Epoch 1/300] Iter [80/794] Loss: 0.8212
[Epoch 1/300] Iter [90/794] Loss: 0.8586
[Epoch 1/300] Iter [100/794] Loss: 0.8266
[Epoch 1/300] Iter [110/794] Loss: 0.6228
[Epoch 1/300] Iter [120/794] Loss: 0.7338
[Epoch 1/300] Iter [130/794] Loss: 0.8009
[Epoch 1/300] Iter [140/794] Loss: 0.7639
[Epoch 1/300] Iter [150/794] Loss: 0.6857
[Epoch 1/300] Iter [160/794] Loss: 0.7691
[Epoch 1/300] Iter [170/794] Loss: 0.5541
[Epoch 1/300] Iter [180/794] Loss: 0.5136
[Epoch 1/300] Iter [190/794] Loss: 0.5051
[Epoch 1/300] Iter [200/794] Loss: 0.6138
[Epoch 1/300] Iter [210/794] Loss: 0.7000
[Epoch 1/300] Iter [220/794] Loss: 0.6232
[Epoch 1/300] Iter [230/794] Loss: 0.4841
[Epoch 1/300] Iter [240/794] Loss: 0.5892
[Epoch 1/300] Iter [250/794] Loss: 0.4902
[Epoch 1/300] Iter [260/794] Loss: 0.5401
[Epoch 1/300] Iter [270/794] Loss: 0.5120
[Epoch 1/300] Iter [280/794] Loss: 0.5547
[Epoch 1/300] Iter [290/794] Loss: 0.6445
[Epoch 1/300] Iter [300/794] Loss: 0.4924
[Epoch 1/300] Iter [310/794] Loss: 0.6084
[Epoch 1/300] Iter [320/794] Loss: 0.3833
[Epoch 1/300] Iter [330/794] Loss: 0.6700
[Epoch 1/300] Iter [340/794] Loss: 0.4275
[Epoch 1/300] Iter [350/794] Loss: 0.6188
[Epoch 1/300] Iter [360/794] Loss: 0.5378
[Epoch 1/300] Iter [370/794] Loss: 0.3755
[Epoch 1/300] Iter [380/794] Loss: 0.4406
[Epoch 1/300] Iter [390/794] Loss: 0.6435
[Epoch 1/300] Iter [400/794] Loss: 0.4742
[Epoch 1/300] Iter [410/794] Loss: 0.4906
[Epoch 1/300] Iter [420/794] Loss: 0.4417
[Epoch 1/300] Iter [430/794] Loss: 0.6727
[Epoch 1/300] Iter [440/794] Loss: 0.5691
[Epoch 1/300] Iter [450/794] Loss: 0.3818
[Epoch 1/300] Iter [460/794] Loss: 0.3326
[Epoch 1/300] Iter [470/794] Loss: 0.5179
[Epoch 1/300] Iter [480/794] Loss: 0.5437
[Epoch 1/300] Iter [490/794] Loss: 0.5090
[Epoch 1/300] Iter [500/794] Loss: 0.5484
[Epoch 1/300] Iter [510/794] Loss: 0.5442
[Epoch 1/300] Iter [520/794] Loss: 0.4956
[Epoch 1/300] Iter [530/794] Loss: 0.5202
[Epoch 1/300] Iter [540/794] Loss: 0.4381
[Epoch 1/300] Iter [550/794] Loss: 0.6149
[Epoch 1/300] Iter [560/794] Loss: 0.6670
[Epoch 1/300] Iter [570/794] Loss: 0.4499
[Epoch 1/300] Iter [580/794] Loss: 0.4981
[Epoch 1/300] Iter [590/794] Loss: 0.5754
[Epoch 1/300] Iter [600/794] Loss: 0.3358
[Epoch 1/300] Iter [610/794] Loss: 0.3660
[Epoch 1/300] Iter [620/794] Loss: 0.6070
[Epoch 1/300] Iter [630/794] Loss: 0.4349
[Epoch 1/300] Iter [640/794] Loss: 0.5831
[Epoch 1/300] Iter [650/794] Loss: 0.4521
[Epoch 1/300] Iter [660/794] Loss: 0.4015
[Epoch 1/300] Iter [670/794] Loss: 0.6266
[Epoch 1/300] Iter [680/794] Loss: 0.4156
[Epoch 1/300] Iter [690/794] Loss: 0.5489
[Epoch 1/300] Iter [700/794] Loss: 0.5893
[Epoch 1/300] Iter [710/794] Loss: 0.4224
[Epoch 1/300] Iter [720/794] Loss: 0.3694
[Epoch 1/300] Iter [730/794] Loss: 0.2122
[Epoch 1/300] Iter [740/794] Loss: 0.5663
[Epoch 1/300] Iter [750/794] Loss: 0.5271
[Epoch 1/300] Iter [760/794] Loss: 0.3848
[Epoch 1/300] Iter [770/794] Loss: 0.5333
[Epoch 1/300] Iter [780/794] Loss: 0.3841
[Epoch 1/300] Iter [790/794] Loss: 0.3784
Epoch [1/300] Validation Loss: 0.4243
[Epoch 2/300] Iter [10/794] Loss: 0.5291
[Epoch 2/300] Iter [20/794] Loss: 0.4575
[Epoch 2/300] Iter [30/794] Loss: 0.3566
[Epoch 2/300] Iter [40/794] Loss: 0.3752
[Epoch 2/300] Iter [50/794] Loss: 0.3688
[Epoch 2/300] Iter [60/794] Loss: 0.3346
[Epoch 2/300] Iter [70/794] Loss: 0.4093
[Epoch 2/300] Iter [80/794] Loss: 0.4930
[Epoch 2/300] Iter [90/794] Loss: 0.2915
[Epoch 2/300] Iter [100/794] Loss: 0.4122
[Epoch 2/300] Iter [110/794] Loss: 0.4617
[Epoch 2/300] Iter [120/794] Loss: 0.3054
[Epoch 2/300] Iter [130/794] Loss: 0.4486
[Epoch 2/300] Iter [140/794] Loss: 0.4280
[Epoch 2/300] Iter [150/794] Loss: 0.5288
[Epoch 2/300] Iter [160/794] Loss: 0.3875
[Epoch 2/300] Iter [170/794] Loss: 0.4216
[Epoch 2/300] Iter [180/794] Loss: 0.5148
[Epoch 2/300] Iter [190/794] Loss: 0.4635
[Epoch 2/300] Iter [200/794] Loss: 0.5019
[Epoch 2/300] Iter [210/794] Loss: 0.2839
[Epoch 2/300] Iter [220/794] Loss: 0.3938
[Epoch 2/300] Iter [230/794] Loss: 0.4751
[Epoch 2/300] Iter [240/794] Loss: 0.4672
[Epoch 2/300] Iter [250/794] Loss: 0.3160
[Epoch 2/300] Iter [260/794] Loss: 0.4374
[Epoch 2/300] Iter [270/794] Loss: 0.4464
[Epoch 2/300] Iter [280/794] Loss: 0.3675
[Epoch 2/300] Iter [290/794] Loss: 0.3463
[Epoch 2/300] Iter [300/794] Loss: 0.5232
[Epoch 2/300] Iter [310/794] Loss: 0.5062
[Epoch 2/300] Iter [320/794] Loss: 0.3482
[Epoch 2/300] Iter [330/794] Loss: 0.5075
[Epoch 2/300] Iter [340/794] Loss: 0.4429
[Epoch 2/300] Iter [350/794] Loss: 0.4313
[Epoch 2/300] Iter [360/794] Loss: 0.3649
[Epoch 2/300] Iter [370/794] Loss: 0.3282
[Epoch 2/300] Iter [380/794] Loss: 0.3776
[Epoch 2/300] Iter [390/794] Loss: 0.4258
[Epoch 2/300] Iter [400/794] Loss: 0.3790
[Epoch 2/300] Iter [410/794] Loss: 0.3532
[Epoch 2/300] Iter [420/794] Loss: 0.3351
[Epoch 2/300] Iter [430/794] Loss: 0.4129
[Epoch 2/300] Iter [440/794] Loss: 0.3932
[Epoch 2/300] Iter [450/794] Loss: 0.2554
[Epoch 2/300] Iter [460/794] Loss: 0.4831
[Epoch 2/300] Iter [470/794] Loss: 0.4238
[Epoch 2/300] Iter [480/794] Loss: 0.4282
[Epoch 2/300] Iter [490/794] Loss: 0.4534
[Epoch 2/300] Iter [500/794] Loss: 0.4728
[Epoch 2/300] Iter [510/794] Loss: 0.3125
[Epoch 2/300] Iter [520/794] Loss: 0.4996
[Epoch 2/300] Iter [530/794] Loss: 0.4866
[Epoch 2/300] Iter [540/794] Loss: 0.4801
[Epoch 2/300] Iter [550/794] Loss: 0.3090
[Epoch 2/300] Iter [560/794] Loss: 0.2882
[Epoch 2/300] Iter [570/794] Loss: 0.4674
[Epoch 2/300] Iter [580/794] Loss: 0.4443
[Epoch 2/300] Iter [590/794] Loss: 0.4091
[Epoch 2/300] Iter [600/794] Loss: 0.3510
[Epoch 2/300] Iter [610/794] Loss: 0.5336
[Epoch 2/300] Iter [620/794] Loss: 0.4225
[Epoch 2/300] Iter [630/794] Loss: 0.3509
[Epoch 2/300] Iter [640/794] Loss: 0.3217
[Epoch 2/300] Iter [650/794] Loss: 0.5379
[Epoch 2/300] Iter [660/794] Loss: 0.3291
[Epoch 2/300] Iter [670/794] Loss: 0.3241
[Epoch 2/300] Iter [680/794] Loss: 0.3680
[Epoch 2/300] Iter [690/794] Loss: 0.2684
[Epoch 2/300] Iter [700/794] Loss: 0.4741
[Epoch 2/300] Iter [710/794] Loss: 0.3486
[Epoch 2/300] Iter [720/794] Loss: 0.2098
[Epoch 2/300] Iter [730/794] Loss: 0.3468
[Epoch 2/300] Iter [740/794] Loss: 0.3264
[Epoch 2/300] Iter [750/794] Loss: 0.6404
[Epoch 2/300] Iter [760/794] Loss: 0.3607
[Epoch 2/300] Iter [770/794] Loss: 0.4050
[Epoch 2/300] Iter [780/794] Loss: 0.4161
[Epoch 2/300] Iter [790/794] Loss: 0.3344
Epoch [2/300] Validation Loss: 0.4292
No improvement for 1 epoch(s).
[Epoch 3/300] Iter [10/794] Loss: 0.2920
[Epoch 3/300] Iter [20/794] Loss: 0.2432
[Epoch 3/300] Iter [30/794] Loss: 0.3478
[Epoch 3/300] Iter [40/794] Loss: 0.3704
[Epoch 3/300] Iter [50/794] Loss: 0.3737
[Epoch 3/300] Iter [60/794] Loss: 0.2471
[Epoch 3/300] Iter [70/794] Loss: 0.3298
[Epoch 3/300] Iter [80/794] Loss: 0.4685
[Epoch 3/300] Iter [90/794] Loss: 0.2415
[Epoch 3/300] Iter [100/794] Loss: 0.4368
[Epoch 3/300] Iter [110/794] Loss: 0.5365
[Epoch 3/300] Iter [120/794] Loss: 0.2549
[Epoch 3/300] Iter [130/794] Loss: 0.3485
[Epoch 3/300] Iter [140/794] Loss: 0.2913
[Epoch 3/300] Iter [150/794] Loss: 0.4478
[Epoch 3/300] Iter [160/794] Loss: 0.4615
[Epoch 3/300] Iter [170/794] Loss: 0.3251
[Epoch 3/300] Iter [180/794] Loss: 0.2218
[Epoch 3/300] Iter [190/794] Loss: 0.2986
[Epoch 3/300] Iter [200/794] Loss: 0.3064
[Epoch 3/300] Iter [210/794] Loss: 0.4302
[Epoch 3/300] Iter [220/794] Loss: 0.4870
[Epoch 3/300] Iter [230/794] Loss: 0.2917
[Epoch 3/300] Iter [240/794] Loss: 0.3211
[Epoch 3/300] Iter [250/794] Loss: 0.3256
[Epoch 3/300] Iter [260/794] Loss: 0.3227
[Epoch 3/300] Iter [270/794] Loss: 0.1956
[Epoch 3/300] Iter [280/794] Loss: 0.3687
[Epoch 3/300] Iter [290/794] Loss: 0.3922
[Epoch 3/300] Iter [300/794] Loss: 0.2748
[Epoch 3/300] Iter [310/794] Loss: 0.3329
[Epoch 3/300] Iter [320/794] Loss: 0.3060
[Epoch 3/300] Iter [330/794] Loss: 0.3041
[Epoch 3/300] Iter [340/794] Loss: 0.4007
[Epoch 3/300] Iter [350/794] Loss: 0.4209
[Epoch 3/300] Iter [360/794] Loss: 0.3612
[Epoch 3/300] Iter [370/794] Loss: 0.3562
[Epoch 3/300] Iter [380/794] Loss: 0.4036
[Epoch 3/300] Iter [390/794] Loss: 0.3074
[Epoch 3/300] Iter [400/794] Loss: 0.4432
[Epoch 3/300] Iter [410/794] Loss: 0.3893
[Epoch 3/300] Iter [420/794] Loss: 0.3602
[Epoch 3/300] Iter [430/794] Loss: 0.3857
[Epoch 3/300] Iter [440/794] Loss: 0.3179
[Epoch 3/300] Iter [450/794] Loss: 0.4158
[Epoch 3/300] Iter [460/794] Loss: 0.4627
[Epoch 3/300] Iter [470/794] Loss: 0.3572
[Epoch 3/300] Iter [480/794] Loss: 0.4093
[Epoch 3/300] Iter [490/794] Loss: 0.3685
[Epoch 3/300] Iter [500/794] Loss: 0.3182
[Epoch 3/300] Iter [510/794] Loss: 0.3627
[Epoch 3/300] Iter [520/794] Loss: 0.2395
[Epoch 3/300] Iter [530/794] Loss: 0.4264
[Epoch 3/300] Iter [540/794] Loss: 0.3852
[Epoch 3/300] Iter [550/794] Loss: 0.5188
[Epoch 3/300] Iter [560/794] Loss: 0.3753
[Epoch 3/300] Iter [570/794] Loss: 0.2736
[Epoch 3/300] Iter [580/794] Loss: 0.3635
[Epoch 3/300] Iter [590/794] Loss: 0.4722
[Epoch 3/300] Iter [600/794] Loss: 0.3294
[Epoch 3/300] Iter [610/794] Loss: 0.4328
[Epoch 3/300] Iter [620/794] Loss: 0.2881
[Epoch 3/300] Iter [630/794] Loss: 0.2839
[Epoch 3/300] Iter [640/794] Loss: 0.3807
[Epoch 3/300] Iter [650/794] Loss: 0.2826
[Epoch 3/300] Iter [660/794] Loss: 0.4753
[Epoch 3/300] Iter [670/794] Loss: 0.2925
[Epoch 3/300] Iter [680/794] Loss: 0.2813
[Epoch 3/300] Iter [690/794] Loss: 0.4046
[Epoch 3/300] Iter [700/794] Loss: 0.4020
[Epoch 3/300] Iter [710/794] Loss: 0.3056
[Epoch 3/300] Iter [720/794] Loss: 0.2927
[Epoch 3/300] Iter [730/794] Loss: 0.2536
[Epoch 3/300] Iter [740/794] Loss: 0.2535
[Epoch 3/300] Iter [750/794] Loss: 0.3574
[Epoch 3/300] Iter [760/794] Loss: 0.2946
[Epoch 3/300] Iter [770/794] Loss: 0.4731
[Epoch 3/300] Iter [780/794] Loss: 0.2505
[Epoch 3/300] Iter [790/794] Loss: 0.2129
Epoch [3/300] Validation Loss: 0.3701
[Epoch 4/300] Iter [10/794] Loss: 0.3277
[Epoch 4/300] Iter [20/794] Loss: 0.3288
[Epoch 4/300] Iter [30/794] Loss: 0.3972
[Epoch 4/300] Iter [40/794] Loss: 0.3329
[Epoch 4/300] Iter [50/794] Loss: 0.4080
[Epoch 4/300] Iter [60/794] Loss: 0.2127
[Epoch 4/300] Iter [70/794] Loss: 0.3060
[Epoch 4/300] Iter [80/794] Loss: 0.2921
[Epoch 4/300] Iter [90/794] Loss: 0.3347
[Epoch 4/300] Iter [100/794] Loss: 0.3500
[Epoch 4/300] Iter [110/794] Loss: 0.3130
[Epoch 4/300] Iter [120/794] Loss: 0.2323
[Epoch 4/300] Iter [130/794] Loss: 0.3830
[Epoch 4/300] Iter [140/794] Loss: 0.3242
[Epoch 4/300] Iter [150/794] Loss: 0.3598
[Epoch 4/300] Iter [160/794] Loss: 0.2342
[Epoch 4/300] Iter [170/794] Loss: 0.3566
[Epoch 4/300] Iter [180/794] Loss: 0.3093
[Epoch 4/300] Iter [190/794] Loss: 0.2190
[Epoch 4/300] Iter [200/794] Loss: 0.3505
[Epoch 4/300] Iter [210/794] Loss: 0.3663
[Epoch 4/300] Iter [220/794] Loss: 0.2495
[Epoch 4/300] Iter [230/794] Loss: 0.3777
[Epoch 4/300] Iter [240/794] Loss: 0.4022
[Epoch 4/300] Iter [250/794] Loss: 0.3834
[Epoch 4/300] Iter [260/794] Loss: 0.4168
[Epoch 4/300] Iter [270/794] Loss: 0.3475
[Epoch 4/300] Iter [280/794] Loss: 0.3107
[Epoch 4/300] Iter [290/794] Loss: 0.3951
[Epoch 4/300] Iter [300/794] Loss: 0.2556
[Epoch 4/300] Iter [310/794] Loss: 0.2451
[Epoch 4/300] Iter [320/794] Loss: 0.3722
[Epoch 4/300] Iter [330/794] Loss: 0.3019
[Epoch 4/300] Iter [340/794] Loss: 0.2759
[Epoch 4/300] Iter [350/794] Loss: 0.2407
[Epoch 4/300] Iter [360/794] Loss: 0.3737
[Epoch 4/300] Iter [370/794] Loss: 0.3756
[Epoch 4/300] Iter [380/794] Loss: 0.2213
[Epoch 4/300] Iter [390/794] Loss: 0.3125
[Epoch 4/300] Iter [400/794] Loss: 0.3889
[Epoch 4/300] Iter [410/794] Loss: 0.4654
[Epoch 4/300] Iter [420/794] Loss: 0.3575
[Epoch 4/300] Iter [430/794] Loss: 0.3614
[Epoch 4/300] Iter [440/794] Loss: 0.3633
[Epoch 4/300] Iter [450/794] Loss: 0.2788
[Epoch 4/300] Iter [460/794] Loss: 0.3277
[Epoch 4/300] Iter [470/794] Loss: 0.2644
[Epoch 4/300] Iter [480/794] Loss: 0.3093
[Epoch 4/300] Iter [490/794] Loss: 0.2945
[Epoch 4/300] Iter [500/794] Loss: 0.2342
[Epoch 4/300] Iter [510/794] Loss: 0.2716
[Epoch 4/300] Iter [520/794] Loss: 0.2336
[Epoch 4/300] Iter [530/794] Loss: 0.2451
[Epoch 4/300] Iter [540/794] Loss: 0.4878
[Epoch 4/300] Iter [550/794] Loss: 0.3195
[Epoch 4/300] Iter [560/794] Loss: 0.2468
[Epoch 4/300] Iter [570/794] Loss: 0.3370
[Epoch 4/300] Iter [580/794] Loss: 0.3801
[Epoch 4/300] Iter [590/794] Loss: 0.4251
[Epoch 4/300] Iter [600/794] Loss: 0.3690
[Epoch 4/300] Iter [610/794] Loss: 0.2421
[Epoch 4/300] Iter [620/794] Loss: 0.3183
[Epoch 4/300] Iter [630/794] Loss: 0.2660
[Epoch 4/300] Iter [640/794] Loss: 0.2571
[Epoch 4/300] Iter [650/794] Loss: 0.2149
[Epoch 4/300] Iter [660/794] Loss: 0.3959
[Epoch 4/300] Iter [670/794] Loss: 0.3461
[Epoch 4/300] Iter [680/794] Loss: 0.3541
[Epoch 4/300] Iter [690/794] Loss: 0.3139
[Epoch 4/300] Iter [700/794] Loss: 0.2852
[Epoch 4/300] Iter [710/794] Loss: 0.3928
[Epoch 4/300] Iter [720/794] Loss: 0.3258
[Epoch 4/300] Iter [730/794] Loss: 0.2263
[Epoch 4/300] Iter [740/794] Loss: 0.6846
[Epoch 4/300] Iter [750/794] Loss: 0.2923
[Epoch 4/300] Iter [760/794] Loss: 0.4118
[Epoch 4/300] Iter [770/794] Loss: 0.3833
[Epoch 4/300] Iter [780/794] Loss: 0.4092
[Epoch 4/300] Iter [790/794] Loss: 0.3279
Epoch [4/300] Validation Loss: 0.3732
No improvement for 1 epoch(s).
[Epoch 5/300] Iter [10/794] Loss: 0.3024
[Epoch 5/300] Iter [20/794] Loss: 0.2531
[Epoch 5/300] Iter [30/794] Loss: 0.2796
[Epoch 5/300] Iter [40/794] Loss: 0.2823
[Epoch 5/300] Iter [50/794] Loss: 0.3797
[Epoch 5/300] Iter [60/794] Loss: 0.2723
[Epoch 5/300] Iter [70/794] Loss: 0.3072
[Epoch 5/300] Iter [80/794] Loss: 0.3476
[Epoch 5/300] Iter [90/794] Loss: 0.2558
[Epoch 5/300] Iter [100/794] Loss: 0.3715
[Epoch 5/300] Iter [110/794] Loss: 0.3324
[Epoch 5/300] Iter [120/794] Loss: 0.2783
[Epoch 5/300] Iter [130/794] Loss: 0.2702
[Epoch 5/300] Iter [140/794] Loss: 0.1825
[Epoch 5/300] Iter [150/794] Loss: 0.2630
[Epoch 5/300] Iter [160/794] Loss: 0.2661
[Epoch 5/300] Iter [170/794] Loss: 0.2730
[Epoch 5/300] Iter [180/794] Loss: 0.4744
[Epoch 5/300] Iter [190/794] Loss: 0.2313
[Epoch 5/300] Iter [200/794] Loss: 0.2829
[Epoch 5/300] Iter [210/794] Loss: 0.2497
[Epoch 5/300] Iter [220/794] Loss: 0.3114
[Epoch 5/300] Iter [230/794] Loss: 0.2359
[Epoch 5/300] Iter [240/794] Loss: 0.3378
[Epoch 5/300] Iter [250/794] Loss: 0.2754
[Epoch 5/300] Iter [260/794] Loss: 0.4485
[Epoch 5/300] Iter [270/794] Loss: 0.2797
[Epoch 5/300] Iter [280/794] Loss: 0.2925
[Epoch 5/300] Iter [290/794] Loss: 0.2230
[Epoch 5/300] Iter [300/794] Loss: 0.2098
[Epoch 5/300] Iter [310/794] Loss: 0.4748
[Epoch 5/300] Iter [320/794] Loss: 0.2970
[Epoch 5/300] Iter [330/794] Loss: 0.3301
[Epoch 5/300] Iter [340/794] Loss: 0.3320
[Epoch 5/300] Iter [350/794] Loss: 0.2556
[Epoch 5/300] Iter [360/794] Loss: 0.3553
[Epoch 5/300] Iter [370/794] Loss: 0.3312
[Epoch 5/300] Iter [380/794] Loss: 0.3482
[Epoch 5/300] Iter [390/794] Loss: 0.2328
[Epoch 5/300] Iter [400/794] Loss: 0.1681
[Epoch 5/300] Iter [410/794] Loss: 0.3057
[Epoch 5/300] Iter [420/794] Loss: 0.3373
[Epoch 5/300] Iter [430/794] Loss: 0.5439
[Epoch 5/300] Iter [440/794] Loss: 0.3122
[Epoch 5/300] Iter [450/794] Loss: 0.2484
[Epoch 5/300] Iter [460/794] Loss: 0.3843
[Epoch 5/300] Iter [470/794] Loss: 0.4040
[Epoch 5/300] Iter [480/794] Loss: 0.2934
[Epoch 5/300] Iter [490/794] Loss: 0.2664
[Epoch 5/300] Iter [500/794] Loss: 0.2899
[Epoch 5/300] Iter [510/794] Loss: 0.3019
[Epoch 5/300] Iter [520/794] Loss: 0.3596
[Epoch 5/300] Iter [530/794] Loss: 0.2595
[Epoch 5/300] Iter [540/794] Loss: 0.3071
[Epoch 5/300] Iter [550/794] Loss: 0.2674
[Epoch 5/300] Iter [560/794] Loss: 0.3087
[Epoch 5/300] Iter [570/794] Loss: 0.2817
[Epoch 5/300] Iter [580/794] Loss: 0.2961
[Epoch 5/300] Iter [590/794] Loss: 0.3187
[Epoch 5/300] Iter [600/794] Loss: 0.2818
[Epoch 5/300] Iter [610/794] Loss: 0.3396
[Epoch 5/300] Iter [620/794] Loss: 0.2968
[Epoch 5/300] Iter [630/794] Loss: 0.2992
[Epoch 5/300] Iter [640/794] Loss: 0.2738
[Epoch 5/300] Iter [650/794] Loss: 0.2611
[Epoch 5/300] Iter [660/794] Loss: 0.5713
[Epoch 5/300] Iter [670/794] Loss: 0.3365
[Epoch 5/300] Iter [680/794] Loss: 0.2921
[Epoch 5/300] Iter [690/794] Loss: 0.2696
[Epoch 5/300] Iter [700/794] Loss: 0.2891
[Epoch 5/300] Iter [710/794] Loss: 0.2841
[Epoch 5/300] Iter [720/794] Loss: 0.2073
[Epoch 5/300] Iter [730/794] Loss: 0.3097
[Epoch 5/300] Iter [740/794] Loss: 0.3126
[Epoch 5/300] Iter [750/794] Loss: 0.2550
[Epoch 5/300] Iter [760/794] Loss: 0.4193
[Epoch 5/300] Iter [770/794] Loss: 0.3490
[Epoch 5/300] Iter [780/794] Loss: 0.3617
[Epoch 5/300] Iter [790/794] Loss: 0.5820
Epoch [5/300] Validation Loss: 0.3568
[Epoch 6/300] Iter [10/794] Loss: 0.3320
[Epoch 6/300] Iter [20/794] Loss: 0.2473
[Epoch 6/300] Iter [30/794] Loss: 0.2617
[Epoch 6/300] Iter [40/794] Loss: 0.2373
[Epoch 6/300] Iter [50/794] Loss: 0.2969
[Epoch 6/300] Iter [60/794] Loss: 0.1854
[Epoch 6/300] Iter [70/794] Loss: 0.2098
[Epoch 6/300] Iter [80/794] Loss: 0.1926
[Epoch 6/300] Iter [90/794] Loss: 0.2785
[Epoch 6/300] Iter [100/794] Loss: 0.1979
[Epoch 6/300] Iter [110/794] Loss: 0.2375
[Epoch 6/300] Iter [120/794] Loss: 0.2372
[Epoch 6/300] Iter [130/794] Loss: 0.2973
[Epoch 6/300] Iter [140/794] Loss: 0.2384
[Epoch 6/300] Iter [150/794] Loss: 0.2653
[Epoch 6/300] Iter [160/794] Loss: 0.3608
[Epoch 6/300] Iter [170/794] Loss: 0.3257
[Epoch 6/300] Iter [180/794] Loss: 0.2286
[Epoch 6/300] Iter [190/794] Loss: 0.1933
[Epoch 6/300] Iter [200/794] Loss: 0.2749
[Epoch 6/300] Iter [210/794] Loss: 0.3750
[Epoch 6/300] Iter [220/794] Loss: 0.4022
[Epoch 6/300] Iter [230/794] Loss: 0.1658
[Epoch 6/300] Iter [240/794] Loss: 0.3576
[Epoch 6/300] Iter [250/794] Loss: 0.2610
[Epoch 6/300] Iter [260/794] Loss: 0.2286
[Epoch 6/300] Iter [270/794] Loss: 0.3038
[Epoch 6/300] Iter [280/794] Loss: 0.3344
[Epoch 6/300] Iter [290/794] Loss: 0.2805
[Epoch 6/300] Iter [300/794] Loss: 0.2683
[Epoch 6/300] Iter [310/794] Loss: 0.2395
[Epoch 6/300] Iter [320/794] Loss: 0.3058
[Epoch 6/300] Iter [330/794] Loss: 0.2366
[Epoch 6/300] Iter [340/794] Loss: 0.2986
[Epoch 6/300] Iter [350/794] Loss: 0.2706
[Epoch 6/300] Iter [360/794] Loss: 0.3197
[Epoch 6/300] Iter [370/794] Loss: 0.2536
[Epoch 6/300] Iter [380/794] Loss: 0.2911
[Epoch 6/300] Iter [390/794] Loss: 0.3129
[Epoch 6/300] Iter [400/794] Loss: 0.3322
[Epoch 6/300] Iter [410/794] Loss: 0.2521
[Epoch 6/300] Iter [420/794] Loss: 0.3241
[Epoch 6/300] Iter [430/794] Loss: 0.2217
[Epoch 6/300] Iter [440/794] Loss: 0.4055
[Epoch 6/300] Iter [450/794] Loss: 0.2930
[Epoch 6/300] Iter [460/794] Loss: 0.3202
[Epoch 6/300] Iter [470/794] Loss: 0.3290
[Epoch 6/300] Iter [480/794] Loss: 0.2874
[Epoch 6/300] Iter [490/794] Loss: 0.3395
[Epoch 6/300] Iter [500/794] Loss: 0.2938
[Epoch 6/300] Iter [510/794] Loss: 0.3211
[Epoch 6/300] Iter [520/794] Loss: 0.2173
[Epoch 6/300] Iter [530/794] Loss: 0.1805
[Epoch 6/300] Iter [540/794] Loss: 0.4217
[Epoch 6/300] Iter [550/794] Loss: 0.3007
[Epoch 6/300] Iter [560/794] Loss: 0.3118
[Epoch 6/300] Iter [570/794] Loss: 0.3042
[Epoch 6/300] Iter [580/794] Loss: 0.3596
[Epoch 6/300] Iter [590/794] Loss: 0.2605
[Epoch 6/300] Iter [600/794] Loss: 0.2836
[Epoch 6/300] Iter [610/794] Loss: 0.2304
[Epoch 6/300] Iter [620/794] Loss: 0.2271
[Epoch 6/300] Iter [630/794] Loss: 0.2807
[Epoch 6/300] Iter [640/794] Loss: 0.2822
[Epoch 6/300] Iter [650/794] Loss: 0.2694
[Epoch 6/300] Iter [660/794] Loss: 0.2307
[Epoch 6/300] Iter [670/794] Loss: 0.1983
[Epoch 6/300] Iter [680/794] Loss: 0.3570
[Epoch 6/300] Iter [690/794] Loss: 0.2535
[Epoch 6/300] Iter [700/794] Loss: 0.2458
[Epoch 6/300] Iter [710/794] Loss: 0.4560
[Epoch 6/300] Iter [720/794] Loss: 0.4455
[Epoch 6/300] Iter [730/794] Loss: 0.2698
[Epoch 6/300] Iter [740/794] Loss: 0.3580
[Epoch 6/300] Iter [750/794] Loss: 0.2998
[Epoch 6/300] Iter [760/794] Loss: 0.2770
[Epoch 6/300] Iter [770/794] Loss: 0.1875
[Epoch 6/300] Iter [780/794] Loss: 0.3058
[Epoch 6/300] Iter [790/794] Loss: 0.3026
Epoch [6/300] Validation Loss: 0.3518
[Epoch 7/300] Iter [10/794] Loss: 0.3683
[Epoch 7/300] Iter [20/794] Loss: 0.2780
[Epoch 7/300] Iter [30/794] Loss: 0.2962
[Epoch 7/300] Iter [40/794] Loss: 0.3149
[Epoch 7/300] Iter [50/794] Loss: 0.2915
[Epoch 7/300] Iter [60/794] Loss: 0.2815
[Epoch 7/300] Iter [70/794] Loss: 0.1849
[Epoch 7/300] Iter [80/794] Loss: 0.2835
[Epoch 7/300] Iter [90/794] Loss: 0.2713
[Epoch 7/300] Iter [100/794] Loss: 0.3012
[Epoch 7/300] Iter [110/794] Loss: 0.2513
[Epoch 7/300] Iter [120/794] Loss: 0.2408
[Epoch 7/300] Iter [130/794] Loss: 0.1924
[Epoch 7/300] Iter [140/794] Loss: 0.3566
[Epoch 7/300] Iter [150/794] Loss: 0.2779
[Epoch 7/300] Iter [160/794] Loss: 0.1950
[Epoch 7/300] Iter [170/794] Loss: 0.4287
[Epoch 7/300] Iter [180/794] Loss: 0.3387
[Epoch 7/300] Iter [190/794] Loss: 0.3197
[Epoch 7/300] Iter [200/794] Loss: 0.3160
[Epoch 7/300] Iter [210/794] Loss: 0.2313
[Epoch 7/300] Iter [220/794] Loss: 0.3263
[Epoch 7/300] Iter [230/794] Loss: 0.2439
[Epoch 7/300] Iter [240/794] Loss: 0.2705
[Epoch 7/300] Iter [250/794] Loss: 0.2386
[Epoch 7/300] Iter [260/794] Loss: 0.1914
[Epoch 7/300] Iter [270/794] Loss: 0.2701
[Epoch 7/300] Iter [280/794] Loss: 0.2405
[Epoch 7/300] Iter [290/794] Loss: 0.2309
[Epoch 7/300] Iter [300/794] Loss: 0.3660
[Epoch 7/300] Iter [310/794] Loss: 0.1964
[Epoch 7/300] Iter [320/794] Loss: 0.2827
[Epoch 7/300] Iter [330/794] Loss: 0.2989
[Epoch 7/300] Iter [340/794] Loss: 0.2234
[Epoch 7/300] Iter [350/794] Loss: 0.2327
[Epoch 7/300] Iter [360/794] Loss: 0.2192
[Epoch 7/300] Iter [370/794] Loss: 0.2236
[Epoch 7/300] Iter [380/794] Loss: 0.1902
[Epoch 7/300] Iter [390/794] Loss: 0.1892
[Epoch 7/300] Iter [400/794] Loss: 0.3437
[Epoch 7/300] Iter [410/794] Loss: 0.1687
[Epoch 7/300] Iter [420/794] Loss: 0.2523
[Epoch 7/300] Iter [430/794] Loss: 0.2957
[Epoch 7/300] Iter [440/794] Loss: 0.3670
[Epoch 7/300] Iter [450/794] Loss: 0.2860
[Epoch 7/300] Iter [460/794] Loss: 0.2985
[Epoch 7/300] Iter [470/794] Loss: 0.2207
[Epoch 7/300] Iter [480/794] Loss: 0.2421
[Epoch 7/300] Iter [490/794] Loss: 0.1996
[Epoch 7/300] Iter [500/794] Loss: 0.1883
[Epoch 7/300] Iter [510/794] Loss: 0.2173
[Epoch 7/300] Iter [520/794] Loss: 0.2909
[Epoch 7/300] Iter [530/794] Loss: 0.2214
[Epoch 7/300] Iter [540/794] Loss: 0.2259
[Epoch 7/300] Iter [550/794] Loss: 0.2516
[Epoch 7/300] Iter [560/794] Loss: 0.2889
[Epoch 7/300] Iter [570/794] Loss: 0.1979
[Epoch 7/300] Iter [580/794] Loss: 0.4004
[Epoch 7/300] Iter [590/794] Loss: 0.2665
[Epoch 7/300] Iter [600/794] Loss: 0.2645
[Epoch 7/300] Iter [610/794] Loss: 0.2860
[Epoch 7/300] Iter [620/794] Loss: 0.3054
[Epoch 7/300] Iter [630/794] Loss: 0.3252
[Epoch 7/300] Iter [640/794] Loss: 0.2481
[Epoch 7/300] Iter [650/794] Loss: 0.4871
[Epoch 7/300] Iter [660/794] Loss: 0.2995
[Epoch 7/300] Iter [670/794] Loss: 0.2061
[Epoch 7/300] Iter [680/794] Loss: 0.2418
[Epoch 7/300] Iter [690/794] Loss: 0.1712
[Epoch 7/300] Iter [700/794] Loss: 0.2820
[Epoch 7/300] Iter [710/794] Loss: 0.3552
[Epoch 7/300] Iter [720/794] Loss: 0.2401
[Epoch 7/300] Iter [730/794] Loss: 0.2591
[Epoch 7/300] Iter [740/794] Loss: 0.2775
[Epoch 7/300] Iter [750/794] Loss: 0.2565
[Epoch 7/300] Iter [760/794] Loss: 0.1667
[Epoch 7/300] Iter [770/794] Loss: 0.3969
[Epoch 7/300] Iter [780/794] Loss: 0.3048
[Epoch 7/300] Iter [790/794] Loss: 0.2552
Epoch [7/300] Validation Loss: 0.3692
No improvement for 1 epoch(s).
[Epoch 8/300] Iter [10/794] Loss: 0.2937
[Epoch 8/300] Iter [20/794] Loss: 0.1960
[Epoch 8/300] Iter [30/794] Loss: 0.3145
[Epoch 8/300] Iter [40/794] Loss: 0.2202
[Epoch 8/300] Iter [50/794] Loss: 0.2738
[Epoch 8/300] Iter [60/794] Loss: 0.2482
[Epoch 8/300] Iter [70/794] Loss: 0.3830
[Epoch 8/300] Iter [80/794] Loss: 0.2691
[Epoch 8/300] Iter [90/794] Loss: 0.1908
[Epoch 8/300] Iter [100/794] Loss: 0.3690
[Epoch 8/300] Iter [110/794] Loss: 0.2284
[Epoch 8/300] Iter [120/794] Loss: 0.2025
[Epoch 8/300] Iter [130/794] Loss: 0.2869
[Epoch 8/300] Iter [140/794] Loss: 0.1679
[Epoch 8/300] Iter [150/794] Loss: 0.2835
[Epoch 8/300] Iter [160/794] Loss: 0.2664
[Epoch 8/300] Iter [170/794] Loss: 0.2808
[Epoch 8/300] Iter [180/794] Loss: 0.2050
[Epoch 8/300] Iter [190/794] Loss: 0.2682
[Epoch 8/300] Iter [200/794] Loss: 0.2270
[Epoch 8/300] Iter [210/794] Loss: 0.2279
[Epoch 8/300] Iter [220/794] Loss: 0.2686
[Epoch 8/300] Iter [230/794] Loss: 0.2797
[Epoch 8/300] Iter [240/794] Loss: 0.2555
[Epoch 8/300] Iter [250/794] Loss: 0.1686
[Epoch 8/300] Iter [260/794] Loss: 0.2564
[Epoch 8/300] Iter [270/794] Loss: 0.2128
[Epoch 8/300] Iter [280/794] Loss: 0.2683
[Epoch 8/300] Iter [290/794] Loss: 0.2755
[Epoch 8/300] Iter [300/794] Loss: 0.2663
[Epoch 8/300] Iter [310/794] Loss: 0.3536
[Epoch 8/300] Iter [320/794] Loss: 0.2467
[Epoch 8/300] Iter [330/794] Loss: 0.1687
[Epoch 8/300] Iter [340/794] Loss: 0.2615
[Epoch 8/300] Iter [350/794] Loss: 0.2778
[Epoch 8/300] Iter [360/794] Loss: 0.3056
[Epoch 8/300] Iter [370/794] Loss: 0.2566
[Epoch 8/300] Iter [380/794] Loss: 0.2805
[Epoch 8/300] Iter [390/794] Loss: 0.1516
[Epoch 8/300] Iter [400/794] Loss: 0.2559
[Epoch 8/300] Iter [410/794] Loss: 0.2540
[Epoch 8/300] Iter [420/794] Loss: 0.2619
[Epoch 8/300] Iter [430/794] Loss: 0.1925
[Epoch 8/300] Iter [440/794] Loss: 0.1652
[Epoch 8/300] Iter [450/794] Loss: 0.2348
[Epoch 8/300] Iter [460/794] Loss: 0.2250
[Epoch 8/300] Iter [470/794] Loss: 0.4027
[Epoch 8/300] Iter [480/794] Loss: 0.3348
[Epoch 8/300] Iter [490/794] Loss: 0.3007
[Epoch 8/300] Iter [500/794] Loss: 0.2107
[Epoch 8/300] Iter [510/794] Loss: 0.3484
[Epoch 8/300] Iter [520/794] Loss: 0.3130
[Epoch 8/300] Iter [530/794] Loss: 0.2182
[Epoch 8/300] Iter [540/794] Loss: 0.2685
[Epoch 8/300] Iter [550/794] Loss: 0.1415
[Epoch 8/300] Iter [560/794] Loss: 0.2737
[Epoch 8/300] Iter [570/794] Loss: 0.2329
[Epoch 8/300] Iter [580/794] Loss: 0.3610
[Epoch 8/300] Iter [590/794] Loss: 0.2659
[Epoch 8/300] Iter [600/794] Loss: 0.2443
[Epoch 8/300] Iter [610/794] Loss: 0.2152
[Epoch 8/300] Iter [620/794] Loss: 0.2087
[Epoch 8/300] Iter [630/794] Loss: 0.4010
[Epoch 8/300] Iter [640/794] Loss: 0.4413
[Epoch 8/300] Iter [650/794] Loss: 0.3024
[Epoch 8/300] Iter [660/794] Loss: 0.2638
[Epoch 8/300] Iter [670/794] Loss: 0.3015
[Epoch 8/300] Iter [680/794] Loss: 0.2990
[Epoch 8/300] Iter [690/794] Loss: 0.2176
[Epoch 8/300] Iter [700/794] Loss: 0.2592
[Epoch 8/300] Iter [710/794] Loss: 0.3072
[Epoch 8/300] Iter [720/794] Loss: 0.2697
[Epoch 8/300] Iter [730/794] Loss: 0.2212
[Epoch 8/300] Iter [740/794] Loss: 0.2070
[Epoch 8/300] Iter [750/794] Loss: 0.3790
[Epoch 8/300] Iter [760/794] Loss: 0.2862
[Epoch 8/300] Iter [770/794] Loss: 0.2631
[Epoch 8/300] Iter [780/794] Loss: 0.2248
[Epoch 8/300] Iter [790/794] Loss: 0.2513
Epoch [8/300] Validation Loss: 0.3847
No improvement for 2 epoch(s).
[Epoch 9/300] Iter [10/794] Loss: 0.2876
[Epoch 9/300] Iter [20/794] Loss: 0.2144
[Epoch 9/300] Iter [30/794] Loss: 0.2257
[Epoch 9/300] Iter [40/794] Loss: 0.2289
[Epoch 9/300] Iter [50/794] Loss: 0.2074
[Epoch 9/300] Iter [60/794] Loss: 0.2627
[Epoch 9/300] Iter [70/794] Loss: 0.2619
[Epoch 9/300] Iter [80/794] Loss: 0.1813
[Epoch 9/300] Iter [90/794] Loss: 0.2203
[Epoch 9/300] Iter [100/794] Loss: 0.2010
[Epoch 9/300] Iter [110/794] Loss: 0.2907
[Epoch 9/300] Iter [120/794] Loss: 0.2163
[Epoch 9/300] Iter [130/794] Loss: 0.2097
[Epoch 9/300] Iter [140/794] Loss: 0.2081
[Epoch 9/300] Iter [150/794] Loss: 0.2182
[Epoch 9/300] Iter [160/794] Loss: 0.1886
[Epoch 9/300] Iter [170/794] Loss: 0.2681
[Epoch 9/300] Iter [180/794] Loss: 0.2046
[Epoch 9/300] Iter [190/794] Loss: 0.2517
[Epoch 9/300] Iter [200/794] Loss: 0.1860
[Epoch 9/300] Iter [210/794] Loss: 0.3671
[Epoch 9/300] Iter [220/794] Loss: 0.2509
[Epoch 9/300] Iter [230/794] Loss: 0.2654
[Epoch 9/300] Iter [240/794] Loss: 0.2053
[Epoch 9/300] Iter [250/794] Loss: 0.3286
[Epoch 9/300] Iter [260/794] Loss: 0.3115
[Epoch 9/300] Iter [270/794] Loss: 0.2066
[Epoch 9/300] Iter [280/794] Loss: 0.2093
[Epoch 9/300] Iter [290/794] Loss: 0.2564
[Epoch 9/300] Iter [300/794] Loss: 0.2388
[Epoch 9/300] Iter [310/794] Loss: 0.2135
[Epoch 9/300] Iter [320/794] Loss: 0.2181
[Epoch 9/300] Iter [330/794] Loss: 0.3496
[Epoch 9/300] Iter [340/794] Loss: 0.2854
[Epoch 9/300] Iter [350/794] Loss: 0.2795
[Epoch 9/300] Iter [360/794] Loss: 0.2500
[Epoch 9/300] Iter [370/794] Loss: 0.2985
[Epoch 9/300] Iter [380/794] Loss: 0.1689
[Epoch 9/300] Iter [390/794] Loss: 0.2984
[Epoch 9/300] Iter [400/794] Loss: 0.4098
[Epoch 9/300] Iter [410/794] Loss: 0.2646
[Epoch 9/300] Iter [420/794] Loss: 0.3230
[Epoch 9/300] Iter [430/794] Loss: 0.3262
[Epoch 9/300] Iter [440/794] Loss: 0.2561
[Epoch 9/300] Iter [450/794] Loss: 0.1769
[Epoch 9/300] Iter [460/794] Loss: 0.3446
[Epoch 9/300] Iter [470/794] Loss: 0.2408
[Epoch 9/300] Iter [480/794] Loss: 0.1892
[Epoch 9/300] Iter [490/794] Loss: 0.2653
[Epoch 9/300] Iter [500/794] Loss: 0.2664
[Epoch 9/300] Iter [510/794] Loss: 0.1878
[Epoch 9/300] Iter [520/794] Loss: 0.2826
[Epoch 9/300] Iter [530/794] Loss: 0.2232
[Epoch 9/300] Iter [540/794] Loss: 0.2640
[Epoch 9/300] Iter [550/794] Loss: 0.2672
[Epoch 9/300] Iter [560/794] Loss: 0.2831
[Epoch 9/300] Iter [570/794] Loss: 0.2264
[Epoch 9/300] Iter [580/794] Loss: 0.1957
[Epoch 9/300] Iter [590/794] Loss: 0.2386
[Epoch 9/300] Iter [600/794] Loss: 0.2558
[Epoch 9/300] Iter [610/794] Loss: 0.2472
[Epoch 9/300] Iter [620/794] Loss: 0.2956
[Epoch 9/300] Iter [630/794] Loss: 0.2155
[Epoch 9/300] Iter [640/794] Loss: 0.2812
[Epoch 9/300] Iter [650/794] Loss: 0.1757
[Epoch 9/300] Iter [660/794] Loss: 0.2509
[Epoch 9/300] Iter [670/794] Loss: 0.1605
[Epoch 9/300] Iter [680/794] Loss: 0.2131
[Epoch 9/300] Iter [690/794] Loss: 0.1924
[Epoch 9/300] Iter [700/794] Loss: 0.2783
[Epoch 9/300] Iter [710/794] Loss: 0.2480
[Epoch 9/300] Iter [720/794] Loss: 0.2547
[Epoch 9/300] Iter [730/794] Loss: 0.2175
[Epoch 9/300] Iter [740/794] Loss: 0.2480
[Epoch 9/300] Iter [750/794] Loss: 0.2043
[Epoch 9/300] Iter [760/794] Loss: 0.1673
[Epoch 9/300] Iter [770/794] Loss: 0.2847
[Epoch 9/300] Iter [780/794] Loss: 0.1901
[Epoch 9/300] Iter [790/794] Loss: 0.2463
Epoch [9/300] Validation Loss: 0.3938
No improvement for 3 epoch(s).
[Epoch 10/300] Iter [10/794] Loss: 0.2407
[Epoch 10/300] Iter [20/794] Loss: 0.2965
[Epoch 10/300] Iter [30/794] Loss: 0.2698
[Epoch 10/300] Iter [40/794] Loss: 0.2225
[Epoch 10/300] Iter [50/794] Loss: 0.1562
[Epoch 10/300] Iter [60/794] Loss: 0.3204
[Epoch 10/300] Iter [70/794] Loss: 0.1910
[Epoch 10/300] Iter [80/794] Loss: 0.2830
[Epoch 10/300] Iter [90/794] Loss: 0.3100
[Epoch 10/300] Iter [100/794] Loss: 0.2273
[Epoch 10/300] Iter [110/794] Loss: 0.1780
[Epoch 10/300] Iter [120/794] Loss: 0.1764
[Epoch 10/300] Iter [130/794] Loss: 0.1963
[Epoch 10/300] Iter [140/794] Loss: 0.2107
[Epoch 10/300] Iter [150/794] Loss: 0.2638
[Epoch 10/300] Iter [160/794] Loss: 0.2939
[Epoch 10/300] Iter [170/794] Loss: 0.2405
[Epoch 10/300] Iter [180/794] Loss: 0.2713
[Epoch 10/300] Iter [190/794] Loss: 0.2128
[Epoch 10/300] Iter [200/794] Loss: 0.2168
[Epoch 10/300] Iter [210/794] Loss: 0.1812
[Epoch 10/300] Iter [220/794] Loss: 0.2141
[Epoch 10/300] Iter [230/794] Loss: 0.2626
[Epoch 10/300] Iter [240/794] Loss: 0.2476
[Epoch 10/300] Iter [250/794] Loss: 0.2056
[Epoch 10/300] Iter [260/794] Loss: 0.1793
[Epoch 10/300] Iter [270/794] Loss: 0.2473
[Epoch 10/300] Iter [280/794] Loss: 0.1735
[Epoch 10/300] Iter [290/794] Loss: 0.1611
[Epoch 10/300] Iter [300/794] Loss: 0.2342
[Epoch 10/300] Iter [310/794] Loss: 0.1724
[Epoch 10/300] Iter [320/794] Loss: 0.1990
[Epoch 10/300] Iter [330/794] Loss: 0.2596
[Epoch 10/300] Iter [340/794] Loss: 0.2043
[Epoch 10/300] Iter [350/794] Loss: 0.2344
[Epoch 10/300] Iter [360/794] Loss: 0.1973
[Epoch 10/300] Iter [370/794] Loss: 0.3033
[Epoch 10/300] Iter [380/794] Loss: 0.2474
[Epoch 10/300] Iter [390/794] Loss: 0.2590
[Epoch 10/300] Iter [400/794] Loss: 0.1874
[Epoch 10/300] Iter [410/794] Loss: 0.2492
[Epoch 10/300] Iter [420/794] Loss: 0.2932
[Epoch 10/300] Iter [430/794] Loss: 0.1956
[Epoch 10/300] Iter [440/794] Loss: 0.2331
[Epoch 10/300] Iter [450/794] Loss: 0.2514
[Epoch 10/300] Iter [460/794] Loss: 0.2131
[Epoch 10/300] Iter [470/794] Loss: 0.2424
[Epoch 10/300] Iter [480/794] Loss: 0.2538
[Epoch 10/300] Iter [490/794] Loss: 0.2835
[Epoch 10/300] Iter [500/794] Loss: 0.3355
[Epoch 10/300] Iter [510/794] Loss: 0.2706
[Epoch 10/300] Iter [520/794] Loss: 0.2000
[Epoch 10/300] Iter [530/794] Loss: 0.2595
[Epoch 10/300] Iter [540/794] Loss: 0.1759
[Epoch 10/300] Iter [550/794] Loss: 0.2153
[Epoch 10/300] Iter [560/794] Loss: 0.2030
[Epoch 10/300] Iter [570/794] Loss: 0.1655
[Epoch 10/300] Iter [580/794] Loss: 0.1998
[Epoch 10/300] Iter [590/794] Loss: 0.3626
[Epoch 10/300] Iter [600/794] Loss: 0.3331
[Epoch 10/300] Iter [610/794] Loss: 0.2179
[Epoch 10/300] Iter [620/794] Loss: 0.2084
[Epoch 10/300] Iter [630/794] Loss: 0.1751
[Epoch 10/300] Iter [640/794] Loss: 0.2981
[Epoch 10/300] Iter [650/794] Loss: 0.3083
[Epoch 10/300] Iter [660/794] Loss: 0.1946
[Epoch 10/300] Iter [670/794] Loss: 0.1758
[Epoch 10/300] Iter [680/794] Loss: 0.3137
[Epoch 10/300] Iter [690/794] Loss: 0.2514
[Epoch 10/300] Iter [700/794] Loss: 0.2877
[Epoch 10/300] Iter [710/794] Loss: 0.2443
[Epoch 10/300] Iter [720/794] Loss: 0.3319
[Epoch 10/300] Iter [730/794] Loss: 0.1862
[Epoch 10/300] Iter [740/794] Loss: 0.1707
[Epoch 10/300] Iter [750/794] Loss: 0.2634
[Epoch 10/300] Iter [760/794] Loss: 0.2551
[Epoch 10/300] Iter [770/794] Loss: 0.3544
[Epoch 10/300] Iter [780/794] Loss: 0.2103
[Epoch 10/300] Iter [790/794] Loss: 0.3372
Epoch [10/300] Validation Loss: 0.3906
No improvement for 4 epoch(s).
[Epoch 11/300] Iter [10/794] Loss: 0.1671
[Epoch 11/300] Iter [20/794] Loss: 0.2073
[Epoch 11/300] Iter [30/794] Loss: 0.1913
[Epoch 11/300] Iter [40/794] Loss: 0.1857
[Epoch 11/300] Iter [50/794] Loss: 0.1979
[Epoch 11/300] Iter [60/794] Loss: 0.1975
[Epoch 11/300] Iter [70/794] Loss: 0.1759
[Epoch 11/300] Iter [80/794] Loss: 0.2741
[Epoch 11/300] Iter [90/794] Loss: 0.1859
[Epoch 11/300] Iter [100/794] Loss: 0.2866
[Epoch 11/300] Iter [110/794] Loss: 0.2171
[Epoch 11/300] Iter [120/794] Loss: 0.2662
[Epoch 11/300] Iter [130/794] Loss: 0.2513
[Epoch 11/300] Iter [140/794] Loss: 0.2856
[Epoch 11/300] Iter [150/794] Loss: 0.2165
[Epoch 11/300] Iter [160/794] Loss: 0.1948
[Epoch 11/300] Iter [170/794] Loss: 0.2081
[Epoch 11/300] Iter [180/794] Loss: 0.1567
[Epoch 11/300] Iter [190/794] Loss: 0.1885
[Epoch 11/300] Iter [200/794] Loss: 0.1812
[Epoch 11/300] Iter [210/794] Loss: 0.2736
[Epoch 11/300] Iter [220/794] Loss: 0.1421
[Epoch 11/300] Iter [230/794] Loss: 0.1724
[Epoch 11/300] Iter [240/794] Loss: 0.2048
[Epoch 11/300] Iter [250/794] Loss: 0.2744
[Epoch 11/300] Iter [260/794] Loss: 0.1517
[Epoch 11/300] Iter [270/794] Loss: 0.1807
[Epoch 11/300] Iter [280/794] Loss: 0.1671
[Epoch 11/300] Iter [290/794] Loss: 0.2174
[Epoch 11/300] Iter [300/794] Loss: 0.2004
[Epoch 11/300] Iter [310/794] Loss: 0.1728
[Epoch 11/300] Iter [320/794] Loss: 0.1740
[Epoch 11/300] Iter [330/794] Loss: 0.2111
[Epoch 11/300] Iter [340/794] Loss: 0.2604
[Epoch 11/300] Iter [350/794] Loss: 0.1947
[Epoch 11/300] Iter [360/794] Loss: 0.3080
[Epoch 11/300] Iter [370/794] Loss: 0.1280
[Epoch 11/300] Iter [380/794] Loss: 0.1891
[Epoch 11/300] Iter [390/794] Loss: 0.1980
[Epoch 11/300] Iter [400/794] Loss: 0.1889
[Epoch 11/300] Iter [410/794] Loss: 0.2453
[Epoch 11/300] Iter [420/794] Loss: 0.2417
[Epoch 11/300] Iter [430/794] Loss: 0.2097
[Epoch 11/300] Iter [440/794] Loss: 0.1601
[Epoch 11/300] Iter [450/794] Loss: 0.1325
[Epoch 11/300] Iter [460/794] Loss: 0.1924
[Epoch 11/300] Iter [470/794] Loss: 0.2236
[Epoch 11/300] Iter [480/794] Loss: 0.2158
[Epoch 11/300] Iter [490/794] Loss: 0.1861
[Epoch 11/300] Iter [500/794] Loss: 0.2027
[Epoch 11/300] Iter [510/794] Loss: 0.3231
[Epoch 11/300] Iter [520/794] Loss: 0.1754
[Epoch 11/300] Iter [530/794] Loss: 0.1952
[Epoch 11/300] Iter [540/794] Loss: 0.3978
[Epoch 11/300] Iter [550/794] Loss: 0.2590
[Epoch 11/300] Iter [560/794] Loss: 0.2027
[Epoch 11/300] Iter [570/794] Loss: 0.1518
[Epoch 11/300] Iter [580/794] Loss: 0.2357
[Epoch 11/300] Iter [590/794] Loss: 0.2901
[Epoch 11/300] Iter [600/794] Loss: 0.2138
[Epoch 11/300] Iter [610/794] Loss: 0.2162
[Epoch 11/300] Iter [620/794] Loss: 0.2377
[Epoch 11/300] Iter [630/794] Loss: 0.1983
[Epoch 11/300] Iter [640/794] Loss: 0.3123
[Epoch 11/300] Iter [650/794] Loss: 0.2508
[Epoch 11/300] Iter [660/794] Loss: 0.2766
[Epoch 11/300] Iter [670/794] Loss: 0.3344
[Epoch 11/300] Iter [680/794] Loss: 0.2229
[Epoch 11/300] Iter [690/794] Loss: 0.2656
[Epoch 11/300] Iter [700/794] Loss: 0.2731
[Epoch 11/300] Iter [710/794] Loss: 0.1608
[Epoch 11/300] Iter [720/794] Loss: 0.3027
[Epoch 11/300] Iter [730/794] Loss: 0.2432
[Epoch 11/300] Iter [740/794] Loss: 0.3324
[Epoch 11/300] Iter [750/794] Loss: 0.2647
[Epoch 11/300] Iter [760/794] Loss: 0.2482
[Epoch 11/300] Iter [770/794] Loss: 0.2510
[Epoch 11/300] Iter [780/794] Loss: 0.2333
[Epoch 11/300] Iter [790/794] Loss: 0.2005
Epoch [11/300] Validation Loss: 0.3807
No improvement for 5 epoch(s).
[Epoch 12/300] Iter [10/794] Loss: 0.1514
[Epoch 12/300] Iter [20/794] Loss: 0.1554
[Epoch 12/300] Iter [30/794] Loss: 0.1685
[Epoch 12/300] Iter [40/794] Loss: 0.2362
[Epoch 12/300] Iter [50/794] Loss: 0.2076
[Epoch 12/300] Iter [60/794] Loss: 0.2371
[Epoch 12/300] Iter [70/794] Loss: 0.2109
[Epoch 12/300] Iter [80/794] Loss: 0.1734
[Epoch 12/300] Iter [90/794] Loss: 0.2387
[Epoch 12/300] Iter [100/794] Loss: 0.1381
[Epoch 12/300] Iter [110/794] Loss: 0.1939
[Epoch 12/300] Iter [120/794] Loss: 0.2313
[Epoch 12/300] Iter [130/794] Loss: 0.2035
[Epoch 12/300] Iter [140/794] Loss: 0.2286
[Epoch 12/300] Iter [150/794] Loss: 0.2686
[Epoch 12/300] Iter [160/794] Loss: 0.1814
[Epoch 12/300] Iter [170/794] Loss: 0.1383
[Epoch 12/300] Iter [180/794] Loss: 0.1227
[Epoch 12/300] Iter [190/794] Loss: 0.1446
[Epoch 12/300] Iter [200/794] Loss: 0.2337
[Epoch 12/300] Iter [210/794] Loss: 0.2382
[Epoch 12/300] Iter [220/794] Loss: 0.2734
[Epoch 12/300] Iter [230/794] Loss: 0.2380
[Epoch 12/300] Iter [240/794] Loss: 0.2796
[Epoch 12/300] Iter [250/794] Loss: 0.2060
[Epoch 12/300] Iter [260/794] Loss: 0.1868
[Epoch 12/300] Iter [270/794] Loss: 0.2007
[Epoch 12/300] Iter [280/794] Loss: 0.2316
[Epoch 12/300] Iter [290/794] Loss: 0.1466
[Epoch 12/300] Iter [300/794] Loss: 0.2449
[Epoch 12/300] Iter [310/794] Loss: 0.2476
[Epoch 12/300] Iter [320/794] Loss: 0.1871
[Epoch 12/300] Iter [330/794] Loss: 0.2500
[Epoch 12/300] Iter [340/794] Loss: 0.1675
[Epoch 12/300] Iter [350/794] Loss: 0.1785
[Epoch 12/300] Iter [360/794] Loss: 0.2320
[Epoch 12/300] Iter [370/794] Loss: 0.2879
[Epoch 12/300] Iter [380/794] Loss: 0.2653
[Epoch 12/300] Iter [390/794] Loss: 0.1537
[Epoch 12/300] Iter [400/794] Loss: 0.1768
[Epoch 12/300] Iter [410/794] Loss: 0.2774
[Epoch 12/300] Iter [420/794] Loss: 0.2813
[Epoch 12/300] Iter [430/794] Loss: 0.2089
[Epoch 12/300] Iter [440/794] Loss: 0.3142
[Epoch 12/300] Iter [450/794] Loss: 0.2088
[Epoch 12/300] Iter [460/794] Loss: 0.2465
[Epoch 12/300] Iter [470/794] Loss: 0.2789
[Epoch 12/300] Iter [480/794] Loss: 0.3161
[Epoch 12/300] Iter [490/794] Loss: 0.1565
[Epoch 12/300] Iter [500/794] Loss: 0.2527
[Epoch 12/300] Iter [510/794] Loss: 0.2173
[Epoch 12/300] Iter [520/794] Loss: 0.1381
[Epoch 12/300] Iter [530/794] Loss: 0.2002
[Epoch 12/300] Iter [540/794] Loss: 0.2581
[Epoch 12/300] Iter [550/794] Loss: 0.2273
[Epoch 12/300] Iter [560/794] Loss: 0.1454
[Epoch 12/300] Iter [570/794] Loss: 0.2220
[Epoch 12/300] Iter [580/794] Loss: 0.4491
[Epoch 12/300] Iter [590/794] Loss: 0.1939
[Epoch 12/300] Iter [600/794] Loss: 0.2114
[Epoch 12/300] Iter [610/794] Loss: 0.1925
[Epoch 12/300] Iter [620/794] Loss: 0.2238
[Epoch 12/300] Iter [630/794] Loss: 0.2189
[Epoch 12/300] Iter [640/794] Loss: 0.1566
[Epoch 12/300] Iter [650/794] Loss: 0.2316
[Epoch 12/300] Iter [660/794] Loss: 0.2713
[Epoch 12/300] Iter [670/794] Loss: 0.2340
[Epoch 12/300] Iter [680/794] Loss: 0.2391
[Epoch 12/300] Iter [690/794] Loss: 0.2462
[Epoch 12/300] Iter [700/794] Loss: 0.2231
[Epoch 12/300] Iter [710/794] Loss: 0.1835
[Epoch 12/300] Iter [720/794] Loss: 0.2182
[Epoch 12/300] Iter [730/794] Loss: 0.2370
[Epoch 12/300] Iter [740/794] Loss: 0.2349
[Epoch 12/300] Iter [750/794] Loss: 0.2058
[Epoch 12/300] Iter [760/794] Loss: 0.2158
[Epoch 12/300] Iter [770/794] Loss: 0.1487
[Epoch 12/300] Iter [780/794] Loss: 0.2831
[Epoch 12/300] Iter [790/794] Loss: 0.2450
Epoch [12/300] Validation Loss: 0.3838
No improvement for 6 epoch(s).
[Epoch 13/300] Iter [10/794] Loss: 0.2258
[Epoch 13/300] Iter [20/794] Loss: 0.2078
[Epoch 13/300] Iter [30/794] Loss: 0.3904
[Epoch 13/300] Iter [40/794] Loss: 0.2666
[Epoch 13/300] Iter [50/794] Loss: 0.1593
[Epoch 13/300] Iter [60/794] Loss: 0.3665
[Epoch 13/300] Iter [70/794] Loss: 0.1831
[Epoch 13/300] Iter [80/794] Loss: 0.1499
[Epoch 13/300] Iter [90/794] Loss: 0.1465
[Epoch 13/300] Iter [100/794] Loss: 0.1546
[Epoch 13/300] Iter [110/794] Loss: 0.2506
[Epoch 13/300] Iter [120/794] Loss: 0.1996
[Epoch 13/300] Iter [130/794] Loss: 0.1222
[Epoch 13/300] Iter [140/794] Loss: 0.1564
[Epoch 13/300] Iter [150/794] Loss: 0.2136
[Epoch 13/300] Iter [160/794] Loss: 0.2507
[Epoch 13/300] Iter [170/794] Loss: 0.1707
[Epoch 13/300] Iter [180/794] Loss: 0.1252
[Epoch 13/300] Iter [190/794] Loss: 0.1244
[Epoch 13/300] Iter [200/794] Loss: 0.2292
[Epoch 13/300] Iter [210/794] Loss: 0.1517
[Epoch 13/300] Iter [220/794] Loss: 0.1682
[Epoch 13/300] Iter [230/794] Loss: 0.2679
[Epoch 13/300] Iter [240/794] Loss: 0.1007
[Epoch 13/300] Iter [250/794] Loss: 0.1830
[Epoch 13/300] Iter [260/794] Loss: 0.1962
[Epoch 13/300] Iter [270/794] Loss: 0.2202
[Epoch 13/300] Iter [280/794] Loss: 0.2141
[Epoch 13/300] Iter [290/794] Loss: 0.1993
[Epoch 13/300] Iter [300/794] Loss: 0.2354
[Epoch 13/300] Iter [310/794] Loss: 0.2041
[Epoch 13/300] Iter [320/794] Loss: 0.1523
[Epoch 13/300] Iter [330/794] Loss: 0.2157
[Epoch 13/300] Iter [340/794] Loss: 0.1740
[Epoch 13/300] Iter [350/794] Loss: 0.1693
[Epoch 13/300] Iter [360/794] Loss: 0.2498
[Epoch 13/300] Iter [370/794] Loss: 0.1768
[Epoch 13/300] Iter [380/794] Loss: 0.1636
[Epoch 13/300] Iter [390/794] Loss: 0.1940
[Epoch 13/300] Iter [400/794] Loss: 0.2537
[Epoch 13/300] Iter [410/794] Loss: 0.1715
[Epoch 13/300] Iter [420/794] Loss: 0.2605
[Epoch 13/300] Iter [430/794] Loss: 0.3324
[Epoch 13/300] Iter [440/794] Loss: 0.1904
[Epoch 13/300] Iter [450/794] Loss: 0.1372
[Epoch 13/300] Iter [460/794] Loss: 0.2703
[Epoch 13/300] Iter [470/794] Loss: 0.1749
[Epoch 13/300] Iter [480/794] Loss: 0.2103
[Epoch 13/300] Iter [490/794] Loss: 0.1960
[Epoch 13/300] Iter [500/794] Loss: 0.2367
[Epoch 13/300] Iter [510/794] Loss: 0.2789
[Epoch 13/300] Iter [520/794] Loss: 0.2002
[Epoch 13/300] Iter [530/794] Loss: 0.2874
[Epoch 13/300] Iter [540/794] Loss: 0.0938
[Epoch 13/300] Iter [550/794] Loss: 0.2607
[Epoch 13/300] Iter [560/794] Loss: 0.2028
[Epoch 13/300] Iter [570/794] Loss: 0.1788
[Epoch 13/300] Iter [580/794] Loss: 0.2762
[Epoch 13/300] Iter [590/794] Loss: 0.2479
[Epoch 13/300] Iter [600/794] Loss: 0.1383
[Epoch 13/300] Iter [610/794] Loss: 0.2457
[Epoch 13/300] Iter [620/794] Loss: 0.1789
[Epoch 13/300] Iter [630/794] Loss: 0.1708
[Epoch 13/300] Iter [640/794] Loss: 0.2361
[Epoch 13/300] Iter [650/794] Loss: 0.1887
[Epoch 13/300] Iter [660/794] Loss: 0.2203
[Epoch 13/300] Iter [670/794] Loss: 0.1545
[Epoch 13/300] Iter [680/794] Loss: 0.2629
[Epoch 13/300] Iter [690/794] Loss: 0.1719
[Epoch 13/300] Iter [700/794] Loss: 0.2566
[Epoch 13/300] Iter [710/794] Loss: 0.2413
[Epoch 13/300] Iter [720/794] Loss: 0.1967
[Epoch 13/300] Iter [730/794] Loss: 0.2325
[Epoch 13/300] Iter [740/794] Loss: 0.2739
[Epoch 13/300] Iter [750/794] Loss: 0.1607
[Epoch 13/300] Iter [760/794] Loss: 0.1679
[Epoch 13/300] Iter [770/794] Loss: 0.2451
[Epoch 13/300] Iter [780/794] Loss: 0.2415
[Epoch 13/300] Iter [790/794] Loss: 0.2192
Epoch [13/300] Validation Loss: 0.4080
No improvement for 7 epoch(s).
[Epoch 14/300] Iter [10/794] Loss: 0.2599
[Epoch 14/300] Iter [20/794] Loss: 0.1577
[Epoch 14/300] Iter [30/794] Loss: 0.2291
[Epoch 14/300] Iter [40/794] Loss: 0.1685
[Epoch 14/300] Iter [50/794] Loss: 0.2216
[Epoch 14/300] Iter [60/794] Loss: 0.1306
[Epoch 14/300] Iter [70/794] Loss: 0.2023
[Epoch 14/300] Iter [80/794] Loss: 0.1182
[Epoch 14/300] Iter [90/794] Loss: 0.1516
[Epoch 14/300] Iter [100/794] Loss: 0.2656
[Epoch 14/300] Iter [110/794] Loss: 0.2591
[Epoch 14/300] Iter [120/794] Loss: 0.2121
[Epoch 14/300] Iter [130/794] Loss: 0.1949
[Epoch 14/300] Iter [140/794] Loss: 0.1958
[Epoch 14/300] Iter [150/794] Loss: 0.3215
[Epoch 14/300] Iter [160/794] Loss: 0.1056
[Epoch 14/300] Iter [170/794] Loss: 0.2078
[Epoch 14/300] Iter [180/794] Loss: 0.1645
[Epoch 14/300] Iter [190/794] Loss: 0.2418
[Epoch 14/300] Iter [200/794] Loss: 0.2105
[Epoch 14/300] Iter [210/794] Loss: 0.2517
[Epoch 14/300] Iter [220/794] Loss: 0.2902
[Epoch 14/300] Iter [230/794] Loss: 0.2176
[Epoch 14/300] Iter [240/794] Loss: 0.1185
[Epoch 14/300] Iter [250/794] Loss: 0.2197
[Epoch 14/300] Iter [260/794] Loss: 0.2457
[Epoch 14/300] Iter [270/794] Loss: 0.2231
[Epoch 14/300] Iter [280/794] Loss: 0.1747
[Epoch 14/300] Iter [290/794] Loss: 0.2085
[Epoch 14/300] Iter [300/794] Loss: 0.2130
[Epoch 14/300] Iter [310/794] Loss: 0.2159
[Epoch 14/300] Iter [320/794] Loss: 0.1750
[Epoch 14/300] Iter [330/794] Loss: 0.3238
[Epoch 14/300] Iter [340/794] Loss: 0.2001
[Epoch 14/300] Iter [350/794] Loss: 0.2681
[Epoch 14/300] Iter [360/794] Loss: 0.2092
[Epoch 14/300] Iter [370/794] Loss: 0.1994
[Epoch 14/300] Iter [380/794] Loss: 0.3391
[Epoch 14/300] Iter [390/794] Loss: 0.1871
[Epoch 14/300] Iter [400/794] Loss: 0.1879
[Epoch 14/300] Iter [410/794] Loss: 0.2730
[Epoch 14/300] Iter [420/794] Loss: 0.1386
[Epoch 14/300] Iter [430/794] Loss: 0.2874
[Epoch 14/300] Iter [440/794] Loss: 0.2294
[Epoch 14/300] Iter [450/794] Loss: 0.2440
[Epoch 14/300] Iter [460/794] Loss: 0.2206
[Epoch 14/300] Iter [470/794] Loss: 0.2106
[Epoch 14/300] Iter [480/794] Loss: 0.2286
[Epoch 14/300] Iter [490/794] Loss: 0.1581
[Epoch 14/300] Iter [500/794] Loss: 0.1725
[Epoch 14/300] Iter [510/794] Loss: 0.1621
[Epoch 14/300] Iter [520/794] Loss: 0.2414
[Epoch 14/300] Iter [530/794] Loss: 0.1806
[Epoch 14/300] Iter [540/794] Loss: 0.1592
[Epoch 14/300] Iter [550/794] Loss: 0.1944
[Epoch 14/300] Iter [560/794] Loss: 0.1898
[Epoch 14/300] Iter [570/794] Loss: 0.2171
[Epoch 14/300] Iter [580/794] Loss: 0.2156
[Epoch 14/300] Iter [590/794] Loss: 0.1603
[Epoch 14/300] Iter [600/794] Loss: 0.2550
[Epoch 14/300] Iter [610/794] Loss: 0.2731
[Epoch 14/300] Iter [620/794] Loss: 0.1739
[Epoch 14/300] Iter [630/794] Loss: 0.1821
[Epoch 14/300] Iter [640/794] Loss: 0.1978
[Epoch 14/300] Iter [650/794] Loss: 0.1735
[Epoch 14/300] Iter [660/794] Loss: 0.2168
[Epoch 14/300] Iter [670/794] Loss: 0.2156
[Epoch 14/300] Iter [680/794] Loss: 0.2018
[Epoch 14/300] Iter [690/794] Loss: 0.2344
[Epoch 14/300] Iter [700/794] Loss: 0.2541
[Epoch 14/300] Iter [710/794] Loss: 0.2321
[Epoch 14/300] Iter [720/794] Loss: 0.2669
[Epoch 14/300] Iter [730/794] Loss: 0.1932
[Epoch 14/300] Iter [740/794] Loss: 0.1402
[Epoch 14/300] Iter [750/794] Loss: 0.1777
[Epoch 14/300] Iter [760/794] Loss: 0.2515
[Epoch 14/300] Iter [770/794] Loss: 0.1828
[Epoch 14/300] Iter [780/794] Loss: 0.2946
[Epoch 14/300] Iter [790/794] Loss: 0.2229
Epoch [14/300] Validation Loss: 0.4195
No improvement for 8 epoch(s).
[Epoch 15/300] Iter [10/794] Loss: 0.1697
[Epoch 15/300] Iter [20/794] Loss: 0.1389
[Epoch 15/300] Iter [30/794] Loss: 0.1699
[Epoch 15/300] Iter [40/794] Loss: 0.1963
[Epoch 15/300] Iter [50/794] Loss: 0.2194
[Epoch 15/300] Iter [60/794] Loss: 0.1320
[Epoch 15/300] Iter [70/794] Loss: 0.1863
[Epoch 15/300] Iter [80/794] Loss: 0.1617
[Epoch 15/300] Iter [90/794] Loss: 0.1746
[Epoch 15/300] Iter [100/794] Loss: 0.2341
[Epoch 15/300] Iter [110/794] Loss: 0.1826
[Epoch 15/300] Iter [120/794] Loss: 0.1147
[Epoch 15/300] Iter [130/794] Loss: 0.1412
[Epoch 15/300] Iter [140/794] Loss: 0.3129
[Epoch 15/300] Iter [150/794] Loss: 0.2535
[Epoch 15/300] Iter [160/794] Loss: 0.1704
[Epoch 15/300] Iter [170/794] Loss: 0.1453
[Epoch 15/300] Iter [180/794] Loss: 0.2037
[Epoch 15/300] Iter [190/794] Loss: 0.2075
[Epoch 15/300] Iter [200/794] Loss: 0.1500
[Epoch 15/300] Iter [210/794] Loss: 0.1564
[Epoch 15/300] Iter [220/794] Loss: 0.1745
[Epoch 15/300] Iter [230/794] Loss: 0.2500
[Epoch 15/300] Iter [240/794] Loss: 0.1704
[Epoch 15/300] Iter [250/794] Loss: 0.1540
[Epoch 15/300] Iter [260/794] Loss: 0.1966
[Epoch 15/300] Iter [270/794] Loss: 0.1890
[Epoch 15/300] Iter [280/794] Loss: 0.2031
[Epoch 15/300] Iter [290/794] Loss: 0.1973
[Epoch 15/300] Iter [300/794] Loss: 0.2457
[Epoch 15/300] Iter [310/794] Loss: 0.2375
[Epoch 15/300] Iter [320/794] Loss: 0.2008
[Epoch 15/300] Iter [330/794] Loss: 0.2691
[Epoch 15/300] Iter [340/794] Loss: 0.1788
[Epoch 15/300] Iter [350/794] Loss: 0.2767
[Epoch 15/300] Iter [360/794] Loss: 0.1398
[Epoch 15/300] Iter [370/794] Loss: 0.2335
[Epoch 15/300] Iter [380/794] Loss: 0.2426
[Epoch 15/300] Iter [390/794] Loss: 0.2169
[Epoch 15/300] Iter [400/794] Loss: 0.1187
[Epoch 15/300] Iter [410/794] Loss: 0.1895
[Epoch 15/300] Iter [420/794] Loss: 0.2340
[Epoch 15/300] Iter [430/794] Loss: 0.2009
[Epoch 15/300] Iter [440/794] Loss: 0.1984
[Epoch 15/300] Iter [450/794] Loss: 0.0900
[Epoch 15/300] Iter [460/794] Loss: 0.2495
[Epoch 15/300] Iter [470/794] Loss: 0.1541
[Epoch 15/300] Iter [480/794] Loss: 0.2367
[Epoch 15/300] Iter [490/794] Loss: 0.2188
[Epoch 15/300] Iter [500/794] Loss: 0.1718
[Epoch 15/300] Iter [510/794] Loss: 0.1936
[Epoch 15/300] Iter [520/794] Loss: 0.3040
[Epoch 15/300] Iter [530/794] Loss: 0.2568
[Epoch 15/300] Iter [540/794] Loss: 0.1941
[Epoch 15/300] Iter [550/794] Loss: 0.2017
[Epoch 15/300] Iter [560/794] Loss: 0.2859
[Epoch 15/300] Iter [570/794] Loss: 0.3059
[Epoch 15/300] Iter [580/794] Loss: 0.1215
[Epoch 15/300] Iter [590/794] Loss: 0.2666
[Epoch 15/300] Iter [600/794] Loss: 0.2190
[Epoch 15/300] Iter [610/794] Loss: 0.1991
[Epoch 15/300] Iter [620/794] Loss: 0.1668
[Epoch 15/300] Iter [630/794] Loss: 0.1855
[Epoch 15/300] Iter [640/794] Loss: 0.2232
[Epoch 15/300] Iter [650/794] Loss: 0.1996
[Epoch 15/300] Iter [660/794] Loss: 0.1806
[Epoch 15/300] Iter [670/794] Loss: 0.2221
[Epoch 15/300] Iter [680/794] Loss: 0.3511
[Epoch 15/300] Iter [690/794] Loss: 0.2910
[Epoch 15/300] Iter [700/794] Loss: 0.1567
[Epoch 15/300] Iter [710/794] Loss: 0.2511
[Epoch 15/300] Iter [720/794] Loss: 0.1844
[Epoch 15/300] Iter [730/794] Loss: 0.3858
[Epoch 15/300] Iter [740/794] Loss: 0.2010
[Epoch 15/300] Iter [750/794] Loss: 0.2312
[Epoch 15/300] Iter [760/794] Loss: 0.1622
[Epoch 15/300] Iter [770/794] Loss: 0.1781
[Epoch 15/300] Iter [780/794] Loss: 0.2353
[Epoch 15/300] Iter [790/794] Loss: 0.2450
Epoch [15/300] Validation Loss: 0.4259
No improvement for 9 epoch(s).
[Epoch 16/300] Iter [10/794] Loss: 0.2021
[Epoch 16/300] Iter [20/794] Loss: 0.1446
[Epoch 16/300] Iter [30/794] Loss: 0.3705
[Epoch 16/300] Iter [40/794] Loss: 0.1334
[Epoch 16/300] Iter [50/794] Loss: 0.1772
[Epoch 16/300] Iter [60/794] Loss: 0.1131
[Epoch 16/300] Iter [70/794] Loss: 0.1651
[Epoch 16/300] Iter [80/794] Loss: 0.1675
[Epoch 16/300] Iter [90/794] Loss: 0.2169
[Epoch 16/300] Iter [100/794] Loss: 0.2250
[Epoch 16/300] Iter [110/794] Loss: 0.1449
[Epoch 16/300] Iter [120/794] Loss: 0.2112
[Epoch 16/300] Iter [130/794] Loss: 0.1950
[Epoch 16/300] Iter [140/794] Loss: 0.1196
[Epoch 16/300] Iter [150/794] Loss: 0.1941
[Epoch 16/300] Iter [160/794] Loss: 0.1741
[Epoch 16/300] Iter [170/794] Loss: 0.1798
[Epoch 16/300] Iter [180/794] Loss: 0.1758
[Epoch 16/300] Iter [190/794] Loss: 0.2192
[Epoch 16/300] Iter [200/794] Loss: 0.1598
[Epoch 16/300] Iter [210/794] Loss: 0.1704
[Epoch 16/300] Iter [220/794] Loss: 0.1179
[Epoch 16/300] Iter [230/794] Loss: 0.1844
[Epoch 16/300] Iter [240/794] Loss: 0.1436
[Epoch 16/300] Iter [250/794] Loss: 0.2567
[Epoch 16/300] Iter [260/794] Loss: 0.2857
[Epoch 16/300] Iter [270/794] Loss: 0.1401
[Epoch 16/300] Iter [280/794] Loss: 0.1576
[Epoch 16/300] Iter [290/794] Loss: 0.2370
[Epoch 16/300] Iter [300/794] Loss: 0.2725
[Epoch 16/300] Iter [310/794] Loss: 0.1816
[Epoch 16/300] Iter [320/794] Loss: 0.2602
[Epoch 16/300] Iter [330/794] Loss: 0.1779
[Epoch 16/300] Iter [340/794] Loss: 0.1658
[Epoch 16/300] Iter [350/794] Loss: 0.1937
[Epoch 16/300] Iter [360/794] Loss: 0.1475
[Epoch 16/300] Iter [370/794] Loss: 0.1602
[Epoch 16/300] Iter [380/794] Loss: 0.2375
[Epoch 16/300] Iter [390/794] Loss: 0.2228
[Epoch 16/300] Iter [400/794] Loss: 0.1668
[Epoch 16/300] Iter [410/794] Loss: 0.1632
[Epoch 16/300] Iter [420/794] Loss: 0.1731
[Epoch 16/300] Iter [430/794] Loss: 0.1939
[Epoch 16/300] Iter [440/794] Loss: 0.1549
[Epoch 16/300] Iter [450/794] Loss: 0.1792
[Epoch 16/300] Iter [460/794] Loss: 0.1617
[Epoch 16/300] Iter [470/794] Loss: 0.1903
[Epoch 16/300] Iter [480/794] Loss: 0.1975
[Epoch 16/300] Iter [490/794] Loss: 0.1656
[Epoch 16/300] Iter [500/794] Loss: 0.2307
[Epoch 16/300] Iter [510/794] Loss: 0.1957
[Epoch 16/300] Iter [520/794] Loss: 0.2551
[Epoch 16/300] Iter [530/794] Loss: 0.1715
[Epoch 16/300] Iter [540/794] Loss: 0.1724
[Epoch 16/300] Iter [550/794] Loss: 0.1575
[Epoch 16/300] Iter [560/794] Loss: 0.1692
[Epoch 16/300] Iter [570/794] Loss: 0.2711
[Epoch 16/300] Iter [580/794] Loss: 0.2392
[Epoch 16/300] Iter [590/794] Loss: 0.2182
[Epoch 16/300] Iter [600/794] Loss: 0.1068
[Epoch 16/300] Iter [610/794] Loss: 0.1909
[Epoch 16/300] Iter [620/794] Loss: 0.2208
[Epoch 16/300] Iter [630/794] Loss: 0.2245
[Epoch 16/300] Iter [640/794] Loss: 0.2199
[Epoch 16/300] Iter [650/794] Loss: 0.2574
[Epoch 16/300] Iter [660/794] Loss: 0.1491
[Epoch 16/300] Iter [670/794] Loss: 0.1614
[Epoch 16/300] Iter [680/794] Loss: 0.1707
[Epoch 16/300] Iter [690/794] Loss: 0.1814
[Epoch 16/300] Iter [700/794] Loss: 0.3107
[Epoch 16/300] Iter [710/794] Loss: 0.2018
[Epoch 16/300] Iter [720/794] Loss: 0.1479
[Epoch 16/300] Iter [730/794] Loss: 0.2144
[Epoch 16/300] Iter [740/794] Loss: 0.3422
[Epoch 16/300] Iter [750/794] Loss: 0.2102
[Epoch 16/300] Iter [760/794] Loss: 0.2425
[Epoch 16/300] Iter [770/794] Loss: 0.1869
[Epoch 16/300] Iter [780/794] Loss: 0.2921
[Epoch 16/300] Iter [790/794] Loss: 0.3387
Epoch [16/300] Validation Loss: 0.4370
No improvement for 10 epoch(s).
Early stopping triggered at epoch 16
Training complete!
Test Accuracy: 20.39%
