===== Training Config =====
Dataset:        emnist
EMNIST Split:   balanced
Model:          lenet
BatchSize:      128
Epochs:         300
LR:             0.0022
Patience:       10
NumClasses:     47
SaveDir:        /scratch/gilbreth/hu953/cs57800/pth
Noise Std:      100.0
Noise Type:     gaussian
===========================
[Epoch 1/300] Iter [10/794] Loss: 3.2805
[Epoch 1/300] Iter [20/794] Loss: 2.5541
[Epoch 1/300] Iter [30/794] Loss: 1.9275
[Epoch 1/300] Iter [40/794] Loss: 1.4738
[Epoch 1/300] Iter [50/794] Loss: 0.9854
[Epoch 1/300] Iter [60/794] Loss: 0.9217
[Epoch 1/300] Iter [70/794] Loss: 0.8938
[Epoch 1/300] Iter [80/794] Loss: 0.9583
[Epoch 1/300] Iter [90/794] Loss: 0.8809
[Epoch 1/300] Iter [100/794] Loss: 0.8618
[Epoch 1/300] Iter [110/794] Loss: 0.8774
[Epoch 1/300] Iter [120/794] Loss: 0.7841
[Epoch 1/300] Iter [130/794] Loss: 0.7495
[Epoch 1/300] Iter [140/794] Loss: 0.5547
[Epoch 1/300] Iter [150/794] Loss: 0.5981
[Epoch 1/300] Iter [160/794] Loss: 0.5034
[Epoch 1/300] Iter [170/794] Loss: 0.5991
[Epoch 1/300] Iter [180/794] Loss: 0.5921
[Epoch 1/300] Iter [190/794] Loss: 0.6926
[Epoch 1/300] Iter [200/794] Loss: 0.5491
[Epoch 1/300] Iter [210/794] Loss: 0.5620
[Epoch 1/300] Iter [220/794] Loss: 0.5116
[Epoch 1/300] Iter [230/794] Loss: 0.6155
[Epoch 1/300] Iter [240/794] Loss: 0.5091
[Epoch 1/300] Iter [250/794] Loss: 0.5052
[Epoch 1/300] Iter [260/794] Loss: 0.4469
[Epoch 1/300] Iter [270/794] Loss: 0.6118
[Epoch 1/300] Iter [280/794] Loss: 0.5165
[Epoch 1/300] Iter [290/794] Loss: 0.4766
[Epoch 1/300] Iter [300/794] Loss: 0.5122
[Epoch 1/300] Iter [310/794] Loss: 0.3709
[Epoch 1/300] Iter [320/794] Loss: 0.4423
[Epoch 1/300] Iter [330/794] Loss: 0.3823
[Epoch 1/300] Iter [340/794] Loss: 0.3975
[Epoch 1/300] Iter [350/794] Loss: 0.4032
[Epoch 1/300] Iter [360/794] Loss: 0.3255
[Epoch 1/300] Iter [370/794] Loss: 0.6040
[Epoch 1/300] Iter [380/794] Loss: 0.6190
[Epoch 1/300] Iter [390/794] Loss: 0.7376
[Epoch 1/300] Iter [400/794] Loss: 0.5115
[Epoch 1/300] Iter [410/794] Loss: 0.3216
[Epoch 1/300] Iter [420/794] Loss: 0.4222
[Epoch 1/300] Iter [430/794] Loss: 0.4771
[Epoch 1/300] Iter [440/794] Loss: 0.4281
[Epoch 1/300] Iter [450/794] Loss: 0.5157
[Epoch 1/300] Iter [460/794] Loss: 0.4585
[Epoch 1/300] Iter [470/794] Loss: 0.3723
[Epoch 1/300] Iter [480/794] Loss: 0.3897
[Epoch 1/300] Iter [490/794] Loss: 0.5388
[Epoch 1/300] Iter [500/794] Loss: 0.3755
[Epoch 1/300] Iter [510/794] Loss: 0.4198
[Epoch 1/300] Iter [520/794] Loss: 0.5179
[Epoch 1/300] Iter [530/794] Loss: 0.5715
[Epoch 1/300] Iter [540/794] Loss: 0.3767
[Epoch 1/300] Iter [550/794] Loss: 0.6348
[Epoch 1/300] Iter [560/794] Loss: 0.4715
[Epoch 1/300] Iter [570/794] Loss: 0.4903
[Epoch 1/300] Iter [580/794] Loss: 0.4188
[Epoch 1/300] Iter [590/794] Loss: 0.4712
[Epoch 1/300] Iter [600/794] Loss: 0.4743
[Epoch 1/300] Iter [610/794] Loss: 0.5509
[Epoch 1/300] Iter [620/794] Loss: 0.5192
[Epoch 1/300] Iter [630/794] Loss: 0.4622
[Epoch 1/300] Iter [640/794] Loss: 0.3420
[Epoch 1/300] Iter [650/794] Loss: 0.3733
[Epoch 1/300] Iter [660/794] Loss: 0.4221
[Epoch 1/300] Iter [670/794] Loss: 0.3585
[Epoch 1/300] Iter [680/794] Loss: 0.3872
[Epoch 1/300] Iter [690/794] Loss: 0.4229
[Epoch 1/300] Iter [700/794] Loss: 0.3487
[Epoch 1/300] Iter [710/794] Loss: 0.3711
[Epoch 1/300] Iter [720/794] Loss: 0.2937
[Epoch 1/300] Iter [730/794] Loss: 0.4429
[Epoch 1/300] Iter [740/794] Loss: 0.4031
[Epoch 1/300] Iter [750/794] Loss: 0.3817
[Epoch 1/300] Iter [760/794] Loss: 0.4499
[Epoch 1/300] Iter [770/794] Loss: 0.5859
[Epoch 1/300] Iter [780/794] Loss: 0.3208
[Epoch 1/300] Iter [790/794] Loss: 0.4434
Epoch [1/300] Validation Loss: 0.4798
[Epoch 2/300] Iter [10/794] Loss: 0.4089
[Epoch 2/300] Iter [20/794] Loss: 0.3790
[Epoch 2/300] Iter [30/794] Loss: 0.3438
[Epoch 2/300] Iter [40/794] Loss: 0.3233
[Epoch 2/300] Iter [50/794] Loss: 0.5042
[Epoch 2/300] Iter [60/794] Loss: 0.4773
[Epoch 2/300] Iter [70/794] Loss: 0.3209
[Epoch 2/300] Iter [80/794] Loss: 0.4856
[Epoch 2/300] Iter [90/794] Loss: 0.3398
[Epoch 2/300] Iter [100/794] Loss: 0.3716
[Epoch 2/300] Iter [110/794] Loss: 0.4447
[Epoch 2/300] Iter [120/794] Loss: 0.3111
[Epoch 2/300] Iter [130/794] Loss: 0.3759
[Epoch 2/300] Iter [140/794] Loss: 0.3106
[Epoch 2/300] Iter [150/794] Loss: 0.3057
[Epoch 2/300] Iter [160/794] Loss: 0.3158
[Epoch 2/300] Iter [170/794] Loss: 0.4051
[Epoch 2/300] Iter [180/794] Loss: 0.3732
[Epoch 2/300] Iter [190/794] Loss: 0.4082
[Epoch 2/300] Iter [200/794] Loss: 0.3289
[Epoch 2/300] Iter [210/794] Loss: 0.3708
[Epoch 2/300] Iter [220/794] Loss: 0.3062
[Epoch 2/300] Iter [230/794] Loss: 0.3470
[Epoch 2/300] Iter [240/794] Loss: 0.3267
[Epoch 2/300] Iter [250/794] Loss: 0.3288
[Epoch 2/300] Iter [260/794] Loss: 0.4826
[Epoch 2/300] Iter [270/794] Loss: 0.3302
[Epoch 2/300] Iter [280/794] Loss: 0.4515
[Epoch 2/300] Iter [290/794] Loss: 0.3860
[Epoch 2/300] Iter [300/794] Loss: 0.4033
[Epoch 2/300] Iter [310/794] Loss: 0.3787
[Epoch 2/300] Iter [320/794] Loss: 0.3700
[Epoch 2/300] Iter [330/794] Loss: 0.5850
[Epoch 2/300] Iter [340/794] Loss: 0.3151
[Epoch 2/300] Iter [350/794] Loss: 0.5103
[Epoch 2/300] Iter [360/794] Loss: 0.5226
[Epoch 2/300] Iter [370/794] Loss: 0.4406
[Epoch 2/300] Iter [380/794] Loss: 0.4718
[Epoch 2/300] Iter [390/794] Loss: 0.4499
[Epoch 2/300] Iter [400/794] Loss: 0.3368
[Epoch 2/300] Iter [410/794] Loss: 0.2655
[Epoch 2/300] Iter [420/794] Loss: 0.3722
[Epoch 2/300] Iter [430/794] Loss: 0.2736
[Epoch 2/300] Iter [440/794] Loss: 0.3889
[Epoch 2/300] Iter [450/794] Loss: 0.3109
[Epoch 2/300] Iter [460/794] Loss: 0.3681
[Epoch 2/300] Iter [470/794] Loss: 0.5157
[Epoch 2/300] Iter [480/794] Loss: 0.3245
[Epoch 2/300] Iter [490/794] Loss: 0.3287
[Epoch 2/300] Iter [500/794] Loss: 0.2414
[Epoch 2/300] Iter [510/794] Loss: 0.3353
[Epoch 2/300] Iter [520/794] Loss: 0.5691
[Epoch 2/300] Iter [530/794] Loss: 0.3607
[Epoch 2/300] Iter [540/794] Loss: 0.3622
[Epoch 2/300] Iter [550/794] Loss: 0.3667
[Epoch 2/300] Iter [560/794] Loss: 0.4670
[Epoch 2/300] Iter [570/794] Loss: 0.5538
[Epoch 2/300] Iter [580/794] Loss: 0.3968
[Epoch 2/300] Iter [590/794] Loss: 0.3187
[Epoch 2/300] Iter [600/794] Loss: 0.4534
[Epoch 2/300] Iter [610/794] Loss: 0.4456
[Epoch 2/300] Iter [620/794] Loss: 0.3049
[Epoch 2/300] Iter [630/794] Loss: 0.3491
[Epoch 2/300] Iter [640/794] Loss: 0.2577
[Epoch 2/300] Iter [650/794] Loss: 0.5548
[Epoch 2/300] Iter [660/794] Loss: 0.4645
[Epoch 2/300] Iter [670/794] Loss: 0.5662
[Epoch 2/300] Iter [680/794] Loss: 0.5003
[Epoch 2/300] Iter [690/794] Loss: 0.3410
[Epoch 2/300] Iter [700/794] Loss: 0.4927
[Epoch 2/300] Iter [710/794] Loss: 0.3317
[Epoch 2/300] Iter [720/794] Loss: 0.3784
[Epoch 2/300] Iter [730/794] Loss: 0.4333
[Epoch 2/300] Iter [740/794] Loss: 0.4029
[Epoch 2/300] Iter [750/794] Loss: 0.4690
[Epoch 2/300] Iter [760/794] Loss: 0.2915
[Epoch 2/300] Iter [770/794] Loss: 0.3862
[Epoch 2/300] Iter [780/794] Loss: 0.3341
[Epoch 2/300] Iter [790/794] Loss: 0.4293
Epoch [2/300] Validation Loss: 0.3853
[Epoch 3/300] Iter [10/794] Loss: 0.5437
[Epoch 3/300] Iter [20/794] Loss: 0.3123
[Epoch 3/300] Iter [30/794] Loss: 0.1935
[Epoch 3/300] Iter [40/794] Loss: 0.3321
[Epoch 3/300] Iter [50/794] Loss: 0.2920
[Epoch 3/300] Iter [60/794] Loss: 0.2981
[Epoch 3/300] Iter [70/794] Loss: 0.3917
[Epoch 3/300] Iter [80/794] Loss: 0.3726
[Epoch 3/300] Iter [90/794] Loss: 0.3351
[Epoch 3/300] Iter [100/794] Loss: 0.3910
[Epoch 3/300] Iter [110/794] Loss: 0.3580
[Epoch 3/300] Iter [120/794] Loss: 0.4966
[Epoch 3/300] Iter [130/794] Loss: 0.2745
[Epoch 3/300] Iter [140/794] Loss: 0.2280
[Epoch 3/300] Iter [150/794] Loss: 0.3897
[Epoch 3/300] Iter [160/794] Loss: 0.2814
[Epoch 3/300] Iter [170/794] Loss: 0.3152
[Epoch 3/300] Iter [180/794] Loss: 0.2422
[Epoch 3/300] Iter [190/794] Loss: 0.2698
[Epoch 3/300] Iter [200/794] Loss: 0.2927
[Epoch 3/300] Iter [210/794] Loss: 0.2292
[Epoch 3/300] Iter [220/794] Loss: 0.2528
[Epoch 3/300] Iter [230/794] Loss: 0.2864
[Epoch 3/300] Iter [240/794] Loss: 0.3910
[Epoch 3/300] Iter [250/794] Loss: 0.5042
[Epoch 3/300] Iter [260/794] Loss: 0.3647
[Epoch 3/300] Iter [270/794] Loss: 0.4645
[Epoch 3/300] Iter [280/794] Loss: 0.4071
[Epoch 3/300] Iter [290/794] Loss: 0.3110
[Epoch 3/300] Iter [300/794] Loss: 0.3043
[Epoch 3/300] Iter [310/794] Loss: 0.3209
[Epoch 3/300] Iter [320/794] Loss: 0.4260
[Epoch 3/300] Iter [330/794] Loss: 0.3024
[Epoch 3/300] Iter [340/794] Loss: 0.3469
[Epoch 3/300] Iter [350/794] Loss: 0.3790
[Epoch 3/300] Iter [360/794] Loss: 0.3445
[Epoch 3/300] Iter [370/794] Loss: 0.3750
[Epoch 3/300] Iter [380/794] Loss: 0.3420
[Epoch 3/300] Iter [390/794] Loss: 0.3131
[Epoch 3/300] Iter [400/794] Loss: 0.3712
[Epoch 3/300] Iter [410/794] Loss: 0.2711
[Epoch 3/300] Iter [420/794] Loss: 0.3983
[Epoch 3/300] Iter [430/794] Loss: 0.3765
[Epoch 3/300] Iter [440/794] Loss: 0.3763
[Epoch 3/300] Iter [450/794] Loss: 0.4066
[Epoch 3/300] Iter [460/794] Loss: 0.2621
[Epoch 3/300] Iter [470/794] Loss: 0.3852
[Epoch 3/300] Iter [480/794] Loss: 0.3279
[Epoch 3/300] Iter [490/794] Loss: 0.4835
[Epoch 3/300] Iter [500/794] Loss: 0.2639
[Epoch 3/300] Iter [510/794] Loss: 0.3968
[Epoch 3/300] Iter [520/794] Loss: 0.4397
[Epoch 3/300] Iter [530/794] Loss: 0.3201
[Epoch 3/300] Iter [540/794] Loss: 0.2363
[Epoch 3/300] Iter [550/794] Loss: 0.2740
[Epoch 3/300] Iter [560/794] Loss: 0.2598
[Epoch 3/300] Iter [570/794] Loss: 0.3165
[Epoch 3/300] Iter [580/794] Loss: 0.3954
[Epoch 3/300] Iter [590/794] Loss: 0.3400
[Epoch 3/300] Iter [600/794] Loss: 0.4204
[Epoch 3/300] Iter [610/794] Loss: 0.3947
[Epoch 3/300] Iter [620/794] Loss: 0.2225
[Epoch 3/300] Iter [630/794] Loss: 0.4544
[Epoch 3/300] Iter [640/794] Loss: 0.2829
[Epoch 3/300] Iter [650/794] Loss: 0.2687
[Epoch 3/300] Iter [660/794] Loss: 0.4126
[Epoch 3/300] Iter [670/794] Loss: 0.3869
[Epoch 3/300] Iter [680/794] Loss: 0.3713
[Epoch 3/300] Iter [690/794] Loss: 0.3928
[Epoch 3/300] Iter [700/794] Loss: 0.3177
[Epoch 3/300] Iter [710/794] Loss: 0.3828
[Epoch 3/300] Iter [720/794] Loss: 0.3732
[Epoch 3/300] Iter [730/794] Loss: 0.2206
[Epoch 3/300] Iter [740/794] Loss: 0.2250
[Epoch 3/300] Iter [750/794] Loss: 0.3288
[Epoch 3/300] Iter [760/794] Loss: 0.3090
[Epoch 3/300] Iter [770/794] Loss: 0.2644
[Epoch 3/300] Iter [780/794] Loss: 0.3013
[Epoch 3/300] Iter [790/794] Loss: 0.3144
Epoch [3/300] Validation Loss: 0.3634
[Epoch 4/300] Iter [10/794] Loss: 0.2727
[Epoch 4/300] Iter [20/794] Loss: 0.3481
[Epoch 4/300] Iter [30/794] Loss: 0.2706
[Epoch 4/300] Iter [40/794] Loss: 0.3478
[Epoch 4/300] Iter [50/794] Loss: 0.3713
[Epoch 4/300] Iter [60/794] Loss: 0.2974
[Epoch 4/300] Iter [70/794] Loss: 0.2486
[Epoch 4/300] Iter [80/794] Loss: 0.2635
[Epoch 4/300] Iter [90/794] Loss: 0.2640
[Epoch 4/300] Iter [100/794] Loss: 0.2727
[Epoch 4/300] Iter [110/794] Loss: 0.2372
[Epoch 4/300] Iter [120/794] Loss: 0.3124
[Epoch 4/300] Iter [130/794] Loss: 0.1954
[Epoch 4/300] Iter [140/794] Loss: 0.6335
[Epoch 4/300] Iter [150/794] Loss: 0.2771
[Epoch 4/300] Iter [160/794] Loss: 0.2321
[Epoch 4/300] Iter [170/794] Loss: 0.3526
[Epoch 4/300] Iter [180/794] Loss: 0.3829
[Epoch 4/300] Iter [190/794] Loss: 0.2831
[Epoch 4/300] Iter [200/794] Loss: 0.3535
[Epoch 4/300] Iter [210/794] Loss: 0.3670
[Epoch 4/300] Iter [220/794] Loss: 0.2739
[Epoch 4/300] Iter [230/794] Loss: 0.2758
[Epoch 4/300] Iter [240/794] Loss: 0.3052
[Epoch 4/300] Iter [250/794] Loss: 0.3320
[Epoch 4/300] Iter [260/794] Loss: 0.3773
[Epoch 4/300] Iter [270/794] Loss: 0.2577
[Epoch 4/300] Iter [280/794] Loss: 0.2770
[Epoch 4/300] Iter [290/794] Loss: 0.2749
[Epoch 4/300] Iter [300/794] Loss: 0.4322
[Epoch 4/300] Iter [310/794] Loss: 0.2821
[Epoch 4/300] Iter [320/794] Loss: 0.3537
[Epoch 4/300] Iter [330/794] Loss: 0.3357
[Epoch 4/300] Iter [340/794] Loss: 0.1973
[Epoch 4/300] Iter [350/794] Loss: 0.2182
[Epoch 4/300] Iter [360/794] Loss: 0.4238
[Epoch 4/300] Iter [370/794] Loss: 0.4362
[Epoch 4/300] Iter [380/794] Loss: 0.3393
[Epoch 4/300] Iter [390/794] Loss: 0.3829
[Epoch 4/300] Iter [400/794] Loss: 0.4921
[Epoch 4/300] Iter [410/794] Loss: 0.3747
[Epoch 4/300] Iter [420/794] Loss: 0.2606
[Epoch 4/300] Iter [430/794] Loss: 0.3089
[Epoch 4/300] Iter [440/794] Loss: 0.4263
[Epoch 4/300] Iter [450/794] Loss: 0.3149
[Epoch 4/300] Iter [460/794] Loss: 0.4570
[Epoch 4/300] Iter [470/794] Loss: 0.2220
[Epoch 4/300] Iter [480/794] Loss: 0.3233
[Epoch 4/300] Iter [490/794] Loss: 0.2403
[Epoch 4/300] Iter [500/794] Loss: 0.3784
[Epoch 4/300] Iter [510/794] Loss: 0.3177
[Epoch 4/300] Iter [520/794] Loss: 0.4513
[Epoch 4/300] Iter [530/794] Loss: 0.2292
[Epoch 4/300] Iter [540/794] Loss: 0.2152
[Epoch 4/300] Iter [550/794] Loss: 0.3163
[Epoch 4/300] Iter [560/794] Loss: 0.3377
[Epoch 4/300] Iter [570/794] Loss: 0.3592
[Epoch 4/300] Iter [580/794] Loss: 0.3198
[Epoch 4/300] Iter [590/794] Loss: 0.5350
[Epoch 4/300] Iter [600/794] Loss: 0.2983
[Epoch 4/300] Iter [610/794] Loss: 0.3505
[Epoch 4/300] Iter [620/794] Loss: 0.2063
[Epoch 4/300] Iter [630/794] Loss: 0.3735
[Epoch 4/300] Iter [640/794] Loss: 0.3126
[Epoch 4/300] Iter [650/794] Loss: 0.2517
[Epoch 4/300] Iter [660/794] Loss: 0.3334
[Epoch 4/300] Iter [670/794] Loss: 0.2046
[Epoch 4/300] Iter [680/794] Loss: 0.2319
[Epoch 4/300] Iter [690/794] Loss: 0.3844
[Epoch 4/300] Iter [700/794] Loss: 0.3092
[Epoch 4/300] Iter [710/794] Loss: 0.4812
[Epoch 4/300] Iter [720/794] Loss: 0.3972
[Epoch 4/300] Iter [730/794] Loss: 0.3504
[Epoch 4/300] Iter [740/794] Loss: 0.3069
[Epoch 4/300] Iter [750/794] Loss: 0.2734
[Epoch 4/300] Iter [760/794] Loss: 0.2950
[Epoch 4/300] Iter [770/794] Loss: 0.4140
[Epoch 4/300] Iter [780/794] Loss: 0.3217
[Epoch 4/300] Iter [790/794] Loss: 0.2973
Epoch [4/300] Validation Loss: 0.3822
No improvement for 1 epoch(s).
[Epoch 5/300] Iter [10/794] Loss: 0.3407
[Epoch 5/300] Iter [20/794] Loss: 0.3181
[Epoch 5/300] Iter [30/794] Loss: 0.3807
[Epoch 5/300] Iter [40/794] Loss: 0.2785
[Epoch 5/300] Iter [50/794] Loss: 0.2365
[Epoch 5/300] Iter [60/794] Loss: 0.2830
[Epoch 5/300] Iter [70/794] Loss: 0.1901
[Epoch 5/300] Iter [80/794] Loss: 0.2580
[Epoch 5/300] Iter [90/794] Loss: 0.2951
[Epoch 5/300] Iter [100/794] Loss: 0.3114
[Epoch 5/300] Iter [110/794] Loss: 0.3394
[Epoch 5/300] Iter [120/794] Loss: 0.2035
[Epoch 5/300] Iter [130/794] Loss: 0.2029
[Epoch 5/300] Iter [140/794] Loss: 0.2329
[Epoch 5/300] Iter [150/794] Loss: 0.3558
[Epoch 5/300] Iter [160/794] Loss: 0.2011
[Epoch 5/300] Iter [170/794] Loss: 0.2558
[Epoch 5/300] Iter [180/794] Loss: 0.1960
[Epoch 5/300] Iter [190/794] Loss: 0.2998
[Epoch 5/300] Iter [200/794] Loss: 0.1430
[Epoch 5/300] Iter [210/794] Loss: 0.3332
[Epoch 5/300] Iter [220/794] Loss: 0.3013
[Epoch 5/300] Iter [230/794] Loss: 0.2601
[Epoch 5/300] Iter [240/794] Loss: 0.1866
[Epoch 5/300] Iter [250/794] Loss: 0.5265
[Epoch 5/300] Iter [260/794] Loss: 0.3461
[Epoch 5/300] Iter [270/794] Loss: 0.3673
[Epoch 5/300] Iter [280/794] Loss: 0.2080
[Epoch 5/300] Iter [290/794] Loss: 0.3379
[Epoch 5/300] Iter [300/794] Loss: 0.3429
[Epoch 5/300] Iter [310/794] Loss: 0.2651
[Epoch 5/300] Iter [320/794] Loss: 0.2488
[Epoch 5/300] Iter [330/794] Loss: 0.3200
[Epoch 5/300] Iter [340/794] Loss: 0.3367
[Epoch 5/300] Iter [350/794] Loss: 0.2413
[Epoch 5/300] Iter [360/794] Loss: 0.2779
[Epoch 5/300] Iter [370/794] Loss: 0.2320
[Epoch 5/300] Iter [380/794] Loss: 0.2287
[Epoch 5/300] Iter [390/794] Loss: 0.2478
[Epoch 5/300] Iter [400/794] Loss: 0.2300
[Epoch 5/300] Iter [410/794] Loss: 0.2993
[Epoch 5/300] Iter [420/794] Loss: 0.2004
[Epoch 5/300] Iter [430/794] Loss: 0.2687
[Epoch 5/300] Iter [440/794] Loss: 0.2845
[Epoch 5/300] Iter [450/794] Loss: 0.2746
[Epoch 5/300] Iter [460/794] Loss: 0.3112
[Epoch 5/300] Iter [470/794] Loss: 0.3199
[Epoch 5/300] Iter [480/794] Loss: 0.3341
[Epoch 5/300] Iter [490/794] Loss: 0.2695
[Epoch 5/300] Iter [500/794] Loss: 0.3029
[Epoch 5/300] Iter [510/794] Loss: 0.2276
[Epoch 5/300] Iter [520/794] Loss: 0.2354
[Epoch 5/300] Iter [530/794] Loss: 0.3274
[Epoch 5/300] Iter [540/794] Loss: 0.3863
[Epoch 5/300] Iter [550/794] Loss: 0.2340
[Epoch 5/300] Iter [560/794] Loss: 0.4659
[Epoch 5/300] Iter [570/794] Loss: 0.3050
[Epoch 5/300] Iter [580/794] Loss: 0.3509
[Epoch 5/300] Iter [590/794] Loss: 0.3665
[Epoch 5/300] Iter [600/794] Loss: 0.3368
[Epoch 5/300] Iter [610/794] Loss: 0.2414
[Epoch 5/300] Iter [620/794] Loss: 0.2833
[Epoch 5/300] Iter [630/794] Loss: 0.2746
[Epoch 5/300] Iter [640/794] Loss: 0.2242
[Epoch 5/300] Iter [650/794] Loss: 0.2941
[Epoch 5/300] Iter [660/794] Loss: 0.1949
[Epoch 5/300] Iter [670/794] Loss: 0.2250
[Epoch 5/300] Iter [680/794] Loss: 0.3184
[Epoch 5/300] Iter [690/794] Loss: 0.3015
[Epoch 5/300] Iter [700/794] Loss: 0.3836
[Epoch 5/300] Iter [710/794] Loss: 0.2618
[Epoch 5/300] Iter [720/794] Loss: 0.3462
[Epoch 5/300] Iter [730/794] Loss: 0.2763
[Epoch 5/300] Iter [740/794] Loss: 0.2884
[Epoch 5/300] Iter [750/794] Loss: 0.2757
[Epoch 5/300] Iter [760/794] Loss: 0.2389
[Epoch 5/300] Iter [770/794] Loss: 0.2760
[Epoch 5/300] Iter [780/794] Loss: 0.4899
[Epoch 5/300] Iter [790/794] Loss: 0.3113
Epoch [5/300] Validation Loss: 0.3572
[Epoch 6/300] Iter [10/794] Loss: 0.3002
[Epoch 6/300] Iter [20/794] Loss: 0.2523
[Epoch 6/300] Iter [30/794] Loss: 0.3267
[Epoch 6/300] Iter [40/794] Loss: 0.3048
[Epoch 6/300] Iter [50/794] Loss: 0.2421
[Epoch 6/300] Iter [60/794] Loss: 0.2810
[Epoch 6/300] Iter [70/794] Loss: 0.3264
[Epoch 6/300] Iter [80/794] Loss: 0.1454
[Epoch 6/300] Iter [90/794] Loss: 0.3684
[Epoch 6/300] Iter [100/794] Loss: 0.2150
[Epoch 6/300] Iter [110/794] Loss: 0.3795
[Epoch 6/300] Iter [120/794] Loss: 0.2534
[Epoch 6/300] Iter [130/794] Loss: 0.3118
[Epoch 6/300] Iter [140/794] Loss: 0.3396
[Epoch 6/300] Iter [150/794] Loss: 0.2786
[Epoch 6/300] Iter [160/794] Loss: 0.4661
[Epoch 6/300] Iter [170/794] Loss: 0.2488
[Epoch 6/300] Iter [180/794] Loss: 0.2906
[Epoch 6/300] Iter [190/794] Loss: 0.2886
[Epoch 6/300] Iter [200/794] Loss: 0.3908
[Epoch 6/300] Iter [210/794] Loss: 0.3196
[Epoch 6/300] Iter [220/794] Loss: 0.3330
[Epoch 6/300] Iter [230/794] Loss: 0.2980
[Epoch 6/300] Iter [240/794] Loss: 0.2676
[Epoch 6/300] Iter [250/794] Loss: 0.2305
[Epoch 6/300] Iter [260/794] Loss: 0.3902
[Epoch 6/300] Iter [270/794] Loss: 0.2286
[Epoch 6/300] Iter [280/794] Loss: 0.2473
[Epoch 6/300] Iter [290/794] Loss: 0.2681
[Epoch 6/300] Iter [300/794] Loss: 0.3733
[Epoch 6/300] Iter [310/794] Loss: 0.2228
[Epoch 6/300] Iter [320/794] Loss: 0.2068
[Epoch 6/300] Iter [330/794] Loss: 0.2884
[Epoch 6/300] Iter [340/794] Loss: 0.3440
[Epoch 6/300] Iter [350/794] Loss: 0.3277
[Epoch 6/300] Iter [360/794] Loss: 0.2129
[Epoch 6/300] Iter [370/794] Loss: 0.2426
[Epoch 6/300] Iter [380/794] Loss: 0.2973
[Epoch 6/300] Iter [390/794] Loss: 0.2307
[Epoch 6/300] Iter [400/794] Loss: 0.1966
[Epoch 6/300] Iter [410/794] Loss: 0.3125
[Epoch 6/300] Iter [420/794] Loss: 0.1720
[Epoch 6/300] Iter [430/794] Loss: 0.3019
[Epoch 6/300] Iter [440/794] Loss: 0.5182
[Epoch 6/300] Iter [450/794] Loss: 0.2711
[Epoch 6/300] Iter [460/794] Loss: 0.2132
[Epoch 6/300] Iter [470/794] Loss: 0.2503
[Epoch 6/300] Iter [480/794] Loss: 0.3091
[Epoch 6/300] Iter [490/794] Loss: 0.2650
[Epoch 6/300] Iter [500/794] Loss: 0.3551
[Epoch 6/300] Iter [510/794] Loss: 0.3125
[Epoch 6/300] Iter [520/794] Loss: 0.2948
[Epoch 6/300] Iter [530/794] Loss: 0.2634
[Epoch 6/300] Iter [540/794] Loss: 0.2943
[Epoch 6/300] Iter [550/794] Loss: 0.2597
[Epoch 6/300] Iter [560/794] Loss: 0.2808
[Epoch 6/300] Iter [570/794] Loss: 0.2814
[Epoch 6/300] Iter [580/794] Loss: 0.1638
[Epoch 6/300] Iter [590/794] Loss: 0.4735
[Epoch 6/300] Iter [600/794] Loss: 0.3220
[Epoch 6/300] Iter [610/794] Loss: 0.2234
[Epoch 6/300] Iter [620/794] Loss: 0.2192
[Epoch 6/300] Iter [630/794] Loss: 0.2836
[Epoch 6/300] Iter [640/794] Loss: 0.3506
[Epoch 6/300] Iter [650/794] Loss: 0.3193
[Epoch 6/300] Iter [660/794] Loss: 0.2544
[Epoch 6/300] Iter [670/794] Loss: 0.2381
[Epoch 6/300] Iter [680/794] Loss: 0.3265
[Epoch 6/300] Iter [690/794] Loss: 0.2613
[Epoch 6/300] Iter [700/794] Loss: 0.2623
[Epoch 6/300] Iter [710/794] Loss: 0.2827
[Epoch 6/300] Iter [720/794] Loss: 0.2062
[Epoch 6/300] Iter [730/794] Loss: 0.2546
[Epoch 6/300] Iter [740/794] Loss: 0.2142
[Epoch 6/300] Iter [750/794] Loss: 0.3139
[Epoch 6/300] Iter [760/794] Loss: 0.2349
[Epoch 6/300] Iter [770/794] Loss: 0.3250
[Epoch 6/300] Iter [780/794] Loss: 0.3397
[Epoch 6/300] Iter [790/794] Loss: 0.3012
Epoch [6/300] Validation Loss: 0.3682
No improvement for 1 epoch(s).
[Epoch 7/300] Iter [10/794] Loss: 0.3604
[Epoch 7/300] Iter [20/794] Loss: 0.2817
[Epoch 7/300] Iter [30/794] Loss: 0.2025
[Epoch 7/300] Iter [40/794] Loss: 0.2291
[Epoch 7/300] Iter [50/794] Loss: 0.3453
[Epoch 7/300] Iter [60/794] Loss: 0.2937
[Epoch 7/300] Iter [70/794] Loss: 0.1942
[Epoch 7/300] Iter [80/794] Loss: 0.2846
[Epoch 7/300] Iter [90/794] Loss: 0.2378
[Epoch 7/300] Iter [100/794] Loss: 0.2135
[Epoch 7/300] Iter [110/794] Loss: 0.2528
[Epoch 7/300] Iter [120/794] Loss: 0.4074
[Epoch 7/300] Iter [130/794] Loss: 0.2151
[Epoch 7/300] Iter [140/794] Loss: 0.2935
[Epoch 7/300] Iter [150/794] Loss: 0.2634
[Epoch 7/300] Iter [160/794] Loss: 0.2501
[Epoch 7/300] Iter [170/794] Loss: 0.3582
[Epoch 7/300] Iter [180/794] Loss: 0.1880
[Epoch 7/300] Iter [190/794] Loss: 0.2696
[Epoch 7/300] Iter [200/794] Loss: 0.2239
[Epoch 7/300] Iter [210/794] Loss: 0.2167
[Epoch 7/300] Iter [220/794] Loss: 0.3313
[Epoch 7/300] Iter [230/794] Loss: 0.2610
[Epoch 7/300] Iter [240/794] Loss: 0.3506
[Epoch 7/300] Iter [250/794] Loss: 0.2165
[Epoch 7/300] Iter [260/794] Loss: 0.2139
[Epoch 7/300] Iter [270/794] Loss: 0.2993
[Epoch 7/300] Iter [280/794] Loss: 0.3693
[Epoch 7/300] Iter [290/794] Loss: 0.1917
[Epoch 7/300] Iter [300/794] Loss: 0.3064
[Epoch 7/300] Iter [310/794] Loss: 0.2302
[Epoch 7/300] Iter [320/794] Loss: 0.2351
[Epoch 7/300] Iter [330/794] Loss: 0.2001
[Epoch 7/300] Iter [340/794] Loss: 0.2967
[Epoch 7/300] Iter [350/794] Loss: 0.2836
[Epoch 7/300] Iter [360/794] Loss: 0.3937
[Epoch 7/300] Iter [370/794] Loss: 0.3740
[Epoch 7/300] Iter [380/794] Loss: 0.3072
[Epoch 7/300] Iter [390/794] Loss: 0.1693
[Epoch 7/300] Iter [400/794] Loss: 0.2450
[Epoch 7/300] Iter [410/794] Loss: 0.1810
[Epoch 7/300] Iter [420/794] Loss: 0.1961
[Epoch 7/300] Iter [430/794] Loss: 0.2129
[Epoch 7/300] Iter [440/794] Loss: 0.2403
[Epoch 7/300] Iter [450/794] Loss: 0.2428
[Epoch 7/300] Iter [460/794] Loss: 0.3235
[Epoch 7/300] Iter [470/794] Loss: 0.2994
[Epoch 7/300] Iter [480/794] Loss: 0.1734
[Epoch 7/300] Iter [490/794] Loss: 0.2063
[Epoch 7/300] Iter [500/794] Loss: 0.3813
[Epoch 7/300] Iter [510/794] Loss: 0.2247
[Epoch 7/300] Iter [520/794] Loss: 0.2541
[Epoch 7/300] Iter [530/794] Loss: 0.2651
[Epoch 7/300] Iter [540/794] Loss: 0.1352
[Epoch 7/300] Iter [550/794] Loss: 0.2796
[Epoch 7/300] Iter [560/794] Loss: 0.2164
[Epoch 7/300] Iter [570/794] Loss: 0.2760
[Epoch 7/300] Iter [580/794] Loss: 0.2530
[Epoch 7/300] Iter [590/794] Loss: 0.2533
[Epoch 7/300] Iter [600/794] Loss: 0.2282
[Epoch 7/300] Iter [610/794] Loss: 0.3199
[Epoch 7/300] Iter [620/794] Loss: 0.3335
[Epoch 7/300] Iter [630/794] Loss: 0.2953
[Epoch 7/300] Iter [640/794] Loss: 0.1813
[Epoch 7/300] Iter [650/794] Loss: 0.1400
[Epoch 7/300] Iter [660/794] Loss: 0.2748
[Epoch 7/300] Iter [670/794] Loss: 0.3201
[Epoch 7/300] Iter [680/794] Loss: 0.2464
[Epoch 7/300] Iter [690/794] Loss: 0.3786
[Epoch 7/300] Iter [700/794] Loss: 0.2621
[Epoch 7/300] Iter [710/794] Loss: 0.2986
[Epoch 7/300] Iter [720/794] Loss: 0.3413
[Epoch 7/300] Iter [730/794] Loss: 0.2991
[Epoch 7/300] Iter [740/794] Loss: 0.2425
[Epoch 7/300] Iter [750/794] Loss: 0.3505
[Epoch 7/300] Iter [760/794] Loss: 0.2754
[Epoch 7/300] Iter [770/794] Loss: 0.2749
[Epoch 7/300] Iter [780/794] Loss: 0.3965
[Epoch 7/300] Iter [790/794] Loss: 0.2734
Epoch [7/300] Validation Loss: 0.3639
No improvement for 2 epoch(s).
[Epoch 8/300] Iter [10/794] Loss: 0.1758
[Epoch 8/300] Iter [20/794] Loss: 0.2330
[Epoch 8/300] Iter [30/794] Loss: 0.1981
[Epoch 8/300] Iter [40/794] Loss: 0.3032
[Epoch 8/300] Iter [50/794] Loss: 0.2183
[Epoch 8/300] Iter [60/794] Loss: 0.2735
[Epoch 8/300] Iter [70/794] Loss: 0.3583
[Epoch 8/300] Iter [80/794] Loss: 0.4086
[Epoch 8/300] Iter [90/794] Loss: 0.2682
[Epoch 8/300] Iter [100/794] Loss: 0.1696
[Epoch 8/300] Iter [110/794] Loss: 0.2691
[Epoch 8/300] Iter [120/794] Loss: 0.2591
[Epoch 8/300] Iter [130/794] Loss: 0.2180
[Epoch 8/300] Iter [140/794] Loss: 0.2651
[Epoch 8/300] Iter [150/794] Loss: 0.2447
[Epoch 8/300] Iter [160/794] Loss: 0.2214
[Epoch 8/300] Iter [170/794] Loss: 0.1426
[Epoch 8/300] Iter [180/794] Loss: 0.3759
[Epoch 8/300] Iter [190/794] Loss: 0.2456
[Epoch 8/300] Iter [200/794] Loss: 0.2885
[Epoch 8/300] Iter [210/794] Loss: 0.2108
[Epoch 8/300] Iter [220/794] Loss: 0.3158
[Epoch 8/300] Iter [230/794] Loss: 0.1852
[Epoch 8/300] Iter [240/794] Loss: 0.2228
[Epoch 8/300] Iter [250/794] Loss: 0.2876
[Epoch 8/300] Iter [260/794] Loss: 0.2070
[Epoch 8/300] Iter [270/794] Loss: 0.1544
[Epoch 8/300] Iter [280/794] Loss: 0.2792
[Epoch 8/300] Iter [290/794] Loss: 0.3605
[Epoch 8/300] Iter [300/794] Loss: 0.1703
[Epoch 8/300] Iter [310/794] Loss: 0.2112
[Epoch 8/300] Iter [320/794] Loss: 0.2039
[Epoch 8/300] Iter [330/794] Loss: 0.2720
[Epoch 8/300] Iter [340/794] Loss: 0.2473
[Epoch 8/300] Iter [350/794] Loss: 0.1772
[Epoch 8/300] Iter [360/794] Loss: 0.2842
[Epoch 8/300] Iter [370/794] Loss: 0.2676
[Epoch 8/300] Iter [380/794] Loss: 0.2519
[Epoch 8/300] Iter [390/794] Loss: 0.2430
[Epoch 8/300] Iter [400/794] Loss: 0.2579
[Epoch 8/300] Iter [410/794] Loss: 0.3397
[Epoch 8/300] Iter [420/794] Loss: 0.2955
[Epoch 8/300] Iter [430/794] Loss: 0.3709
[Epoch 8/300] Iter [440/794] Loss: 0.2010
[Epoch 8/300] Iter [450/794] Loss: 0.4527
[Epoch 8/300] Iter [460/794] Loss: 0.2972
[Epoch 8/300] Iter [470/794] Loss: 0.1855
[Epoch 8/300] Iter [480/794] Loss: 0.2297
[Epoch 8/300] Iter [490/794] Loss: 0.3615
[Epoch 8/300] Iter [500/794] Loss: 0.3301
[Epoch 8/300] Iter [510/794] Loss: 0.2730
[Epoch 8/300] Iter [520/794] Loss: 0.2404
[Epoch 8/300] Iter [530/794] Loss: 0.2703
[Epoch 8/300] Iter [540/794] Loss: 0.2647
[Epoch 8/300] Iter [550/794] Loss: 0.2730
[Epoch 8/300] Iter [560/794] Loss: 0.2665
[Epoch 8/300] Iter [570/794] Loss: 0.1923
[Epoch 8/300] Iter [580/794] Loss: 0.3016
[Epoch 8/300] Iter [590/794] Loss: 0.3962
[Epoch 8/300] Iter [600/794] Loss: 0.1927
[Epoch 8/300] Iter [610/794] Loss: 0.3545
[Epoch 8/300] Iter [620/794] Loss: 0.2840
[Epoch 8/300] Iter [630/794] Loss: 0.2507
[Epoch 8/300] Iter [640/794] Loss: 0.2845
[Epoch 8/300] Iter [650/794] Loss: 0.2023
[Epoch 8/300] Iter [660/794] Loss: 0.3467
[Epoch 8/300] Iter [670/794] Loss: 0.4138
[Epoch 8/300] Iter [680/794] Loss: 0.2935
[Epoch 8/300] Iter [690/794] Loss: 0.3639
[Epoch 8/300] Iter [700/794] Loss: 0.2505
[Epoch 8/300] Iter [710/794] Loss: 0.2976
[Epoch 8/300] Iter [720/794] Loss: 0.2675
[Epoch 8/300] Iter [730/794] Loss: 0.2276
[Epoch 8/300] Iter [740/794] Loss: 0.2832
[Epoch 8/300] Iter [750/794] Loss: 0.3341
[Epoch 8/300] Iter [760/794] Loss: 0.3428
[Epoch 8/300] Iter [770/794] Loss: 0.2612
[Epoch 8/300] Iter [780/794] Loss: 0.2400
[Epoch 8/300] Iter [790/794] Loss: 0.3033
Epoch [8/300] Validation Loss: 0.3671
No improvement for 3 epoch(s).
[Epoch 9/300] Iter [10/794] Loss: 0.2786
[Epoch 9/300] Iter [20/794] Loss: 0.3474
[Epoch 9/300] Iter [30/794] Loss: 0.2415
[Epoch 9/300] Iter [40/794] Loss: 0.2606
[Epoch 9/300] Iter [50/794] Loss: 0.2585
[Epoch 9/300] Iter [60/794] Loss: 0.2209
[Epoch 9/300] Iter [70/794] Loss: 0.2300
[Epoch 9/300] Iter [80/794] Loss: 0.1580
[Epoch 9/300] Iter [90/794] Loss: 0.2810
[Epoch 9/300] Iter [100/794] Loss: 0.2232
[Epoch 9/300] Iter [110/794] Loss: 0.1860
[Epoch 9/300] Iter [120/794] Loss: 0.2343
[Epoch 9/300] Iter [130/794] Loss: 0.2763
[Epoch 9/300] Iter [140/794] Loss: 0.1960
[Epoch 9/300] Iter [150/794] Loss: 0.3178
[Epoch 9/300] Iter [160/794] Loss: 0.2171
[Epoch 9/300] Iter [170/794] Loss: 0.2574
[Epoch 9/300] Iter [180/794] Loss: 0.2761
[Epoch 9/300] Iter [190/794] Loss: 0.3860
[Epoch 9/300] Iter [200/794] Loss: 0.1858
[Epoch 9/300] Iter [210/794] Loss: 0.1242
[Epoch 9/300] Iter [220/794] Loss: 0.2132
[Epoch 9/300] Iter [230/794] Loss: 0.3180
[Epoch 9/300] Iter [240/794] Loss: 0.3272
[Epoch 9/300] Iter [250/794] Loss: 0.2240
[Epoch 9/300] Iter [260/794] Loss: 0.3770
[Epoch 9/300] Iter [270/794] Loss: 0.2346
[Epoch 9/300] Iter [280/794] Loss: 0.1575
[Epoch 9/300] Iter [290/794] Loss: 0.2201
[Epoch 9/300] Iter [300/794] Loss: 0.2167
[Epoch 9/300] Iter [310/794] Loss: 0.2802
[Epoch 9/300] Iter [320/794] Loss: 0.2257
[Epoch 9/300] Iter [330/794] Loss: 0.2713
[Epoch 9/300] Iter [340/794] Loss: 0.2563
[Epoch 9/300] Iter [350/794] Loss: 0.1493
[Epoch 9/300] Iter [360/794] Loss: 0.1572
[Epoch 9/300] Iter [370/794] Loss: 0.1861
[Epoch 9/300] Iter [380/794] Loss: 0.1936
[Epoch 9/300] Iter [390/794] Loss: 0.2490
[Epoch 9/300] Iter [400/794] Loss: 0.1434
[Epoch 9/300] Iter [410/794] Loss: 0.2118
[Epoch 9/300] Iter [420/794] Loss: 0.3184
[Epoch 9/300] Iter [430/794] Loss: 0.2597
[Epoch 9/300] Iter [440/794] Loss: 0.2119
[Epoch 9/300] Iter [450/794] Loss: 0.2681
[Epoch 9/300] Iter [460/794] Loss: 0.1917
[Epoch 9/300] Iter [470/794] Loss: 0.1871
[Epoch 9/300] Iter [480/794] Loss: 0.1451
[Epoch 9/300] Iter [490/794] Loss: 0.1733
[Epoch 9/300] Iter [500/794] Loss: 0.1864
[Epoch 9/300] Iter [510/794] Loss: 0.3455
[Epoch 9/300] Iter [520/794] Loss: 0.2623
[Epoch 9/300] Iter [530/794] Loss: 0.2996
[Epoch 9/300] Iter [540/794] Loss: 0.1869
[Epoch 9/300] Iter [550/794] Loss: 0.2595
[Epoch 9/300] Iter [560/794] Loss: 0.2724
[Epoch 9/300] Iter [570/794] Loss: 0.2679
[Epoch 9/300] Iter [580/794] Loss: 0.2914
[Epoch 9/300] Iter [590/794] Loss: 0.1666
[Epoch 9/300] Iter [600/794] Loss: 0.2034
[Epoch 9/300] Iter [610/794] Loss: 0.2416
[Epoch 9/300] Iter [620/794] Loss: 0.3209
[Epoch 9/300] Iter [630/794] Loss: 0.2208
[Epoch 9/300] Iter [640/794] Loss: 0.2711
[Epoch 9/300] Iter [650/794] Loss: 0.2847
[Epoch 9/300] Iter [660/794] Loss: 0.2305
[Epoch 9/300] Iter [670/794] Loss: 0.3716
[Epoch 9/300] Iter [680/794] Loss: 0.2343
[Epoch 9/300] Iter [690/794] Loss: 0.2823
[Epoch 9/300] Iter [700/794] Loss: 0.4143
[Epoch 9/300] Iter [710/794] Loss: 0.4437
[Epoch 9/300] Iter [720/794] Loss: 0.2623
[Epoch 9/300] Iter [730/794] Loss: 0.2436
[Epoch 9/300] Iter [740/794] Loss: 0.2514
[Epoch 9/300] Iter [750/794] Loss: 0.2582
[Epoch 9/300] Iter [760/794] Loss: 0.2346
[Epoch 9/300] Iter [770/794] Loss: 0.2983
[Epoch 9/300] Iter [780/794] Loss: 0.2532
[Epoch 9/300] Iter [790/794] Loss: 0.2602
Epoch [9/300] Validation Loss: 0.3572
No improvement for 4 epoch(s).
[Epoch 10/300] Iter [10/794] Loss: 0.3346
[Epoch 10/300] Iter [20/794] Loss: 0.2435
[Epoch 10/300] Iter [30/794] Loss: 0.3611
[Epoch 10/300] Iter [40/794] Loss: 0.1916
[Epoch 10/300] Iter [50/794] Loss: 0.1919
[Epoch 10/300] Iter [60/794] Loss: 0.2325
[Epoch 10/300] Iter [70/794] Loss: 0.2136
[Epoch 10/300] Iter [80/794] Loss: 0.1748
[Epoch 10/300] Iter [90/794] Loss: 0.2432
[Epoch 10/300] Iter [100/794] Loss: 0.1484
[Epoch 10/300] Iter [110/794] Loss: 0.1200
[Epoch 10/300] Iter [120/794] Loss: 0.2398
[Epoch 10/300] Iter [130/794] Loss: 0.2373
[Epoch 10/300] Iter [140/794] Loss: 0.2186
[Epoch 10/300] Iter [150/794] Loss: 0.2702
[Epoch 10/300] Iter [160/794] Loss: 0.1584
[Epoch 10/300] Iter [170/794] Loss: 0.2451
[Epoch 10/300] Iter [180/794] Loss: 0.1688
[Epoch 10/300] Iter [190/794] Loss: 0.1621
[Epoch 10/300] Iter [200/794] Loss: 0.2062
[Epoch 10/300] Iter [210/794] Loss: 0.2092
[Epoch 10/300] Iter [220/794] Loss: 0.2923
[Epoch 10/300] Iter [230/794] Loss: 0.1740
[Epoch 10/300] Iter [240/794] Loss: 0.2392
[Epoch 10/300] Iter [250/794] Loss: 0.2380
[Epoch 10/300] Iter [260/794] Loss: 0.1428
[Epoch 10/300] Iter [270/794] Loss: 0.1413
[Epoch 10/300] Iter [280/794] Loss: 0.2402
[Epoch 10/300] Iter [290/794] Loss: 0.1577
[Epoch 10/300] Iter [300/794] Loss: 0.2199
[Epoch 10/300] Iter [310/794] Loss: 0.2460
[Epoch 10/300] Iter [320/794] Loss: 0.2478
[Epoch 10/300] Iter [330/794] Loss: 0.4893
[Epoch 10/300] Iter [340/794] Loss: 0.1756
[Epoch 10/300] Iter [350/794] Loss: 0.1917
[Epoch 10/300] Iter [360/794] Loss: 0.2091
[Epoch 10/300] Iter [370/794] Loss: 0.2027
[Epoch 10/300] Iter [380/794] Loss: 0.2032
[Epoch 10/300] Iter [390/794] Loss: 0.2388
[Epoch 10/300] Iter [400/794] Loss: 0.2936
[Epoch 10/300] Iter [410/794] Loss: 0.2755
[Epoch 10/300] Iter [420/794] Loss: 0.1622
[Epoch 10/300] Iter [430/794] Loss: 0.1481
[Epoch 10/300] Iter [440/794] Loss: 0.1592
[Epoch 10/300] Iter [450/794] Loss: 0.1740
[Epoch 10/300] Iter [460/794] Loss: 0.2728
[Epoch 10/300] Iter [470/794] Loss: 0.2746
[Epoch 10/300] Iter [480/794] Loss: 0.1682
[Epoch 10/300] Iter [490/794] Loss: 0.2839
[Epoch 10/300] Iter [500/794] Loss: 0.2128
[Epoch 10/300] Iter [510/794] Loss: 0.3325
[Epoch 10/300] Iter [520/794] Loss: 0.3489
[Epoch 10/300] Iter [530/794] Loss: 0.1866
[Epoch 10/300] Iter [540/794] Loss: 0.2854
[Epoch 10/300] Iter [550/794] Loss: 0.2012
[Epoch 10/300] Iter [560/794] Loss: 0.3335
[Epoch 10/300] Iter [570/794] Loss: 0.3205
[Epoch 10/300] Iter [580/794] Loss: 0.3615
[Epoch 10/300] Iter [590/794] Loss: 0.2936
[Epoch 10/300] Iter [600/794] Loss: 0.2814
[Epoch 10/300] Iter [610/794] Loss: 0.2362
[Epoch 10/300] Iter [620/794] Loss: 0.2453
[Epoch 10/300] Iter [630/794] Loss: 0.2720
[Epoch 10/300] Iter [640/794] Loss: 0.2567
[Epoch 10/300] Iter [650/794] Loss: 0.2588
[Epoch 10/300] Iter [660/794] Loss: 0.2413
[Epoch 10/300] Iter [670/794] Loss: 0.2264
[Epoch 10/300] Iter [680/794] Loss: 0.1899
[Epoch 10/300] Iter [690/794] Loss: 0.1625
[Epoch 10/300] Iter [700/794] Loss: 0.2023
[Epoch 10/300] Iter [710/794] Loss: 0.3434
[Epoch 10/300] Iter [720/794] Loss: 0.1776
[Epoch 10/300] Iter [730/794] Loss: 0.2872
[Epoch 10/300] Iter [740/794] Loss: 0.1659
[Epoch 10/300] Iter [750/794] Loss: 0.2978
[Epoch 10/300] Iter [760/794] Loss: 0.2479
[Epoch 10/300] Iter [770/794] Loss: 0.2183
[Epoch 10/300] Iter [780/794] Loss: 0.3224
[Epoch 10/300] Iter [790/794] Loss: 0.2902
Epoch [10/300] Validation Loss: 0.3713
No improvement for 5 epoch(s).
[Epoch 11/300] Iter [10/794] Loss: 0.3052
[Epoch 11/300] Iter [20/794] Loss: 0.1756
[Epoch 11/300] Iter [30/794] Loss: 0.1991
[Epoch 11/300] Iter [40/794] Loss: 0.4064
[Epoch 11/300] Iter [50/794] Loss: 0.2208
[Epoch 11/300] Iter [60/794] Loss: 0.2584
[Epoch 11/300] Iter [70/794] Loss: 0.2081
[Epoch 11/300] Iter [80/794] Loss: 0.1615
[Epoch 11/300] Iter [90/794] Loss: 0.2620
[Epoch 11/300] Iter [100/794] Loss: 0.1487
[Epoch 11/300] Iter [110/794] Loss: 0.2918
[Epoch 11/300] Iter [120/794] Loss: 0.1459
[Epoch 11/300] Iter [130/794] Loss: 0.2440
[Epoch 11/300] Iter [140/794] Loss: 0.1387
[Epoch 11/300] Iter [150/794] Loss: 0.1829
[Epoch 11/300] Iter [160/794] Loss: 0.2629
[Epoch 11/300] Iter [170/794] Loss: 0.1311
[Epoch 11/300] Iter [180/794] Loss: 0.1605
[Epoch 11/300] Iter [190/794] Loss: 0.2920
[Epoch 11/300] Iter [200/794] Loss: 0.1517
[Epoch 11/300] Iter [210/794] Loss: 0.3366
[Epoch 11/300] Iter [220/794] Loss: 0.1790
[Epoch 11/300] Iter [230/794] Loss: 0.1498
[Epoch 11/300] Iter [240/794] Loss: 0.2441
[Epoch 11/300] Iter [250/794] Loss: 0.2429
[Epoch 11/300] Iter [260/794] Loss: 0.3795
[Epoch 11/300] Iter [270/794] Loss: 0.2099
[Epoch 11/300] Iter [280/794] Loss: 0.2579
[Epoch 11/300] Iter [290/794] Loss: 0.2174
[Epoch 11/300] Iter [300/794] Loss: 0.1056
[Epoch 11/300] Iter [310/794] Loss: 0.2813
[Epoch 11/300] Iter [320/794] Loss: 0.2300
[Epoch 11/300] Iter [330/794] Loss: 0.1534
[Epoch 11/300] Iter [340/794] Loss: 0.2277
[Epoch 11/300] Iter [350/794] Loss: 0.2382
[Epoch 11/300] Iter [360/794] Loss: 0.3991
[Epoch 11/300] Iter [370/794] Loss: 0.2779
[Epoch 11/300] Iter [380/794] Loss: 0.4078
[Epoch 11/300] Iter [390/794] Loss: 0.3003
[Epoch 11/300] Iter [400/794] Loss: 0.2142
[Epoch 11/300] Iter [410/794] Loss: 0.1694
[Epoch 11/300] Iter [420/794] Loss: 0.1483
[Epoch 11/300] Iter [430/794] Loss: 0.1264
[Epoch 11/300] Iter [440/794] Loss: 0.3021
[Epoch 11/300] Iter [450/794] Loss: 0.1737
[Epoch 11/300] Iter [460/794] Loss: 0.2812
[Epoch 11/300] Iter [470/794] Loss: 0.1371
[Epoch 11/300] Iter [480/794] Loss: 0.2543
[Epoch 11/300] Iter [490/794] Loss: 0.1987
[Epoch 11/300] Iter [500/794] Loss: 0.2121
[Epoch 11/300] Iter [510/794] Loss: 0.2226
[Epoch 11/300] Iter [520/794] Loss: 0.2271
[Epoch 11/300] Iter [530/794] Loss: 0.2455
[Epoch 11/300] Iter [540/794] Loss: 0.1869
[Epoch 11/300] Iter [550/794] Loss: 0.2072
[Epoch 11/300] Iter [560/794] Loss: 0.2600
[Epoch 11/300] Iter [570/794] Loss: 0.1766
[Epoch 11/300] Iter [580/794] Loss: 0.2897
[Epoch 11/300] Iter [590/794] Loss: 0.1323
[Epoch 11/300] Iter [600/794] Loss: 0.2428
[Epoch 11/300] Iter [610/794] Loss: 0.1682
[Epoch 11/300] Iter [620/794] Loss: 0.2941
[Epoch 11/300] Iter [630/794] Loss: 0.2860
[Epoch 11/300] Iter [640/794] Loss: 0.2920
[Epoch 11/300] Iter [650/794] Loss: 0.3050
[Epoch 11/300] Iter [660/794] Loss: 0.2370
[Epoch 11/300] Iter [670/794] Loss: 0.1697
[Epoch 11/300] Iter [680/794] Loss: 0.3365
[Epoch 11/300] Iter [690/794] Loss: 0.2503
[Epoch 11/300] Iter [700/794] Loss: 0.1912
[Epoch 11/300] Iter [710/794] Loss: 0.1916
[Epoch 11/300] Iter [720/794] Loss: 0.3898
[Epoch 11/300] Iter [730/794] Loss: 0.3301
[Epoch 11/300] Iter [740/794] Loss: 0.2324
[Epoch 11/300] Iter [750/794] Loss: 0.2479
[Epoch 11/300] Iter [760/794] Loss: 0.2238
[Epoch 11/300] Iter [770/794] Loss: 0.1761
[Epoch 11/300] Iter [780/794] Loss: 0.2109
[Epoch 11/300] Iter [790/794] Loss: 0.2113
Epoch [11/300] Validation Loss: 0.3840
No improvement for 6 epoch(s).
[Epoch 12/300] Iter [10/794] Loss: 0.2103
[Epoch 12/300] Iter [20/794] Loss: 0.2093
[Epoch 12/300] Iter [30/794] Loss: 0.3168
[Epoch 12/300] Iter [40/794] Loss: 0.2211
[Epoch 12/300] Iter [50/794] Loss: 0.1968
[Epoch 12/300] Iter [60/794] Loss: 0.1794
[Epoch 12/300] Iter [70/794] Loss: 0.1872
[Epoch 12/300] Iter [80/794] Loss: 0.2247
[Epoch 12/300] Iter [90/794] Loss: 0.2471
[Epoch 12/300] Iter [100/794] Loss: 0.2756
[Epoch 12/300] Iter [110/794] Loss: 0.2278
[Epoch 12/300] Iter [120/794] Loss: 0.1967
[Epoch 12/300] Iter [130/794] Loss: 0.1500
[Epoch 12/300] Iter [140/794] Loss: 0.2144
[Epoch 12/300] Iter [150/794] Loss: 0.1658
[Epoch 12/300] Iter [160/794] Loss: 0.2821
[Epoch 12/300] Iter [170/794] Loss: 0.2181
[Epoch 12/300] Iter [180/794] Loss: 0.2212
[Epoch 12/300] Iter [190/794] Loss: 0.2797
[Epoch 12/300] Iter [200/794] Loss: 0.1675
[Epoch 12/300] Iter [210/794] Loss: 0.1924
[Epoch 12/300] Iter [220/794] Loss: 0.1915
[Epoch 12/300] Iter [230/794] Loss: 0.2886
[Epoch 12/300] Iter [240/794] Loss: 0.2029
[Epoch 12/300] Iter [250/794] Loss: 0.1894
[Epoch 12/300] Iter [260/794] Loss: 0.1970
[Epoch 12/300] Iter [270/794] Loss: 0.3536
[Epoch 12/300] Iter [280/794] Loss: 0.1832
[Epoch 12/300] Iter [290/794] Loss: 0.2804
[Epoch 12/300] Iter [300/794] Loss: 0.2035
[Epoch 12/300] Iter [310/794] Loss: 0.3031
[Epoch 12/300] Iter [320/794] Loss: 0.1631
[Epoch 12/300] Iter [330/794] Loss: 0.2228
[Epoch 12/300] Iter [340/794] Loss: 0.2806
[Epoch 12/300] Iter [350/794] Loss: 0.2500
[Epoch 12/300] Iter [360/794] Loss: 0.3285
[Epoch 12/300] Iter [370/794] Loss: 0.2133
[Epoch 12/300] Iter [380/794] Loss: 0.2541
[Epoch 12/300] Iter [390/794] Loss: 0.2073
[Epoch 12/300] Iter [400/794] Loss: 0.1892
[Epoch 12/300] Iter [410/794] Loss: 0.1588
[Epoch 12/300] Iter [420/794] Loss: 0.3029
[Epoch 12/300] Iter [430/794] Loss: 0.2763
[Epoch 12/300] Iter [440/794] Loss: 0.2876
[Epoch 12/300] Iter [450/794] Loss: 0.1661
[Epoch 12/300] Iter [460/794] Loss: 0.2045
[Epoch 12/300] Iter [470/794] Loss: 0.1995
[Epoch 12/300] Iter [480/794] Loss: 0.1978
[Epoch 12/300] Iter [490/794] Loss: 0.2152
[Epoch 12/300] Iter [500/794] Loss: 0.1595
[Epoch 12/300] Iter [510/794] Loss: 0.3314
[Epoch 12/300] Iter [520/794] Loss: 0.1850
[Epoch 12/300] Iter [530/794] Loss: 0.3148
[Epoch 12/300] Iter [540/794] Loss: 0.2124
[Epoch 12/300] Iter [550/794] Loss: 0.2010
[Epoch 12/300] Iter [560/794] Loss: 0.1198
[Epoch 12/300] Iter [570/794] Loss: 0.2028
[Epoch 12/300] Iter [580/794] Loss: 0.2153
[Epoch 12/300] Iter [590/794] Loss: 0.2224
[Epoch 12/300] Iter [600/794] Loss: 0.3100
[Epoch 12/300] Iter [610/794] Loss: 0.3403
[Epoch 12/300] Iter [620/794] Loss: 0.2362
[Epoch 12/300] Iter [630/794] Loss: 0.2324
[Epoch 12/300] Iter [640/794] Loss: 0.2978
[Epoch 12/300] Iter [650/794] Loss: 0.3612
[Epoch 12/300] Iter [660/794] Loss: 0.4080
[Epoch 12/300] Iter [670/794] Loss: 0.1817
[Epoch 12/300] Iter [680/794] Loss: 0.2080
[Epoch 12/300] Iter [690/794] Loss: 0.1686
[Epoch 12/300] Iter [700/794] Loss: 0.3092
[Epoch 12/300] Iter [710/794] Loss: 0.2275
[Epoch 12/300] Iter [720/794] Loss: 0.1370
[Epoch 12/300] Iter [730/794] Loss: 0.2755
[Epoch 12/300] Iter [740/794] Loss: 0.2016
[Epoch 12/300] Iter [750/794] Loss: 0.1386
[Epoch 12/300] Iter [760/794] Loss: 0.2372
[Epoch 12/300] Iter [770/794] Loss: 0.1792
[Epoch 12/300] Iter [780/794] Loss: 0.2993
[Epoch 12/300] Iter [790/794] Loss: 0.2141
Epoch [12/300] Validation Loss: 0.3878
No improvement for 7 epoch(s).
[Epoch 13/300] Iter [10/794] Loss: 0.1541
[Epoch 13/300] Iter [20/794] Loss: 0.2685
[Epoch 13/300] Iter [30/794] Loss: 0.2773
[Epoch 13/300] Iter [40/794] Loss: 0.1768
[Epoch 13/300] Iter [50/794] Loss: 0.1781
[Epoch 13/300] Iter [60/794] Loss: 0.1629
[Epoch 13/300] Iter [70/794] Loss: 0.1541
[Epoch 13/300] Iter [80/794] Loss: 0.2127
[Epoch 13/300] Iter [90/794] Loss: 0.2394
[Epoch 13/300] Iter [100/794] Loss: 0.1659
[Epoch 13/300] Iter [110/794] Loss: 0.1816
[Epoch 13/300] Iter [120/794] Loss: 0.2399
[Epoch 13/300] Iter [130/794] Loss: 0.2239
[Epoch 13/300] Iter [140/794] Loss: 0.3125
[Epoch 13/300] Iter [150/794] Loss: 0.1290
[Epoch 13/300] Iter [160/794] Loss: 0.1955
[Epoch 13/300] Iter [170/794] Loss: 0.2887
[Epoch 13/300] Iter [180/794] Loss: 0.1590
[Epoch 13/300] Iter [190/794] Loss: 0.1989
[Epoch 13/300] Iter [200/794] Loss: 0.1917
[Epoch 13/300] Iter [210/794] Loss: 0.1936
[Epoch 13/300] Iter [220/794] Loss: 0.2755
[Epoch 13/300] Iter [230/794] Loss: 0.2497
[Epoch 13/300] Iter [240/794] Loss: 0.1506
[Epoch 13/300] Iter [250/794] Loss: 0.2743
[Epoch 13/300] Iter [260/794] Loss: 0.2059
[Epoch 13/300] Iter [270/794] Loss: 0.2166
[Epoch 13/300] Iter [280/794] Loss: 0.2320
[Epoch 13/300] Iter [290/794] Loss: 0.2151
[Epoch 13/300] Iter [300/794] Loss: 0.2689
[Epoch 13/300] Iter [310/794] Loss: 0.1798
[Epoch 13/300] Iter [320/794] Loss: 0.1936
[Epoch 13/300] Iter [330/794] Loss: 0.1180
[Epoch 13/300] Iter [340/794] Loss: 0.2093
[Epoch 13/300] Iter [350/794] Loss: 0.1535
[Epoch 13/300] Iter [360/794] Loss: 0.2382
[Epoch 13/300] Iter [370/794] Loss: 0.2484
[Epoch 13/300] Iter [380/794] Loss: 0.2625
[Epoch 13/300] Iter [390/794] Loss: 0.2135
[Epoch 13/300] Iter [400/794] Loss: 0.2603
[Epoch 13/300] Iter [410/794] Loss: 0.1237
[Epoch 13/300] Iter [420/794] Loss: 0.1956
[Epoch 13/300] Iter [430/794] Loss: 0.3569
[Epoch 13/300] Iter [440/794] Loss: 0.2047
[Epoch 13/300] Iter [450/794] Loss: 0.2427
[Epoch 13/300] Iter [460/794] Loss: 0.2106
[Epoch 13/300] Iter [470/794] Loss: 0.1532
[Epoch 13/300] Iter [480/794] Loss: 0.2115
[Epoch 13/300] Iter [490/794] Loss: 0.2201
[Epoch 13/300] Iter [500/794] Loss: 0.1623
[Epoch 13/300] Iter [510/794] Loss: 0.3509
[Epoch 13/300] Iter [520/794] Loss: 0.2079
[Epoch 13/300] Iter [530/794] Loss: 0.2125
[Epoch 13/300] Iter [540/794] Loss: 0.2067
[Epoch 13/300] Iter [550/794] Loss: 0.2504
[Epoch 13/300] Iter [560/794] Loss: 0.2263
[Epoch 13/300] Iter [570/794] Loss: 0.2067
[Epoch 13/300] Iter [580/794] Loss: 0.2126
[Epoch 13/300] Iter [590/794] Loss: 0.2222
[Epoch 13/300] Iter [600/794] Loss: 0.2631
[Epoch 13/300] Iter [610/794] Loss: 0.1287
[Epoch 13/300] Iter [620/794] Loss: 0.1883
[Epoch 13/300] Iter [630/794] Loss: 0.2094
[Epoch 13/300] Iter [640/794] Loss: 0.2085
[Epoch 13/300] Iter [650/794] Loss: 0.2575
[Epoch 13/300] Iter [660/794] Loss: 0.3046
[Epoch 13/300] Iter [670/794] Loss: 0.1491
[Epoch 13/300] Iter [680/794] Loss: 0.2295
[Epoch 13/300] Iter [690/794] Loss: 0.2772
[Epoch 13/300] Iter [700/794] Loss: 0.2146
[Epoch 13/300] Iter [710/794] Loss: 0.2499
[Epoch 13/300] Iter [720/794] Loss: 0.2948
[Epoch 13/300] Iter [730/794] Loss: 0.1780
[Epoch 13/300] Iter [740/794] Loss: 0.2000
[Epoch 13/300] Iter [750/794] Loss: 0.1283
[Epoch 13/300] Iter [760/794] Loss: 0.1817
[Epoch 13/300] Iter [770/794] Loss: 0.2290
[Epoch 13/300] Iter [780/794] Loss: 0.3342
[Epoch 13/300] Iter [790/794] Loss: 0.3013
Epoch [13/300] Validation Loss: 0.3850
No improvement for 8 epoch(s).
[Epoch 14/300] Iter [10/794] Loss: 0.1817
[Epoch 14/300] Iter [20/794] Loss: 0.1820
[Epoch 14/300] Iter [30/794] Loss: 0.1355
[Epoch 14/300] Iter [40/794] Loss: 0.2021
[Epoch 14/300] Iter [50/794] Loss: 0.1582
[Epoch 14/300] Iter [60/794] Loss: 0.2134
[Epoch 14/300] Iter [70/794] Loss: 0.2539
[Epoch 14/300] Iter [80/794] Loss: 0.2507
[Epoch 14/300] Iter [90/794] Loss: 0.2819
[Epoch 14/300] Iter [100/794] Loss: 0.1121
[Epoch 14/300] Iter [110/794] Loss: 0.1478
[Epoch 14/300] Iter [120/794] Loss: 0.1216
[Epoch 14/300] Iter [130/794] Loss: 0.1810
[Epoch 14/300] Iter [140/794] Loss: 0.1858
[Epoch 14/300] Iter [150/794] Loss: 0.1294
[Epoch 14/300] Iter [160/794] Loss: 0.2443
[Epoch 14/300] Iter [170/794] Loss: 0.2920
[Epoch 14/300] Iter [180/794] Loss: 0.3413
[Epoch 14/300] Iter [190/794] Loss: 0.2151
[Epoch 14/300] Iter [200/794] Loss: 0.2140
[Epoch 14/300] Iter [210/794] Loss: 0.1929
[Epoch 14/300] Iter [220/794] Loss: 0.1977
[Epoch 14/300] Iter [230/794] Loss: 0.1027
[Epoch 14/300] Iter [240/794] Loss: 0.1199
[Epoch 14/300] Iter [250/794] Loss: 0.1712
[Epoch 14/300] Iter [260/794] Loss: 0.1392
[Epoch 14/300] Iter [270/794] Loss: 0.1964
[Epoch 14/300] Iter [280/794] Loss: 0.1878
[Epoch 14/300] Iter [290/794] Loss: 0.2109
[Epoch 14/300] Iter [300/794] Loss: 0.1768
[Epoch 14/300] Iter [310/794] Loss: 0.1659
[Epoch 14/300] Iter [320/794] Loss: 0.2927
[Epoch 14/300] Iter [330/794] Loss: 0.2002
[Epoch 14/300] Iter [340/794] Loss: 0.1453
[Epoch 14/300] Iter [350/794] Loss: 0.1862
[Epoch 14/300] Iter [360/794] Loss: 0.1429
[Epoch 14/300] Iter [370/794] Loss: 0.1943
[Epoch 14/300] Iter [380/794] Loss: 0.2244
[Epoch 14/300] Iter [390/794] Loss: 0.2216
[Epoch 14/300] Iter [400/794] Loss: 0.2143
[Epoch 14/300] Iter [410/794] Loss: 0.3047
[Epoch 14/300] Iter [420/794] Loss: 0.1491
[Epoch 14/300] Iter [430/794] Loss: 0.0879
[Epoch 14/300] Iter [440/794] Loss: 0.2593
[Epoch 14/300] Iter [450/794] Loss: 0.1685
[Epoch 14/300] Iter [460/794] Loss: 0.1439
[Epoch 14/300] Iter [470/794] Loss: 0.2902
[Epoch 14/300] Iter [480/794] Loss: 0.1636
[Epoch 14/300] Iter [490/794] Loss: 0.1903
[Epoch 14/300] Iter [500/794] Loss: 0.2259
[Epoch 14/300] Iter [510/794] Loss: 0.1996
[Epoch 14/300] Iter [520/794] Loss: 0.1935
[Epoch 14/300] Iter [530/794] Loss: 0.1851
[Epoch 14/300] Iter [540/794] Loss: 0.2656
[Epoch 14/300] Iter [550/794] Loss: 0.1394
[Epoch 14/300] Iter [560/794] Loss: 0.2830
[Epoch 14/300] Iter [570/794] Loss: 0.2327
[Epoch 14/300] Iter [580/794] Loss: 0.2435
[Epoch 14/300] Iter [590/794] Loss: 0.2386
[Epoch 14/300] Iter [600/794] Loss: 0.2198
[Epoch 14/300] Iter [610/794] Loss: 0.1807
[Epoch 14/300] Iter [620/794] Loss: 0.2600
[Epoch 14/300] Iter [630/794] Loss: 0.1688
[Epoch 14/300] Iter [640/794] Loss: 0.1422
[Epoch 14/300] Iter [650/794] Loss: 0.2154
[Epoch 14/300] Iter [660/794] Loss: 0.2745
[Epoch 14/300] Iter [670/794] Loss: 0.2791
[Epoch 14/300] Iter [680/794] Loss: 0.2898
[Epoch 14/300] Iter [690/794] Loss: 0.2782
[Epoch 14/300] Iter [700/794] Loss: 0.1645
[Epoch 14/300] Iter [710/794] Loss: 0.1836
[Epoch 14/300] Iter [720/794] Loss: 0.3044
[Epoch 14/300] Iter [730/794] Loss: 0.2168
[Epoch 14/300] Iter [740/794] Loss: 0.2147
[Epoch 14/300] Iter [750/794] Loss: 0.1346
[Epoch 14/300] Iter [760/794] Loss: 0.2520
[Epoch 14/300] Iter [770/794] Loss: 0.2227
[Epoch 14/300] Iter [780/794] Loss: 0.2072
[Epoch 14/300] Iter [790/794] Loss: 0.1822
Epoch [14/300] Validation Loss: 0.4061
No improvement for 9 epoch(s).
[Epoch 15/300] Iter [10/794] Loss: 0.1594
[Epoch 15/300] Iter [20/794] Loss: 0.1794
[Epoch 15/300] Iter [30/794] Loss: 0.2253
[Epoch 15/300] Iter [40/794] Loss: 0.2085
[Epoch 15/300] Iter [50/794] Loss: 0.2017
[Epoch 15/300] Iter [60/794] Loss: 0.1322
[Epoch 15/300] Iter [70/794] Loss: 0.1491
[Epoch 15/300] Iter [80/794] Loss: 0.1657
[Epoch 15/300] Iter [90/794] Loss: 0.2095
[Epoch 15/300] Iter [100/794] Loss: 0.2017
[Epoch 15/300] Iter [110/794] Loss: 0.2127
[Epoch 15/300] Iter [120/794] Loss: 0.1501
[Epoch 15/300] Iter [130/794] Loss: 0.2535
[Epoch 15/300] Iter [140/794] Loss: 0.2221
[Epoch 15/300] Iter [150/794] Loss: 0.2687
[Epoch 15/300] Iter [160/794] Loss: 0.1886
[Epoch 15/300] Iter [170/794] Loss: 0.0899
[Epoch 15/300] Iter [180/794] Loss: 0.1678
[Epoch 15/300] Iter [190/794] Loss: 0.1594
[Epoch 15/300] Iter [200/794] Loss: 0.2087
[Epoch 15/300] Iter [210/794] Loss: 0.2126
[Epoch 15/300] Iter [220/794] Loss: 0.2800
[Epoch 15/300] Iter [230/794] Loss: 0.2019
[Epoch 15/300] Iter [240/794] Loss: 0.2438
[Epoch 15/300] Iter [250/794] Loss: 0.1208
[Epoch 15/300] Iter [260/794] Loss: 0.1501
[Epoch 15/300] Iter [270/794] Loss: 0.2414
[Epoch 15/300] Iter [280/794] Loss: 0.1929
[Epoch 15/300] Iter [290/794] Loss: 0.3337
[Epoch 15/300] Iter [300/794] Loss: 0.1546
[Epoch 15/300] Iter [310/794] Loss: 0.1415
[Epoch 15/300] Iter [320/794] Loss: 0.1923
[Epoch 15/300] Iter [330/794] Loss: 0.2327
[Epoch 15/300] Iter [340/794] Loss: 0.1745
[Epoch 15/300] Iter [350/794] Loss: 0.3178
[Epoch 15/300] Iter [360/794] Loss: 0.0935
[Epoch 15/300] Iter [370/794] Loss: 0.2550
[Epoch 15/300] Iter [380/794] Loss: 0.1621
[Epoch 15/300] Iter [390/794] Loss: 0.2070
[Epoch 15/300] Iter [400/794] Loss: 0.1764
[Epoch 15/300] Iter [410/794] Loss: 0.1805
[Epoch 15/300] Iter [420/794] Loss: 0.2110
[Epoch 15/300] Iter [430/794] Loss: 0.1285
[Epoch 15/300] Iter [440/794] Loss: 0.1409
[Epoch 15/300] Iter [450/794] Loss: 0.1646
[Epoch 15/300] Iter [460/794] Loss: 0.1247
[Epoch 15/300] Iter [470/794] Loss: 0.1810
[Epoch 15/300] Iter [480/794] Loss: 0.1332
[Epoch 15/300] Iter [490/794] Loss: 0.1439
[Epoch 15/300] Iter [500/794] Loss: 0.1911
[Epoch 15/300] Iter [510/794] Loss: 0.2283
[Epoch 15/300] Iter [520/794] Loss: 0.2705
[Epoch 15/300] Iter [530/794] Loss: 0.1840
[Epoch 15/300] Iter [540/794] Loss: 0.2261
[Epoch 15/300] Iter [550/794] Loss: 0.2067
[Epoch 15/300] Iter [560/794] Loss: 0.1855
[Epoch 15/300] Iter [570/794] Loss: 0.1812
[Epoch 15/300] Iter [580/794] Loss: 0.3019
[Epoch 15/300] Iter [590/794] Loss: 0.2058
[Epoch 15/300] Iter [600/794] Loss: 0.1679
[Epoch 15/300] Iter [610/794] Loss: 0.2606
[Epoch 15/300] Iter [620/794] Loss: 0.2110
[Epoch 15/300] Iter [630/794] Loss: 0.1360
[Epoch 15/300] Iter [640/794] Loss: 0.1818
[Epoch 15/300] Iter [650/794] Loss: 0.2367
[Epoch 15/300] Iter [660/794] Loss: 0.2580
[Epoch 15/300] Iter [670/794] Loss: 0.2326
[Epoch 15/300] Iter [680/794] Loss: 0.2762
[Epoch 15/300] Iter [690/794] Loss: 0.1617
[Epoch 15/300] Iter [700/794] Loss: 0.1295
[Epoch 15/300] Iter [710/794] Loss: 0.1433
[Epoch 15/300] Iter [720/794] Loss: 0.2188
[Epoch 15/300] Iter [730/794] Loss: 0.2492
[Epoch 15/300] Iter [740/794] Loss: 0.2214
[Epoch 15/300] Iter [750/794] Loss: 0.1547
[Epoch 15/300] Iter [760/794] Loss: 0.1559
[Epoch 15/300] Iter [770/794] Loss: 0.1690
[Epoch 15/300] Iter [780/794] Loss: 0.2276
[Epoch 15/300] Iter [790/794] Loss: 0.3204
Epoch [15/300] Validation Loss: 0.4168
No improvement for 10 epoch(s).
Early stopping triggered at epoch 15
Training complete!
Test Accuracy: 9.04%
