===== Training Config =====
Dataset:        emnist
EMNIST Split:   balanced
Model:          lenet
BatchSize:      128
Epochs:         300
LR:             0.0022
Patience:       10
NumClasses:     47
SaveDir:        /scratch/gilbreth/hu953/cs57800/pth
Noise Std:      20.0
Noise Type:     gaussian
===========================
[Epoch 1/300] Iter [10/794] Loss: 3.3076
[Epoch 1/300] Iter [20/794] Loss: 2.7108
[Epoch 1/300] Iter [30/794] Loss: 2.0654
[Epoch 1/300] Iter [40/794] Loss: 1.5420
[Epoch 1/300] Iter [50/794] Loss: 1.2560
[Epoch 1/300] Iter [60/794] Loss: 1.0085
[Epoch 1/300] Iter [70/794] Loss: 0.9355
[Epoch 1/300] Iter [80/794] Loss: 0.9114
[Epoch 1/300] Iter [90/794] Loss: 0.8495
[Epoch 1/300] Iter [100/794] Loss: 0.7199
[Epoch 1/300] Iter [110/794] Loss: 0.7994
[Epoch 1/300] Iter [120/794] Loss: 0.5154
[Epoch 1/300] Iter [130/794] Loss: 0.7502
[Epoch 1/300] Iter [140/794] Loss: 0.6321
[Epoch 1/300] Iter [150/794] Loss: 0.6654
[Epoch 1/300] Iter [160/794] Loss: 0.7452
[Epoch 1/300] Iter [170/794] Loss: 0.8746
[Epoch 1/300] Iter [180/794] Loss: 0.6172
[Epoch 1/300] Iter [190/794] Loss: 0.5737
[Epoch 1/300] Iter [200/794] Loss: 0.7664
[Epoch 1/300] Iter [210/794] Loss: 0.5573
[Epoch 1/300] Iter [220/794] Loss: 0.5944
[Epoch 1/300] Iter [230/794] Loss: 0.7557
[Epoch 1/300] Iter [240/794] Loss: 0.5725
[Epoch 1/300] Iter [250/794] Loss: 0.3616
[Epoch 1/300] Iter [260/794] Loss: 0.5615
[Epoch 1/300] Iter [270/794] Loss: 0.8150
[Epoch 1/300] Iter [280/794] Loss: 0.3791
[Epoch 1/300] Iter [290/794] Loss: 0.6239
[Epoch 1/300] Iter [300/794] Loss: 0.5555
[Epoch 1/300] Iter [310/794] Loss: 0.4107
[Epoch 1/300] Iter [320/794] Loss: 0.4630
[Epoch 1/300] Iter [330/794] Loss: 0.6979
[Epoch 1/300] Iter [340/794] Loss: 0.5205
[Epoch 1/300] Iter [350/794] Loss: 0.4267
[Epoch 1/300] Iter [360/794] Loss: 0.6033
[Epoch 1/300] Iter [370/794] Loss: 0.4302
[Epoch 1/300] Iter [380/794] Loss: 0.6547
[Epoch 1/300] Iter [390/794] Loss: 0.4782
[Epoch 1/300] Iter [400/794] Loss: 0.7411
[Epoch 1/300] Iter [410/794] Loss: 0.4552
[Epoch 1/300] Iter [420/794] Loss: 0.4982
[Epoch 1/300] Iter [430/794] Loss: 0.5415
[Epoch 1/300] Iter [440/794] Loss: 0.4373
[Epoch 1/300] Iter [450/794] Loss: 0.5533
[Epoch 1/300] Iter [460/794] Loss: 0.5009
[Epoch 1/300] Iter [470/794] Loss: 0.5133
[Epoch 1/300] Iter [480/794] Loss: 0.3463
[Epoch 1/300] Iter [490/794] Loss: 0.4563
[Epoch 1/300] Iter [500/794] Loss: 0.3885
[Epoch 1/300] Iter [510/794] Loss: 0.5166
[Epoch 1/300] Iter [520/794] Loss: 0.4032
[Epoch 1/300] Iter [530/794] Loss: 0.3809
[Epoch 1/300] Iter [540/794] Loss: 0.3737
[Epoch 1/300] Iter [550/794] Loss: 0.5674
[Epoch 1/300] Iter [560/794] Loss: 0.4957
[Epoch 1/300] Iter [570/794] Loss: 0.4104
[Epoch 1/300] Iter [580/794] Loss: 0.3421
[Epoch 1/300] Iter [590/794] Loss: 0.6175
[Epoch 1/300] Iter [600/794] Loss: 0.4081
[Epoch 1/300] Iter [610/794] Loss: 0.3319
[Epoch 1/300] Iter [620/794] Loss: 0.4571
[Epoch 1/300] Iter [630/794] Loss: 0.5683
[Epoch 1/300] Iter [640/794] Loss: 0.3553
[Epoch 1/300] Iter [650/794] Loss: 0.5224
[Epoch 1/300] Iter [660/794] Loss: 0.5334
[Epoch 1/300] Iter [670/794] Loss: 0.3816
[Epoch 1/300] Iter [680/794] Loss: 0.4995
[Epoch 1/300] Iter [690/794] Loss: 0.4589
[Epoch 1/300] Iter [700/794] Loss: 0.5421
[Epoch 1/300] Iter [710/794] Loss: 0.4096
[Epoch 1/300] Iter [720/794] Loss: 0.4270
[Epoch 1/300] Iter [730/794] Loss: 0.5127
[Epoch 1/300] Iter [740/794] Loss: 0.3696
[Epoch 1/300] Iter [750/794] Loss: 0.3500
[Epoch 1/300] Iter [760/794] Loss: 0.2866
[Epoch 1/300] Iter [770/794] Loss: 0.3987
[Epoch 1/300] Iter [780/794] Loss: 0.5100
[Epoch 1/300] Iter [790/794] Loss: 0.5719
Epoch [1/300] Validation Loss: 0.4478
[Epoch 2/300] Iter [10/794] Loss: 0.4204
[Epoch 2/300] Iter [20/794] Loss: 0.4120
[Epoch 2/300] Iter [30/794] Loss: 0.4415
[Epoch 2/300] Iter [40/794] Loss: 0.3098
[Epoch 2/300] Iter [50/794] Loss: 0.3653
[Epoch 2/300] Iter [60/794] Loss: 0.5272
[Epoch 2/300] Iter [70/794] Loss: 0.3017
[Epoch 2/300] Iter [80/794] Loss: 0.3712
[Epoch 2/300] Iter [90/794] Loss: 0.3376
[Epoch 2/300] Iter [100/794] Loss: 0.3312
[Epoch 2/300] Iter [110/794] Loss: 0.4670
[Epoch 2/300] Iter [120/794] Loss: 0.4527
[Epoch 2/300] Iter [130/794] Loss: 0.3499
[Epoch 2/300] Iter [140/794] Loss: 0.4432
[Epoch 2/300] Iter [150/794] Loss: 0.4499
[Epoch 2/300] Iter [160/794] Loss: 0.3486
[Epoch 2/300] Iter [170/794] Loss: 0.3079
[Epoch 2/300] Iter [180/794] Loss: 0.4014
[Epoch 2/300] Iter [190/794] Loss: 0.3735
[Epoch 2/300] Iter [200/794] Loss: 0.3544
[Epoch 2/300] Iter [210/794] Loss: 0.4351
[Epoch 2/300] Iter [220/794] Loss: 0.4066
[Epoch 2/300] Iter [230/794] Loss: 0.3435
[Epoch 2/300] Iter [240/794] Loss: 0.2816
[Epoch 2/300] Iter [250/794] Loss: 0.4376
[Epoch 2/300] Iter [260/794] Loss: 0.3660
[Epoch 2/300] Iter [270/794] Loss: 0.5381
[Epoch 2/300] Iter [280/794] Loss: 0.4065
[Epoch 2/300] Iter [290/794] Loss: 0.3146
[Epoch 2/300] Iter [300/794] Loss: 0.4765
[Epoch 2/300] Iter [310/794] Loss: 0.4198
[Epoch 2/300] Iter [320/794] Loss: 0.4188
[Epoch 2/300] Iter [330/794] Loss: 0.3082
[Epoch 2/300] Iter [340/794] Loss: 0.4322
[Epoch 2/300] Iter [350/794] Loss: 0.3678
[Epoch 2/300] Iter [360/794] Loss: 0.3756
[Epoch 2/300] Iter [370/794] Loss: 0.4368
[Epoch 2/300] Iter [380/794] Loss: 0.3024
[Epoch 2/300] Iter [390/794] Loss: 0.5240
[Epoch 2/300] Iter [400/794] Loss: 0.3794
[Epoch 2/300] Iter [410/794] Loss: 0.2447
[Epoch 2/300] Iter [420/794] Loss: 0.3762
[Epoch 2/300] Iter [430/794] Loss: 0.3836
[Epoch 2/300] Iter [440/794] Loss: 0.3205
[Epoch 2/300] Iter [450/794] Loss: 0.3434
[Epoch 2/300] Iter [460/794] Loss: 0.4927
[Epoch 2/300] Iter [470/794] Loss: 0.3945
[Epoch 2/300] Iter [480/794] Loss: 0.4128
[Epoch 2/300] Iter [490/794] Loss: 0.3842
[Epoch 2/300] Iter [500/794] Loss: 0.5718
[Epoch 2/300] Iter [510/794] Loss: 0.5466
[Epoch 2/300] Iter [520/794] Loss: 0.5145
[Epoch 2/300] Iter [530/794] Loss: 0.4097
[Epoch 2/300] Iter [540/794] Loss: 0.4290
[Epoch 2/300] Iter [550/794] Loss: 0.3456
[Epoch 2/300] Iter [560/794] Loss: 0.2767
[Epoch 2/300] Iter [570/794] Loss: 0.3254
[Epoch 2/300] Iter [580/794] Loss: 0.3594
[Epoch 2/300] Iter [590/794] Loss: 0.2671
[Epoch 2/300] Iter [600/794] Loss: 0.3912
[Epoch 2/300] Iter [610/794] Loss: 0.4374
[Epoch 2/300] Iter [620/794] Loss: 0.5379
[Epoch 2/300] Iter [630/794] Loss: 0.4162
[Epoch 2/300] Iter [640/794] Loss: 0.3033
[Epoch 2/300] Iter [650/794] Loss: 0.3764
[Epoch 2/300] Iter [660/794] Loss: 0.3926
[Epoch 2/300] Iter [670/794] Loss: 0.3664
[Epoch 2/300] Iter [680/794] Loss: 0.4069
[Epoch 2/300] Iter [690/794] Loss: 0.3860
[Epoch 2/300] Iter [700/794] Loss: 0.3268
[Epoch 2/300] Iter [710/794] Loss: 0.3488
[Epoch 2/300] Iter [720/794] Loss: 0.3378
[Epoch 2/300] Iter [730/794] Loss: 0.6018
[Epoch 2/300] Iter [740/794] Loss: 0.4852
[Epoch 2/300] Iter [750/794] Loss: 0.3577
[Epoch 2/300] Iter [760/794] Loss: 0.4172
[Epoch 2/300] Iter [770/794] Loss: 0.2669
[Epoch 2/300] Iter [780/794] Loss: 0.3896
[Epoch 2/300] Iter [790/794] Loss: 0.4146
Epoch [2/300] Validation Loss: 0.4348
[Epoch 3/300] Iter [10/794] Loss: 0.4056
[Epoch 3/300] Iter [20/794] Loss: 0.4977
[Epoch 3/300] Iter [30/794] Loss: 0.2703
[Epoch 3/300] Iter [40/794] Loss: 0.3347
[Epoch 3/300] Iter [50/794] Loss: 0.3716
[Epoch 3/300] Iter [60/794] Loss: 0.3341
[Epoch 3/300] Iter [70/794] Loss: 0.3806
[Epoch 3/300] Iter [80/794] Loss: 0.3056
[Epoch 3/300] Iter [90/794] Loss: 0.4821
[Epoch 3/300] Iter [100/794] Loss: 0.3425
[Epoch 3/300] Iter [110/794] Loss: 0.3128
[Epoch 3/300] Iter [120/794] Loss: 0.3098
[Epoch 3/300] Iter [130/794] Loss: 0.4526
[Epoch 3/300] Iter [140/794] Loss: 0.2564
[Epoch 3/300] Iter [150/794] Loss: 0.4230
[Epoch 3/300] Iter [160/794] Loss: 0.4984
[Epoch 3/300] Iter [170/794] Loss: 0.3035
[Epoch 3/300] Iter [180/794] Loss: 0.2668
[Epoch 3/300] Iter [190/794] Loss: 0.3596
[Epoch 3/300] Iter [200/794] Loss: 0.3738
[Epoch 3/300] Iter [210/794] Loss: 0.3584
[Epoch 3/300] Iter [220/794] Loss: 0.3090
[Epoch 3/300] Iter [230/794] Loss: 0.3306
[Epoch 3/300] Iter [240/794] Loss: 0.3744
[Epoch 3/300] Iter [250/794] Loss: 0.4189
[Epoch 3/300] Iter [260/794] Loss: 0.3532
[Epoch 3/300] Iter [270/794] Loss: 0.3172
[Epoch 3/300] Iter [280/794] Loss: 0.4102
[Epoch 3/300] Iter [290/794] Loss: 0.3337
[Epoch 3/300] Iter [300/794] Loss: 0.2357
[Epoch 3/300] Iter [310/794] Loss: 0.3077
[Epoch 3/300] Iter [320/794] Loss: 0.3214
[Epoch 3/300] Iter [330/794] Loss: 0.5018
[Epoch 3/300] Iter [340/794] Loss: 0.3057
[Epoch 3/300] Iter [350/794] Loss: 0.4756
[Epoch 3/300] Iter [360/794] Loss: 0.3176
[Epoch 3/300] Iter [370/794] Loss: 0.5073
[Epoch 3/300] Iter [380/794] Loss: 0.3889
[Epoch 3/300] Iter [390/794] Loss: 0.2606
[Epoch 3/300] Iter [400/794] Loss: 0.3564
[Epoch 3/300] Iter [410/794] Loss: 0.4176
[Epoch 3/300] Iter [420/794] Loss: 0.3818
[Epoch 3/300] Iter [430/794] Loss: 0.2851
[Epoch 3/300] Iter [440/794] Loss: 0.2848
[Epoch 3/300] Iter [450/794] Loss: 0.3101
[Epoch 3/300] Iter [460/794] Loss: 0.3506
[Epoch 3/300] Iter [470/794] Loss: 0.2920
[Epoch 3/300] Iter [480/794] Loss: 0.3923
[Epoch 3/300] Iter [490/794] Loss: 0.3196
[Epoch 3/300] Iter [500/794] Loss: 0.2700
[Epoch 3/300] Iter [510/794] Loss: 0.4059
[Epoch 3/300] Iter [520/794] Loss: 0.4732
[Epoch 3/300] Iter [530/794] Loss: 0.3163
[Epoch 3/300] Iter [540/794] Loss: 0.4574
[Epoch 3/300] Iter [550/794] Loss: 0.2582
[Epoch 3/300] Iter [560/794] Loss: 0.3101
[Epoch 3/300] Iter [570/794] Loss: 0.3313
[Epoch 3/300] Iter [580/794] Loss: 0.2424
[Epoch 3/300] Iter [590/794] Loss: 0.3507
[Epoch 3/300] Iter [600/794] Loss: 0.3118
[Epoch 3/300] Iter [610/794] Loss: 0.4734
[Epoch 3/300] Iter [620/794] Loss: 0.3262
[Epoch 3/300] Iter [630/794] Loss: 0.3058
[Epoch 3/300] Iter [640/794] Loss: 0.4863
[Epoch 3/300] Iter [650/794] Loss: 0.2427
[Epoch 3/300] Iter [660/794] Loss: 0.3879
[Epoch 3/300] Iter [670/794] Loss: 0.3329
[Epoch 3/300] Iter [680/794] Loss: 0.2986
[Epoch 3/300] Iter [690/794] Loss: 0.3291
[Epoch 3/300] Iter [700/794] Loss: 0.3809
[Epoch 3/300] Iter [710/794] Loss: 0.3066
[Epoch 3/300] Iter [720/794] Loss: 0.2603
[Epoch 3/300] Iter [730/794] Loss: 0.2265
[Epoch 3/300] Iter [740/794] Loss: 0.2824
[Epoch 3/300] Iter [750/794] Loss: 0.4494
[Epoch 3/300] Iter [760/794] Loss: 0.3982
[Epoch 3/300] Iter [770/794] Loss: 0.2718
[Epoch 3/300] Iter [780/794] Loss: 0.4327
[Epoch 3/300] Iter [790/794] Loss: 0.2487
Epoch [3/300] Validation Loss: 0.3839
[Epoch 4/300] Iter [10/794] Loss: 0.3056
[Epoch 4/300] Iter [20/794] Loss: 0.2634
[Epoch 4/300] Iter [30/794] Loss: 0.3366
[Epoch 4/300] Iter [40/794] Loss: 0.2502
[Epoch 4/300] Iter [50/794] Loss: 0.3456
[Epoch 4/300] Iter [60/794] Loss: 0.2753
[Epoch 4/300] Iter [70/794] Loss: 0.3413
[Epoch 4/300] Iter [80/794] Loss: 0.4033
[Epoch 4/300] Iter [90/794] Loss: 0.1942
[Epoch 4/300] Iter [100/794] Loss: 0.3469
[Epoch 4/300] Iter [110/794] Loss: 0.2798
[Epoch 4/300] Iter [120/794] Loss: 0.3601
[Epoch 4/300] Iter [130/794] Loss: 0.2205
[Epoch 4/300] Iter [140/794] Loss: 0.3291
[Epoch 4/300] Iter [150/794] Loss: 0.3497
[Epoch 4/300] Iter [160/794] Loss: 0.2578
[Epoch 4/300] Iter [170/794] Loss: 0.5347
[Epoch 4/300] Iter [180/794] Loss: 0.4006
[Epoch 4/300] Iter [190/794] Loss: 0.1843
[Epoch 4/300] Iter [200/794] Loss: 0.3100
[Epoch 4/300] Iter [210/794] Loss: 0.2223
[Epoch 4/300] Iter [220/794] Loss: 0.3096
[Epoch 4/300] Iter [230/794] Loss: 0.3640
[Epoch 4/300] Iter [240/794] Loss: 0.2490
[Epoch 4/300] Iter [250/794] Loss: 0.2599
[Epoch 4/300] Iter [260/794] Loss: 0.2462
[Epoch 4/300] Iter [270/794] Loss: 0.2235
[Epoch 4/300] Iter [280/794] Loss: 0.4554
[Epoch 4/300] Iter [290/794] Loss: 0.4714
[Epoch 4/300] Iter [300/794] Loss: 0.3301
[Epoch 4/300] Iter [310/794] Loss: 0.2551
[Epoch 4/300] Iter [320/794] Loss: 0.3166
[Epoch 4/300] Iter [330/794] Loss: 0.2843
[Epoch 4/300] Iter [340/794] Loss: 0.2637
[Epoch 4/300] Iter [350/794] Loss: 0.3051
[Epoch 4/300] Iter [360/794] Loss: 0.3651
[Epoch 4/300] Iter [370/794] Loss: 0.3063
[Epoch 4/300] Iter [380/794] Loss: 0.5019
[Epoch 4/300] Iter [390/794] Loss: 0.3299
[Epoch 4/300] Iter [400/794] Loss: 0.4247
[Epoch 4/300] Iter [410/794] Loss: 0.3741
[Epoch 4/300] Iter [420/794] Loss: 0.3446
[Epoch 4/300] Iter [430/794] Loss: 0.2570
[Epoch 4/300] Iter [440/794] Loss: 0.3249
[Epoch 4/300] Iter [450/794] Loss: 0.2286
[Epoch 4/300] Iter [460/794] Loss: 0.3449
[Epoch 4/300] Iter [470/794] Loss: 0.2295
[Epoch 4/300] Iter [480/794] Loss: 0.4176
[Epoch 4/300] Iter [490/794] Loss: 0.3737
[Epoch 4/300] Iter [500/794] Loss: 0.2404
[Epoch 4/300] Iter [510/794] Loss: 0.3505
[Epoch 4/300] Iter [520/794] Loss: 0.3039
[Epoch 4/300] Iter [530/794] Loss: 0.3826
[Epoch 4/300] Iter [540/794] Loss: 0.2798
[Epoch 4/300] Iter [550/794] Loss: 0.2119
[Epoch 4/300] Iter [560/794] Loss: 0.2407
[Epoch 4/300] Iter [570/794] Loss: 0.4690
[Epoch 4/300] Iter [580/794] Loss: 0.3291
[Epoch 4/300] Iter [590/794] Loss: 0.3042
[Epoch 4/300] Iter [600/794] Loss: 0.3414
[Epoch 4/300] Iter [610/794] Loss: 0.2805
[Epoch 4/300] Iter [620/794] Loss: 0.3899
[Epoch 4/300] Iter [630/794] Loss: 0.3355
[Epoch 4/300] Iter [640/794] Loss: 0.4243
[Epoch 4/300] Iter [650/794] Loss: 0.2711
[Epoch 4/300] Iter [660/794] Loss: 0.3250
[Epoch 4/300] Iter [670/794] Loss: 0.3983
[Epoch 4/300] Iter [680/794] Loss: 0.2920
[Epoch 4/300] Iter [690/794] Loss: 0.3438
[Epoch 4/300] Iter [700/794] Loss: 0.3849
[Epoch 4/300] Iter [710/794] Loss: 0.1971
[Epoch 4/300] Iter [720/794] Loss: 0.3297
[Epoch 4/300] Iter [730/794] Loss: 0.3104
[Epoch 4/300] Iter [740/794] Loss: 0.3660
[Epoch 4/300] Iter [750/794] Loss: 0.3228
[Epoch 4/300] Iter [760/794] Loss: 0.2763
[Epoch 4/300] Iter [770/794] Loss: 0.4795
[Epoch 4/300] Iter [780/794] Loss: 0.3000
[Epoch 4/300] Iter [790/794] Loss: 0.2377
Epoch [4/300] Validation Loss: 0.3788
[Epoch 5/300] Iter [10/794] Loss: 0.3377
[Epoch 5/300] Iter [20/794] Loss: 0.3438
[Epoch 5/300] Iter [30/794] Loss: 0.2996
[Epoch 5/300] Iter [40/794] Loss: 0.2919
[Epoch 5/300] Iter [50/794] Loss: 0.2520
[Epoch 5/300] Iter [60/794] Loss: 0.2197
[Epoch 5/300] Iter [70/794] Loss: 0.3211
[Epoch 5/300] Iter [80/794] Loss: 0.1846
[Epoch 5/300] Iter [90/794] Loss: 0.3365
[Epoch 5/300] Iter [100/794] Loss: 0.3067
[Epoch 5/300] Iter [110/794] Loss: 0.3682
[Epoch 5/300] Iter [120/794] Loss: 0.3807
[Epoch 5/300] Iter [130/794] Loss: 0.2832
[Epoch 5/300] Iter [140/794] Loss: 0.2527
[Epoch 5/300] Iter [150/794] Loss: 0.2965
[Epoch 5/300] Iter [160/794] Loss: 0.2276
[Epoch 5/300] Iter [170/794] Loss: 0.3071
[Epoch 5/300] Iter [180/794] Loss: 0.2656
[Epoch 5/300] Iter [190/794] Loss: 0.3257
[Epoch 5/300] Iter [200/794] Loss: 0.3212
[Epoch 5/300] Iter [210/794] Loss: 0.2540
[Epoch 5/300] Iter [220/794] Loss: 0.2924
[Epoch 5/300] Iter [230/794] Loss: 0.3400
[Epoch 5/300] Iter [240/794] Loss: 0.2239
[Epoch 5/300] Iter [250/794] Loss: 0.3584
[Epoch 5/300] Iter [260/794] Loss: 0.1882
[Epoch 5/300] Iter [270/794] Loss: 0.2754
[Epoch 5/300] Iter [280/794] Loss: 0.3192
[Epoch 5/300] Iter [290/794] Loss: 0.2922
[Epoch 5/300] Iter [300/794] Loss: 0.4171
[Epoch 5/300] Iter [310/794] Loss: 0.2458
[Epoch 5/300] Iter [320/794] Loss: 0.3029
[Epoch 5/300] Iter [330/794] Loss: 0.2936
[Epoch 5/300] Iter [340/794] Loss: 0.2862
[Epoch 5/300] Iter [350/794] Loss: 0.2798
[Epoch 5/300] Iter [360/794] Loss: 0.2604
[Epoch 5/300] Iter [370/794] Loss: 0.4340
[Epoch 5/300] Iter [380/794] Loss: 0.2966
[Epoch 5/300] Iter [390/794] Loss: 0.2906
[Epoch 5/300] Iter [400/794] Loss: 0.3101
[Epoch 5/300] Iter [410/794] Loss: 0.4500
[Epoch 5/300] Iter [420/794] Loss: 0.2557
[Epoch 5/300] Iter [430/794] Loss: 0.2616
[Epoch 5/300] Iter [440/794] Loss: 0.2636
[Epoch 5/300] Iter [450/794] Loss: 0.3006
[Epoch 5/300] Iter [460/794] Loss: 0.1741
[Epoch 5/300] Iter [470/794] Loss: 0.2664
[Epoch 5/300] Iter [480/794] Loss: 0.2428
[Epoch 5/300] Iter [490/794] Loss: 0.3417
[Epoch 5/300] Iter [500/794] Loss: 0.3422
[Epoch 5/300] Iter [510/794] Loss: 0.3145
[Epoch 5/300] Iter [520/794] Loss: 0.3074
[Epoch 5/300] Iter [530/794] Loss: 0.3495
[Epoch 5/300] Iter [540/794] Loss: 0.4320
[Epoch 5/300] Iter [550/794] Loss: 0.4519
[Epoch 5/300] Iter [560/794] Loss: 0.3549
[Epoch 5/300] Iter [570/794] Loss: 0.4066
[Epoch 5/300] Iter [580/794] Loss: 0.2468
[Epoch 5/300] Iter [590/794] Loss: 0.3223
[Epoch 5/300] Iter [600/794] Loss: 0.2748
[Epoch 5/300] Iter [610/794] Loss: 0.2618
[Epoch 5/300] Iter [620/794] Loss: 0.2120
[Epoch 5/300] Iter [630/794] Loss: 0.3481
[Epoch 5/300] Iter [640/794] Loss: 0.3055
[Epoch 5/300] Iter [650/794] Loss: 0.2535
[Epoch 5/300] Iter [660/794] Loss: 0.2856
[Epoch 5/300] Iter [670/794] Loss: 0.3276
[Epoch 5/300] Iter [680/794] Loss: 0.3134
[Epoch 5/300] Iter [690/794] Loss: 0.2554
[Epoch 5/300] Iter [700/794] Loss: 0.1687
[Epoch 5/300] Iter [710/794] Loss: 0.2953
[Epoch 5/300] Iter [720/794] Loss: 0.3622
[Epoch 5/300] Iter [730/794] Loss: 0.2104
[Epoch 5/300] Iter [740/794] Loss: 0.3010
[Epoch 5/300] Iter [750/794] Loss: 0.3097
[Epoch 5/300] Iter [760/794] Loss: 0.3562
[Epoch 5/300] Iter [770/794] Loss: 0.1746
[Epoch 5/300] Iter [780/794] Loss: 0.3741
[Epoch 5/300] Iter [790/794] Loss: 0.2212
Epoch [5/300] Validation Loss: 0.3763
[Epoch 6/300] Iter [10/794] Loss: 0.1911
[Epoch 6/300] Iter [20/794] Loss: 0.3238
[Epoch 6/300] Iter [30/794] Loss: 0.2461
[Epoch 6/300] Iter [40/794] Loss: 0.2356
[Epoch 6/300] Iter [50/794] Loss: 0.3405
[Epoch 6/300] Iter [60/794] Loss: 0.2112
[Epoch 6/300] Iter [70/794] Loss: 0.2783
[Epoch 6/300] Iter [80/794] Loss: 0.2215
[Epoch 6/300] Iter [90/794] Loss: 0.2869
[Epoch 6/300] Iter [100/794] Loss: 0.2214
[Epoch 6/300] Iter [110/794] Loss: 0.1748
[Epoch 6/300] Iter [120/794] Loss: 0.2150
[Epoch 6/300] Iter [130/794] Loss: 0.2671
[Epoch 6/300] Iter [140/794] Loss: 0.3062
[Epoch 6/300] Iter [150/794] Loss: 0.2517
[Epoch 6/300] Iter [160/794] Loss: 0.2220
[Epoch 6/300] Iter [170/794] Loss: 0.1835
[Epoch 6/300] Iter [180/794] Loss: 0.2637
[Epoch 6/300] Iter [190/794] Loss: 0.2510
[Epoch 6/300] Iter [200/794] Loss: 0.2255
[Epoch 6/300] Iter [210/794] Loss: 0.3838
[Epoch 6/300] Iter [220/794] Loss: 0.2492
[Epoch 6/300] Iter [230/794] Loss: 0.1907
[Epoch 6/300] Iter [240/794] Loss: 0.2469
[Epoch 6/300] Iter [250/794] Loss: 0.3340
[Epoch 6/300] Iter [260/794] Loss: 0.2570
[Epoch 6/300] Iter [270/794] Loss: 0.1823
[Epoch 6/300] Iter [280/794] Loss: 0.1990
[Epoch 6/300] Iter [290/794] Loss: 0.2573
[Epoch 6/300] Iter [300/794] Loss: 0.3895
[Epoch 6/300] Iter [310/794] Loss: 0.2188
[Epoch 6/300] Iter [320/794] Loss: 0.3597
[Epoch 6/300] Iter [330/794] Loss: 0.2954
[Epoch 6/300] Iter [340/794] Loss: 0.2449
[Epoch 6/300] Iter [350/794] Loss: 0.2702
[Epoch 6/300] Iter [360/794] Loss: 0.3288
[Epoch 6/300] Iter [370/794] Loss: 0.2341
[Epoch 6/300] Iter [380/794] Loss: 0.4145
[Epoch 6/300] Iter [390/794] Loss: 0.2198
[Epoch 6/300] Iter [400/794] Loss: 0.2949
[Epoch 6/300] Iter [410/794] Loss: 0.3100
[Epoch 6/300] Iter [420/794] Loss: 0.2622
[Epoch 6/300] Iter [430/794] Loss: 0.2933
[Epoch 6/300] Iter [440/794] Loss: 0.2763
[Epoch 6/300] Iter [450/794] Loss: 0.1947
[Epoch 6/300] Iter [460/794] Loss: 0.4288
[Epoch 6/300] Iter [470/794] Loss: 0.3201
[Epoch 6/300] Iter [480/794] Loss: 0.2470
[Epoch 6/300] Iter [490/794] Loss: 0.3747
[Epoch 6/300] Iter [500/794] Loss: 0.3163
[Epoch 6/300] Iter [510/794] Loss: 0.3467
[Epoch 6/300] Iter [520/794] Loss: 0.2756
[Epoch 6/300] Iter [530/794] Loss: 0.2393
[Epoch 6/300] Iter [540/794] Loss: 0.3213
[Epoch 6/300] Iter [550/794] Loss: 0.2022
[Epoch 6/300] Iter [560/794] Loss: 0.2483
[Epoch 6/300] Iter [570/794] Loss: 0.2151
[Epoch 6/300] Iter [580/794] Loss: 0.2245
[Epoch 6/300] Iter [590/794] Loss: 0.2091
[Epoch 6/300] Iter [600/794] Loss: 0.2432
[Epoch 6/300] Iter [610/794] Loss: 0.3421
[Epoch 6/300] Iter [620/794] Loss: 0.2989
[Epoch 6/300] Iter [630/794] Loss: 0.1989
[Epoch 6/300] Iter [640/794] Loss: 0.2333
[Epoch 6/300] Iter [650/794] Loss: 0.1810
[Epoch 6/300] Iter [660/794] Loss: 0.2941
[Epoch 6/300] Iter [670/794] Loss: 0.4381
[Epoch 6/300] Iter [680/794] Loss: 0.3116
[Epoch 6/300] Iter [690/794] Loss: 0.5469
[Epoch 6/300] Iter [700/794] Loss: 0.3395
[Epoch 6/300] Iter [710/794] Loss: 0.3271
[Epoch 6/300] Iter [720/794] Loss: 0.3042
[Epoch 6/300] Iter [730/794] Loss: 0.2803
[Epoch 6/300] Iter [740/794] Loss: 0.4056
[Epoch 6/300] Iter [750/794] Loss: 0.2626
[Epoch 6/300] Iter [760/794] Loss: 0.2837
[Epoch 6/300] Iter [770/794] Loss: 0.3106
[Epoch 6/300] Iter [780/794] Loss: 0.2417
[Epoch 6/300] Iter [790/794] Loss: 0.1758
Epoch [6/300] Validation Loss: 0.3717
[Epoch 7/300] Iter [10/794] Loss: 0.2155
[Epoch 7/300] Iter [20/794] Loss: 0.2201
[Epoch 7/300] Iter [30/794] Loss: 0.3389
[Epoch 7/300] Iter [40/794] Loss: 0.2354
[Epoch 7/300] Iter [50/794] Loss: 0.2331
[Epoch 7/300] Iter [60/794] Loss: 0.2201
[Epoch 7/300] Iter [70/794] Loss: 0.2558
[Epoch 7/300] Iter [80/794] Loss: 0.2206
[Epoch 7/300] Iter [90/794] Loss: 0.2172
[Epoch 7/300] Iter [100/794] Loss: 0.2394
[Epoch 7/300] Iter [110/794] Loss: 0.1757
[Epoch 7/300] Iter [120/794] Loss: 0.2082
[Epoch 7/300] Iter [130/794] Loss: 0.3508
[Epoch 7/300] Iter [140/794] Loss: 0.2215
[Epoch 7/300] Iter [150/794] Loss: 0.2694
[Epoch 7/300] Iter [160/794] Loss: 0.2767
[Epoch 7/300] Iter [170/794] Loss: 0.3660
[Epoch 7/300] Iter [180/794] Loss: 0.1156
[Epoch 7/300] Iter [190/794] Loss: 0.2290
[Epoch 7/300] Iter [200/794] Loss: 0.4147
[Epoch 7/300] Iter [210/794] Loss: 0.1793
[Epoch 7/300] Iter [220/794] Loss: 0.2617
[Epoch 7/300] Iter [230/794] Loss: 0.2625
[Epoch 7/300] Iter [240/794] Loss: 0.2755
[Epoch 7/300] Iter [250/794] Loss: 0.1612
[Epoch 7/300] Iter [260/794] Loss: 0.2564
[Epoch 7/300] Iter [270/794] Loss: 0.2006
[Epoch 7/300] Iter [280/794] Loss: 0.2609
[Epoch 7/300] Iter [290/794] Loss: 0.3903
[Epoch 7/300] Iter [300/794] Loss: 0.4122
[Epoch 7/300] Iter [310/794] Loss: 0.2892
[Epoch 7/300] Iter [320/794] Loss: 0.4102
[Epoch 7/300] Iter [330/794] Loss: 0.3484
[Epoch 7/300] Iter [340/794] Loss: 0.2127
[Epoch 7/300] Iter [350/794] Loss: 0.2040
[Epoch 7/300] Iter [360/794] Loss: 0.2577
[Epoch 7/300] Iter [370/794] Loss: 0.2589
[Epoch 7/300] Iter [380/794] Loss: 0.3768
[Epoch 7/300] Iter [390/794] Loss: 0.2501
[Epoch 7/300] Iter [400/794] Loss: 0.2734
[Epoch 7/300] Iter [410/794] Loss: 0.4563
[Epoch 7/300] Iter [420/794] Loss: 0.2736
[Epoch 7/300] Iter [430/794] Loss: 0.2984
[Epoch 7/300] Iter [440/794] Loss: 0.2109
[Epoch 7/300] Iter [450/794] Loss: 0.2598
[Epoch 7/300] Iter [460/794] Loss: 0.2373
[Epoch 7/300] Iter [470/794] Loss: 0.2971
[Epoch 7/300] Iter [480/794] Loss: 0.3089
[Epoch 7/300] Iter [490/794] Loss: 0.2790
[Epoch 7/300] Iter [500/794] Loss: 0.2835
[Epoch 7/300] Iter [510/794] Loss: 0.2557
[Epoch 7/300] Iter [520/794] Loss: 0.4569
[Epoch 7/300] Iter [530/794] Loss: 0.3347
[Epoch 7/300] Iter [540/794] Loss: 0.2192
[Epoch 7/300] Iter [550/794] Loss: 0.1953
[Epoch 7/300] Iter [560/794] Loss: 0.3560
[Epoch 7/300] Iter [570/794] Loss: 0.3300
[Epoch 7/300] Iter [580/794] Loss: 0.2365
[Epoch 7/300] Iter [590/794] Loss: 0.4137
[Epoch 7/300] Iter [600/794] Loss: 0.2261
[Epoch 7/300] Iter [610/794] Loss: 0.2040
[Epoch 7/300] Iter [620/794] Loss: 0.2331
[Epoch 7/300] Iter [630/794] Loss: 0.2486
[Epoch 7/300] Iter [640/794] Loss: 0.2448
[Epoch 7/300] Iter [650/794] Loss: 0.4120
[Epoch 7/300] Iter [660/794] Loss: 0.2560
[Epoch 7/300] Iter [670/794] Loss: 0.2390
[Epoch 7/300] Iter [680/794] Loss: 0.1782
[Epoch 7/300] Iter [690/794] Loss: 0.2567
[Epoch 7/300] Iter [700/794] Loss: 0.2276
[Epoch 7/300] Iter [710/794] Loss: 0.2501
[Epoch 7/300] Iter [720/794] Loss: 0.3549
[Epoch 7/300] Iter [730/794] Loss: 0.3016
[Epoch 7/300] Iter [740/794] Loss: 0.2568
[Epoch 7/300] Iter [750/794] Loss: 0.3309
[Epoch 7/300] Iter [760/794] Loss: 0.2441
[Epoch 7/300] Iter [770/794] Loss: 0.2624
[Epoch 7/300] Iter [780/794] Loss: 0.2145
[Epoch 7/300] Iter [790/794] Loss: 0.2581
Epoch [7/300] Validation Loss: 0.3654
[Epoch 8/300] Iter [10/794] Loss: 0.2404
[Epoch 8/300] Iter [20/794] Loss: 0.2176
[Epoch 8/300] Iter [30/794] Loss: 0.1873
[Epoch 8/300] Iter [40/794] Loss: 0.1967
[Epoch 8/300] Iter [50/794] Loss: 0.1560
[Epoch 8/300] Iter [60/794] Loss: 0.1646
[Epoch 8/300] Iter [70/794] Loss: 0.2840
[Epoch 8/300] Iter [80/794] Loss: 0.2250
[Epoch 8/300] Iter [90/794] Loss: 0.3397
[Epoch 8/300] Iter [100/794] Loss: 0.2315
[Epoch 8/300] Iter [110/794] Loss: 0.3137
[Epoch 8/300] Iter [120/794] Loss: 0.2346
[Epoch 8/300] Iter [130/794] Loss: 0.1908
[Epoch 8/300] Iter [140/794] Loss: 0.2922
[Epoch 8/300] Iter [150/794] Loss: 0.2938
[Epoch 8/300] Iter [160/794] Loss: 0.2643
[Epoch 8/300] Iter [170/794] Loss: 0.2478
[Epoch 8/300] Iter [180/794] Loss: 0.1546
[Epoch 8/300] Iter [190/794] Loss: 0.2700
[Epoch 8/300] Iter [200/794] Loss: 0.1643
[Epoch 8/300] Iter [210/794] Loss: 0.2773
[Epoch 8/300] Iter [220/794] Loss: 0.2743
[Epoch 8/300] Iter [230/794] Loss: 0.2539
[Epoch 8/300] Iter [240/794] Loss: 0.2447
[Epoch 8/300] Iter [250/794] Loss: 0.2684
[Epoch 8/300] Iter [260/794] Loss: 0.2331
[Epoch 8/300] Iter [270/794] Loss: 0.2184
[Epoch 8/300] Iter [280/794] Loss: 0.2619
[Epoch 8/300] Iter [290/794] Loss: 0.4032
[Epoch 8/300] Iter [300/794] Loss: 0.3507
[Epoch 8/300] Iter [310/794] Loss: 0.3263
[Epoch 8/300] Iter [320/794] Loss: 0.3479
[Epoch 8/300] Iter [330/794] Loss: 0.2626
[Epoch 8/300] Iter [340/794] Loss: 0.1200
[Epoch 8/300] Iter [350/794] Loss: 0.2865
[Epoch 8/300] Iter [360/794] Loss: 0.3092
[Epoch 8/300] Iter [370/794] Loss: 0.2748
[Epoch 8/300] Iter [380/794] Loss: 0.3560
[Epoch 8/300] Iter [390/794] Loss: 0.3007
[Epoch 8/300] Iter [400/794] Loss: 0.3020
[Epoch 8/300] Iter [410/794] Loss: 0.2954
[Epoch 8/300] Iter [420/794] Loss: 0.2188
[Epoch 8/300] Iter [430/794] Loss: 0.2015
[Epoch 8/300] Iter [440/794] Loss: 0.2969
[Epoch 8/300] Iter [450/794] Loss: 0.2121
[Epoch 8/300] Iter [460/794] Loss: 0.2549
[Epoch 8/300] Iter [470/794] Loss: 0.2103
[Epoch 8/300] Iter [480/794] Loss: 0.2904
[Epoch 8/300] Iter [490/794] Loss: 0.2881
[Epoch 8/300] Iter [500/794] Loss: 0.2848
[Epoch 8/300] Iter [510/794] Loss: 0.2545
[Epoch 8/300] Iter [520/794] Loss: 0.1926
[Epoch 8/300] Iter [530/794] Loss: 0.2117
[Epoch 8/300] Iter [540/794] Loss: 0.2361
[Epoch 8/300] Iter [550/794] Loss: 0.3070
[Epoch 8/300] Iter [560/794] Loss: 0.4326
[Epoch 8/300] Iter [570/794] Loss: 0.3042
[Epoch 8/300] Iter [580/794] Loss: 0.2436
[Epoch 8/300] Iter [590/794] Loss: 0.2496
[Epoch 8/300] Iter [600/794] Loss: 0.2963
[Epoch 8/300] Iter [610/794] Loss: 0.1558
[Epoch 8/300] Iter [620/794] Loss: 0.3085
[Epoch 8/300] Iter [630/794] Loss: 0.2553
[Epoch 8/300] Iter [640/794] Loss: 0.3332
[Epoch 8/300] Iter [650/794] Loss: 0.2452
[Epoch 8/300] Iter [660/794] Loss: 0.2831
[Epoch 8/300] Iter [670/794] Loss: 0.2327
[Epoch 8/300] Iter [680/794] Loss: 0.2811
[Epoch 8/300] Iter [690/794] Loss: 0.2472
[Epoch 8/300] Iter [700/794] Loss: 0.3222
[Epoch 8/300] Iter [710/794] Loss: 0.3351
[Epoch 8/300] Iter [720/794] Loss: 0.3540
[Epoch 8/300] Iter [730/794] Loss: 0.3144
[Epoch 8/300] Iter [740/794] Loss: 0.3664
[Epoch 8/300] Iter [750/794] Loss: 0.3163
[Epoch 8/300] Iter [760/794] Loss: 0.2386
[Epoch 8/300] Iter [770/794] Loss: 0.3798
[Epoch 8/300] Iter [780/794] Loss: 0.1702
[Epoch 8/300] Iter [790/794] Loss: 0.2232
Epoch [8/300] Validation Loss: 0.3710
No improvement for 1 epoch(s).
[Epoch 9/300] Iter [10/794] Loss: 0.4021
[Epoch 9/300] Iter [20/794] Loss: 0.1793
[Epoch 9/300] Iter [30/794] Loss: 0.1934
[Epoch 9/300] Iter [40/794] Loss: 0.2790
[Epoch 9/300] Iter [50/794] Loss: 0.2176
[Epoch 9/300] Iter [60/794] Loss: 0.3225
[Epoch 9/300] Iter [70/794] Loss: 0.2240
[Epoch 9/300] Iter [80/794] Loss: 0.1708
[Epoch 9/300] Iter [90/794] Loss: 0.2563
[Epoch 9/300] Iter [100/794] Loss: 0.2573
[Epoch 9/300] Iter [110/794] Loss: 0.3198
[Epoch 9/300] Iter [120/794] Loss: 0.2487
[Epoch 9/300] Iter [130/794] Loss: 0.2251
[Epoch 9/300] Iter [140/794] Loss: 0.3638
[Epoch 9/300] Iter [150/794] Loss: 0.3466
[Epoch 9/300] Iter [160/794] Loss: 0.2772
[Epoch 9/300] Iter [170/794] Loss: 0.1964
[Epoch 9/300] Iter [180/794] Loss: 0.3002
[Epoch 9/300] Iter [190/794] Loss: 0.1981
[Epoch 9/300] Iter [200/794] Loss: 0.3466
[Epoch 9/300] Iter [210/794] Loss: 0.2247
[Epoch 9/300] Iter [220/794] Loss: 0.2355
[Epoch 9/300] Iter [230/794] Loss: 0.2084
[Epoch 9/300] Iter [240/794] Loss: 0.2251
[Epoch 9/300] Iter [250/794] Loss: 0.1643
[Epoch 9/300] Iter [260/794] Loss: 0.2589
[Epoch 9/300] Iter [270/794] Loss: 0.2167
[Epoch 9/300] Iter [280/794] Loss: 0.2440
[Epoch 9/300] Iter [290/794] Loss: 0.2943
[Epoch 9/300] Iter [300/794] Loss: 0.3997
[Epoch 9/300] Iter [310/794] Loss: 0.1955
[Epoch 9/300] Iter [320/794] Loss: 0.2993
[Epoch 9/300] Iter [330/794] Loss: 0.2044
[Epoch 9/300] Iter [340/794] Loss: 0.2149
[Epoch 9/300] Iter [350/794] Loss: 0.2598
[Epoch 9/300] Iter [360/794] Loss: 0.2068
[Epoch 9/300] Iter [370/794] Loss: 0.2704
[Epoch 9/300] Iter [380/794] Loss: 0.1974
[Epoch 9/300] Iter [390/794] Loss: 0.1995
[Epoch 9/300] Iter [400/794] Loss: 0.2097
[Epoch 9/300] Iter [410/794] Loss: 0.2254
[Epoch 9/300] Iter [420/794] Loss: 0.1824
[Epoch 9/300] Iter [430/794] Loss: 0.2903
[Epoch 9/300] Iter [440/794] Loss: 0.1990
[Epoch 9/300] Iter [450/794] Loss: 0.2083
[Epoch 9/300] Iter [460/794] Loss: 0.2885
[Epoch 9/300] Iter [470/794] Loss: 0.3452
[Epoch 9/300] Iter [480/794] Loss: 0.1888
[Epoch 9/300] Iter [490/794] Loss: 0.2038
[Epoch 9/300] Iter [500/794] Loss: 0.2546
[Epoch 9/300] Iter [510/794] Loss: 0.2380
[Epoch 9/300] Iter [520/794] Loss: 0.1965
[Epoch 9/300] Iter [530/794] Loss: 0.3559
[Epoch 9/300] Iter [540/794] Loss: 0.1743
[Epoch 9/300] Iter [550/794] Loss: 0.2597
[Epoch 9/300] Iter [560/794] Loss: 0.2403
[Epoch 9/300] Iter [570/794] Loss: 0.3735
[Epoch 9/300] Iter [580/794] Loss: 0.2668
[Epoch 9/300] Iter [590/794] Loss: 0.1822
[Epoch 9/300] Iter [600/794] Loss: 0.1658
[Epoch 9/300] Iter [610/794] Loss: 0.2480
[Epoch 9/300] Iter [620/794] Loss: 0.3234
[Epoch 9/300] Iter [630/794] Loss: 0.2920
[Epoch 9/300] Iter [640/794] Loss: 0.2907
[Epoch 9/300] Iter [650/794] Loss: 0.1904
[Epoch 9/300] Iter [660/794] Loss: 0.2594
[Epoch 9/300] Iter [670/794] Loss: 0.2474
[Epoch 9/300] Iter [680/794] Loss: 0.3140
[Epoch 9/300] Iter [690/794] Loss: 0.2809
[Epoch 9/300] Iter [700/794] Loss: 0.2456
[Epoch 9/300] Iter [710/794] Loss: 0.1804
[Epoch 9/300] Iter [720/794] Loss: 0.2245
[Epoch 9/300] Iter [730/794] Loss: 0.2988
[Epoch 9/300] Iter [740/794] Loss: 0.2329
[Epoch 9/300] Iter [750/794] Loss: 0.2022
[Epoch 9/300] Iter [760/794] Loss: 0.2823
[Epoch 9/300] Iter [770/794] Loss: 0.2793
[Epoch 9/300] Iter [780/794] Loss: 0.4007
[Epoch 9/300] Iter [790/794] Loss: 0.3090
Epoch [9/300] Validation Loss: 0.3815
No improvement for 2 epoch(s).
[Epoch 10/300] Iter [10/794] Loss: 0.2281
[Epoch 10/300] Iter [20/794] Loss: 0.1325
[Epoch 10/300] Iter [30/794] Loss: 0.3009
[Epoch 10/300] Iter [40/794] Loss: 0.2699
[Epoch 10/300] Iter [50/794] Loss: 0.1196
[Epoch 10/300] Iter [60/794] Loss: 0.2345
[Epoch 10/300] Iter [70/794] Loss: 0.2710
[Epoch 10/300] Iter [80/794] Loss: 0.2764
[Epoch 10/300] Iter [90/794] Loss: 0.3047
[Epoch 10/300] Iter [100/794] Loss: 0.1772
[Epoch 10/300] Iter [110/794] Loss: 0.1784
[Epoch 10/300] Iter [120/794] Loss: 0.1554
[Epoch 10/300] Iter [130/794] Loss: 0.2623
[Epoch 10/300] Iter [140/794] Loss: 0.1690
[Epoch 10/300] Iter [150/794] Loss: 0.2204
[Epoch 10/300] Iter [160/794] Loss: 0.2201
[Epoch 10/300] Iter [170/794] Loss: 0.2532
[Epoch 10/300] Iter [180/794] Loss: 0.1819
[Epoch 10/300] Iter [190/794] Loss: 0.1492
[Epoch 10/300] Iter [200/794] Loss: 0.2398
[Epoch 10/300] Iter [210/794] Loss: 0.2000
[Epoch 10/300] Iter [220/794] Loss: 0.3150
[Epoch 10/300] Iter [230/794] Loss: 0.2039
[Epoch 10/300] Iter [240/794] Loss: 0.2151
[Epoch 10/300] Iter [250/794] Loss: 0.2626
[Epoch 10/300] Iter [260/794] Loss: 0.2971
[Epoch 10/300] Iter [270/794] Loss: 0.2391
[Epoch 10/300] Iter [280/794] Loss: 0.1510
[Epoch 10/300] Iter [290/794] Loss: 0.2511
[Epoch 10/300] Iter [300/794] Loss: 0.1416
[Epoch 10/300] Iter [310/794] Loss: 0.2293
[Epoch 10/300] Iter [320/794] Loss: 0.2175
[Epoch 10/300] Iter [330/794] Loss: 0.4442
[Epoch 10/300] Iter [340/794] Loss: 0.1990
[Epoch 10/300] Iter [350/794] Loss: 0.2829
[Epoch 10/300] Iter [360/794] Loss: 0.3804
[Epoch 10/300] Iter [370/794] Loss: 0.2252
[Epoch 10/300] Iter [380/794] Loss: 0.2797
[Epoch 10/300] Iter [390/794] Loss: 0.2157
[Epoch 10/300] Iter [400/794] Loss: 0.2604
[Epoch 10/300] Iter [410/794] Loss: 0.2415
[Epoch 10/300] Iter [420/794] Loss: 0.1729
[Epoch 10/300] Iter [430/794] Loss: 0.3837
[Epoch 10/300] Iter [440/794] Loss: 0.3330
[Epoch 10/300] Iter [450/794] Loss: 0.2027
[Epoch 10/300] Iter [460/794] Loss: 0.2212
[Epoch 10/300] Iter [470/794] Loss: 0.2715
[Epoch 10/300] Iter [480/794] Loss: 0.2458
[Epoch 10/300] Iter [490/794] Loss: 0.2146
[Epoch 10/300] Iter [500/794] Loss: 0.2538
[Epoch 10/300] Iter [510/794] Loss: 0.2361
[Epoch 10/300] Iter [520/794] Loss: 0.1797
[Epoch 10/300] Iter [530/794] Loss: 0.2573
[Epoch 10/300] Iter [540/794] Loss: 0.3143
[Epoch 10/300] Iter [550/794] Loss: 0.2008
[Epoch 10/300] Iter [560/794] Loss: 0.2182
[Epoch 10/300] Iter [570/794] Loss: 0.1947
[Epoch 10/300] Iter [580/794] Loss: 0.3667
[Epoch 10/300] Iter [590/794] Loss: 0.2248
[Epoch 10/300] Iter [600/794] Loss: 0.2666
[Epoch 10/300] Iter [610/794] Loss: 0.3235
[Epoch 10/300] Iter [620/794] Loss: 0.2143
[Epoch 10/300] Iter [630/794] Loss: 0.1802
[Epoch 10/300] Iter [640/794] Loss: 0.3166
[Epoch 10/300] Iter [650/794] Loss: 0.2263
[Epoch 10/300] Iter [660/794] Loss: 0.2000
[Epoch 10/300] Iter [670/794] Loss: 0.2402
[Epoch 10/300] Iter [680/794] Loss: 0.2284
[Epoch 10/300] Iter [690/794] Loss: 0.3147
[Epoch 10/300] Iter [700/794] Loss: 0.2060
[Epoch 10/300] Iter [710/794] Loss: 0.2039
[Epoch 10/300] Iter [720/794] Loss: 0.2081
[Epoch 10/300] Iter [730/794] Loss: 0.2859
[Epoch 10/300] Iter [740/794] Loss: 0.1736
[Epoch 10/300] Iter [750/794] Loss: 0.1863
[Epoch 10/300] Iter [760/794] Loss: 0.2906
[Epoch 10/300] Iter [770/794] Loss: 0.2067
[Epoch 10/300] Iter [780/794] Loss: 0.1720
[Epoch 10/300] Iter [790/794] Loss: 0.2613
Epoch [10/300] Validation Loss: 0.3779
No improvement for 3 epoch(s).
[Epoch 11/300] Iter [10/794] Loss: 0.2525
[Epoch 11/300] Iter [20/794] Loss: 0.3454
[Epoch 11/300] Iter [30/794] Loss: 0.1384
[Epoch 11/300] Iter [40/794] Loss: 0.1533
[Epoch 11/300] Iter [50/794] Loss: 0.3227
[Epoch 11/300] Iter [60/794] Loss: 0.1392
[Epoch 11/300] Iter [70/794] Loss: 0.2619
[Epoch 11/300] Iter [80/794] Loss: 0.2620
[Epoch 11/300] Iter [90/794] Loss: 0.2241
[Epoch 11/300] Iter [100/794] Loss: 0.2106
[Epoch 11/300] Iter [110/794] Loss: 0.1752
[Epoch 11/300] Iter [120/794] Loss: 0.2349
[Epoch 11/300] Iter [130/794] Loss: 0.2512
[Epoch 11/300] Iter [140/794] Loss: 0.2602
[Epoch 11/300] Iter [150/794] Loss: 0.1729
[Epoch 11/300] Iter [160/794] Loss: 0.2073
[Epoch 11/300] Iter [170/794] Loss: 0.1739
[Epoch 11/300] Iter [180/794] Loss: 0.2601
[Epoch 11/300] Iter [190/794] Loss: 0.1755
[Epoch 11/300] Iter [200/794] Loss: 0.1978
[Epoch 11/300] Iter [210/794] Loss: 0.3072
[Epoch 11/300] Iter [220/794] Loss: 0.2074
[Epoch 11/300] Iter [230/794] Loss: 0.3187
[Epoch 11/300] Iter [240/794] Loss: 0.2359
[Epoch 11/300] Iter [250/794] Loss: 0.2403
[Epoch 11/300] Iter [260/794] Loss: 0.2060
[Epoch 11/300] Iter [270/794] Loss: 0.2120
[Epoch 11/300] Iter [280/794] Loss: 0.2174
[Epoch 11/300] Iter [290/794] Loss: 0.3022
[Epoch 11/300] Iter [300/794] Loss: 0.1687
[Epoch 11/300] Iter [310/794] Loss: 0.1626
[Epoch 11/300] Iter [320/794] Loss: 0.2420
[Epoch 11/300] Iter [330/794] Loss: 0.1979
[Epoch 11/300] Iter [340/794] Loss: 0.2480
[Epoch 11/300] Iter [350/794] Loss: 0.3519
[Epoch 11/300] Iter [360/794] Loss: 0.2290
[Epoch 11/300] Iter [370/794] Loss: 0.3230
[Epoch 11/300] Iter [380/794] Loss: 0.2454
[Epoch 11/300] Iter [390/794] Loss: 0.1787
[Epoch 11/300] Iter [400/794] Loss: 0.2176
[Epoch 11/300] Iter [410/794] Loss: 0.1761
[Epoch 11/300] Iter [420/794] Loss: 0.2071
[Epoch 11/300] Iter [430/794] Loss: 0.1404
[Epoch 11/300] Iter [440/794] Loss: 0.1807
[Epoch 11/300] Iter [450/794] Loss: 0.3471
[Epoch 11/300] Iter [460/794] Loss: 0.2451
[Epoch 11/300] Iter [470/794] Loss: 0.2203
[Epoch 11/300] Iter [480/794] Loss: 0.2724
[Epoch 11/300] Iter [490/794] Loss: 0.1486
[Epoch 11/300] Iter [500/794] Loss: 0.2106
[Epoch 11/300] Iter [510/794] Loss: 0.1522
[Epoch 11/300] Iter [520/794] Loss: 0.2202
[Epoch 11/300] Iter [530/794] Loss: 0.2794
[Epoch 11/300] Iter [540/794] Loss: 0.1996
[Epoch 11/300] Iter [550/794] Loss: 0.1494
[Epoch 11/300] Iter [560/794] Loss: 0.2190
[Epoch 11/300] Iter [570/794] Loss: 0.1613
[Epoch 11/300] Iter [580/794] Loss: 0.2167
[Epoch 11/300] Iter [590/794] Loss: 0.2564
[Epoch 11/300] Iter [600/794] Loss: 0.2373
[Epoch 11/300] Iter [610/794] Loss: 0.1932
[Epoch 11/300] Iter [620/794] Loss: 0.1236
[Epoch 11/300] Iter [630/794] Loss: 0.1786
[Epoch 11/300] Iter [640/794] Loss: 0.2052
[Epoch 11/300] Iter [650/794] Loss: 0.1975
[Epoch 11/300] Iter [660/794] Loss: 0.2452
[Epoch 11/300] Iter [670/794] Loss: 0.2615
[Epoch 11/300] Iter [680/794] Loss: 0.1926
[Epoch 11/300] Iter [690/794] Loss: 0.1333
[Epoch 11/300] Iter [700/794] Loss: 0.1658
[Epoch 11/300] Iter [710/794] Loss: 0.1673
[Epoch 11/300] Iter [720/794] Loss: 0.1830
[Epoch 11/300] Iter [730/794] Loss: 0.2354
[Epoch 11/300] Iter [740/794] Loss: 0.2380
[Epoch 11/300] Iter [750/794] Loss: 0.2424
[Epoch 11/300] Iter [760/794] Loss: 0.1778
[Epoch 11/300] Iter [770/794] Loss: 0.2143
[Epoch 11/300] Iter [780/794] Loss: 0.1941
[Epoch 11/300] Iter [790/794] Loss: 0.2226
Epoch [11/300] Validation Loss: 0.3974
No improvement for 4 epoch(s).
[Epoch 12/300] Iter [10/794] Loss: 0.3534
[Epoch 12/300] Iter [20/794] Loss: 0.1762
[Epoch 12/300] Iter [30/794] Loss: 0.2283
[Epoch 12/300] Iter [40/794] Loss: 0.2280
[Epoch 12/300] Iter [50/794] Loss: 0.1642
[Epoch 12/300] Iter [60/794] Loss: 0.1837
[Epoch 12/300] Iter [70/794] Loss: 0.1898
[Epoch 12/300] Iter [80/794] Loss: 0.1838
[Epoch 12/300] Iter [90/794] Loss: 0.1721
[Epoch 12/300] Iter [100/794] Loss: 0.1898
[Epoch 12/300] Iter [110/794] Loss: 0.1804
[Epoch 12/300] Iter [120/794] Loss: 0.2417
[Epoch 12/300] Iter [130/794] Loss: 0.2751
[Epoch 12/300] Iter [140/794] Loss: 0.2080
[Epoch 12/300] Iter [150/794] Loss: 0.1709
[Epoch 12/300] Iter [160/794] Loss: 0.2363
[Epoch 12/300] Iter [170/794] Loss: 0.2786
[Epoch 12/300] Iter [180/794] Loss: 0.2489
[Epoch 12/300] Iter [190/794] Loss: 0.1995
[Epoch 12/300] Iter [200/794] Loss: 0.1962
[Epoch 12/300] Iter [210/794] Loss: 0.1849
[Epoch 12/300] Iter [220/794] Loss: 0.1238
[Epoch 12/300] Iter [230/794] Loss: 0.1792
[Epoch 12/300] Iter [240/794] Loss: 0.1549
[Epoch 12/300] Iter [250/794] Loss: 0.2665
[Epoch 12/300] Iter [260/794] Loss: 0.2350
[Epoch 12/300] Iter [270/794] Loss: 0.2254
[Epoch 12/300] Iter [280/794] Loss: 0.1694
[Epoch 12/300] Iter [290/794] Loss: 0.2849
[Epoch 12/300] Iter [300/794] Loss: 0.2343
[Epoch 12/300] Iter [310/794] Loss: 0.1828
[Epoch 12/300] Iter [320/794] Loss: 0.3155
[Epoch 12/300] Iter [330/794] Loss: 0.1775
[Epoch 12/300] Iter [340/794] Loss: 0.2074
[Epoch 12/300] Iter [350/794] Loss: 0.2781
[Epoch 12/300] Iter [360/794] Loss: 0.2013
[Epoch 12/300] Iter [370/794] Loss: 0.2586
[Epoch 12/300] Iter [380/794] Loss: 0.2610
[Epoch 12/300] Iter [390/794] Loss: 0.2339
[Epoch 12/300] Iter [400/794] Loss: 0.2279
[Epoch 12/300] Iter [410/794] Loss: 0.2373
[Epoch 12/300] Iter [420/794] Loss: 0.2530
[Epoch 12/300] Iter [430/794] Loss: 0.2901
[Epoch 12/300] Iter [440/794] Loss: 0.2378
[Epoch 12/300] Iter [450/794] Loss: 0.1413
[Epoch 12/300] Iter [460/794] Loss: 0.2819
[Epoch 12/300] Iter [470/794] Loss: 0.1997
[Epoch 12/300] Iter [480/794] Loss: 0.1644
[Epoch 12/300] Iter [490/794] Loss: 0.2162
[Epoch 12/300] Iter [500/794] Loss: 0.1633
[Epoch 12/300] Iter [510/794] Loss: 0.2132
[Epoch 12/300] Iter [520/794] Loss: 0.2265
[Epoch 12/300] Iter [530/794] Loss: 0.1783
[Epoch 12/300] Iter [540/794] Loss: 0.1903
[Epoch 12/300] Iter [550/794] Loss: 0.2772
[Epoch 12/300] Iter [560/794] Loss: 0.2569
[Epoch 12/300] Iter [570/794] Loss: 0.2021
[Epoch 12/300] Iter [580/794] Loss: 0.2498
[Epoch 12/300] Iter [590/794] Loss: 0.2300
[Epoch 12/300] Iter [600/794] Loss: 0.1740
[Epoch 12/300] Iter [610/794] Loss: 0.1529
[Epoch 12/300] Iter [620/794] Loss: 0.1416
[Epoch 12/300] Iter [630/794] Loss: 0.2480
[Epoch 12/300] Iter [640/794] Loss: 0.2611
[Epoch 12/300] Iter [650/794] Loss: 0.2065
[Epoch 12/300] Iter [660/794] Loss: 0.2118
[Epoch 12/300] Iter [670/794] Loss: 0.2039
[Epoch 12/300] Iter [680/794] Loss: 0.2104
[Epoch 12/300] Iter [690/794] Loss: 0.3048
[Epoch 12/300] Iter [700/794] Loss: 0.1660
[Epoch 12/300] Iter [710/794] Loss: 0.1487
[Epoch 12/300] Iter [720/794] Loss: 0.2624
[Epoch 12/300] Iter [730/794] Loss: 0.2173
[Epoch 12/300] Iter [740/794] Loss: 0.1719
[Epoch 12/300] Iter [750/794] Loss: 0.2456
[Epoch 12/300] Iter [760/794] Loss: 0.2292
[Epoch 12/300] Iter [770/794] Loss: 0.1583
[Epoch 12/300] Iter [780/794] Loss: 0.2944
[Epoch 12/300] Iter [790/794] Loss: 0.2620
Epoch [12/300] Validation Loss: 0.3995
No improvement for 5 epoch(s).
[Epoch 13/300] Iter [10/794] Loss: 0.2755
[Epoch 13/300] Iter [20/794] Loss: 0.2413
[Epoch 13/300] Iter [30/794] Loss: 0.3135
[Epoch 13/300] Iter [40/794] Loss: 0.2044
[Epoch 13/300] Iter [50/794] Loss: 0.2930
[Epoch 13/300] Iter [60/794] Loss: 0.2855
[Epoch 13/300] Iter [70/794] Loss: 0.1841
[Epoch 13/300] Iter [80/794] Loss: 0.1431
[Epoch 13/300] Iter [90/794] Loss: 0.2871
[Epoch 13/300] Iter [100/794] Loss: 0.2298
[Epoch 13/300] Iter [110/794] Loss: 0.2458
[Epoch 13/300] Iter [120/794] Loss: 0.1818
[Epoch 13/300] Iter [130/794] Loss: 0.1844
[Epoch 13/300] Iter [140/794] Loss: 0.1666
[Epoch 13/300] Iter [150/794] Loss: 0.2199
[Epoch 13/300] Iter [160/794] Loss: 0.2780
[Epoch 13/300] Iter [170/794] Loss: 0.2331
[Epoch 13/300] Iter [180/794] Loss: 0.2808
[Epoch 13/300] Iter [190/794] Loss: 0.2305
[Epoch 13/300] Iter [200/794] Loss: 0.1125
[Epoch 13/300] Iter [210/794] Loss: 0.2548
[Epoch 13/300] Iter [220/794] Loss: 0.1536
[Epoch 13/300] Iter [230/794] Loss: 0.2530
[Epoch 13/300] Iter [240/794] Loss: 0.1647
[Epoch 13/300] Iter [250/794] Loss: 0.2760
[Epoch 13/300] Iter [260/794] Loss: 0.1534
[Epoch 13/300] Iter [270/794] Loss: 0.1842
[Epoch 13/300] Iter [280/794] Loss: 0.2609
[Epoch 13/300] Iter [290/794] Loss: 0.2871
[Epoch 13/300] Iter [300/794] Loss: 0.2301
[Epoch 13/300] Iter [310/794] Loss: 0.3089
[Epoch 13/300] Iter [320/794] Loss: 0.1866
[Epoch 13/300] Iter [330/794] Loss: 0.2020
[Epoch 13/300] Iter [340/794] Loss: 0.1571
[Epoch 13/300] Iter [350/794] Loss: 0.1772
[Epoch 13/300] Iter [360/794] Loss: 0.3104
[Epoch 13/300] Iter [370/794] Loss: 0.2782
[Epoch 13/300] Iter [380/794] Loss: 0.1892
[Epoch 13/300] Iter [390/794] Loss: 0.1659
[Epoch 13/300] Iter [400/794] Loss: 0.2466
[Epoch 13/300] Iter [410/794] Loss: 0.3057
[Epoch 13/300] Iter [420/794] Loss: 0.1759
[Epoch 13/300] Iter [430/794] Loss: 0.1919
[Epoch 13/300] Iter [440/794] Loss: 0.1857
[Epoch 13/300] Iter [450/794] Loss: 0.1528
[Epoch 13/300] Iter [460/794] Loss: 0.2191
[Epoch 13/300] Iter [470/794] Loss: 0.1900
[Epoch 13/300] Iter [480/794] Loss: 0.1860
[Epoch 13/300] Iter [490/794] Loss: 0.1785
[Epoch 13/300] Iter [500/794] Loss: 0.2137
[Epoch 13/300] Iter [510/794] Loss: 0.2454
[Epoch 13/300] Iter [520/794] Loss: 0.2338
[Epoch 13/300] Iter [530/794] Loss: 0.2731
[Epoch 13/300] Iter [540/794] Loss: 0.2307
[Epoch 13/300] Iter [550/794] Loss: 0.1828
[Epoch 13/300] Iter [560/794] Loss: 0.2374
[Epoch 13/300] Iter [570/794] Loss: 0.2471
[Epoch 13/300] Iter [580/794] Loss: 0.1994
[Epoch 13/300] Iter [590/794] Loss: 0.2019
[Epoch 13/300] Iter [600/794] Loss: 0.2105
[Epoch 13/300] Iter [610/794] Loss: 0.1772
[Epoch 13/300] Iter [620/794] Loss: 0.3281
[Epoch 13/300] Iter [630/794] Loss: 0.2187
[Epoch 13/300] Iter [640/794] Loss: 0.2114
[Epoch 13/300] Iter [650/794] Loss: 0.2587
[Epoch 13/300] Iter [660/794] Loss: 0.2280
[Epoch 13/300] Iter [670/794] Loss: 0.2896
[Epoch 13/300] Iter [680/794] Loss: 0.1888
[Epoch 13/300] Iter [690/794] Loss: 0.2744
[Epoch 13/300] Iter [700/794] Loss: 0.2185
[Epoch 13/300] Iter [710/794] Loss: 0.2287
[Epoch 13/300] Iter [720/794] Loss: 0.1886
[Epoch 13/300] Iter [730/794] Loss: 0.2253
[Epoch 13/300] Iter [740/794] Loss: 0.1604
[Epoch 13/300] Iter [750/794] Loss: 0.2431
[Epoch 13/300] Iter [760/794] Loss: 0.2572
[Epoch 13/300] Iter [770/794] Loss: 0.2566
[Epoch 13/300] Iter [780/794] Loss: 0.2650
[Epoch 13/300] Iter [790/794] Loss: 0.2157
Epoch [13/300] Validation Loss: 0.4015
No improvement for 6 epoch(s).
[Epoch 14/300] Iter [10/794] Loss: 0.1872
[Epoch 14/300] Iter [20/794] Loss: 0.1758
[Epoch 14/300] Iter [30/794] Loss: 0.1606
[Epoch 14/300] Iter [40/794] Loss: 0.2690
[Epoch 14/300] Iter [50/794] Loss: 0.1276
[Epoch 14/300] Iter [60/794] Loss: 0.2017
[Epoch 14/300] Iter [70/794] Loss: 0.1999
[Epoch 14/300] Iter [80/794] Loss: 0.2270
[Epoch 14/300] Iter [90/794] Loss: 0.2921
[Epoch 14/300] Iter [100/794] Loss: 0.1148
[Epoch 14/300] Iter [110/794] Loss: 0.1608
[Epoch 14/300] Iter [120/794] Loss: 0.2463
[Epoch 14/300] Iter [130/794] Loss: 0.2684
[Epoch 14/300] Iter [140/794] Loss: 0.2837
[Epoch 14/300] Iter [150/794] Loss: 0.3090
[Epoch 14/300] Iter [160/794] Loss: 0.1450
[Epoch 14/300] Iter [170/794] Loss: 0.1725
[Epoch 14/300] Iter [180/794] Loss: 0.1707
[Epoch 14/300] Iter [190/794] Loss: 0.1851
[Epoch 14/300] Iter [200/794] Loss: 0.2335
[Epoch 14/300] Iter [210/794] Loss: 0.1353
[Epoch 14/300] Iter [220/794] Loss: 0.1801
[Epoch 14/300] Iter [230/794] Loss: 0.1598
[Epoch 14/300] Iter [240/794] Loss: 0.1711
[Epoch 14/300] Iter [250/794] Loss: 0.1306
[Epoch 14/300] Iter [260/794] Loss: 0.3049
[Epoch 14/300] Iter [270/794] Loss: 0.1667
[Epoch 14/300] Iter [280/794] Loss: 0.2538
[Epoch 14/300] Iter [290/794] Loss: 0.2224
[Epoch 14/300] Iter [300/794] Loss: 0.2309
[Epoch 14/300] Iter [310/794] Loss: 0.1227
[Epoch 14/300] Iter [320/794] Loss: 0.1760
[Epoch 14/300] Iter [330/794] Loss: 0.1261
[Epoch 14/300] Iter [340/794] Loss: 0.2933
[Epoch 14/300] Iter [350/794] Loss: 0.2362
[Epoch 14/300] Iter [360/794] Loss: 0.1727
[Epoch 14/300] Iter [370/794] Loss: 0.2430
[Epoch 14/300] Iter [380/794] Loss: 0.1874
[Epoch 14/300] Iter [390/794] Loss: 0.2445
[Epoch 14/300] Iter [400/794] Loss: 0.2223
[Epoch 14/300] Iter [410/794] Loss: 0.1700
[Epoch 14/300] Iter [420/794] Loss: 0.2474
[Epoch 14/300] Iter [430/794] Loss: 0.2091
[Epoch 14/300] Iter [440/794] Loss: 0.1887
[Epoch 14/300] Iter [450/794] Loss: 0.1820
[Epoch 14/300] Iter [460/794] Loss: 0.2062
[Epoch 14/300] Iter [470/794] Loss: 0.1656
[Epoch 14/300] Iter [480/794] Loss: 0.2067
[Epoch 14/300] Iter [490/794] Loss: 0.1607
[Epoch 14/300] Iter [500/794] Loss: 0.2275
[Epoch 14/300] Iter [510/794] Loss: 0.2720
[Epoch 14/300] Iter [520/794] Loss: 0.2369
[Epoch 14/300] Iter [530/794] Loss: 0.2124
[Epoch 14/300] Iter [540/794] Loss: 0.3553
[Epoch 14/300] Iter [550/794] Loss: 0.2682
[Epoch 14/300] Iter [560/794] Loss: 0.1711
[Epoch 14/300] Iter [570/794] Loss: 0.2088
[Epoch 14/300] Iter [580/794] Loss: 0.2170
[Epoch 14/300] Iter [590/794] Loss: 0.2519
[Epoch 14/300] Iter [600/794] Loss: 0.1964
[Epoch 14/300] Iter [610/794] Loss: 0.1115
[Epoch 14/300] Iter [620/794] Loss: 0.2025
[Epoch 14/300] Iter [630/794] Loss: 0.2651
[Epoch 14/300] Iter [640/794] Loss: 0.2903
[Epoch 14/300] Iter [650/794] Loss: 0.2722
[Epoch 14/300] Iter [660/794] Loss: 0.2397
[Epoch 14/300] Iter [670/794] Loss: 0.2197
[Epoch 14/300] Iter [680/794] Loss: 0.1801
[Epoch 14/300] Iter [690/794] Loss: 0.2214
[Epoch 14/300] Iter [700/794] Loss: 0.2771
[Epoch 14/300] Iter [710/794] Loss: 0.1726
[Epoch 14/300] Iter [720/794] Loss: 0.1785
[Epoch 14/300] Iter [730/794] Loss: 0.1846
[Epoch 14/300] Iter [740/794] Loss: 0.1657
[Epoch 14/300] Iter [750/794] Loss: 0.2746
[Epoch 14/300] Iter [760/794] Loss: 0.2672
[Epoch 14/300] Iter [770/794] Loss: 0.2893
[Epoch 14/300] Iter [780/794] Loss: 0.2950
[Epoch 14/300] Iter [790/794] Loss: 0.2612
Epoch [14/300] Validation Loss: 0.4177
No improvement for 7 epoch(s).
[Epoch 15/300] Iter [10/794] Loss: 0.2375
[Epoch 15/300] Iter [20/794] Loss: 0.1774
[Epoch 15/300] Iter [30/794] Loss: 0.1783
[Epoch 15/300] Iter [40/794] Loss: 0.1895
[Epoch 15/300] Iter [50/794] Loss: 0.2444
[Epoch 15/300] Iter [60/794] Loss: 0.1409
[Epoch 15/300] Iter [70/794] Loss: 0.2409
[Epoch 15/300] Iter [80/794] Loss: 0.2362
[Epoch 15/300] Iter [90/794] Loss: 0.1974
[Epoch 15/300] Iter [100/794] Loss: 0.1589
[Epoch 15/300] Iter [110/794] Loss: 0.1395
[Epoch 15/300] Iter [120/794] Loss: 0.1636
[Epoch 15/300] Iter [130/794] Loss: 0.1633
[Epoch 15/300] Iter [140/794] Loss: 0.1305
[Epoch 15/300] Iter [150/794] Loss: 0.2552
[Epoch 15/300] Iter [160/794] Loss: 0.1404
[Epoch 15/300] Iter [170/794] Loss: 0.2043
[Epoch 15/300] Iter [180/794] Loss: 0.1935
[Epoch 15/300] Iter [190/794] Loss: 0.2136
[Epoch 15/300] Iter [200/794] Loss: 0.1783
[Epoch 15/300] Iter [210/794] Loss: 0.2462
[Epoch 15/300] Iter [220/794] Loss: 0.1952
[Epoch 15/300] Iter [230/794] Loss: 0.0988
[Epoch 15/300] Iter [240/794] Loss: 0.1926
[Epoch 15/300] Iter [250/794] Loss: 0.2900
[Epoch 15/300] Iter [260/794] Loss: 0.1997
[Epoch 15/300] Iter [270/794] Loss: 0.1315
[Epoch 15/300] Iter [280/794] Loss: 0.1157
[Epoch 15/300] Iter [290/794] Loss: 0.1952
[Epoch 15/300] Iter [300/794] Loss: 0.2459
[Epoch 15/300] Iter [310/794] Loss: 0.1124
[Epoch 15/300] Iter [320/794] Loss: 0.2450
[Epoch 15/300] Iter [330/794] Loss: 0.2952
[Epoch 15/300] Iter [340/794] Loss: 0.2403
[Epoch 15/300] Iter [350/794] Loss: 0.2047
[Epoch 15/300] Iter [360/794] Loss: 0.2167
[Epoch 15/300] Iter [370/794] Loss: 0.1643
[Epoch 15/300] Iter [380/794] Loss: 0.1937
[Epoch 15/300] Iter [390/794] Loss: 0.1588
[Epoch 15/300] Iter [400/794] Loss: 0.1005
[Epoch 15/300] Iter [410/794] Loss: 0.2614
[Epoch 15/300] Iter [420/794] Loss: 0.2364
[Epoch 15/300] Iter [430/794] Loss: 0.2412
[Epoch 15/300] Iter [440/794] Loss: 0.1545
[Epoch 15/300] Iter [450/794] Loss: 0.1389
[Epoch 15/300] Iter [460/794] Loss: 0.2149
[Epoch 15/300] Iter [470/794] Loss: 0.1657
[Epoch 15/300] Iter [480/794] Loss: 0.0967
[Epoch 15/300] Iter [490/794] Loss: 0.1209
[Epoch 15/300] Iter [500/794] Loss: 0.2126
[Epoch 15/300] Iter [510/794] Loss: 0.1518
[Epoch 15/300] Iter [520/794] Loss: 0.1111
[Epoch 15/300] Iter [530/794] Loss: 0.2194
[Epoch 15/300] Iter [540/794] Loss: 0.2369
[Epoch 15/300] Iter [550/794] Loss: 0.2696
[Epoch 15/300] Iter [560/794] Loss: 0.2408
[Epoch 15/300] Iter [570/794] Loss: 0.2359
[Epoch 15/300] Iter [580/794] Loss: 0.2336
[Epoch 15/300] Iter [590/794] Loss: 0.2089
[Epoch 15/300] Iter [600/794] Loss: 0.2691
[Epoch 15/300] Iter [610/794] Loss: 0.2219
[Epoch 15/300] Iter [620/794] Loss: 0.1777
[Epoch 15/300] Iter [630/794] Loss: 0.3202
[Epoch 15/300] Iter [640/794] Loss: 0.2170
[Epoch 15/300] Iter [650/794] Loss: 0.3234
[Epoch 15/300] Iter [660/794] Loss: 0.1902
[Epoch 15/300] Iter [670/794] Loss: 0.2340
[Epoch 15/300] Iter [680/794] Loss: 0.1737
[Epoch 15/300] Iter [690/794] Loss: 0.2539
[Epoch 15/300] Iter [700/794] Loss: 0.1714
[Epoch 15/300] Iter [710/794] Loss: 0.2272
[Epoch 15/300] Iter [720/794] Loss: 0.2136
[Epoch 15/300] Iter [730/794] Loss: 0.2837
[Epoch 15/300] Iter [740/794] Loss: 0.2169
[Epoch 15/300] Iter [750/794] Loss: 0.2228
[Epoch 15/300] Iter [760/794] Loss: 0.1199
[Epoch 15/300] Iter [770/794] Loss: 0.1433
[Epoch 15/300] Iter [780/794] Loss: 0.1611
[Epoch 15/300] Iter [790/794] Loss: 0.2220
Epoch [15/300] Validation Loss: 0.4235
No improvement for 8 epoch(s).
[Epoch 16/300] Iter [10/794] Loss: 0.1805
[Epoch 16/300] Iter [20/794] Loss: 0.2022
[Epoch 16/300] Iter [30/794] Loss: 0.1479
[Epoch 16/300] Iter [40/794] Loss: 0.2205
[Epoch 16/300] Iter [50/794] Loss: 0.2093
[Epoch 16/300] Iter [60/794] Loss: 0.2004
[Epoch 16/300] Iter [70/794] Loss: 0.1624
[Epoch 16/300] Iter [80/794] Loss: 0.2332
[Epoch 16/300] Iter [90/794] Loss: 0.1744
[Epoch 16/300] Iter [100/794] Loss: 0.1821
[Epoch 16/300] Iter [110/794] Loss: 0.1660
[Epoch 16/300] Iter [120/794] Loss: 0.1608
[Epoch 16/300] Iter [130/794] Loss: 0.1308
[Epoch 16/300] Iter [140/794] Loss: 0.2540
[Epoch 16/300] Iter [150/794] Loss: 0.2129
[Epoch 16/300] Iter [160/794] Loss: 0.2327
[Epoch 16/300] Iter [170/794] Loss: 0.1483
[Epoch 16/300] Iter [180/794] Loss: 0.1581
[Epoch 16/300] Iter [190/794] Loss: 0.1961
[Epoch 16/300] Iter [200/794] Loss: 0.2252
[Epoch 16/300] Iter [210/794] Loss: 0.2004
[Epoch 16/300] Iter [220/794] Loss: 0.2453
[Epoch 16/300] Iter [230/794] Loss: 0.2317
[Epoch 16/300] Iter [240/794] Loss: 0.2442
[Epoch 16/300] Iter [250/794] Loss: 0.0939
[Epoch 16/300] Iter [260/794] Loss: 0.1965
[Epoch 16/300] Iter [270/794] Loss: 0.2664
[Epoch 16/300] Iter [280/794] Loss: 0.2178
[Epoch 16/300] Iter [290/794] Loss: 0.1772
[Epoch 16/300] Iter [300/794] Loss: 0.1881
[Epoch 16/300] Iter [310/794] Loss: 0.1765
[Epoch 16/300] Iter [320/794] Loss: 0.1187
[Epoch 16/300] Iter [330/794] Loss: 0.1954
[Epoch 16/300] Iter [340/794] Loss: 0.1685
[Epoch 16/300] Iter [350/794] Loss: 0.2794
[Epoch 16/300] Iter [360/794] Loss: 0.0856
[Epoch 16/300] Iter [370/794] Loss: 0.1455
[Epoch 16/300] Iter [380/794] Loss: 0.1580
[Epoch 16/300] Iter [390/794] Loss: 0.1871
[Epoch 16/300] Iter [400/794] Loss: 0.2522
[Epoch 16/300] Iter [410/794] Loss: 0.1759
[Epoch 16/300] Iter [420/794] Loss: 0.2675
[Epoch 16/300] Iter [430/794] Loss: 0.2767
[Epoch 16/300] Iter [440/794] Loss: 0.1908
[Epoch 16/300] Iter [450/794] Loss: 0.1880
[Epoch 16/300] Iter [460/794] Loss: 0.1567
[Epoch 16/300] Iter [470/794] Loss: 0.2229
[Epoch 16/300] Iter [480/794] Loss: 0.1310
[Epoch 16/300] Iter [490/794] Loss: 0.1421
[Epoch 16/300] Iter [500/794] Loss: 0.1927
[Epoch 16/300] Iter [510/794] Loss: 0.2224
[Epoch 16/300] Iter [520/794] Loss: 0.1750
[Epoch 16/300] Iter [530/794] Loss: 0.2201
[Epoch 16/300] Iter [540/794] Loss: 0.2268
[Epoch 16/300] Iter [550/794] Loss: 0.1705
[Epoch 16/300] Iter [560/794] Loss: 0.2259
[Epoch 16/300] Iter [570/794] Loss: 0.2731
[Epoch 16/300] Iter [580/794] Loss: 0.2184
[Epoch 16/300] Iter [590/794] Loss: 0.2362
[Epoch 16/300] Iter [600/794] Loss: 0.1750
[Epoch 16/300] Iter [610/794] Loss: 0.1396
[Epoch 16/300] Iter [620/794] Loss: 0.2307
[Epoch 16/300] Iter [630/794] Loss: 0.1385
[Epoch 16/300] Iter [640/794] Loss: 0.2904
[Epoch 16/300] Iter [650/794] Loss: 0.1945
[Epoch 16/300] Iter [660/794] Loss: 0.2875
[Epoch 16/300] Iter [670/794] Loss: 0.1776
[Epoch 16/300] Iter [680/794] Loss: 0.1948
[Epoch 16/300] Iter [690/794] Loss: 0.1706
[Epoch 16/300] Iter [700/794] Loss: 0.3726
[Epoch 16/300] Iter [710/794] Loss: 0.1993
[Epoch 16/300] Iter [720/794] Loss: 0.2750
[Epoch 16/300] Iter [730/794] Loss: 0.2153
[Epoch 16/300] Iter [740/794] Loss: 0.2011
[Epoch 16/300] Iter [750/794] Loss: 0.1403
[Epoch 16/300] Iter [760/794] Loss: 0.2059
[Epoch 16/300] Iter [770/794] Loss: 0.2226
[Epoch 16/300] Iter [780/794] Loss: 0.2084
[Epoch 16/300] Iter [790/794] Loss: 0.2374
Epoch [16/300] Validation Loss: 0.4156
No improvement for 9 epoch(s).
[Epoch 17/300] Iter [10/794] Loss: 0.1833
[Epoch 17/300] Iter [20/794] Loss: 0.2142
[Epoch 17/300] Iter [30/794] Loss: 0.1495
[Epoch 17/300] Iter [40/794] Loss: 0.1600
[Epoch 17/300] Iter [50/794] Loss: 0.2052
[Epoch 17/300] Iter [60/794] Loss: 0.0850
[Epoch 17/300] Iter [70/794] Loss: 0.2187
[Epoch 17/300] Iter [80/794] Loss: 0.0980
[Epoch 17/300] Iter [90/794] Loss: 0.2316
[Epoch 17/300] Iter [100/794] Loss: 0.2579
[Epoch 17/300] Iter [110/794] Loss: 0.1517
[Epoch 17/300] Iter [120/794] Loss: 0.1831
[Epoch 17/300] Iter [130/794] Loss: 0.1468
[Epoch 17/300] Iter [140/794] Loss: 0.2489
[Epoch 17/300] Iter [150/794] Loss: 0.2417
[Epoch 17/300] Iter [160/794] Loss: 0.1438
[Epoch 17/300] Iter [170/794] Loss: 0.1893
[Epoch 17/300] Iter [180/794] Loss: 0.1676
[Epoch 17/300] Iter [190/794] Loss: 0.1769
[Epoch 17/300] Iter [200/794] Loss: 0.1835
[Epoch 17/300] Iter [210/794] Loss: 0.1821
[Epoch 17/300] Iter [220/794] Loss: 0.1523
[Epoch 17/300] Iter [230/794] Loss: 0.2066
[Epoch 17/300] Iter [240/794] Loss: 0.1146
[Epoch 17/300] Iter [250/794] Loss: 0.1792
[Epoch 17/300] Iter [260/794] Loss: 0.2066
[Epoch 17/300] Iter [270/794] Loss: 0.1891
[Epoch 17/300] Iter [280/794] Loss: 0.2493
[Epoch 17/300] Iter [290/794] Loss: 0.1767
[Epoch 17/300] Iter [300/794] Loss: 0.1255
[Epoch 17/300] Iter [310/794] Loss: 0.1987
[Epoch 17/300] Iter [320/794] Loss: 0.1522
[Epoch 17/300] Iter [330/794] Loss: 0.1961
[Epoch 17/300] Iter [340/794] Loss: 0.3380
[Epoch 17/300] Iter [350/794] Loss: 0.1025
[Epoch 17/300] Iter [360/794] Loss: 0.1507
[Epoch 17/300] Iter [370/794] Loss: 0.1599
[Epoch 17/300] Iter [380/794] Loss: 0.2477
[Epoch 17/300] Iter [390/794] Loss: 0.2481
[Epoch 17/300] Iter [400/794] Loss: 0.1942
[Epoch 17/300] Iter [410/794] Loss: 0.1004
[Epoch 17/300] Iter [420/794] Loss: 0.1842
[Epoch 17/300] Iter [430/794] Loss: 0.3795
[Epoch 17/300] Iter [440/794] Loss: 0.3379
[Epoch 17/300] Iter [450/794] Loss: 0.2164
[Epoch 17/300] Iter [460/794] Loss: 0.1870
[Epoch 17/300] Iter [470/794] Loss: 0.1673
[Epoch 17/300] Iter [480/794] Loss: 0.1597
[Epoch 17/300] Iter [490/794] Loss: 0.1676
[Epoch 17/300] Iter [500/794] Loss: 0.1805
[Epoch 17/300] Iter [510/794] Loss: 0.2439
[Epoch 17/300] Iter [520/794] Loss: 0.2763
[Epoch 17/300] Iter [530/794] Loss: 0.1656
[Epoch 17/300] Iter [540/794] Loss: 0.1709
[Epoch 17/300] Iter [550/794] Loss: 0.1712
[Epoch 17/300] Iter [560/794] Loss: 0.2199
[Epoch 17/300] Iter [570/794] Loss: 0.1403
[Epoch 17/300] Iter [580/794] Loss: 0.2167
[Epoch 17/300] Iter [590/794] Loss: 0.2057
[Epoch 17/300] Iter [600/794] Loss: 0.2326
[Epoch 17/300] Iter [610/794] Loss: 0.2502
[Epoch 17/300] Iter [620/794] Loss: 0.2478
[Epoch 17/300] Iter [630/794] Loss: 0.1589
[Epoch 17/300] Iter [640/794] Loss: 0.1325
[Epoch 17/300] Iter [650/794] Loss: 0.1795
[Epoch 17/300] Iter [660/794] Loss: 0.2477
[Epoch 17/300] Iter [670/794] Loss: 0.2185
[Epoch 17/300] Iter [680/794] Loss: 0.2035
[Epoch 17/300] Iter [690/794] Loss: 0.2240
[Epoch 17/300] Iter [700/794] Loss: 0.1614
[Epoch 17/300] Iter [710/794] Loss: 0.1975
[Epoch 17/300] Iter [720/794] Loss: 0.2459
[Epoch 17/300] Iter [730/794] Loss: 0.1592
[Epoch 17/300] Iter [740/794] Loss: 0.1712
[Epoch 17/300] Iter [750/794] Loss: 0.2363
[Epoch 17/300] Iter [760/794] Loss: 0.1583
[Epoch 17/300] Iter [770/794] Loss: 0.2111
[Epoch 17/300] Iter [780/794] Loss: 0.2472
[Epoch 17/300] Iter [790/794] Loss: 0.1896
Epoch [17/300] Validation Loss: 0.4356
No improvement for 10 epoch(s).
Early stopping triggered at epoch 17
Training complete!
Test Accuracy: 81.75%
