===== Training Config =====
Dataset:        emnist
EMNIST Split:   balanced
Model:          lenet
BatchSize:      128
Epochs:         300
LR:             0.0022
Patience:       10
NumClasses:     47
SaveDir:        /scratch/gilbreth/hu953/cs57800/pth
Noise Std:      0.0
Noise Type:     gaussian
===========================
[Epoch 1/300] Iter [10/794] Loss: 3.3521
[Epoch 1/300] Iter [20/794] Loss: 2.8502
[Epoch 1/300] Iter [30/794] Loss: 2.1110
[Epoch 1/300] Iter [40/794] Loss: 1.5946
[Epoch 1/300] Iter [50/794] Loss: 1.3402
[Epoch 1/300] Iter [60/794] Loss: 0.9296
[Epoch 1/300] Iter [70/794] Loss: 0.7430
[Epoch 1/300] Iter [80/794] Loss: 1.0433
[Epoch 1/300] Iter [90/794] Loss: 0.8054
[Epoch 1/300] Iter [100/794] Loss: 0.8769
[Epoch 1/300] Iter [110/794] Loss: 0.7528
[Epoch 1/300] Iter [120/794] Loss: 0.6601
[Epoch 1/300] Iter [130/794] Loss: 0.6927
[Epoch 1/300] Iter [140/794] Loss: 0.7926
[Epoch 1/300] Iter [150/794] Loss: 0.6357
[Epoch 1/300] Iter [160/794] Loss: 0.5934
[Epoch 1/300] Iter [170/794] Loss: 0.6498
[Epoch 1/300] Iter [180/794] Loss: 0.5965
[Epoch 1/300] Iter [190/794] Loss: 0.6875
[Epoch 1/300] Iter [200/794] Loss: 0.6346
[Epoch 1/300] Iter [210/794] Loss: 0.6542
[Epoch 1/300] Iter [220/794] Loss: 0.4863
[Epoch 1/300] Iter [230/794] Loss: 0.4792
[Epoch 1/300] Iter [240/794] Loss: 0.4987
[Epoch 1/300] Iter [250/794] Loss: 0.6194
[Epoch 1/300] Iter [260/794] Loss: 0.5190
[Epoch 1/300] Iter [270/794] Loss: 0.5761
[Epoch 1/300] Iter [280/794] Loss: 0.5945
[Epoch 1/300] Iter [290/794] Loss: 0.6777
[Epoch 1/300] Iter [300/794] Loss: 0.5861
[Epoch 1/300] Iter [310/794] Loss: 0.4042
[Epoch 1/300] Iter [320/794] Loss: 0.6172
[Epoch 1/300] Iter [330/794] Loss: 0.4620
[Epoch 1/300] Iter [340/794] Loss: 0.3018
[Epoch 1/300] Iter [350/794] Loss: 0.7001
[Epoch 1/300] Iter [360/794] Loss: 0.7098
[Epoch 1/300] Iter [370/794] Loss: 0.5563
[Epoch 1/300] Iter [380/794] Loss: 0.4630
[Epoch 1/300] Iter [390/794] Loss: 0.3295
[Epoch 1/300] Iter [400/794] Loss: 0.5198
[Epoch 1/300] Iter [410/794] Loss: 0.3919
[Epoch 1/300] Iter [420/794] Loss: 0.5492
[Epoch 1/300] Iter [430/794] Loss: 0.5306
[Epoch 1/300] Iter [440/794] Loss: 0.4426
[Epoch 1/300] Iter [450/794] Loss: 0.5012
[Epoch 1/300] Iter [460/794] Loss: 0.6044
[Epoch 1/300] Iter [470/794] Loss: 0.5807
[Epoch 1/300] Iter [480/794] Loss: 0.4976
[Epoch 1/300] Iter [490/794] Loss: 0.5752
[Epoch 1/300] Iter [500/794] Loss: 0.4031
[Epoch 1/300] Iter [510/794] Loss: 0.5108
[Epoch 1/300] Iter [520/794] Loss: 0.4821
[Epoch 1/300] Iter [530/794] Loss: 0.4613
[Epoch 1/300] Iter [540/794] Loss: 0.4049
[Epoch 1/300] Iter [550/794] Loss: 0.4963
[Epoch 1/300] Iter [560/794] Loss: 0.4947
[Epoch 1/300] Iter [570/794] Loss: 0.4613
[Epoch 1/300] Iter [580/794] Loss: 0.6596
[Epoch 1/300] Iter [590/794] Loss: 0.4789
[Epoch 1/300] Iter [600/794] Loss: 0.4668
[Epoch 1/300] Iter [610/794] Loss: 0.5830
[Epoch 1/300] Iter [620/794] Loss: 0.3465
[Epoch 1/300] Iter [630/794] Loss: 0.4757
[Epoch 1/300] Iter [640/794] Loss: 0.5399
[Epoch 1/300] Iter [650/794] Loss: 0.3757
[Epoch 1/300] Iter [660/794] Loss: 0.5288
[Epoch 1/300] Iter [670/794] Loss: 0.2786
[Epoch 1/300] Iter [680/794] Loss: 0.4719
[Epoch 1/300] Iter [690/794] Loss: 0.5504
[Epoch 1/300] Iter [700/794] Loss: 0.4522
[Epoch 1/300] Iter [710/794] Loss: 0.3995
[Epoch 1/300] Iter [720/794] Loss: 0.4514
[Epoch 1/300] Iter [730/794] Loss: 0.4595
[Epoch 1/300] Iter [740/794] Loss: 0.4048
[Epoch 1/300] Iter [750/794] Loss: 0.4561
[Epoch 1/300] Iter [760/794] Loss: 0.4632
[Epoch 1/300] Iter [770/794] Loss: 0.3959
[Epoch 1/300] Iter [780/794] Loss: 0.5604
[Epoch 1/300] Iter [790/794] Loss: 0.5536
Epoch [1/300] Validation Loss: 0.4321
[Epoch 2/300] Iter [10/794] Loss: 0.4493
[Epoch 2/300] Iter [20/794] Loss: 0.5587
[Epoch 2/300] Iter [30/794] Loss: 0.3269
[Epoch 2/300] Iter [40/794] Loss: 0.3836
[Epoch 2/300] Iter [50/794] Loss: 0.4243
[Epoch 2/300] Iter [60/794] Loss: 0.4302
[Epoch 2/300] Iter [70/794] Loss: 0.3084
[Epoch 2/300] Iter [80/794] Loss: 0.4471
[Epoch 2/300] Iter [90/794] Loss: 0.3065
[Epoch 2/300] Iter [100/794] Loss: 0.5520
[Epoch 2/300] Iter [110/794] Loss: 0.3727
[Epoch 2/300] Iter [120/794] Loss: 0.4653
[Epoch 2/300] Iter [130/794] Loss: 0.4802
[Epoch 2/300] Iter [140/794] Loss: 0.5137
[Epoch 2/300] Iter [150/794] Loss: 0.3118
[Epoch 2/300] Iter [160/794] Loss: 0.3214
[Epoch 2/300] Iter [170/794] Loss: 0.4563
[Epoch 2/300] Iter [180/794] Loss: 0.3545
[Epoch 2/300] Iter [190/794] Loss: 0.4936
[Epoch 2/300] Iter [200/794] Loss: 0.3148
[Epoch 2/300] Iter [210/794] Loss: 0.3509
[Epoch 2/300] Iter [220/794] Loss: 0.3890
[Epoch 2/300] Iter [230/794] Loss: 0.3786
[Epoch 2/300] Iter [240/794] Loss: 0.5710
[Epoch 2/300] Iter [250/794] Loss: 0.3421
[Epoch 2/300] Iter [260/794] Loss: 0.3362
[Epoch 2/300] Iter [270/794] Loss: 0.3551
[Epoch 2/300] Iter [280/794] Loss: 0.5301
[Epoch 2/300] Iter [290/794] Loss: 0.4270
[Epoch 2/300] Iter [300/794] Loss: 0.3508
[Epoch 2/300] Iter [310/794] Loss: 0.2700
[Epoch 2/300] Iter [320/794] Loss: 0.3903
[Epoch 2/300] Iter [330/794] Loss: 0.4580
[Epoch 2/300] Iter [340/794] Loss: 0.3987
[Epoch 2/300] Iter [350/794] Loss: 0.3471
[Epoch 2/300] Iter [360/794] Loss: 0.5082
[Epoch 2/300] Iter [370/794] Loss: 0.4720
[Epoch 2/300] Iter [380/794] Loss: 0.3022
[Epoch 2/300] Iter [390/794] Loss: 0.3926
[Epoch 2/300] Iter [400/794] Loss: 0.3772
[Epoch 2/300] Iter [410/794] Loss: 0.3237
[Epoch 2/300] Iter [420/794] Loss: 0.4178
[Epoch 2/300] Iter [430/794] Loss: 0.5086
[Epoch 2/300] Iter [440/794] Loss: 0.3697
[Epoch 2/300] Iter [450/794] Loss: 0.3756
[Epoch 2/300] Iter [460/794] Loss: 0.3860
[Epoch 2/300] Iter [470/794] Loss: 0.3892
[Epoch 2/300] Iter [480/794] Loss: 0.4021
[Epoch 2/300] Iter [490/794] Loss: 0.3983
[Epoch 2/300] Iter [500/794] Loss: 0.2768
[Epoch 2/300] Iter [510/794] Loss: 0.3872
[Epoch 2/300] Iter [520/794] Loss: 0.4546
[Epoch 2/300] Iter [530/794] Loss: 0.3392
[Epoch 2/300] Iter [540/794] Loss: 0.3100
[Epoch 2/300] Iter [550/794] Loss: 0.3364
[Epoch 2/300] Iter [560/794] Loss: 0.4749
[Epoch 2/300] Iter [570/794] Loss: 0.3966
[Epoch 2/300] Iter [580/794] Loss: 0.3667
[Epoch 2/300] Iter [590/794] Loss: 0.5639
[Epoch 2/300] Iter [600/794] Loss: 0.3581
[Epoch 2/300] Iter [610/794] Loss: 0.3995
[Epoch 2/300] Iter [620/794] Loss: 0.4114
[Epoch 2/300] Iter [630/794] Loss: 0.4948
[Epoch 2/300] Iter [640/794] Loss: 0.3868
[Epoch 2/300] Iter [650/794] Loss: 0.3749
[Epoch 2/300] Iter [660/794] Loss: 0.3577
[Epoch 2/300] Iter [670/794] Loss: 0.2622
[Epoch 2/300] Iter [680/794] Loss: 0.3041
[Epoch 2/300] Iter [690/794] Loss: 0.4575
[Epoch 2/300] Iter [700/794] Loss: 0.3337
[Epoch 2/300] Iter [710/794] Loss: 0.3497
[Epoch 2/300] Iter [720/794] Loss: 0.4708
[Epoch 2/300] Iter [730/794] Loss: 0.2939
[Epoch 2/300] Iter [740/794] Loss: 0.4744
[Epoch 2/300] Iter [750/794] Loss: 0.3547
[Epoch 2/300] Iter [760/794] Loss: 0.4317
[Epoch 2/300] Iter [770/794] Loss: 0.2792
[Epoch 2/300] Iter [780/794] Loss: 0.3951
[Epoch 2/300] Iter [790/794] Loss: 0.3103
Epoch [2/300] Validation Loss: 0.3923
[Epoch 3/300] Iter [10/794] Loss: 0.3420
[Epoch 3/300] Iter [20/794] Loss: 0.4134
[Epoch 3/300] Iter [30/794] Loss: 0.3940
[Epoch 3/300] Iter [40/794] Loss: 0.4196
[Epoch 3/300] Iter [50/794] Loss: 0.2309
[Epoch 3/300] Iter [60/794] Loss: 0.4059
[Epoch 3/300] Iter [70/794] Loss: 0.3543
[Epoch 3/300] Iter [80/794] Loss: 0.2828
[Epoch 3/300] Iter [90/794] Loss: 0.4244
[Epoch 3/300] Iter [100/794] Loss: 0.3128
[Epoch 3/300] Iter [110/794] Loss: 0.3692
[Epoch 3/300] Iter [120/794] Loss: 0.2758
[Epoch 3/300] Iter [130/794] Loss: 0.3567
[Epoch 3/300] Iter [140/794] Loss: 0.4046
[Epoch 3/300] Iter [150/794] Loss: 0.3263
[Epoch 3/300] Iter [160/794] Loss: 0.3760
[Epoch 3/300] Iter [170/794] Loss: 0.3058
[Epoch 3/300] Iter [180/794] Loss: 0.2859
[Epoch 3/300] Iter [190/794] Loss: 0.3394
[Epoch 3/300] Iter [200/794] Loss: 0.3281
[Epoch 3/300] Iter [210/794] Loss: 0.3524
[Epoch 3/300] Iter [220/794] Loss: 0.3195
[Epoch 3/300] Iter [230/794] Loss: 0.3935
[Epoch 3/300] Iter [240/794] Loss: 0.2345
[Epoch 3/300] Iter [250/794] Loss: 0.3191
[Epoch 3/300] Iter [260/794] Loss: 0.2691
[Epoch 3/300] Iter [270/794] Loss: 0.2959
[Epoch 3/300] Iter [280/794] Loss: 0.3684
[Epoch 3/300] Iter [290/794] Loss: 0.3375
[Epoch 3/300] Iter [300/794] Loss: 0.3176
[Epoch 3/300] Iter [310/794] Loss: 0.3127
[Epoch 3/300] Iter [320/794] Loss: 0.2524
[Epoch 3/300] Iter [330/794] Loss: 0.3440
[Epoch 3/300] Iter [340/794] Loss: 0.4097
[Epoch 3/300] Iter [350/794] Loss: 0.3123
[Epoch 3/300] Iter [360/794] Loss: 0.3210
[Epoch 3/300] Iter [370/794] Loss: 0.3822
[Epoch 3/300] Iter [380/794] Loss: 0.4879
[Epoch 3/300] Iter [390/794] Loss: 0.4891
[Epoch 3/300] Iter [400/794] Loss: 0.3962
[Epoch 3/300] Iter [410/794] Loss: 0.2647
[Epoch 3/300] Iter [420/794] Loss: 0.3014
[Epoch 3/300] Iter [430/794] Loss: 0.2934
[Epoch 3/300] Iter [440/794] Loss: 0.4169
[Epoch 3/300] Iter [450/794] Loss: 0.2231
[Epoch 3/300] Iter [460/794] Loss: 0.2458
[Epoch 3/300] Iter [470/794] Loss: 0.3452
[Epoch 3/300] Iter [480/794] Loss: 0.3079
[Epoch 3/300] Iter [490/794] Loss: 0.4318
[Epoch 3/300] Iter [500/794] Loss: 0.3260
[Epoch 3/300] Iter [510/794] Loss: 0.4532
[Epoch 3/300] Iter [520/794] Loss: 0.4497
[Epoch 3/300] Iter [530/794] Loss: 0.3612
[Epoch 3/300] Iter [540/794] Loss: 0.3876
[Epoch 3/300] Iter [550/794] Loss: 0.3259
[Epoch 3/300] Iter [560/794] Loss: 0.3143
[Epoch 3/300] Iter [570/794] Loss: 0.3399
[Epoch 3/300] Iter [580/794] Loss: 0.4439
[Epoch 3/300] Iter [590/794] Loss: 0.2664
[Epoch 3/300] Iter [600/794] Loss: 0.3681
[Epoch 3/300] Iter [610/794] Loss: 0.2489
[Epoch 3/300] Iter [620/794] Loss: 0.2708
[Epoch 3/300] Iter [630/794] Loss: 0.4700
[Epoch 3/300] Iter [640/794] Loss: 0.2908
[Epoch 3/300] Iter [650/794] Loss: 0.4342
[Epoch 3/300] Iter [660/794] Loss: 0.3774
[Epoch 3/300] Iter [670/794] Loss: 0.2858
[Epoch 3/300] Iter [680/794] Loss: 0.3066
[Epoch 3/300] Iter [690/794] Loss: 0.4360
[Epoch 3/300] Iter [700/794] Loss: 0.3510
[Epoch 3/300] Iter [710/794] Loss: 0.5249
[Epoch 3/300] Iter [720/794] Loss: 0.2389
[Epoch 3/300] Iter [730/794] Loss: 0.3048
[Epoch 3/300] Iter [740/794] Loss: 0.4214
[Epoch 3/300] Iter [750/794] Loss: 0.3541
[Epoch 3/300] Iter [760/794] Loss: 0.2955
[Epoch 3/300] Iter [770/794] Loss: 0.3408
[Epoch 3/300] Iter [780/794] Loss: 0.4964
[Epoch 3/300] Iter [790/794] Loss: 0.4741
Epoch [3/300] Validation Loss: 0.3897
[Epoch 4/300] Iter [10/794] Loss: 0.3052
[Epoch 4/300] Iter [20/794] Loss: 0.2237
[Epoch 4/300] Iter [30/794] Loss: 0.3903
[Epoch 4/300] Iter [40/794] Loss: 0.3027
[Epoch 4/300] Iter [50/794] Loss: 0.3090
[Epoch 4/300] Iter [60/794] Loss: 0.3836
[Epoch 4/300] Iter [70/794] Loss: 0.2562
[Epoch 4/300] Iter [80/794] Loss: 0.1887
[Epoch 4/300] Iter [90/794] Loss: 0.2698
[Epoch 4/300] Iter [100/794] Loss: 0.2878
[Epoch 4/300] Iter [110/794] Loss: 0.2357
[Epoch 4/300] Iter [120/794] Loss: 0.4067
[Epoch 4/300] Iter [130/794] Loss: 0.2224
[Epoch 4/300] Iter [140/794] Loss: 0.2367
[Epoch 4/300] Iter [150/794] Loss: 0.2633
[Epoch 4/300] Iter [160/794] Loss: 0.2427
[Epoch 4/300] Iter [170/794] Loss: 0.3108
[Epoch 4/300] Iter [180/794] Loss: 0.3365
[Epoch 4/300] Iter [190/794] Loss: 0.3188
[Epoch 4/300] Iter [200/794] Loss: 0.3128
[Epoch 4/300] Iter [210/794] Loss: 0.4773
[Epoch 4/300] Iter [220/794] Loss: 0.3005
[Epoch 4/300] Iter [230/794] Loss: 0.3243
[Epoch 4/300] Iter [240/794] Loss: 0.3618
[Epoch 4/300] Iter [250/794] Loss: 0.1998
[Epoch 4/300] Iter [260/794] Loss: 0.3914
[Epoch 4/300] Iter [270/794] Loss: 0.4037
[Epoch 4/300] Iter [280/794] Loss: 0.3543
[Epoch 4/300] Iter [290/794] Loss: 0.2609
[Epoch 4/300] Iter [300/794] Loss: 0.3556
[Epoch 4/300] Iter [310/794] Loss: 0.2451
[Epoch 4/300] Iter [320/794] Loss: 0.3837
[Epoch 4/300] Iter [330/794] Loss: 0.2786
[Epoch 4/300] Iter [340/794] Loss: 0.2485
[Epoch 4/300] Iter [350/794] Loss: 0.4349
[Epoch 4/300] Iter [360/794] Loss: 0.3185
[Epoch 4/300] Iter [370/794] Loss: 0.3935
[Epoch 4/300] Iter [380/794] Loss: 0.2908
[Epoch 4/300] Iter [390/794] Loss: 0.3592
[Epoch 4/300] Iter [400/794] Loss: 0.2357
[Epoch 4/300] Iter [410/794] Loss: 0.3004
[Epoch 4/300] Iter [420/794] Loss: 0.3246
[Epoch 4/300] Iter [430/794] Loss: 0.3013
[Epoch 4/300] Iter [440/794] Loss: 0.3030
[Epoch 4/300] Iter [450/794] Loss: 0.3118
[Epoch 4/300] Iter [460/794] Loss: 0.3104
[Epoch 4/300] Iter [470/794] Loss: 0.3841
[Epoch 4/300] Iter [480/794] Loss: 0.3943
[Epoch 4/300] Iter [490/794] Loss: 0.3767
[Epoch 4/300] Iter [500/794] Loss: 0.2377
[Epoch 4/300] Iter [510/794] Loss: 0.4489
[Epoch 4/300] Iter [520/794] Loss: 0.2600
[Epoch 4/300] Iter [530/794] Loss: 0.3469
[Epoch 4/300] Iter [540/794] Loss: 0.4670
[Epoch 4/300] Iter [550/794] Loss: 0.3405
[Epoch 4/300] Iter [560/794] Loss: 0.2061
[Epoch 4/300] Iter [570/794] Loss: 0.3414
[Epoch 4/300] Iter [580/794] Loss: 0.3678
[Epoch 4/300] Iter [590/794] Loss: 0.4730
[Epoch 4/300] Iter [600/794] Loss: 0.3147
[Epoch 4/300] Iter [610/794] Loss: 0.3334
[Epoch 4/300] Iter [620/794] Loss: 0.3610
[Epoch 4/300] Iter [630/794] Loss: 0.2766
[Epoch 4/300] Iter [640/794] Loss: 0.3435
[Epoch 4/300] Iter [650/794] Loss: 0.3090
[Epoch 4/300] Iter [660/794] Loss: 0.3698
[Epoch 4/300] Iter [670/794] Loss: 0.3035
[Epoch 4/300] Iter [680/794] Loss: 0.4294
[Epoch 4/300] Iter [690/794] Loss: 0.2626
[Epoch 4/300] Iter [700/794] Loss: 0.2775
[Epoch 4/300] Iter [710/794] Loss: 0.3499
[Epoch 4/300] Iter [720/794] Loss: 0.3240
[Epoch 4/300] Iter [730/794] Loss: 0.3499
[Epoch 4/300] Iter [740/794] Loss: 0.4444
[Epoch 4/300] Iter [750/794] Loss: 0.1683
[Epoch 4/300] Iter [760/794] Loss: 0.3162
[Epoch 4/300] Iter [770/794] Loss: 0.3130
[Epoch 4/300] Iter [780/794] Loss: 0.3007
[Epoch 4/300] Iter [790/794] Loss: 0.2971
Epoch [4/300] Validation Loss: 0.3846
[Epoch 5/300] Iter [10/794] Loss: 0.2522
[Epoch 5/300] Iter [20/794] Loss: 0.3068
[Epoch 5/300] Iter [30/794] Loss: 0.2605
[Epoch 5/300] Iter [40/794] Loss: 0.2673
[Epoch 5/300] Iter [50/794] Loss: 0.2370
[Epoch 5/300] Iter [60/794] Loss: 0.3334
[Epoch 5/300] Iter [70/794] Loss: 0.2739
[Epoch 5/300] Iter [80/794] Loss: 0.2097
[Epoch 5/300] Iter [90/794] Loss: 0.2804
[Epoch 5/300] Iter [100/794] Loss: 0.3210
[Epoch 5/300] Iter [110/794] Loss: 0.2270
[Epoch 5/300] Iter [120/794] Loss: 0.1813
[Epoch 5/300] Iter [130/794] Loss: 0.2270
[Epoch 5/300] Iter [140/794] Loss: 0.4803
[Epoch 5/300] Iter [150/794] Loss: 0.4280
[Epoch 5/300] Iter [160/794] Loss: 0.2770
[Epoch 5/300] Iter [170/794] Loss: 0.2167
[Epoch 5/300] Iter [180/794] Loss: 0.3452
[Epoch 5/300] Iter [190/794] Loss: 0.2447
[Epoch 5/300] Iter [200/794] Loss: 0.2440
[Epoch 5/300] Iter [210/794] Loss: 0.2788
[Epoch 5/300] Iter [220/794] Loss: 0.3260
[Epoch 5/300] Iter [230/794] Loss: 0.3068
[Epoch 5/300] Iter [240/794] Loss: 0.2098
[Epoch 5/300] Iter [250/794] Loss: 0.1845
[Epoch 5/300] Iter [260/794] Loss: 0.3997
[Epoch 5/300] Iter [270/794] Loss: 0.3777
[Epoch 5/300] Iter [280/794] Loss: 0.2518
[Epoch 5/300] Iter [290/794] Loss: 0.4143
[Epoch 5/300] Iter [300/794] Loss: 0.3209
[Epoch 5/300] Iter [310/794] Loss: 0.3354
[Epoch 5/300] Iter [320/794] Loss: 0.2765
[Epoch 5/300] Iter [330/794] Loss: 0.2573
[Epoch 5/300] Iter [340/794] Loss: 0.1996
[Epoch 5/300] Iter [350/794] Loss: 0.4692
[Epoch 5/300] Iter [360/794] Loss: 0.3253
[Epoch 5/300] Iter [370/794] Loss: 0.2366
[Epoch 5/300] Iter [380/794] Loss: 0.2871
[Epoch 5/300] Iter [390/794] Loss: 0.2293
[Epoch 5/300] Iter [400/794] Loss: 0.1923
[Epoch 5/300] Iter [410/794] Loss: 0.3104
[Epoch 5/300] Iter [420/794] Loss: 0.3246
[Epoch 5/300] Iter [430/794] Loss: 0.2408
[Epoch 5/300] Iter [440/794] Loss: 0.3108
[Epoch 5/300] Iter [450/794] Loss: 0.2249
[Epoch 5/300] Iter [460/794] Loss: 0.3712
[Epoch 5/300] Iter [470/794] Loss: 0.4433
[Epoch 5/300] Iter [480/794] Loss: 0.3538
[Epoch 5/300] Iter [490/794] Loss: 0.2490
[Epoch 5/300] Iter [500/794] Loss: 0.2184
[Epoch 5/300] Iter [510/794] Loss: 0.3272
[Epoch 5/300] Iter [520/794] Loss: 0.2643
[Epoch 5/300] Iter [530/794] Loss: 0.3864
[Epoch 5/300] Iter [540/794] Loss: 0.2816
[Epoch 5/300] Iter [550/794] Loss: 0.3131
[Epoch 5/300] Iter [560/794] Loss: 0.1884
[Epoch 5/300] Iter [570/794] Loss: 0.2788
[Epoch 5/300] Iter [580/794] Loss: 0.2107
[Epoch 5/300] Iter [590/794] Loss: 0.2092
[Epoch 5/300] Iter [600/794] Loss: 0.2921
[Epoch 5/300] Iter [610/794] Loss: 0.3376
[Epoch 5/300] Iter [620/794] Loss: 0.2503
[Epoch 5/300] Iter [630/794] Loss: 0.3059
[Epoch 5/300] Iter [640/794] Loss: 0.1957
[Epoch 5/300] Iter [650/794] Loss: 0.2273
[Epoch 5/300] Iter [660/794] Loss: 0.2934
[Epoch 5/300] Iter [670/794] Loss: 0.3084
[Epoch 5/300] Iter [680/794] Loss: 0.4097
[Epoch 5/300] Iter [690/794] Loss: 0.3194
[Epoch 5/300] Iter [700/794] Loss: 0.2906
[Epoch 5/300] Iter [710/794] Loss: 0.2545
[Epoch 5/300] Iter [720/794] Loss: 0.4746
[Epoch 5/300] Iter [730/794] Loss: 0.2972
[Epoch 5/300] Iter [740/794] Loss: 0.2398
[Epoch 5/300] Iter [750/794] Loss: 0.2373
[Epoch 5/300] Iter [760/794] Loss: 0.3164
[Epoch 5/300] Iter [770/794] Loss: 0.2073
[Epoch 5/300] Iter [780/794] Loss: 0.2377
[Epoch 5/300] Iter [790/794] Loss: 0.4412
Epoch [5/300] Validation Loss: 0.3712
[Epoch 6/300] Iter [10/794] Loss: 0.3142
[Epoch 6/300] Iter [20/794] Loss: 0.2890
[Epoch 6/300] Iter [30/794] Loss: 0.3126
[Epoch 6/300] Iter [40/794] Loss: 0.2633
[Epoch 6/300] Iter [50/794] Loss: 0.2569
[Epoch 6/300] Iter [60/794] Loss: 0.2153
[Epoch 6/300] Iter [70/794] Loss: 0.2288
[Epoch 6/300] Iter [80/794] Loss: 0.2549
[Epoch 6/300] Iter [90/794] Loss: 0.2483
[Epoch 6/300] Iter [100/794] Loss: 0.3023
[Epoch 6/300] Iter [110/794] Loss: 0.2356
[Epoch 6/300] Iter [120/794] Loss: 0.4417
[Epoch 6/300] Iter [130/794] Loss: 0.4897
[Epoch 6/300] Iter [140/794] Loss: 0.2917
[Epoch 6/300] Iter [150/794] Loss: 0.2610
[Epoch 6/300] Iter [160/794] Loss: 0.3359
[Epoch 6/300] Iter [170/794] Loss: 0.3721
[Epoch 6/300] Iter [180/794] Loss: 0.4771
[Epoch 6/300] Iter [190/794] Loss: 0.2460
[Epoch 6/300] Iter [200/794] Loss: 0.2386
[Epoch 6/300] Iter [210/794] Loss: 0.2358
[Epoch 6/300] Iter [220/794] Loss: 0.2864
[Epoch 6/300] Iter [230/794] Loss: 0.2758
[Epoch 6/300] Iter [240/794] Loss: 0.3078
[Epoch 6/300] Iter [250/794] Loss: 0.2766
[Epoch 6/300] Iter [260/794] Loss: 0.3384
[Epoch 6/300] Iter [270/794] Loss: 0.2146
[Epoch 6/300] Iter [280/794] Loss: 0.2239
[Epoch 6/300] Iter [290/794] Loss: 0.2963
[Epoch 6/300] Iter [300/794] Loss: 0.4352
[Epoch 6/300] Iter [310/794] Loss: 0.2715
[Epoch 6/300] Iter [320/794] Loss: 0.2095
[Epoch 6/300] Iter [330/794] Loss: 0.1996
[Epoch 6/300] Iter [340/794] Loss: 0.3811
[Epoch 6/300] Iter [350/794] Loss: 0.3134
[Epoch 6/300] Iter [360/794] Loss: 0.2793
[Epoch 6/300] Iter [370/794] Loss: 0.2873
[Epoch 6/300] Iter [380/794] Loss: 0.3137
[Epoch 6/300] Iter [390/794] Loss: 0.2976
[Epoch 6/300] Iter [400/794] Loss: 0.3026
[Epoch 6/300] Iter [410/794] Loss: 0.2725
[Epoch 6/300] Iter [420/794] Loss: 0.3091
[Epoch 6/300] Iter [430/794] Loss: 0.2872
[Epoch 6/300] Iter [440/794] Loss: 0.4069
[Epoch 6/300] Iter [450/794] Loss: 0.3476
[Epoch 6/300] Iter [460/794] Loss: 0.3370
[Epoch 6/300] Iter [470/794] Loss: 0.3736
[Epoch 6/300] Iter [480/794] Loss: 0.2115
[Epoch 6/300] Iter [490/794] Loss: 0.2543
[Epoch 6/300] Iter [500/794] Loss: 0.2774
[Epoch 6/300] Iter [510/794] Loss: 0.1975
[Epoch 6/300] Iter [520/794] Loss: 0.2470
[Epoch 6/300] Iter [530/794] Loss: 0.3826
[Epoch 6/300] Iter [540/794] Loss: 0.2765
[Epoch 6/300] Iter [550/794] Loss: 0.2437
[Epoch 6/300] Iter [560/794] Loss: 0.3230
[Epoch 6/300] Iter [570/794] Loss: 0.3924
[Epoch 6/300] Iter [580/794] Loss: 0.2771
[Epoch 6/300] Iter [590/794] Loss: 0.2131
[Epoch 6/300] Iter [600/794] Loss: 0.3515
[Epoch 6/300] Iter [610/794] Loss: 0.3319
[Epoch 6/300] Iter [620/794] Loss: 0.2534
[Epoch 6/300] Iter [630/794] Loss: 0.2671
[Epoch 6/300] Iter [640/794] Loss: 0.2217
[Epoch 6/300] Iter [650/794] Loss: 0.3122
[Epoch 6/300] Iter [660/794] Loss: 0.2168
[Epoch 6/300] Iter [670/794] Loss: 0.3435
[Epoch 6/300] Iter [680/794] Loss: 0.2627
[Epoch 6/300] Iter [690/794] Loss: 0.3978
[Epoch 6/300] Iter [700/794] Loss: 0.2517
[Epoch 6/300] Iter [710/794] Loss: 0.3886
[Epoch 6/300] Iter [720/794] Loss: 0.2774
[Epoch 6/300] Iter [730/794] Loss: 0.2741
[Epoch 6/300] Iter [740/794] Loss: 0.1989
[Epoch 6/300] Iter [750/794] Loss: 0.2786
[Epoch 6/300] Iter [760/794] Loss: 0.5512
[Epoch 6/300] Iter [770/794] Loss: 0.2852
[Epoch 6/300] Iter [780/794] Loss: 0.4204
[Epoch 6/300] Iter [790/794] Loss: 0.2990
Epoch [6/300] Validation Loss: 0.3584
[Epoch 7/300] Iter [10/794] Loss: 0.2976
[Epoch 7/300] Iter [20/794] Loss: 0.3194
[Epoch 7/300] Iter [30/794] Loss: 0.3623
[Epoch 7/300] Iter [40/794] Loss: 0.2417
[Epoch 7/300] Iter [50/794] Loss: 0.2483
[Epoch 7/300] Iter [60/794] Loss: 0.2155
[Epoch 7/300] Iter [70/794] Loss: 0.2323
[Epoch 7/300] Iter [80/794] Loss: 0.1920
[Epoch 7/300] Iter [90/794] Loss: 0.1925
[Epoch 7/300] Iter [100/794] Loss: 0.2777
[Epoch 7/300] Iter [110/794] Loss: 0.3481
[Epoch 7/300] Iter [120/794] Loss: 0.3013
[Epoch 7/300] Iter [130/794] Loss: 0.2764
[Epoch 7/300] Iter [140/794] Loss: 0.1706
[Epoch 7/300] Iter [150/794] Loss: 0.4103
[Epoch 7/300] Iter [160/794] Loss: 0.2010
[Epoch 7/300] Iter [170/794] Loss: 0.1748
[Epoch 7/300] Iter [180/794] Loss: 0.4306
[Epoch 7/300] Iter [190/794] Loss: 0.2881
[Epoch 7/300] Iter [200/794] Loss: 0.2436
[Epoch 7/300] Iter [210/794] Loss: 0.2805
[Epoch 7/300] Iter [220/794] Loss: 0.2226
[Epoch 7/300] Iter [230/794] Loss: 0.3696
[Epoch 7/300] Iter [240/794] Loss: 0.2477
[Epoch 7/300] Iter [250/794] Loss: 0.2867
[Epoch 7/300] Iter [260/794] Loss: 0.3143
[Epoch 7/300] Iter [270/794] Loss: 0.1639
[Epoch 7/300] Iter [280/794] Loss: 0.2175
[Epoch 7/300] Iter [290/794] Loss: 0.2459
[Epoch 7/300] Iter [300/794] Loss: 0.3755
[Epoch 7/300] Iter [310/794] Loss: 0.2611
[Epoch 7/300] Iter [320/794] Loss: 0.2585
[Epoch 7/300] Iter [330/794] Loss: 0.2080
[Epoch 7/300] Iter [340/794] Loss: 0.3046
[Epoch 7/300] Iter [350/794] Loss: 0.3120
[Epoch 7/300] Iter [360/794] Loss: 0.2189
[Epoch 7/300] Iter [370/794] Loss: 0.4576
[Epoch 7/300] Iter [380/794] Loss: 0.2011
[Epoch 7/300] Iter [390/794] Loss: 0.3669
[Epoch 7/300] Iter [400/794] Loss: 0.2291
[Epoch 7/300] Iter [410/794] Loss: 0.2608
[Epoch 7/300] Iter [420/794] Loss: 0.1896
[Epoch 7/300] Iter [430/794] Loss: 0.3376
[Epoch 7/300] Iter [440/794] Loss: 0.3995
[Epoch 7/300] Iter [450/794] Loss: 0.2769
[Epoch 7/300] Iter [460/794] Loss: 0.2823
[Epoch 7/300] Iter [470/794] Loss: 0.3178
[Epoch 7/300] Iter [480/794] Loss: 0.2665
[Epoch 7/300] Iter [490/794] Loss: 0.2350
[Epoch 7/300] Iter [500/794] Loss: 0.2863
[Epoch 7/300] Iter [510/794] Loss: 0.2485
[Epoch 7/300] Iter [520/794] Loss: 0.3132
[Epoch 7/300] Iter [530/794] Loss: 0.2183
[Epoch 7/300] Iter [540/794] Loss: 0.1968
[Epoch 7/300] Iter [550/794] Loss: 0.2796
[Epoch 7/300] Iter [560/794] Loss: 0.3351
[Epoch 7/300] Iter [570/794] Loss: 0.1892
[Epoch 7/300] Iter [580/794] Loss: 0.2333
[Epoch 7/300] Iter [590/794] Loss: 0.3099
[Epoch 7/300] Iter [600/794] Loss: 0.3145
[Epoch 7/300] Iter [610/794] Loss: 0.3723
[Epoch 7/300] Iter [620/794] Loss: 0.2356
[Epoch 7/300] Iter [630/794] Loss: 0.3151
[Epoch 7/300] Iter [640/794] Loss: 0.2908
[Epoch 7/300] Iter [650/794] Loss: 0.2522
[Epoch 7/300] Iter [660/794] Loss: 0.2977
[Epoch 7/300] Iter [670/794] Loss: 0.3360
[Epoch 7/300] Iter [680/794] Loss: 0.2831
[Epoch 7/300] Iter [690/794] Loss: 0.2604
[Epoch 7/300] Iter [700/794] Loss: 0.2119
[Epoch 7/300] Iter [710/794] Loss: 0.2927
[Epoch 7/300] Iter [720/794] Loss: 0.2650
[Epoch 7/300] Iter [730/794] Loss: 0.3597
[Epoch 7/300] Iter [740/794] Loss: 0.3078
[Epoch 7/300] Iter [750/794] Loss: 0.1652
[Epoch 7/300] Iter [760/794] Loss: 0.3743
[Epoch 7/300] Iter [770/794] Loss: 0.4044
[Epoch 7/300] Iter [780/794] Loss: 0.3689
[Epoch 7/300] Iter [790/794] Loss: 0.2526
Epoch [7/300] Validation Loss: 0.3653
No improvement for 1 epoch(s).
[Epoch 8/300] Iter [10/794] Loss: 0.1981
[Epoch 8/300] Iter [20/794] Loss: 0.2683
[Epoch 8/300] Iter [30/794] Loss: 0.1920
[Epoch 8/300] Iter [40/794] Loss: 0.2128
[Epoch 8/300] Iter [50/794] Loss: 0.1919
[Epoch 8/300] Iter [60/794] Loss: 0.3062
[Epoch 8/300] Iter [70/794] Loss: 0.3964
[Epoch 8/300] Iter [80/794] Loss: 0.2098
[Epoch 8/300] Iter [90/794] Loss: 0.3151
[Epoch 8/300] Iter [100/794] Loss: 0.2605
[Epoch 8/300] Iter [110/794] Loss: 0.3993
[Epoch 8/300] Iter [120/794] Loss: 0.2411
[Epoch 8/300] Iter [130/794] Loss: 0.3261
[Epoch 8/300] Iter [140/794] Loss: 0.2889
[Epoch 8/300] Iter [150/794] Loss: 0.1370
[Epoch 8/300] Iter [160/794] Loss: 0.3145
[Epoch 8/300] Iter [170/794] Loss: 0.2316
[Epoch 8/300] Iter [180/794] Loss: 0.3391
[Epoch 8/300] Iter [190/794] Loss: 0.1759
[Epoch 8/300] Iter [200/794] Loss: 0.2021
[Epoch 8/300] Iter [210/794] Loss: 0.2475
[Epoch 8/300] Iter [220/794] Loss: 0.2556
[Epoch 8/300] Iter [230/794] Loss: 0.2529
[Epoch 8/300] Iter [240/794] Loss: 0.2919
[Epoch 8/300] Iter [250/794] Loss: 0.2642
[Epoch 8/300] Iter [260/794] Loss: 0.2014
[Epoch 8/300] Iter [270/794] Loss: 0.3359
[Epoch 8/300] Iter [280/794] Loss: 0.2990
[Epoch 8/300] Iter [290/794] Loss: 0.1532
[Epoch 8/300] Iter [300/794] Loss: 0.2854
[Epoch 8/300] Iter [310/794] Loss: 0.3286
[Epoch 8/300] Iter [320/794] Loss: 0.2533
[Epoch 8/300] Iter [330/794] Loss: 0.2362
[Epoch 8/300] Iter [340/794] Loss: 0.2368
[Epoch 8/300] Iter [350/794] Loss: 0.2800
[Epoch 8/300] Iter [360/794] Loss: 0.2165
[Epoch 8/300] Iter [370/794] Loss: 0.2514
[Epoch 8/300] Iter [380/794] Loss: 0.1829
[Epoch 8/300] Iter [390/794] Loss: 0.2554
[Epoch 8/300] Iter [400/794] Loss: 0.2988
[Epoch 8/300] Iter [410/794] Loss: 0.2162
[Epoch 8/300] Iter [420/794] Loss: 0.3294
[Epoch 8/300] Iter [430/794] Loss: 0.2490
[Epoch 8/300] Iter [440/794] Loss: 0.2048
[Epoch 8/300] Iter [450/794] Loss: 0.2187
[Epoch 8/300] Iter [460/794] Loss: 0.2127
[Epoch 8/300] Iter [470/794] Loss: 0.2930
[Epoch 8/300] Iter [480/794] Loss: 0.3065
[Epoch 8/300] Iter [490/794] Loss: 0.2150
[Epoch 8/300] Iter [500/794] Loss: 0.2208
[Epoch 8/300] Iter [510/794] Loss: 0.3926
[Epoch 8/300] Iter [520/794] Loss: 0.2591
[Epoch 8/300] Iter [530/794] Loss: 0.2183
[Epoch 8/300] Iter [540/794] Loss: 0.2939
[Epoch 8/300] Iter [550/794] Loss: 0.2252
[Epoch 8/300] Iter [560/794] Loss: 0.1459
[Epoch 8/300] Iter [570/794] Loss: 0.3139
[Epoch 8/300] Iter [580/794] Loss: 0.3021
[Epoch 8/300] Iter [590/794] Loss: 0.2277
[Epoch 8/300] Iter [600/794] Loss: 0.2750
[Epoch 8/300] Iter [610/794] Loss: 0.2033
[Epoch 8/300] Iter [620/794] Loss: 0.2479
[Epoch 8/300] Iter [630/794] Loss: 0.3332
[Epoch 8/300] Iter [640/794] Loss: 0.2173
[Epoch 8/300] Iter [650/794] Loss: 0.2908
[Epoch 8/300] Iter [660/794] Loss: 0.1992
[Epoch 8/300] Iter [670/794] Loss: 0.2213
[Epoch 8/300] Iter [680/794] Loss: 0.2614
[Epoch 8/300] Iter [690/794] Loss: 0.2686
[Epoch 8/300] Iter [700/794] Loss: 0.1935
[Epoch 8/300] Iter [710/794] Loss: 0.2486
[Epoch 8/300] Iter [720/794] Loss: 0.2479
[Epoch 8/300] Iter [730/794] Loss: 0.3794
[Epoch 8/300] Iter [740/794] Loss: 0.2667
[Epoch 8/300] Iter [750/794] Loss: 0.2703
[Epoch 8/300] Iter [760/794] Loss: 0.3143
[Epoch 8/300] Iter [770/794] Loss: 0.3487
[Epoch 8/300] Iter [780/794] Loss: 0.2794
[Epoch 8/300] Iter [790/794] Loss: 0.2772
Epoch [8/300] Validation Loss: 0.3679
No improvement for 2 epoch(s).
[Epoch 9/300] Iter [10/794] Loss: 0.2044
[Epoch 9/300] Iter [20/794] Loss: 0.2935
[Epoch 9/300] Iter [30/794] Loss: 0.2402
[Epoch 9/300] Iter [40/794] Loss: 0.2329
[Epoch 9/300] Iter [50/794] Loss: 0.3518
[Epoch 9/300] Iter [60/794] Loss: 0.2684
[Epoch 9/300] Iter [70/794] Loss: 0.2233
[Epoch 9/300] Iter [80/794] Loss: 0.2973
[Epoch 9/300] Iter [90/794] Loss: 0.2152
[Epoch 9/300] Iter [100/794] Loss: 0.2741
[Epoch 9/300] Iter [110/794] Loss: 0.1934
[Epoch 9/300] Iter [120/794] Loss: 0.2145
[Epoch 9/300] Iter [130/794] Loss: 0.1902
[Epoch 9/300] Iter [140/794] Loss: 0.1708
[Epoch 9/300] Iter [150/794] Loss: 0.2431
[Epoch 9/300] Iter [160/794] Loss: 0.1718
[Epoch 9/300] Iter [170/794] Loss: 0.2735
[Epoch 9/300] Iter [180/794] Loss: 0.2201
[Epoch 9/300] Iter [190/794] Loss: 0.3080
[Epoch 9/300] Iter [200/794] Loss: 0.3191
[Epoch 9/300] Iter [210/794] Loss: 0.2534
[Epoch 9/300] Iter [220/794] Loss: 0.2046
[Epoch 9/300] Iter [230/794] Loss: 0.2079
[Epoch 9/300] Iter [240/794] Loss: 0.2320
[Epoch 9/300] Iter [250/794] Loss: 0.2253
[Epoch 9/300] Iter [260/794] Loss: 0.1769
[Epoch 9/300] Iter [270/794] Loss: 0.1621
[Epoch 9/300] Iter [280/794] Loss: 0.2021
[Epoch 9/300] Iter [290/794] Loss: 0.2205
[Epoch 9/300] Iter [300/794] Loss: 0.2452
[Epoch 9/300] Iter [310/794] Loss: 0.2018
[Epoch 9/300] Iter [320/794] Loss: 0.2659
[Epoch 9/300] Iter [330/794] Loss: 0.1893
[Epoch 9/300] Iter [340/794] Loss: 0.1894
[Epoch 9/300] Iter [350/794] Loss: 0.2408
[Epoch 9/300] Iter [360/794] Loss: 0.2306
[Epoch 9/300] Iter [370/794] Loss: 0.2590
[Epoch 9/300] Iter [380/794] Loss: 0.2488
[Epoch 9/300] Iter [390/794] Loss: 0.3465
[Epoch 9/300] Iter [400/794] Loss: 0.2458
[Epoch 9/300] Iter [410/794] Loss: 0.2247
[Epoch 9/300] Iter [420/794] Loss: 0.3078
[Epoch 9/300] Iter [430/794] Loss: 0.3413
[Epoch 9/300] Iter [440/794] Loss: 0.2469
[Epoch 9/300] Iter [450/794] Loss: 0.2626
[Epoch 9/300] Iter [460/794] Loss: 0.2484
[Epoch 9/300] Iter [470/794] Loss: 0.2614
[Epoch 9/300] Iter [480/794] Loss: 0.3170
[Epoch 9/300] Iter [490/794] Loss: 0.1720
[Epoch 9/300] Iter [500/794] Loss: 0.3048
[Epoch 9/300] Iter [510/794] Loss: 0.2493
[Epoch 9/300] Iter [520/794] Loss: 0.2325
[Epoch 9/300] Iter [530/794] Loss: 0.2731
[Epoch 9/300] Iter [540/794] Loss: 0.2866
[Epoch 9/300] Iter [550/794] Loss: 0.5000
[Epoch 9/300] Iter [560/794] Loss: 0.3046
[Epoch 9/300] Iter [570/794] Loss: 0.1815
[Epoch 9/300] Iter [580/794] Loss: 0.1980
[Epoch 9/300] Iter [590/794] Loss: 0.2435
[Epoch 9/300] Iter [600/794] Loss: 0.2802
[Epoch 9/300] Iter [610/794] Loss: 0.2381
[Epoch 9/300] Iter [620/794] Loss: 0.1704
[Epoch 9/300] Iter [630/794] Loss: 0.1974
[Epoch 9/300] Iter [640/794] Loss: 0.2356
[Epoch 9/300] Iter [650/794] Loss: 0.2146
[Epoch 9/300] Iter [660/794] Loss: 0.1741
[Epoch 9/300] Iter [670/794] Loss: 0.2846
[Epoch 9/300] Iter [680/794] Loss: 0.2555
[Epoch 9/300] Iter [690/794] Loss: 0.2211
[Epoch 9/300] Iter [700/794] Loss: 0.3276
[Epoch 9/300] Iter [710/794] Loss: 0.2160
[Epoch 9/300] Iter [720/794] Loss: 0.2239
[Epoch 9/300] Iter [730/794] Loss: 0.2073
[Epoch 9/300] Iter [740/794] Loss: 0.1914
[Epoch 9/300] Iter [750/794] Loss: 0.2581
[Epoch 9/300] Iter [760/794] Loss: 0.2687
[Epoch 9/300] Iter [770/794] Loss: 0.2046
[Epoch 9/300] Iter [780/794] Loss: 0.3241
[Epoch 9/300] Iter [790/794] Loss: 0.3176
Epoch [9/300] Validation Loss: 0.3679
No improvement for 3 epoch(s).
[Epoch 10/300] Iter [10/794] Loss: 0.2544
[Epoch 10/300] Iter [20/794] Loss: 0.1540
[Epoch 10/300] Iter [30/794] Loss: 0.2373
[Epoch 10/300] Iter [40/794] Loss: 0.1419
[Epoch 10/300] Iter [50/794] Loss: 0.1714
[Epoch 10/300] Iter [60/794] Loss: 0.2219
[Epoch 10/300] Iter [70/794] Loss: 0.1298
[Epoch 10/300] Iter [80/794] Loss: 0.2079
[Epoch 10/300] Iter [90/794] Loss: 0.3132
[Epoch 10/300] Iter [100/794] Loss: 0.2261
[Epoch 10/300] Iter [110/794] Loss: 0.1583
[Epoch 10/300] Iter [120/794] Loss: 0.3470
[Epoch 10/300] Iter [130/794] Loss: 0.1803
[Epoch 10/300] Iter [140/794] Loss: 0.2521
[Epoch 10/300] Iter [150/794] Loss: 0.3144
[Epoch 10/300] Iter [160/794] Loss: 0.2633
[Epoch 10/300] Iter [170/794] Loss: 0.2648
[Epoch 10/300] Iter [180/794] Loss: 0.2615
[Epoch 10/300] Iter [190/794] Loss: 0.1714
[Epoch 10/300] Iter [200/794] Loss: 0.3176
[Epoch 10/300] Iter [210/794] Loss: 0.2406
[Epoch 10/300] Iter [220/794] Loss: 0.1939
[Epoch 10/300] Iter [230/794] Loss: 0.2576
[Epoch 10/300] Iter [240/794] Loss: 0.2513
[Epoch 10/300] Iter [250/794] Loss: 0.1780
[Epoch 10/300] Iter [260/794] Loss: 0.2082
[Epoch 10/300] Iter [270/794] Loss: 0.2616
[Epoch 10/300] Iter [280/794] Loss: 0.2038
[Epoch 10/300] Iter [290/794] Loss: 0.2613
[Epoch 10/300] Iter [300/794] Loss: 0.1967
[Epoch 10/300] Iter [310/794] Loss: 0.1769
[Epoch 10/300] Iter [320/794] Loss: 0.2427
[Epoch 10/300] Iter [330/794] Loss: 0.1884
[Epoch 10/300] Iter [340/794] Loss: 0.2684
[Epoch 10/300] Iter [350/794] Loss: 0.3094
[Epoch 10/300] Iter [360/794] Loss: 0.2072
[Epoch 10/300] Iter [370/794] Loss: 0.2330
[Epoch 10/300] Iter [380/794] Loss: 0.2798
[Epoch 10/300] Iter [390/794] Loss: 0.1418
[Epoch 10/300] Iter [400/794] Loss: 0.3321
[Epoch 10/300] Iter [410/794] Loss: 0.2454
[Epoch 10/300] Iter [420/794] Loss: 0.2755
[Epoch 10/300] Iter [430/794] Loss: 0.1867
[Epoch 10/300] Iter [440/794] Loss: 0.2263
[Epoch 10/300] Iter [450/794] Loss: 0.2216
[Epoch 10/300] Iter [460/794] Loss: 0.1847
[Epoch 10/300] Iter [470/794] Loss: 0.2710
[Epoch 10/300] Iter [480/794] Loss: 0.1472
[Epoch 10/300] Iter [490/794] Loss: 0.2009
[Epoch 10/300] Iter [500/794] Loss: 0.1697
[Epoch 10/300] Iter [510/794] Loss: 0.3531
[Epoch 10/300] Iter [520/794] Loss: 0.1731
[Epoch 10/300] Iter [530/794] Loss: 0.2565
[Epoch 10/300] Iter [540/794] Loss: 0.2626
[Epoch 10/300] Iter [550/794] Loss: 0.1465
[Epoch 10/300] Iter [560/794] Loss: 0.2586
[Epoch 10/300] Iter [570/794] Loss: 0.1742
[Epoch 10/300] Iter [580/794] Loss: 0.2928
[Epoch 10/300] Iter [590/794] Loss: 0.2485
[Epoch 10/300] Iter [600/794] Loss: 0.1894
[Epoch 10/300] Iter [610/794] Loss: 0.1987
[Epoch 10/300] Iter [620/794] Loss: 0.2727
[Epoch 10/300] Iter [630/794] Loss: 0.2080
[Epoch 10/300] Iter [640/794] Loss: 0.1878
[Epoch 10/300] Iter [650/794] Loss: 0.2262
[Epoch 10/300] Iter [660/794] Loss: 0.2806
[Epoch 10/300] Iter [670/794] Loss: 0.1998
[Epoch 10/300] Iter [680/794] Loss: 0.3113
[Epoch 10/300] Iter [690/794] Loss: 0.2643
[Epoch 10/300] Iter [700/794] Loss: 0.2888
[Epoch 10/300] Iter [710/794] Loss: 0.2068
[Epoch 10/300] Iter [720/794] Loss: 0.3741
[Epoch 10/300] Iter [730/794] Loss: 0.2907
[Epoch 10/300] Iter [740/794] Loss: 0.2105
[Epoch 10/300] Iter [750/794] Loss: 0.2604
[Epoch 10/300] Iter [760/794] Loss: 0.1748
[Epoch 10/300] Iter [770/794] Loss: 0.4095
[Epoch 10/300] Iter [780/794] Loss: 0.2618
[Epoch 10/300] Iter [790/794] Loss: 0.2205
Epoch [10/300] Validation Loss: 0.3905
No improvement for 4 epoch(s).
[Epoch 11/300] Iter [10/794] Loss: 0.1324
[Epoch 11/300] Iter [20/794] Loss: 0.1957
[Epoch 11/300] Iter [30/794] Loss: 0.1537
[Epoch 11/300] Iter [40/794] Loss: 0.1535
[Epoch 11/300] Iter [50/794] Loss: 0.1630
[Epoch 11/300] Iter [60/794] Loss: 0.2452
[Epoch 11/300] Iter [70/794] Loss: 0.2568
[Epoch 11/300] Iter [80/794] Loss: 0.2364
[Epoch 11/300] Iter [90/794] Loss: 0.2150
[Epoch 11/300] Iter [100/794] Loss: 0.1946
[Epoch 11/300] Iter [110/794] Loss: 0.2799
[Epoch 11/300] Iter [120/794] Loss: 0.2190
[Epoch 11/300] Iter [130/794] Loss: 0.2202
[Epoch 11/300] Iter [140/794] Loss: 0.1883
[Epoch 11/300] Iter [150/794] Loss: 0.1954
[Epoch 11/300] Iter [160/794] Loss: 0.2559
[Epoch 11/300] Iter [170/794] Loss: 0.2821
[Epoch 11/300] Iter [180/794] Loss: 0.2439
[Epoch 11/300] Iter [190/794] Loss: 0.1800
[Epoch 11/300] Iter [200/794] Loss: 0.1783
[Epoch 11/300] Iter [210/794] Loss: 0.1880
[Epoch 11/300] Iter [220/794] Loss: 0.1862
[Epoch 11/300] Iter [230/794] Loss: 0.1852
[Epoch 11/300] Iter [240/794] Loss: 0.2259
[Epoch 11/300] Iter [250/794] Loss: 0.2601
[Epoch 11/300] Iter [260/794] Loss: 0.1736
[Epoch 11/300] Iter [270/794] Loss: 0.2133
[Epoch 11/300] Iter [280/794] Loss: 0.1880
[Epoch 11/300] Iter [290/794] Loss: 0.2029
[Epoch 11/300] Iter [300/794] Loss: 0.2375
[Epoch 11/300] Iter [310/794] Loss: 0.2065
[Epoch 11/300] Iter [320/794] Loss: 0.2245
[Epoch 11/300] Iter [330/794] Loss: 0.2883
[Epoch 11/300] Iter [340/794] Loss: 0.2427
[Epoch 11/300] Iter [350/794] Loss: 0.1759
[Epoch 11/300] Iter [360/794] Loss: 0.2050
[Epoch 11/300] Iter [370/794] Loss: 0.2040
[Epoch 11/300] Iter [380/794] Loss: 0.2171
[Epoch 11/300] Iter [390/794] Loss: 0.2605
[Epoch 11/300] Iter [400/794] Loss: 0.1716
[Epoch 11/300] Iter [410/794] Loss: 0.3082
[Epoch 11/300] Iter [420/794] Loss: 0.1582
[Epoch 11/300] Iter [430/794] Loss: 0.2345
[Epoch 11/300] Iter [440/794] Loss: 0.3070
[Epoch 11/300] Iter [450/794] Loss: 0.2132
[Epoch 11/300] Iter [460/794] Loss: 0.2109
[Epoch 11/300] Iter [470/794] Loss: 0.1856
[Epoch 11/300] Iter [480/794] Loss: 0.1508
[Epoch 11/300] Iter [490/794] Loss: 0.1732
[Epoch 11/300] Iter [500/794] Loss: 0.1856
[Epoch 11/300] Iter [510/794] Loss: 0.2727
[Epoch 11/300] Iter [520/794] Loss: 0.1924
[Epoch 11/300] Iter [530/794] Loss: 0.3382
[Epoch 11/300] Iter [540/794] Loss: 0.2476
[Epoch 11/300] Iter [550/794] Loss: 0.3490
[Epoch 11/300] Iter [560/794] Loss: 0.2189
[Epoch 11/300] Iter [570/794] Loss: 0.2372
[Epoch 11/300] Iter [580/794] Loss: 0.2236
[Epoch 11/300] Iter [590/794] Loss: 0.2068
[Epoch 11/300] Iter [600/794] Loss: 0.2028
[Epoch 11/300] Iter [610/794] Loss: 0.2590
[Epoch 11/300] Iter [620/794] Loss: 0.2051
[Epoch 11/300] Iter [630/794] Loss: 0.2146
[Epoch 11/300] Iter [640/794] Loss: 0.2206
[Epoch 11/300] Iter [650/794] Loss: 0.2572
[Epoch 11/300] Iter [660/794] Loss: 0.3492
[Epoch 11/300] Iter [670/794] Loss: 0.1666
[Epoch 11/300] Iter [680/794] Loss: 0.2389
[Epoch 11/300] Iter [690/794] Loss: 0.3824
[Epoch 11/300] Iter [700/794] Loss: 0.2354
[Epoch 11/300] Iter [710/794] Loss: 0.2615
[Epoch 11/300] Iter [720/794] Loss: 0.2971
[Epoch 11/300] Iter [730/794] Loss: 0.2472
[Epoch 11/300] Iter [740/794] Loss: 0.2645
[Epoch 11/300] Iter [750/794] Loss: 0.1909
[Epoch 11/300] Iter [760/794] Loss: 0.1640
[Epoch 11/300] Iter [770/794] Loss: 0.2892
[Epoch 11/300] Iter [780/794] Loss: 0.2299
[Epoch 11/300] Iter [790/794] Loss: 0.2613
Epoch [11/300] Validation Loss: 0.3904
No improvement for 5 epoch(s).
[Epoch 12/300] Iter [10/794] Loss: 0.1589
[Epoch 12/300] Iter [20/794] Loss: 0.2703
[Epoch 12/300] Iter [30/794] Loss: 0.1886
[Epoch 12/300] Iter [40/794] Loss: 0.1661
[Epoch 12/300] Iter [50/794] Loss: 0.1866
[Epoch 12/300] Iter [60/794] Loss: 0.2057
[Epoch 12/300] Iter [70/794] Loss: 0.2338
[Epoch 12/300] Iter [80/794] Loss: 0.2156
[Epoch 12/300] Iter [90/794] Loss: 0.2174
[Epoch 12/300] Iter [100/794] Loss: 0.1766
[Epoch 12/300] Iter [110/794] Loss: 0.2216
[Epoch 12/300] Iter [120/794] Loss: 0.1420
[Epoch 12/300] Iter [130/794] Loss: 0.2592
[Epoch 12/300] Iter [140/794] Loss: 0.2767
[Epoch 12/300] Iter [150/794] Loss: 0.2091
[Epoch 12/300] Iter [160/794] Loss: 0.1796
[Epoch 12/300] Iter [170/794] Loss: 0.1967
[Epoch 12/300] Iter [180/794] Loss: 0.2247
[Epoch 12/300] Iter [190/794] Loss: 0.2376
[Epoch 12/300] Iter [200/794] Loss: 0.1953
[Epoch 12/300] Iter [210/794] Loss: 0.2052
[Epoch 12/300] Iter [220/794] Loss: 0.2548
[Epoch 12/300] Iter [230/794] Loss: 0.2832
[Epoch 12/300] Iter [240/794] Loss: 0.2112
[Epoch 12/300] Iter [250/794] Loss: 0.2105
[Epoch 12/300] Iter [260/794] Loss: 0.1518
[Epoch 12/300] Iter [270/794] Loss: 0.1905
[Epoch 12/300] Iter [280/794] Loss: 0.1626
[Epoch 12/300] Iter [290/794] Loss: 0.2436
[Epoch 12/300] Iter [300/794] Loss: 0.2190
[Epoch 12/300] Iter [310/794] Loss: 0.1694
[Epoch 12/300] Iter [320/794] Loss: 0.1662
[Epoch 12/300] Iter [330/794] Loss: 0.1074
[Epoch 12/300] Iter [340/794] Loss: 0.3222
[Epoch 12/300] Iter [350/794] Loss: 0.1412
[Epoch 12/300] Iter [360/794] Loss: 0.3170
[Epoch 12/300] Iter [370/794] Loss: 0.1909
[Epoch 12/300] Iter [380/794] Loss: 0.2182
[Epoch 12/300] Iter [390/794] Loss: 0.2446
[Epoch 12/300] Iter [400/794] Loss: 0.2812
[Epoch 12/300] Iter [410/794] Loss: 0.3152
[Epoch 12/300] Iter [420/794] Loss: 0.2043
[Epoch 12/300] Iter [430/794] Loss: 0.2492
[Epoch 12/300] Iter [440/794] Loss: 0.2145
[Epoch 12/300] Iter [450/794] Loss: 0.1259
[Epoch 12/300] Iter [460/794] Loss: 0.1992
[Epoch 12/300] Iter [470/794] Loss: 0.3220
[Epoch 12/300] Iter [480/794] Loss: 0.2421
[Epoch 12/300] Iter [490/794] Loss: 0.2034
[Epoch 12/300] Iter [500/794] Loss: 0.2792
[Epoch 12/300] Iter [510/794] Loss: 0.1644
[Epoch 12/300] Iter [520/794] Loss: 0.2389
[Epoch 12/300] Iter [530/794] Loss: 0.2207
[Epoch 12/300] Iter [540/794] Loss: 0.4159
[Epoch 12/300] Iter [550/794] Loss: 0.2794
[Epoch 12/300] Iter [560/794] Loss: 0.2455
[Epoch 12/300] Iter [570/794] Loss: 0.1937
[Epoch 12/300] Iter [580/794] Loss: 0.2337
[Epoch 12/300] Iter [590/794] Loss: 0.2167
[Epoch 12/300] Iter [600/794] Loss: 0.1388
[Epoch 12/300] Iter [610/794] Loss: 0.2701
[Epoch 12/300] Iter [620/794] Loss: 0.2926
[Epoch 12/300] Iter [630/794] Loss: 0.2871
[Epoch 12/300] Iter [640/794] Loss: 0.2473
[Epoch 12/300] Iter [650/794] Loss: 0.1981
[Epoch 12/300] Iter [660/794] Loss: 0.2555
[Epoch 12/300] Iter [670/794] Loss: 0.2805
[Epoch 12/300] Iter [680/794] Loss: 0.2408
[Epoch 12/300] Iter [690/794] Loss: 0.1673
[Epoch 12/300] Iter [700/794] Loss: 0.2463
[Epoch 12/300] Iter [710/794] Loss: 0.1687
[Epoch 12/300] Iter [720/794] Loss: 0.1596
[Epoch 12/300] Iter [730/794] Loss: 0.2247
[Epoch 12/300] Iter [740/794] Loss: 0.2216
[Epoch 12/300] Iter [750/794] Loss: 0.2153
[Epoch 12/300] Iter [760/794] Loss: 0.3236
[Epoch 12/300] Iter [770/794] Loss: 0.2291
[Epoch 12/300] Iter [780/794] Loss: 0.2678
[Epoch 12/300] Iter [790/794] Loss: 0.3205
Epoch [12/300] Validation Loss: 0.4000
No improvement for 6 epoch(s).
[Epoch 13/300] Iter [10/794] Loss: 0.2174
[Epoch 13/300] Iter [20/794] Loss: 0.1795
[Epoch 13/300] Iter [30/794] Loss: 0.1527
[Epoch 13/300] Iter [40/794] Loss: 0.2375
[Epoch 13/300] Iter [50/794] Loss: 0.2419
[Epoch 13/300] Iter [60/794] Loss: 0.2080
[Epoch 13/300] Iter [70/794] Loss: 0.1975
[Epoch 13/300] Iter [80/794] Loss: 0.2147
[Epoch 13/300] Iter [90/794] Loss: 0.1078
[Epoch 13/300] Iter [100/794] Loss: 0.2287
[Epoch 13/300] Iter [110/794] Loss: 0.1203
[Epoch 13/300] Iter [120/794] Loss: 0.1175
[Epoch 13/300] Iter [130/794] Loss: 0.2603
[Epoch 13/300] Iter [140/794] Loss: 0.2285
[Epoch 13/300] Iter [150/794] Loss: 0.2153
[Epoch 13/300] Iter [160/794] Loss: 0.1798
[Epoch 13/300] Iter [170/794] Loss: 0.1468
[Epoch 13/300] Iter [180/794] Loss: 0.2148
[Epoch 13/300] Iter [190/794] Loss: 0.2481
[Epoch 13/300] Iter [200/794] Loss: 0.1768
[Epoch 13/300] Iter [210/794] Loss: 0.2450
[Epoch 13/300] Iter [220/794] Loss: 0.1884
[Epoch 13/300] Iter [230/794] Loss: 0.2644
[Epoch 13/300] Iter [240/794] Loss: 0.1469
[Epoch 13/300] Iter [250/794] Loss: 0.2718
[Epoch 13/300] Iter [260/794] Loss: 0.2535
[Epoch 13/300] Iter [270/794] Loss: 0.1874
[Epoch 13/300] Iter [280/794] Loss: 0.1879
[Epoch 13/300] Iter [290/794] Loss: 0.1601
[Epoch 13/300] Iter [300/794] Loss: 0.2238
[Epoch 13/300] Iter [310/794] Loss: 0.2081
[Epoch 13/300] Iter [320/794] Loss: 0.3035
[Epoch 13/300] Iter [330/794] Loss: 0.2413
[Epoch 13/300] Iter [340/794] Loss: 0.2473
[Epoch 13/300] Iter [350/794] Loss: 0.2403
[Epoch 13/300] Iter [360/794] Loss: 0.2257
[Epoch 13/300] Iter [370/794] Loss: 0.2043
[Epoch 13/300] Iter [380/794] Loss: 0.2139
[Epoch 13/300] Iter [390/794] Loss: 0.3814
[Epoch 13/300] Iter [400/794] Loss: 0.2448
[Epoch 13/300] Iter [410/794] Loss: 0.3138
[Epoch 13/300] Iter [420/794] Loss: 0.3343
[Epoch 13/300] Iter [430/794] Loss: 0.2601
[Epoch 13/300] Iter [440/794] Loss: 0.3432
[Epoch 13/300] Iter [450/794] Loss: 0.1309
[Epoch 13/300] Iter [460/794] Loss: 0.1681
[Epoch 13/300] Iter [470/794] Loss: 0.2688
[Epoch 13/300] Iter [480/794] Loss: 0.2876
[Epoch 13/300] Iter [490/794] Loss: 0.2259
[Epoch 13/300] Iter [500/794] Loss: 0.2157
[Epoch 13/300] Iter [510/794] Loss: 0.1788
[Epoch 13/300] Iter [520/794] Loss: 0.2716
[Epoch 13/300] Iter [530/794] Loss: 0.1444
[Epoch 13/300] Iter [540/794] Loss: 0.1666
[Epoch 13/300] Iter [550/794] Loss: 0.2378
[Epoch 13/300] Iter [560/794] Loss: 0.1822
[Epoch 13/300] Iter [570/794] Loss: 0.2739
[Epoch 13/300] Iter [580/794] Loss: 0.3023
[Epoch 13/300] Iter [590/794] Loss: 0.2840
[Epoch 13/300] Iter [600/794] Loss: 0.2358
[Epoch 13/300] Iter [610/794] Loss: 0.1479
[Epoch 13/300] Iter [620/794] Loss: 0.1952
[Epoch 13/300] Iter [630/794] Loss: 0.2090
[Epoch 13/300] Iter [640/794] Loss: 0.1980
[Epoch 13/300] Iter [650/794] Loss: 0.2910
[Epoch 13/300] Iter [660/794] Loss: 0.1448
[Epoch 13/300] Iter [670/794] Loss: 0.2353
[Epoch 13/300] Iter [680/794] Loss: 0.3209
[Epoch 13/300] Iter [690/794] Loss: 0.2327
[Epoch 13/300] Iter [700/794] Loss: 0.1597
[Epoch 13/300] Iter [710/794] Loss: 0.1647
[Epoch 13/300] Iter [720/794] Loss: 0.2044
[Epoch 13/300] Iter [730/794] Loss: 0.1512
[Epoch 13/300] Iter [740/794] Loss: 0.1404
[Epoch 13/300] Iter [750/794] Loss: 0.2595
[Epoch 13/300] Iter [760/794] Loss: 0.1517
[Epoch 13/300] Iter [770/794] Loss: 0.2253
[Epoch 13/300] Iter [780/794] Loss: 0.2337
[Epoch 13/300] Iter [790/794] Loss: 0.2645
Epoch [13/300] Validation Loss: 0.4086
No improvement for 7 epoch(s).
[Epoch 14/300] Iter [10/794] Loss: 0.1971
[Epoch 14/300] Iter [20/794] Loss: 0.1924
[Epoch 14/300] Iter [30/794] Loss: 0.2125
[Epoch 14/300] Iter [40/794] Loss: 0.1868
[Epoch 14/300] Iter [50/794] Loss: 0.2089
[Epoch 14/300] Iter [60/794] Loss: 0.3603
[Epoch 14/300] Iter [70/794] Loss: 0.2037
[Epoch 14/300] Iter [80/794] Loss: 0.1785
[Epoch 14/300] Iter [90/794] Loss: 0.1786
[Epoch 14/300] Iter [100/794] Loss: 0.3185
[Epoch 14/300] Iter [110/794] Loss: 0.1947
[Epoch 14/300] Iter [120/794] Loss: 0.1377
[Epoch 14/300] Iter [130/794] Loss: 0.1322
[Epoch 14/300] Iter [140/794] Loss: 0.2735
[Epoch 14/300] Iter [150/794] Loss: 0.2276
[Epoch 14/300] Iter [160/794] Loss: 0.2508
[Epoch 14/300] Iter [170/794] Loss: 0.2239
[Epoch 14/300] Iter [180/794] Loss: 0.2202
[Epoch 14/300] Iter [190/794] Loss: 0.1768
[Epoch 14/300] Iter [200/794] Loss: 0.2065
[Epoch 14/300] Iter [210/794] Loss: 0.3120
[Epoch 14/300] Iter [220/794] Loss: 0.2119
[Epoch 14/300] Iter [230/794] Loss: 0.1496
[Epoch 14/300] Iter [240/794] Loss: 0.1357
[Epoch 14/300] Iter [250/794] Loss: 0.2125
[Epoch 14/300] Iter [260/794] Loss: 0.1871
[Epoch 14/300] Iter [270/794] Loss: 0.2952
[Epoch 14/300] Iter [280/794] Loss: 0.1560
[Epoch 14/300] Iter [290/794] Loss: 0.2502
[Epoch 14/300] Iter [300/794] Loss: 0.1282
[Epoch 14/300] Iter [310/794] Loss: 0.1792
[Epoch 14/300] Iter [320/794] Loss: 0.2839
[Epoch 14/300] Iter [330/794] Loss: 0.1773
[Epoch 14/300] Iter [340/794] Loss: 0.2103
[Epoch 14/300] Iter [350/794] Loss: 0.2527
[Epoch 14/300] Iter [360/794] Loss: 0.1845
[Epoch 14/300] Iter [370/794] Loss: 0.1446
[Epoch 14/300] Iter [380/794] Loss: 0.2359
[Epoch 14/300] Iter [390/794] Loss: 0.1521
[Epoch 14/300] Iter [400/794] Loss: 0.3015
[Epoch 14/300] Iter [410/794] Loss: 0.2217
[Epoch 14/300] Iter [420/794] Loss: 0.2446
[Epoch 14/300] Iter [430/794] Loss: 0.2896
[Epoch 14/300] Iter [440/794] Loss: 0.1961
[Epoch 14/300] Iter [450/794] Loss: 0.1714
[Epoch 14/300] Iter [460/794] Loss: 0.3051
[Epoch 14/300] Iter [470/794] Loss: 0.1343
[Epoch 14/300] Iter [480/794] Loss: 0.2004
[Epoch 14/300] Iter [490/794] Loss: 0.2581
[Epoch 14/300] Iter [500/794] Loss: 0.2752
[Epoch 14/300] Iter [510/794] Loss: 0.1731
[Epoch 14/300] Iter [520/794] Loss: 0.2193
[Epoch 14/300] Iter [530/794] Loss: 0.1935
[Epoch 14/300] Iter [540/794] Loss: 0.1833
[Epoch 14/300] Iter [550/794] Loss: 0.1894
[Epoch 14/300] Iter [560/794] Loss: 0.1443
[Epoch 14/300] Iter [570/794] Loss: 0.1876
[Epoch 14/300] Iter [580/794] Loss: 0.2051
[Epoch 14/300] Iter [590/794] Loss: 0.1814
[Epoch 14/300] Iter [600/794] Loss: 0.2644
[Epoch 14/300] Iter [610/794] Loss: 0.1135
[Epoch 14/300] Iter [620/794] Loss: 0.1460
[Epoch 14/300] Iter [630/794] Loss: 0.1881
[Epoch 14/300] Iter [640/794] Loss: 0.2618
[Epoch 14/300] Iter [650/794] Loss: 0.1837
[Epoch 14/300] Iter [660/794] Loss: 0.2460
[Epoch 14/300] Iter [670/794] Loss: 0.2799
[Epoch 14/300] Iter [680/794] Loss: 0.1964
[Epoch 14/300] Iter [690/794] Loss: 0.2716
[Epoch 14/300] Iter [700/794] Loss: 0.2863
[Epoch 14/300] Iter [710/794] Loss: 0.2395
[Epoch 14/300] Iter [720/794] Loss: 0.2457
[Epoch 14/300] Iter [730/794] Loss: 0.1742
[Epoch 14/300] Iter [740/794] Loss: 0.2330
[Epoch 14/300] Iter [750/794] Loss: 0.2522
[Epoch 14/300] Iter [760/794] Loss: 0.2290
[Epoch 14/300] Iter [770/794] Loss: 0.2099
[Epoch 14/300] Iter [780/794] Loss: 0.2354
[Epoch 14/300] Iter [790/794] Loss: 0.2883
Epoch [14/300] Validation Loss: 0.4074
No improvement for 8 epoch(s).
[Epoch 15/300] Iter [10/794] Loss: 0.2205
[Epoch 15/300] Iter [20/794] Loss: 0.2117
[Epoch 15/300] Iter [30/794] Loss: 0.1870
[Epoch 15/300] Iter [40/794] Loss: 0.2113
[Epoch 15/300] Iter [50/794] Loss: 0.1802
[Epoch 15/300] Iter [60/794] Loss: 0.2198
[Epoch 15/300] Iter [70/794] Loss: 0.1404
[Epoch 15/300] Iter [80/794] Loss: 0.2982
[Epoch 15/300] Iter [90/794] Loss: 0.1607
[Epoch 15/300] Iter [100/794] Loss: 0.1836
[Epoch 15/300] Iter [110/794] Loss: 0.1706
[Epoch 15/300] Iter [120/794] Loss: 0.2499
[Epoch 15/300] Iter [130/794] Loss: 0.1407
[Epoch 15/300] Iter [140/794] Loss: 0.1446
[Epoch 15/300] Iter [150/794] Loss: 0.2118
[Epoch 15/300] Iter [160/794] Loss: 0.1611
[Epoch 15/300] Iter [170/794] Loss: 0.2268
[Epoch 15/300] Iter [180/794] Loss: 0.1396
[Epoch 15/300] Iter [190/794] Loss: 0.1373
[Epoch 15/300] Iter [200/794] Loss: 0.1825
[Epoch 15/300] Iter [210/794] Loss: 0.1380
[Epoch 15/300] Iter [220/794] Loss: 0.1794
[Epoch 15/300] Iter [230/794] Loss: 0.1989
[Epoch 15/300] Iter [240/794] Loss: 0.2031
[Epoch 15/300] Iter [250/794] Loss: 0.1946
[Epoch 15/300] Iter [260/794] Loss: 0.1813
[Epoch 15/300] Iter [270/794] Loss: 0.1547
[Epoch 15/300] Iter [280/794] Loss: 0.1927
[Epoch 15/300] Iter [290/794] Loss: 0.1088
[Epoch 15/300] Iter [300/794] Loss: 0.1643
[Epoch 15/300] Iter [310/794] Loss: 0.1799
[Epoch 15/300] Iter [320/794] Loss: 0.1585
[Epoch 15/300] Iter [330/794] Loss: 0.1174
[Epoch 15/300] Iter [340/794] Loss: 0.1308
[Epoch 15/300] Iter [350/794] Loss: 0.1936
[Epoch 15/300] Iter [360/794] Loss: 0.1868
[Epoch 15/300] Iter [370/794] Loss: 0.1535
[Epoch 15/300] Iter [380/794] Loss: 0.1943
[Epoch 15/300] Iter [390/794] Loss: 0.2415
[Epoch 15/300] Iter [400/794] Loss: 0.1520
[Epoch 15/300] Iter [410/794] Loss: 0.1845
[Epoch 15/300] Iter [420/794] Loss: 0.1810
[Epoch 15/300] Iter [430/794] Loss: 0.1623
[Epoch 15/300] Iter [440/794] Loss: 0.1805
[Epoch 15/300] Iter [450/794] Loss: 0.1849
[Epoch 15/300] Iter [460/794] Loss: 0.1395
[Epoch 15/300] Iter [470/794] Loss: 0.2756
[Epoch 15/300] Iter [480/794] Loss: 0.1765
[Epoch 15/300] Iter [490/794] Loss: 0.1864
[Epoch 15/300] Iter [500/794] Loss: 0.1489
[Epoch 15/300] Iter [510/794] Loss: 0.1022
[Epoch 15/300] Iter [520/794] Loss: 0.1631
[Epoch 15/300] Iter [530/794] Loss: 0.2469
[Epoch 15/300] Iter [540/794] Loss: 0.2253
[Epoch 15/300] Iter [550/794] Loss: 0.2302
[Epoch 15/300] Iter [560/794] Loss: 0.1589
[Epoch 15/300] Iter [570/794] Loss: 0.1077
[Epoch 15/300] Iter [580/794] Loss: 0.1895
[Epoch 15/300] Iter [590/794] Loss: 0.1495
[Epoch 15/300] Iter [600/794] Loss: 0.1275
[Epoch 15/300] Iter [610/794] Loss: 0.1449
[Epoch 15/300] Iter [620/794] Loss: 0.2537
[Epoch 15/300] Iter [630/794] Loss: 0.2872
[Epoch 15/300] Iter [640/794] Loss: 0.2760
[Epoch 15/300] Iter [650/794] Loss: 0.1762
[Epoch 15/300] Iter [660/794] Loss: 0.1843
[Epoch 15/300] Iter [670/794] Loss: 0.1469
[Epoch 15/300] Iter [680/794] Loss: 0.2054
[Epoch 15/300] Iter [690/794] Loss: 0.2008
[Epoch 15/300] Iter [700/794] Loss: 0.1455
[Epoch 15/300] Iter [710/794] Loss: 0.2595
[Epoch 15/300] Iter [720/794] Loss: 0.3176
[Epoch 15/300] Iter [730/794] Loss: 0.2316
[Epoch 15/300] Iter [740/794] Loss: 0.1797
[Epoch 15/300] Iter [750/794] Loss: 0.1214
[Epoch 15/300] Iter [760/794] Loss: 0.2501
[Epoch 15/300] Iter [770/794] Loss: 0.1263
[Epoch 15/300] Iter [780/794] Loss: 0.1742
[Epoch 15/300] Iter [790/794] Loss: 0.2130
Epoch [15/300] Validation Loss: 0.4157
No improvement for 9 epoch(s).
[Epoch 16/300] Iter [10/794] Loss: 0.1077
[Epoch 16/300] Iter [20/794] Loss: 0.1895
[Epoch 16/300] Iter [30/794] Loss: 0.1632
[Epoch 16/300] Iter [40/794] Loss: 0.0774
[Epoch 16/300] Iter [50/794] Loss: 0.2372
[Epoch 16/300] Iter [60/794] Loss: 0.1309
[Epoch 16/300] Iter [70/794] Loss: 0.1789
[Epoch 16/300] Iter [80/794] Loss: 0.1677
[Epoch 16/300] Iter [90/794] Loss: 0.2143
[Epoch 16/300] Iter [100/794] Loss: 0.1533
[Epoch 16/300] Iter [110/794] Loss: 0.1946
[Epoch 16/300] Iter [120/794] Loss: 0.1078
[Epoch 16/300] Iter [130/794] Loss: 0.1560
[Epoch 16/300] Iter [140/794] Loss: 0.2120
[Epoch 16/300] Iter [150/794] Loss: 0.2361
[Epoch 16/300] Iter [160/794] Loss: 0.1534
[Epoch 16/300] Iter [170/794] Loss: 0.2254
[Epoch 16/300] Iter [180/794] Loss: 0.1387
[Epoch 16/300] Iter [190/794] Loss: 0.1751
[Epoch 16/300] Iter [200/794] Loss: 0.1211
[Epoch 16/300] Iter [210/794] Loss: 0.2063
[Epoch 16/300] Iter [220/794] Loss: 0.1939
[Epoch 16/300] Iter [230/794] Loss: 0.3067
[Epoch 16/300] Iter [240/794] Loss: 0.1250
[Epoch 16/300] Iter [250/794] Loss: 0.1590
[Epoch 16/300] Iter [260/794] Loss: 0.1550
[Epoch 16/300] Iter [270/794] Loss: 0.1915
[Epoch 16/300] Iter [280/794] Loss: 0.3061
[Epoch 16/300] Iter [290/794] Loss: 0.1545
[Epoch 16/300] Iter [300/794] Loss: 0.2194
[Epoch 16/300] Iter [310/794] Loss: 0.1608
[Epoch 16/300] Iter [320/794] Loss: 0.2540
[Epoch 16/300] Iter [330/794] Loss: 0.1904
[Epoch 16/300] Iter [340/794] Loss: 0.2254
[Epoch 16/300] Iter [350/794] Loss: 0.1567
[Epoch 16/300] Iter [360/794] Loss: 0.1548
[Epoch 16/300] Iter [370/794] Loss: 0.1200
[Epoch 16/300] Iter [380/794] Loss: 0.2310
[Epoch 16/300] Iter [390/794] Loss: 0.2387
[Epoch 16/300] Iter [400/794] Loss: 0.2536
[Epoch 16/300] Iter [410/794] Loss: 0.2061
[Epoch 16/300] Iter [420/794] Loss: 0.2951
[Epoch 16/300] Iter [430/794] Loss: 0.1850
[Epoch 16/300] Iter [440/794] Loss: 0.2161
[Epoch 16/300] Iter [450/794] Loss: 0.1672
[Epoch 16/300] Iter [460/794] Loss: 0.2276
[Epoch 16/300] Iter [470/794] Loss: 0.1662
[Epoch 16/300] Iter [480/794] Loss: 0.1710
[Epoch 16/300] Iter [490/794] Loss: 0.1920
[Epoch 16/300] Iter [500/794] Loss: 0.1278
[Epoch 16/300] Iter [510/794] Loss: 0.1613
[Epoch 16/300] Iter [520/794] Loss: 0.2082
[Epoch 16/300] Iter [530/794] Loss: 0.2066
[Epoch 16/300] Iter [540/794] Loss: 0.2036
[Epoch 16/300] Iter [550/794] Loss: 0.1514
[Epoch 16/300] Iter [560/794] Loss: 0.1957
[Epoch 16/300] Iter [570/794] Loss: 0.2680
[Epoch 16/300] Iter [580/794] Loss: 0.1550
[Epoch 16/300] Iter [590/794] Loss: 0.1626
[Epoch 16/300] Iter [600/794] Loss: 0.1908
[Epoch 16/300] Iter [610/794] Loss: 0.1446
[Epoch 16/300] Iter [620/794] Loss: 0.1479
[Epoch 16/300] Iter [630/794] Loss: 0.2688
[Epoch 16/300] Iter [640/794] Loss: 0.1850
[Epoch 16/300] Iter [650/794] Loss: 0.2210
[Epoch 16/300] Iter [660/794] Loss: 0.2204
[Epoch 16/300] Iter [670/794] Loss: 0.2123
[Epoch 16/300] Iter [680/794] Loss: 0.2246
[Epoch 16/300] Iter [690/794] Loss: 0.0893
[Epoch 16/300] Iter [700/794] Loss: 0.2784
[Epoch 16/300] Iter [710/794] Loss: 0.2607
[Epoch 16/300] Iter [720/794] Loss: 0.1061
[Epoch 16/300] Iter [730/794] Loss: 0.1838
[Epoch 16/300] Iter [740/794] Loss: 0.2428
[Epoch 16/300] Iter [750/794] Loss: 0.2194
[Epoch 16/300] Iter [760/794] Loss: 0.1954
[Epoch 16/300] Iter [770/794] Loss: 0.1667
[Epoch 16/300] Iter [780/794] Loss: 0.2134
[Epoch 16/300] Iter [790/794] Loss: 0.2081
Epoch [16/300] Validation Loss: 0.4329
No improvement for 10 epoch(s).
Early stopping triggered at epoch 16
Training complete!
Test Accuracy: 86.74%
