===== Training Config =====
Dataset:        emnist
EMNIST Split:   balanced
Model:          lenet
BatchSize:      128
Epochs:         300
LR:             0.0022
Patience:       10
NumClasses:     47
SaveDir:        /scratch/gilbreth/hu953/cs57800/pth
Noise Std:      70.0
Noise Type:     gaussian
===========================
[Epoch 1/300] Iter [10/794] Loss: 3.4540
[Epoch 1/300] Iter [20/794] Loss: 2.8216
[Epoch 1/300] Iter [30/794] Loss: 2.1866
[Epoch 1/300] Iter [40/794] Loss: 1.6682
[Epoch 1/300] Iter [50/794] Loss: 1.3083
[Epoch 1/300] Iter [60/794] Loss: 0.9933
[Epoch 1/300] Iter [70/794] Loss: 0.8800
[Epoch 1/300] Iter [80/794] Loss: 0.8935
[Epoch 1/300] Iter [90/794] Loss: 1.0392
[Epoch 1/300] Iter [100/794] Loss: 0.6684
[Epoch 1/300] Iter [110/794] Loss: 0.6479
[Epoch 1/300] Iter [120/794] Loss: 0.7272
[Epoch 1/300] Iter [130/794] Loss: 0.8162
[Epoch 1/300] Iter [140/794] Loss: 0.7805
[Epoch 1/300] Iter [150/794] Loss: 0.7558
[Epoch 1/300] Iter [160/794] Loss: 0.5976
[Epoch 1/300] Iter [170/794] Loss: 0.6354
[Epoch 1/300] Iter [180/794] Loss: 0.6584
[Epoch 1/300] Iter [190/794] Loss: 0.4797
[Epoch 1/300] Iter [200/794] Loss: 0.5810
[Epoch 1/300] Iter [210/794] Loss: 0.4813
[Epoch 1/300] Iter [220/794] Loss: 0.6167
[Epoch 1/300] Iter [230/794] Loss: 0.4029
[Epoch 1/300] Iter [240/794] Loss: 0.4998
[Epoch 1/300] Iter [250/794] Loss: 0.5354
[Epoch 1/300] Iter [260/794] Loss: 0.4652
[Epoch 1/300] Iter [270/794] Loss: 0.4517
[Epoch 1/300] Iter [280/794] Loss: 0.3784
[Epoch 1/300] Iter [290/794] Loss: 0.5955
[Epoch 1/300] Iter [300/794] Loss: 0.5503
[Epoch 1/300] Iter [310/794] Loss: 0.5208
[Epoch 1/300] Iter [320/794] Loss: 0.5856
[Epoch 1/300] Iter [330/794] Loss: 0.4925
[Epoch 1/300] Iter [340/794] Loss: 0.4383
[Epoch 1/300] Iter [350/794] Loss: 0.4669
[Epoch 1/300] Iter [360/794] Loss: 0.5738
[Epoch 1/300] Iter [370/794] Loss: 0.4304
[Epoch 1/300] Iter [380/794] Loss: 0.5535
[Epoch 1/300] Iter [390/794] Loss: 0.5620
[Epoch 1/300] Iter [400/794] Loss: 0.5747
[Epoch 1/300] Iter [410/794] Loss: 0.4846
[Epoch 1/300] Iter [420/794] Loss: 0.6343
[Epoch 1/300] Iter [430/794] Loss: 0.6766
[Epoch 1/300] Iter [440/794] Loss: 0.4496
[Epoch 1/300] Iter [450/794] Loss: 0.5155
[Epoch 1/300] Iter [460/794] Loss: 0.5446
[Epoch 1/300] Iter [470/794] Loss: 0.3964
[Epoch 1/300] Iter [480/794] Loss: 0.5095
[Epoch 1/300] Iter [490/794] Loss: 0.4569
[Epoch 1/300] Iter [500/794] Loss: 0.4914
[Epoch 1/300] Iter [510/794] Loss: 0.3335
[Epoch 1/300] Iter [520/794] Loss: 0.3213
[Epoch 1/300] Iter [530/794] Loss: 0.3976
[Epoch 1/300] Iter [540/794] Loss: 0.4435
[Epoch 1/300] Iter [550/794] Loss: 0.4626
[Epoch 1/300] Iter [560/794] Loss: 0.4553
[Epoch 1/300] Iter [570/794] Loss: 0.4642
[Epoch 1/300] Iter [580/794] Loss: 0.4780
[Epoch 1/300] Iter [590/794] Loss: 0.2455
[Epoch 1/300] Iter [600/794] Loss: 0.4195
[Epoch 1/300] Iter [610/794] Loss: 0.2850
[Epoch 1/300] Iter [620/794] Loss: 0.6058
[Epoch 1/300] Iter [630/794] Loss: 0.4569
[Epoch 1/300] Iter [640/794] Loss: 0.4749
[Epoch 1/300] Iter [650/794] Loss: 0.3492
[Epoch 1/300] Iter [660/794] Loss: 0.4158
[Epoch 1/300] Iter [670/794] Loss: 0.3838
[Epoch 1/300] Iter [680/794] Loss: 0.5564
[Epoch 1/300] Iter [690/794] Loss: 0.5191
[Epoch 1/300] Iter [700/794] Loss: 0.4217
[Epoch 1/300] Iter [710/794] Loss: 0.4989
[Epoch 1/300] Iter [720/794] Loss: 0.5495
[Epoch 1/300] Iter [730/794] Loss: 0.4145
[Epoch 1/300] Iter [740/794] Loss: 0.5454
[Epoch 1/300] Iter [750/794] Loss: 0.4063
[Epoch 1/300] Iter [760/794] Loss: 0.3639
[Epoch 1/300] Iter [770/794] Loss: 0.5171
[Epoch 1/300] Iter [780/794] Loss: 0.5308
[Epoch 1/300] Iter [790/794] Loss: 0.3907
Epoch [1/300] Validation Loss: 0.4329
[Epoch 2/300] Iter [10/794] Loss: 0.3989
[Epoch 2/300] Iter [20/794] Loss: 0.3936
[Epoch 2/300] Iter [30/794] Loss: 0.5987
[Epoch 2/300] Iter [40/794] Loss: 0.3809
[Epoch 2/300] Iter [50/794] Loss: 0.5086
[Epoch 2/300] Iter [60/794] Loss: 0.5434
[Epoch 2/300] Iter [70/794] Loss: 0.4444
[Epoch 2/300] Iter [80/794] Loss: 0.5054
[Epoch 2/300] Iter [90/794] Loss: 0.4093
[Epoch 2/300] Iter [100/794] Loss: 0.3455
[Epoch 2/300] Iter [110/794] Loss: 0.4843
[Epoch 2/300] Iter [120/794] Loss: 0.3647
[Epoch 2/300] Iter [130/794] Loss: 0.3883
[Epoch 2/300] Iter [140/794] Loss: 0.3762
[Epoch 2/300] Iter [150/794] Loss: 0.3988
[Epoch 2/300] Iter [160/794] Loss: 0.3365
[Epoch 2/300] Iter [170/794] Loss: 0.3712
[Epoch 2/300] Iter [180/794] Loss: 0.4854
[Epoch 2/300] Iter [190/794] Loss: 0.3126
[Epoch 2/300] Iter [200/794] Loss: 0.4058
[Epoch 2/300] Iter [210/794] Loss: 0.3656
[Epoch 2/300] Iter [220/794] Loss: 0.5478
[Epoch 2/300] Iter [230/794] Loss: 0.3828
[Epoch 2/300] Iter [240/794] Loss: 0.4052
[Epoch 2/300] Iter [250/794] Loss: 0.2842
[Epoch 2/300] Iter [260/794] Loss: 0.4556
[Epoch 2/300] Iter [270/794] Loss: 0.3185
[Epoch 2/300] Iter [280/794] Loss: 0.4367
[Epoch 2/300] Iter [290/794] Loss: 0.3489
[Epoch 2/300] Iter [300/794] Loss: 0.2735
[Epoch 2/300] Iter [310/794] Loss: 0.4168
[Epoch 2/300] Iter [320/794] Loss: 0.5254
[Epoch 2/300] Iter [330/794] Loss: 0.5142
[Epoch 2/300] Iter [340/794] Loss: 0.3982
[Epoch 2/300] Iter [350/794] Loss: 0.4299
[Epoch 2/300] Iter [360/794] Loss: 0.3375
[Epoch 2/300] Iter [370/794] Loss: 0.4467
[Epoch 2/300] Iter [380/794] Loss: 0.3983
[Epoch 2/300] Iter [390/794] Loss: 0.4610
[Epoch 2/300] Iter [400/794] Loss: 0.5363
[Epoch 2/300] Iter [410/794] Loss: 0.3560
[Epoch 2/300] Iter [420/794] Loss: 0.3304
[Epoch 2/300] Iter [430/794] Loss: 0.3435
[Epoch 2/300] Iter [440/794] Loss: 0.3566
[Epoch 2/300] Iter [450/794] Loss: 0.4236
[Epoch 2/300] Iter [460/794] Loss: 0.5380
[Epoch 2/300] Iter [470/794] Loss: 0.4145
[Epoch 2/300] Iter [480/794] Loss: 0.3408
[Epoch 2/300] Iter [490/794] Loss: 0.4104
[Epoch 2/300] Iter [500/794] Loss: 0.4941
[Epoch 2/300] Iter [510/794] Loss: 0.4378
[Epoch 2/300] Iter [520/794] Loss: 0.5494
[Epoch 2/300] Iter [530/794] Loss: 0.4911
[Epoch 2/300] Iter [540/794] Loss: 0.3945
[Epoch 2/300] Iter [550/794] Loss: 0.3085
[Epoch 2/300] Iter [560/794] Loss: 0.3309
[Epoch 2/300] Iter [570/794] Loss: 0.3674
[Epoch 2/300] Iter [580/794] Loss: 0.3127
[Epoch 2/300] Iter [590/794] Loss: 0.4227
[Epoch 2/300] Iter [600/794] Loss: 0.3209
[Epoch 2/300] Iter [610/794] Loss: 0.4880
[Epoch 2/300] Iter [620/794] Loss: 0.2813
[Epoch 2/300] Iter [630/794] Loss: 0.4946
[Epoch 2/300] Iter [640/794] Loss: 0.3811
[Epoch 2/300] Iter [650/794] Loss: 0.2716
[Epoch 2/300] Iter [660/794] Loss: 0.3377
[Epoch 2/300] Iter [670/794] Loss: 0.4217
[Epoch 2/300] Iter [680/794] Loss: 0.5938
[Epoch 2/300] Iter [690/794] Loss: 0.4462
[Epoch 2/300] Iter [700/794] Loss: 0.2800
[Epoch 2/300] Iter [710/794] Loss: 0.2830
[Epoch 2/300] Iter [720/794] Loss: 0.3396
[Epoch 2/300] Iter [730/794] Loss: 0.3056
[Epoch 2/300] Iter [740/794] Loss: 0.3438
[Epoch 2/300] Iter [750/794] Loss: 0.4774
[Epoch 2/300] Iter [760/794] Loss: 0.5729
[Epoch 2/300] Iter [770/794] Loss: 0.3867
[Epoch 2/300] Iter [780/794] Loss: 0.4391
[Epoch 2/300] Iter [790/794] Loss: 0.4418
Epoch [2/300] Validation Loss: 0.3860
[Epoch 3/300] Iter [10/794] Loss: 0.3333
[Epoch 3/300] Iter [20/794] Loss: 0.3739
[Epoch 3/300] Iter [30/794] Loss: 0.3796
[Epoch 3/300] Iter [40/794] Loss: 0.4809
[Epoch 3/300] Iter [50/794] Loss: 0.4060
[Epoch 3/300] Iter [60/794] Loss: 0.4459
[Epoch 3/300] Iter [70/794] Loss: 0.4784
[Epoch 3/300] Iter [80/794] Loss: 0.3913
[Epoch 3/300] Iter [90/794] Loss: 0.3563
[Epoch 3/300] Iter [100/794] Loss: 0.4460
[Epoch 3/300] Iter [110/794] Loss: 0.4454
[Epoch 3/300] Iter [120/794] Loss: 0.3510
[Epoch 3/300] Iter [130/794] Loss: 0.3652
[Epoch 3/300] Iter [140/794] Loss: 0.2989
[Epoch 3/300] Iter [150/794] Loss: 0.2584
[Epoch 3/300] Iter [160/794] Loss: 0.4071
[Epoch 3/300] Iter [170/794] Loss: 0.3554
[Epoch 3/300] Iter [180/794] Loss: 0.2857
[Epoch 3/300] Iter [190/794] Loss: 0.3775
[Epoch 3/300] Iter [200/794] Loss: 0.4092
[Epoch 3/300] Iter [210/794] Loss: 0.3740
[Epoch 3/300] Iter [220/794] Loss: 0.2613
[Epoch 3/300] Iter [230/794] Loss: 0.3569
[Epoch 3/300] Iter [240/794] Loss: 0.2876
[Epoch 3/300] Iter [250/794] Loss: 0.3240
[Epoch 3/300] Iter [260/794] Loss: 0.4230
[Epoch 3/300] Iter [270/794] Loss: 0.3791
[Epoch 3/300] Iter [280/794] Loss: 0.1970
[Epoch 3/300] Iter [290/794] Loss: 0.3928
[Epoch 3/300] Iter [300/794] Loss: 0.3266
[Epoch 3/300] Iter [310/794] Loss: 0.4264
[Epoch 3/300] Iter [320/794] Loss: 0.5207
[Epoch 3/300] Iter [330/794] Loss: 0.3461
[Epoch 3/300] Iter [340/794] Loss: 0.4056
[Epoch 3/300] Iter [350/794] Loss: 0.3533
[Epoch 3/300] Iter [360/794] Loss: 0.3963
[Epoch 3/300] Iter [370/794] Loss: 0.4336
[Epoch 3/300] Iter [380/794] Loss: 0.3052
[Epoch 3/300] Iter [390/794] Loss: 0.2804
[Epoch 3/300] Iter [400/794] Loss: 0.3027
[Epoch 3/300] Iter [410/794] Loss: 0.3572
[Epoch 3/300] Iter [420/794] Loss: 0.2447
[Epoch 3/300] Iter [430/794] Loss: 0.2931
[Epoch 3/300] Iter [440/794] Loss: 0.3637
[Epoch 3/300] Iter [450/794] Loss: 0.3414
[Epoch 3/300] Iter [460/794] Loss: 0.2922
[Epoch 3/300] Iter [470/794] Loss: 0.2499
[Epoch 3/300] Iter [480/794] Loss: 0.4594
[Epoch 3/300] Iter [490/794] Loss: 0.3563
[Epoch 3/300] Iter [500/794] Loss: 0.3056
[Epoch 3/300] Iter [510/794] Loss: 0.2487
[Epoch 3/300] Iter [520/794] Loss: 0.3599
[Epoch 3/300] Iter [530/794] Loss: 0.3520
[Epoch 3/300] Iter [540/794] Loss: 0.3554
[Epoch 3/300] Iter [550/794] Loss: 0.2125
[Epoch 3/300] Iter [560/794] Loss: 0.3190
[Epoch 3/300] Iter [570/794] Loss: 0.3222
[Epoch 3/300] Iter [580/794] Loss: 0.3713
[Epoch 3/300] Iter [590/794] Loss: 0.2597
[Epoch 3/300] Iter [600/794] Loss: 0.2457
[Epoch 3/300] Iter [610/794] Loss: 0.2978
[Epoch 3/300] Iter [620/794] Loss: 0.3734
[Epoch 3/300] Iter [630/794] Loss: 0.3712
[Epoch 3/300] Iter [640/794] Loss: 0.2726
[Epoch 3/300] Iter [650/794] Loss: 0.3715
[Epoch 3/300] Iter [660/794] Loss: 0.4623
[Epoch 3/300] Iter [670/794] Loss: 0.2442
[Epoch 3/300] Iter [680/794] Loss: 0.3291
[Epoch 3/300] Iter [690/794] Loss: 0.4106
[Epoch 3/300] Iter [700/794] Loss: 0.3327
[Epoch 3/300] Iter [710/794] Loss: 0.4353
[Epoch 3/300] Iter [720/794] Loss: 0.2982
[Epoch 3/300] Iter [730/794] Loss: 0.3339
[Epoch 3/300] Iter [740/794] Loss: 0.3021
[Epoch 3/300] Iter [750/794] Loss: 0.2217
[Epoch 3/300] Iter [760/794] Loss: 0.5413
[Epoch 3/300] Iter [770/794] Loss: 0.3194
[Epoch 3/300] Iter [780/794] Loss: 0.2364
[Epoch 3/300] Iter [790/794] Loss: 0.2434
Epoch [3/300] Validation Loss: 0.3843
[Epoch 4/300] Iter [10/794] Loss: 0.2905
[Epoch 4/300] Iter [20/794] Loss: 0.3992
[Epoch 4/300] Iter [30/794] Loss: 0.2394
[Epoch 4/300] Iter [40/794] Loss: 0.3252
[Epoch 4/300] Iter [50/794] Loss: 0.2905
[Epoch 4/300] Iter [60/794] Loss: 0.2819
[Epoch 4/300] Iter [70/794] Loss: 0.4315
[Epoch 4/300] Iter [80/794] Loss: 0.3326
[Epoch 4/300] Iter [90/794] Loss: 0.3239
[Epoch 4/300] Iter [100/794] Loss: 0.3409
[Epoch 4/300] Iter [110/794] Loss: 0.3173
[Epoch 4/300] Iter [120/794] Loss: 0.2494
[Epoch 4/300] Iter [130/794] Loss: 0.3674
[Epoch 4/300] Iter [140/794] Loss: 0.3290
[Epoch 4/300] Iter [150/794] Loss: 0.3924
[Epoch 4/300] Iter [160/794] Loss: 0.4073
[Epoch 4/300] Iter [170/794] Loss: 0.3466
[Epoch 4/300] Iter [180/794] Loss: 0.2367
[Epoch 4/300] Iter [190/794] Loss: 0.3112
[Epoch 4/300] Iter [200/794] Loss: 0.2297
[Epoch 4/300] Iter [210/794] Loss: 0.3872
[Epoch 4/300] Iter [220/794] Loss: 0.2642
[Epoch 4/300] Iter [230/794] Loss: 0.3125
[Epoch 4/300] Iter [240/794] Loss: 0.4408
[Epoch 4/300] Iter [250/794] Loss: 0.2474
[Epoch 4/300] Iter [260/794] Loss: 0.1938
[Epoch 4/300] Iter [270/794] Loss: 0.2476
[Epoch 4/300] Iter [280/794] Loss: 0.2866
[Epoch 4/300] Iter [290/794] Loss: 0.2980
[Epoch 4/300] Iter [300/794] Loss: 0.3510
[Epoch 4/300] Iter [310/794] Loss: 0.2002
[Epoch 4/300] Iter [320/794] Loss: 0.2887
[Epoch 4/300] Iter [330/794] Loss: 0.3966
[Epoch 4/300] Iter [340/794] Loss: 0.3039
[Epoch 4/300] Iter [350/794] Loss: 0.3733
[Epoch 4/300] Iter [360/794] Loss: 0.3785
[Epoch 4/300] Iter [370/794] Loss: 0.3430
[Epoch 4/300] Iter [380/794] Loss: 0.4345
[Epoch 4/300] Iter [390/794] Loss: 0.2901
[Epoch 4/300] Iter [400/794] Loss: 0.3651
[Epoch 4/300] Iter [410/794] Loss: 0.3106
[Epoch 4/300] Iter [420/794] Loss: 0.2090
[Epoch 4/300] Iter [430/794] Loss: 0.3402
[Epoch 4/300] Iter [440/794] Loss: 0.3648
[Epoch 4/300] Iter [450/794] Loss: 0.3264
[Epoch 4/300] Iter [460/794] Loss: 0.2738
[Epoch 4/300] Iter [470/794] Loss: 0.3599
[Epoch 4/300] Iter [480/794] Loss: 0.3224
[Epoch 4/300] Iter [490/794] Loss: 0.3491
[Epoch 4/300] Iter [500/794] Loss: 0.2664
[Epoch 4/300] Iter [510/794] Loss: 0.2112
[Epoch 4/300] Iter [520/794] Loss: 0.5091
[Epoch 4/300] Iter [530/794] Loss: 0.2616
[Epoch 4/300] Iter [540/794] Loss: 0.3194
[Epoch 4/300] Iter [550/794] Loss: 0.2979
[Epoch 4/300] Iter [560/794] Loss: 0.2062
[Epoch 4/300] Iter [570/794] Loss: 0.2916
[Epoch 4/300] Iter [580/794] Loss: 0.3456
[Epoch 4/300] Iter [590/794] Loss: 0.5214
[Epoch 4/300] Iter [600/794] Loss: 0.3039
[Epoch 4/300] Iter [610/794] Loss: 0.2776
[Epoch 4/300] Iter [620/794] Loss: 0.2885
[Epoch 4/300] Iter [630/794] Loss: 0.2889
[Epoch 4/300] Iter [640/794] Loss: 0.2387
[Epoch 4/300] Iter [650/794] Loss: 0.2210
[Epoch 4/300] Iter [660/794] Loss: 0.3662
[Epoch 4/300] Iter [670/794] Loss: 0.3457
[Epoch 4/300] Iter [680/794] Loss: 0.3449
[Epoch 4/300] Iter [690/794] Loss: 0.3452
[Epoch 4/300] Iter [700/794] Loss: 0.2871
[Epoch 4/300] Iter [710/794] Loss: 0.3119
[Epoch 4/300] Iter [720/794] Loss: 0.2347
[Epoch 4/300] Iter [730/794] Loss: 0.3083
[Epoch 4/300] Iter [740/794] Loss: 0.2343
[Epoch 4/300] Iter [750/794] Loss: 0.2977
[Epoch 4/300] Iter [760/794] Loss: 0.3895
[Epoch 4/300] Iter [770/794] Loss: 0.4070
[Epoch 4/300] Iter [780/794] Loss: 0.2982
[Epoch 4/300] Iter [790/794] Loss: 0.3793
Epoch [4/300] Validation Loss: 0.3695
[Epoch 5/300] Iter [10/794] Loss: 0.3319
[Epoch 5/300] Iter [20/794] Loss: 0.3435
[Epoch 5/300] Iter [30/794] Loss: 0.2633
[Epoch 5/300] Iter [40/794] Loss: 0.3347
[Epoch 5/300] Iter [50/794] Loss: 0.2509
[Epoch 5/300] Iter [60/794] Loss: 0.2111
[Epoch 5/300] Iter [70/794] Loss: 0.2803
[Epoch 5/300] Iter [80/794] Loss: 0.2473
[Epoch 5/300] Iter [90/794] Loss: 0.2218
[Epoch 5/300] Iter [100/794] Loss: 0.2046
[Epoch 5/300] Iter [110/794] Loss: 0.2649
[Epoch 5/300] Iter [120/794] Loss: 0.2966
[Epoch 5/300] Iter [130/794] Loss: 0.4207
[Epoch 5/300] Iter [140/794] Loss: 0.1992
[Epoch 5/300] Iter [150/794] Loss: 0.3348
[Epoch 5/300] Iter [160/794] Loss: 0.2549
[Epoch 5/300] Iter [170/794] Loss: 0.3444
[Epoch 5/300] Iter [180/794] Loss: 0.3040
[Epoch 5/300] Iter [190/794] Loss: 0.2913
[Epoch 5/300] Iter [200/794] Loss: 0.2820
[Epoch 5/300] Iter [210/794] Loss: 0.2465
[Epoch 5/300] Iter [220/794] Loss: 0.2992
[Epoch 5/300] Iter [230/794] Loss: 0.4228
[Epoch 5/300] Iter [240/794] Loss: 0.3975
[Epoch 5/300] Iter [250/794] Loss: 0.3259
[Epoch 5/300] Iter [260/794] Loss: 0.4500
[Epoch 5/300] Iter [270/794] Loss: 0.2493
[Epoch 5/300] Iter [280/794] Loss: 0.3590
[Epoch 5/300] Iter [290/794] Loss: 0.2505
[Epoch 5/300] Iter [300/794] Loss: 0.2261
[Epoch 5/300] Iter [310/794] Loss: 0.3731
[Epoch 5/300] Iter [320/794] Loss: 0.2568
[Epoch 5/300] Iter [330/794] Loss: 0.2938
[Epoch 5/300] Iter [340/794] Loss: 0.2276
[Epoch 5/300] Iter [350/794] Loss: 0.3698
[Epoch 5/300] Iter [360/794] Loss: 0.2490
[Epoch 5/300] Iter [370/794] Loss: 0.3702
[Epoch 5/300] Iter [380/794] Loss: 0.3335
[Epoch 5/300] Iter [390/794] Loss: 0.3564
[Epoch 5/300] Iter [400/794] Loss: 0.2638
[Epoch 5/300] Iter [410/794] Loss: 0.3785
[Epoch 5/300] Iter [420/794] Loss: 0.1873
[Epoch 5/300] Iter [430/794] Loss: 0.4261
[Epoch 5/300] Iter [440/794] Loss: 0.2922
[Epoch 5/300] Iter [450/794] Loss: 0.3630
[Epoch 5/300] Iter [460/794] Loss: 0.2929
[Epoch 5/300] Iter [470/794] Loss: 0.3149
[Epoch 5/300] Iter [480/794] Loss: 0.1973
[Epoch 5/300] Iter [490/794] Loss: 0.2764
[Epoch 5/300] Iter [500/794] Loss: 0.2859
[Epoch 5/300] Iter [510/794] Loss: 0.4698
[Epoch 5/300] Iter [520/794] Loss: 0.3917
[Epoch 5/300] Iter [530/794] Loss: 0.3553
[Epoch 5/300] Iter [540/794] Loss: 0.2631
[Epoch 5/300] Iter [550/794] Loss: 0.1882
[Epoch 5/300] Iter [560/794] Loss: 0.1890
[Epoch 5/300] Iter [570/794] Loss: 0.3661
[Epoch 5/300] Iter [580/794] Loss: 0.2871
[Epoch 5/300] Iter [590/794] Loss: 0.2859
[Epoch 5/300] Iter [600/794] Loss: 0.3471
[Epoch 5/300] Iter [610/794] Loss: 0.5324
[Epoch 5/300] Iter [620/794] Loss: 0.3931
[Epoch 5/300] Iter [630/794] Loss: 0.2657
[Epoch 5/300] Iter [640/794] Loss: 0.2573
[Epoch 5/300] Iter [650/794] Loss: 0.2715
[Epoch 5/300] Iter [660/794] Loss: 0.2311
[Epoch 5/300] Iter [670/794] Loss: 0.3334
[Epoch 5/300] Iter [680/794] Loss: 0.2947
[Epoch 5/300] Iter [690/794] Loss: 0.3372
[Epoch 5/300] Iter [700/794] Loss: 0.2367
[Epoch 5/300] Iter [710/794] Loss: 0.4478
[Epoch 5/300] Iter [720/794] Loss: 0.2801
[Epoch 5/300] Iter [730/794] Loss: 0.2474
[Epoch 5/300] Iter [740/794] Loss: 0.2513
[Epoch 5/300] Iter [750/794] Loss: 0.2626
[Epoch 5/300] Iter [760/794] Loss: 0.4285
[Epoch 5/300] Iter [770/794] Loss: 0.2876
[Epoch 5/300] Iter [780/794] Loss: 0.3660
[Epoch 5/300] Iter [790/794] Loss: 0.3083
Epoch [5/300] Validation Loss: 0.3629
[Epoch 6/300] Iter [10/794] Loss: 0.3689
[Epoch 6/300] Iter [20/794] Loss: 0.3237
[Epoch 6/300] Iter [30/794] Loss: 0.2681
[Epoch 6/300] Iter [40/794] Loss: 0.1755
[Epoch 6/300] Iter [50/794] Loss: 0.2440
[Epoch 6/300] Iter [60/794] Loss: 0.2782
[Epoch 6/300] Iter [70/794] Loss: 0.3136
[Epoch 6/300] Iter [80/794] Loss: 0.2628
[Epoch 6/300] Iter [90/794] Loss: 0.2296
[Epoch 6/300] Iter [100/794] Loss: 0.2773
[Epoch 6/300] Iter [110/794] Loss: 0.1679
[Epoch 6/300] Iter [120/794] Loss: 0.2478
[Epoch 6/300] Iter [130/794] Loss: 0.2623
[Epoch 6/300] Iter [140/794] Loss: 0.2068
[Epoch 6/300] Iter [150/794] Loss: 0.3970
[Epoch 6/300] Iter [160/794] Loss: 0.2908
[Epoch 6/300] Iter [170/794] Loss: 0.3378
[Epoch 6/300] Iter [180/794] Loss: 0.2006
[Epoch 6/300] Iter [190/794] Loss: 0.2999
[Epoch 6/300] Iter [200/794] Loss: 0.3651
[Epoch 6/300] Iter [210/794] Loss: 0.3177
[Epoch 6/300] Iter [220/794] Loss: 0.2275
[Epoch 6/300] Iter [230/794] Loss: 0.2414
[Epoch 6/300] Iter [240/794] Loss: 0.3131
[Epoch 6/300] Iter [250/794] Loss: 0.3626
[Epoch 6/300] Iter [260/794] Loss: 0.2860
[Epoch 6/300] Iter [270/794] Loss: 0.2252
[Epoch 6/300] Iter [280/794] Loss: 0.3183
[Epoch 6/300] Iter [290/794] Loss: 0.2992
[Epoch 6/300] Iter [300/794] Loss: 0.2897
[Epoch 6/300] Iter [310/794] Loss: 0.2544
[Epoch 6/300] Iter [320/794] Loss: 0.2718
[Epoch 6/300] Iter [330/794] Loss: 0.2856
[Epoch 6/300] Iter [340/794] Loss: 0.1843
[Epoch 6/300] Iter [350/794] Loss: 0.3259
[Epoch 6/300] Iter [360/794] Loss: 0.2677
[Epoch 6/300] Iter [370/794] Loss: 0.2516
[Epoch 6/300] Iter [380/794] Loss: 0.3512
[Epoch 6/300] Iter [390/794] Loss: 0.3432
[Epoch 6/300] Iter [400/794] Loss: 0.2856
[Epoch 6/300] Iter [410/794] Loss: 0.2528
[Epoch 6/300] Iter [420/794] Loss: 0.4667
[Epoch 6/300] Iter [430/794] Loss: 0.2093
[Epoch 6/300] Iter [440/794] Loss: 0.2917
[Epoch 6/300] Iter [450/794] Loss: 0.2506
[Epoch 6/300] Iter [460/794] Loss: 0.2761
[Epoch 6/300] Iter [470/794] Loss: 0.5024
[Epoch 6/300] Iter [480/794] Loss: 0.2694
[Epoch 6/300] Iter [490/794] Loss: 0.2249
[Epoch 6/300] Iter [500/794] Loss: 0.3282
[Epoch 6/300] Iter [510/794] Loss: 0.2401
[Epoch 6/300] Iter [520/794] Loss: 0.2240
[Epoch 6/300] Iter [530/794] Loss: 0.4221
[Epoch 6/300] Iter [540/794] Loss: 0.2801
[Epoch 6/300] Iter [550/794] Loss: 0.3572
[Epoch 6/300] Iter [560/794] Loss: 0.2628
[Epoch 6/300] Iter [570/794] Loss: 0.2662
[Epoch 6/300] Iter [580/794] Loss: 0.1650
[Epoch 6/300] Iter [590/794] Loss: 0.3173
[Epoch 6/300] Iter [600/794] Loss: 0.2460
[Epoch 6/300] Iter [610/794] Loss: 0.3179
[Epoch 6/300] Iter [620/794] Loss: 0.4610
[Epoch 6/300] Iter [630/794] Loss: 0.2782
[Epoch 6/300] Iter [640/794] Loss: 0.1826
[Epoch 6/300] Iter [650/794] Loss: 0.2807
[Epoch 6/300] Iter [660/794] Loss: 0.4047
[Epoch 6/300] Iter [670/794] Loss: 0.2350
[Epoch 6/300] Iter [680/794] Loss: 0.3255
[Epoch 6/300] Iter [690/794] Loss: 0.2681
[Epoch 6/300] Iter [700/794] Loss: 0.2338
[Epoch 6/300] Iter [710/794] Loss: 0.2999
[Epoch 6/300] Iter [720/794] Loss: 0.2401
[Epoch 6/300] Iter [730/794] Loss: 0.3574
[Epoch 6/300] Iter [740/794] Loss: 0.4085
[Epoch 6/300] Iter [750/794] Loss: 0.2715
[Epoch 6/300] Iter [760/794] Loss: 0.3102
[Epoch 6/300] Iter [770/794] Loss: 0.2412
[Epoch 6/300] Iter [780/794] Loss: 0.2381
[Epoch 6/300] Iter [790/794] Loss: 0.2891
Epoch [6/300] Validation Loss: 0.3502
[Epoch 7/300] Iter [10/794] Loss: 0.2656
[Epoch 7/300] Iter [20/794] Loss: 0.3075
[Epoch 7/300] Iter [30/794] Loss: 0.2307
[Epoch 7/300] Iter [40/794] Loss: 0.2755
[Epoch 7/300] Iter [50/794] Loss: 0.2083
[Epoch 7/300] Iter [60/794] Loss: 0.2896
[Epoch 7/300] Iter [70/794] Loss: 0.2879
[Epoch 7/300] Iter [80/794] Loss: 0.2394
[Epoch 7/300] Iter [90/794] Loss: 0.2598
[Epoch 7/300] Iter [100/794] Loss: 0.2567
[Epoch 7/300] Iter [110/794] Loss: 0.2110
[Epoch 7/300] Iter [120/794] Loss: 0.2474
[Epoch 7/300] Iter [130/794] Loss: 0.1867
[Epoch 7/300] Iter [140/794] Loss: 0.3077
[Epoch 7/300] Iter [150/794] Loss: 0.2661
[Epoch 7/300] Iter [160/794] Loss: 0.2691
[Epoch 7/300] Iter [170/794] Loss: 0.2804
[Epoch 7/300] Iter [180/794] Loss: 0.2037
[Epoch 7/300] Iter [190/794] Loss: 0.3880
[Epoch 7/300] Iter [200/794] Loss: 0.3745
[Epoch 7/300] Iter [210/794] Loss: 0.2341
[Epoch 7/300] Iter [220/794] Loss: 0.2818
[Epoch 7/300] Iter [230/794] Loss: 0.2972
[Epoch 7/300] Iter [240/794] Loss: 0.2155
[Epoch 7/300] Iter [250/794] Loss: 0.2312
[Epoch 7/300] Iter [260/794] Loss: 0.1811
[Epoch 7/300] Iter [270/794] Loss: 0.2846
[Epoch 7/300] Iter [280/794] Loss: 0.2356
[Epoch 7/300] Iter [290/794] Loss: 0.1629
[Epoch 7/300] Iter [300/794] Loss: 0.2643
[Epoch 7/300] Iter [310/794] Loss: 0.2886
[Epoch 7/300] Iter [320/794] Loss: 0.2316
[Epoch 7/300] Iter [330/794] Loss: 0.3237
[Epoch 7/300] Iter [340/794] Loss: 0.3290
[Epoch 7/300] Iter [350/794] Loss: 0.2435
[Epoch 7/300] Iter [360/794] Loss: 0.2363
[Epoch 7/300] Iter [370/794] Loss: 0.3096
[Epoch 7/300] Iter [380/794] Loss: 0.2747
[Epoch 7/300] Iter [390/794] Loss: 0.2331
[Epoch 7/300] Iter [400/794] Loss: 0.2658
[Epoch 7/300] Iter [410/794] Loss: 0.3119
[Epoch 7/300] Iter [420/794] Loss: 0.2703
[Epoch 7/300] Iter [430/794] Loss: 0.4339
[Epoch 7/300] Iter [440/794] Loss: 0.2544
[Epoch 7/300] Iter [450/794] Loss: 0.2294
[Epoch 7/300] Iter [460/794] Loss: 0.3427
[Epoch 7/300] Iter [470/794] Loss: 0.2978
[Epoch 7/300] Iter [480/794] Loss: 0.2506
[Epoch 7/300] Iter [490/794] Loss: 0.3208
[Epoch 7/300] Iter [500/794] Loss: 0.3859
[Epoch 7/300] Iter [510/794] Loss: 0.2814
[Epoch 7/300] Iter [520/794] Loss: 0.2443
[Epoch 7/300] Iter [530/794] Loss: 0.2350
[Epoch 7/300] Iter [540/794] Loss: 0.2326
[Epoch 7/300] Iter [550/794] Loss: 0.2717
[Epoch 7/300] Iter [560/794] Loss: 0.2465
[Epoch 7/300] Iter [570/794] Loss: 0.3238
[Epoch 7/300] Iter [580/794] Loss: 0.4743
[Epoch 7/300] Iter [590/794] Loss: 0.3227
[Epoch 7/300] Iter [600/794] Loss: 0.2433
[Epoch 7/300] Iter [610/794] Loss: 0.2043
[Epoch 7/300] Iter [620/794] Loss: 0.2524
[Epoch 7/300] Iter [630/794] Loss: 0.2739
[Epoch 7/300] Iter [640/794] Loss: 0.3332
[Epoch 7/300] Iter [650/794] Loss: 0.2219
[Epoch 7/300] Iter [660/794] Loss: 0.1892
[Epoch 7/300] Iter [670/794] Loss: 0.2558
[Epoch 7/300] Iter [680/794] Loss: 0.3793
[Epoch 7/300] Iter [690/794] Loss: 0.2253
[Epoch 7/300] Iter [700/794] Loss: 0.2087
[Epoch 7/300] Iter [710/794] Loss: 0.3062
[Epoch 7/300] Iter [720/794] Loss: 0.3563
[Epoch 7/300] Iter [730/794] Loss: 0.2820
[Epoch 7/300] Iter [740/794] Loss: 0.3840
[Epoch 7/300] Iter [750/794] Loss: 0.2366
[Epoch 7/300] Iter [760/794] Loss: 0.2813
[Epoch 7/300] Iter [770/794] Loss: 0.3786
[Epoch 7/300] Iter [780/794] Loss: 0.2049
[Epoch 7/300] Iter [790/794] Loss: 0.2503
Epoch [7/300] Validation Loss: 0.3767
No improvement for 1 epoch(s).
[Epoch 8/300] Iter [10/794] Loss: 0.3620
[Epoch 8/300] Iter [20/794] Loss: 0.2205
[Epoch 8/300] Iter [30/794] Loss: 0.1987
[Epoch 8/300] Iter [40/794] Loss: 0.2639
[Epoch 8/300] Iter [50/794] Loss: 0.2047
[Epoch 8/300] Iter [60/794] Loss: 0.2068
[Epoch 8/300] Iter [70/794] Loss: 0.1570
[Epoch 8/300] Iter [80/794] Loss: 0.1760
[Epoch 8/300] Iter [90/794] Loss: 0.2229
[Epoch 8/300] Iter [100/794] Loss: 0.2085
[Epoch 8/300] Iter [110/794] Loss: 0.1907
[Epoch 8/300] Iter [120/794] Loss: 0.1894
[Epoch 8/300] Iter [130/794] Loss: 0.2343
[Epoch 8/300] Iter [140/794] Loss: 0.2456
[Epoch 8/300] Iter [150/794] Loss: 0.2239
[Epoch 8/300] Iter [160/794] Loss: 0.2102
[Epoch 8/300] Iter [170/794] Loss: 0.2328
[Epoch 8/300] Iter [180/794] Loss: 0.2251
[Epoch 8/300] Iter [190/794] Loss: 0.3232
[Epoch 8/300] Iter [200/794] Loss: 0.2741
[Epoch 8/300] Iter [210/794] Loss: 0.3855
[Epoch 8/300] Iter [220/794] Loss: 0.2492
[Epoch 8/300] Iter [230/794] Loss: 0.1728
[Epoch 8/300] Iter [240/794] Loss: 0.1921
[Epoch 8/300] Iter [250/794] Loss: 0.1610
[Epoch 8/300] Iter [260/794] Loss: 0.3420
[Epoch 8/300] Iter [270/794] Loss: 0.2736
[Epoch 8/300] Iter [280/794] Loss: 0.1828
[Epoch 8/300] Iter [290/794] Loss: 0.3453
[Epoch 8/300] Iter [300/794] Loss: 0.2271
[Epoch 8/300] Iter [310/794] Loss: 0.1970
[Epoch 8/300] Iter [320/794] Loss: 0.2568
[Epoch 8/300] Iter [330/794] Loss: 0.2308
[Epoch 8/300] Iter [340/794] Loss: 0.2878
[Epoch 8/300] Iter [350/794] Loss: 0.2335
[Epoch 8/300] Iter [360/794] Loss: 0.1455
[Epoch 8/300] Iter [370/794] Loss: 0.4381
[Epoch 8/300] Iter [380/794] Loss: 0.2716
[Epoch 8/300] Iter [390/794] Loss: 0.3476
[Epoch 8/300] Iter [400/794] Loss: 0.2025
[Epoch 8/300] Iter [410/794] Loss: 0.2446
[Epoch 8/300] Iter [420/794] Loss: 0.2788
[Epoch 8/300] Iter [430/794] Loss: 0.2172
[Epoch 8/300] Iter [440/794] Loss: 0.1472
[Epoch 8/300] Iter [450/794] Loss: 0.2693
[Epoch 8/300] Iter [460/794] Loss: 0.3789
[Epoch 8/300] Iter [470/794] Loss: 0.3908
[Epoch 8/300] Iter [480/794] Loss: 0.3484
[Epoch 8/300] Iter [490/794] Loss: 0.2487
[Epoch 8/300] Iter [500/794] Loss: 0.2155
[Epoch 8/300] Iter [510/794] Loss: 0.2759
[Epoch 8/300] Iter [520/794] Loss: 0.2175
[Epoch 8/300] Iter [530/794] Loss: 0.2060
[Epoch 8/300] Iter [540/794] Loss: 0.1682
[Epoch 8/300] Iter [550/794] Loss: 0.3658
[Epoch 8/300] Iter [560/794] Loss: 0.3524
[Epoch 8/300] Iter [570/794] Loss: 0.1835
[Epoch 8/300] Iter [580/794] Loss: 0.3407
[Epoch 8/300] Iter [590/794] Loss: 0.2728
[Epoch 8/300] Iter [600/794] Loss: 0.2240
[Epoch 8/300] Iter [610/794] Loss: 0.2224
[Epoch 8/300] Iter [620/794] Loss: 0.2170
[Epoch 8/300] Iter [630/794] Loss: 0.1942
[Epoch 8/300] Iter [640/794] Loss: 0.2221
[Epoch 8/300] Iter [650/794] Loss: 0.3487
[Epoch 8/300] Iter [660/794] Loss: 0.3507
[Epoch 8/300] Iter [670/794] Loss: 0.2375
[Epoch 8/300] Iter [680/794] Loss: 0.2569
[Epoch 8/300] Iter [690/794] Loss: 0.1667
[Epoch 8/300] Iter [700/794] Loss: 0.2669
[Epoch 8/300] Iter [710/794] Loss: 0.3048
[Epoch 8/300] Iter [720/794] Loss: 0.3266
[Epoch 8/300] Iter [730/794] Loss: 0.2545
[Epoch 8/300] Iter [740/794] Loss: 0.2733
[Epoch 8/300] Iter [750/794] Loss: 0.4257
[Epoch 8/300] Iter [760/794] Loss: 0.2339
[Epoch 8/300] Iter [770/794] Loss: 0.3269
[Epoch 8/300] Iter [780/794] Loss: 0.2025
[Epoch 8/300] Iter [790/794] Loss: 0.1890
Epoch [8/300] Validation Loss: 0.3859
No improvement for 2 epoch(s).
[Epoch 9/300] Iter [10/794] Loss: 0.1364
[Epoch 9/300] Iter [20/794] Loss: 0.3182
[Epoch 9/300] Iter [30/794] Loss: 0.2088
[Epoch 9/300] Iter [40/794] Loss: 0.2767
[Epoch 9/300] Iter [50/794] Loss: 0.2597
[Epoch 9/300] Iter [60/794] Loss: 0.2181
[Epoch 9/300] Iter [70/794] Loss: 0.2027
[Epoch 9/300] Iter [80/794] Loss: 0.1952
[Epoch 9/300] Iter [90/794] Loss: 0.1207
[Epoch 9/300] Iter [100/794] Loss: 0.1873
[Epoch 9/300] Iter [110/794] Loss: 0.2693
[Epoch 9/300] Iter [120/794] Loss: 0.1758
[Epoch 9/300] Iter [130/794] Loss: 0.2742
[Epoch 9/300] Iter [140/794] Loss: 0.2598
[Epoch 9/300] Iter [150/794] Loss: 0.1121
[Epoch 9/300] Iter [160/794] Loss: 0.1762
[Epoch 9/300] Iter [170/794] Loss: 0.2815
[Epoch 9/300] Iter [180/794] Loss: 0.1985
[Epoch 9/300] Iter [190/794] Loss: 0.1380
[Epoch 9/300] Iter [200/794] Loss: 0.1871
[Epoch 9/300] Iter [210/794] Loss: 0.1704
[Epoch 9/300] Iter [220/794] Loss: 0.2408
[Epoch 9/300] Iter [230/794] Loss: 0.1941
[Epoch 9/300] Iter [240/794] Loss: 0.2666
[Epoch 9/300] Iter [250/794] Loss: 0.1783
[Epoch 9/300] Iter [260/794] Loss: 0.2440
[Epoch 9/300] Iter [270/794] Loss: 0.2028
[Epoch 9/300] Iter [280/794] Loss: 0.3046
[Epoch 9/300] Iter [290/794] Loss: 0.2571
[Epoch 9/300] Iter [300/794] Loss: 0.2220
[Epoch 9/300] Iter [310/794] Loss: 0.1996
[Epoch 9/300] Iter [320/794] Loss: 0.1708
[Epoch 9/300] Iter [330/794] Loss: 0.2252
[Epoch 9/300] Iter [340/794] Loss: 0.2647
[Epoch 9/300] Iter [350/794] Loss: 0.3100
[Epoch 9/300] Iter [360/794] Loss: 0.1335
[Epoch 9/300] Iter [370/794] Loss: 0.1971
[Epoch 9/300] Iter [380/794] Loss: 0.2699
[Epoch 9/300] Iter [390/794] Loss: 0.2221
[Epoch 9/300] Iter [400/794] Loss: 0.2287
[Epoch 9/300] Iter [410/794] Loss: 0.4091
[Epoch 9/300] Iter [420/794] Loss: 0.2959
[Epoch 9/300] Iter [430/794] Loss: 0.2552
[Epoch 9/300] Iter [440/794] Loss: 0.1219
[Epoch 9/300] Iter [450/794] Loss: 0.2623
[Epoch 9/300] Iter [460/794] Loss: 0.1781
[Epoch 9/300] Iter [470/794] Loss: 0.2851
[Epoch 9/300] Iter [480/794] Loss: 0.1727
[Epoch 9/300] Iter [490/794] Loss: 0.2073
[Epoch 9/300] Iter [500/794] Loss: 0.2553
[Epoch 9/300] Iter [510/794] Loss: 0.2514
[Epoch 9/300] Iter [520/794] Loss: 0.2777
[Epoch 9/300] Iter [530/794] Loss: 0.2212
[Epoch 9/300] Iter [540/794] Loss: 0.2224
[Epoch 9/300] Iter [550/794] Loss: 0.2616
[Epoch 9/300] Iter [560/794] Loss: 0.2077
[Epoch 9/300] Iter [570/794] Loss: 0.3744
[Epoch 9/300] Iter [580/794] Loss: 0.1857
[Epoch 9/300] Iter [590/794] Loss: 0.1463
[Epoch 9/300] Iter [600/794] Loss: 0.2891
[Epoch 9/300] Iter [610/794] Loss: 0.3321
[Epoch 9/300] Iter [620/794] Loss: 0.1933
[Epoch 9/300] Iter [630/794] Loss: 0.2789
[Epoch 9/300] Iter [640/794] Loss: 0.3170
[Epoch 9/300] Iter [650/794] Loss: 0.2409
[Epoch 9/300] Iter [660/794] Loss: 0.2152
[Epoch 9/300] Iter [670/794] Loss: 0.3019
[Epoch 9/300] Iter [680/794] Loss: 0.1691
[Epoch 9/300] Iter [690/794] Loss: 0.2431
[Epoch 9/300] Iter [700/794] Loss: 0.3276
[Epoch 9/300] Iter [710/794] Loss: 0.4367
[Epoch 9/300] Iter [720/794] Loss: 0.2058
[Epoch 9/300] Iter [730/794] Loss: 0.3029
[Epoch 9/300] Iter [740/794] Loss: 0.3548
[Epoch 9/300] Iter [750/794] Loss: 0.2253
[Epoch 9/300] Iter [760/794] Loss: 0.2204
[Epoch 9/300] Iter [770/794] Loss: 0.2399
[Epoch 9/300] Iter [780/794] Loss: 0.3358
[Epoch 9/300] Iter [790/794] Loss: 0.2471
Epoch [9/300] Validation Loss: 0.3674
No improvement for 3 epoch(s).
[Epoch 10/300] Iter [10/794] Loss: 0.2667
[Epoch 10/300] Iter [20/794] Loss: 0.3084
[Epoch 10/300] Iter [30/794] Loss: 0.2014
[Epoch 10/300] Iter [40/794] Loss: 0.1666
[Epoch 10/300] Iter [50/794] Loss: 0.4135
[Epoch 10/300] Iter [60/794] Loss: 0.1966
[Epoch 10/300] Iter [70/794] Loss: 0.2999
[Epoch 10/300] Iter [80/794] Loss: 0.1955
[Epoch 10/300] Iter [90/794] Loss: 0.3622
[Epoch 10/300] Iter [100/794] Loss: 0.2683
[Epoch 10/300] Iter [110/794] Loss: 0.3004
[Epoch 10/300] Iter [120/794] Loss: 0.3036
[Epoch 10/300] Iter [130/794] Loss: 0.1220
[Epoch 10/300] Iter [140/794] Loss: 0.1925
[Epoch 10/300] Iter [150/794] Loss: 0.2803
[Epoch 10/300] Iter [160/794] Loss: 0.2030
[Epoch 10/300] Iter [170/794] Loss: 0.1542
[Epoch 10/300] Iter [180/794] Loss: 0.2274
[Epoch 10/300] Iter [190/794] Loss: 0.2076
[Epoch 10/300] Iter [200/794] Loss: 0.3178
[Epoch 10/300] Iter [210/794] Loss: 0.1563
[Epoch 10/300] Iter [220/794] Loss: 0.2435
[Epoch 10/300] Iter [230/794] Loss: 0.2164
[Epoch 10/300] Iter [240/794] Loss: 0.2363
[Epoch 10/300] Iter [250/794] Loss: 0.3014
[Epoch 10/300] Iter [260/794] Loss: 0.2127
[Epoch 10/300] Iter [270/794] Loss: 0.3273
[Epoch 10/300] Iter [280/794] Loss: 0.2956
[Epoch 10/300] Iter [290/794] Loss: 0.1411
[Epoch 10/300] Iter [300/794] Loss: 0.3330
[Epoch 10/300] Iter [310/794] Loss: 0.2603
[Epoch 10/300] Iter [320/794] Loss: 0.2625
[Epoch 10/300] Iter [330/794] Loss: 0.2205
[Epoch 10/300] Iter [340/794] Loss: 0.2649
[Epoch 10/300] Iter [350/794] Loss: 0.2695
[Epoch 10/300] Iter [360/794] Loss: 0.2933
[Epoch 10/300] Iter [370/794] Loss: 0.1736
[Epoch 10/300] Iter [380/794] Loss: 0.1950
[Epoch 10/300] Iter [390/794] Loss: 0.2750
[Epoch 10/300] Iter [400/794] Loss: 0.1451
[Epoch 10/300] Iter [410/794] Loss: 0.3735
[Epoch 10/300] Iter [420/794] Loss: 0.2414
[Epoch 10/300] Iter [430/794] Loss: 0.1634
[Epoch 10/300] Iter [440/794] Loss: 0.2235
[Epoch 10/300] Iter [450/794] Loss: 0.2091
[Epoch 10/300] Iter [460/794] Loss: 0.1861
[Epoch 10/300] Iter [470/794] Loss: 0.1295
[Epoch 10/300] Iter [480/794] Loss: 0.3294
[Epoch 10/300] Iter [490/794] Loss: 0.2709
[Epoch 10/300] Iter [500/794] Loss: 0.1093
[Epoch 10/300] Iter [510/794] Loss: 0.2122
[Epoch 10/300] Iter [520/794] Loss: 0.2663
[Epoch 10/300] Iter [530/794] Loss: 0.2933
[Epoch 10/300] Iter [540/794] Loss: 0.2910
[Epoch 10/300] Iter [550/794] Loss: 0.1464
[Epoch 10/300] Iter [560/794] Loss: 0.2533
[Epoch 10/300] Iter [570/794] Loss: 0.1721
[Epoch 10/300] Iter [580/794] Loss: 0.1777
[Epoch 10/300] Iter [590/794] Loss: 0.3354
[Epoch 10/300] Iter [600/794] Loss: 0.1965
[Epoch 10/300] Iter [610/794] Loss: 0.2709
[Epoch 10/300] Iter [620/794] Loss: 0.2673
[Epoch 10/300] Iter [630/794] Loss: 0.1914
[Epoch 10/300] Iter [640/794] Loss: 0.1627
[Epoch 10/300] Iter [650/794] Loss: 0.2070
[Epoch 10/300] Iter [660/794] Loss: 0.3403
[Epoch 10/300] Iter [670/794] Loss: 0.2090
[Epoch 10/300] Iter [680/794] Loss: 0.2979
[Epoch 10/300] Iter [690/794] Loss: 0.2269
[Epoch 10/300] Iter [700/794] Loss: 0.3081
[Epoch 10/300] Iter [710/794] Loss: 0.3325
[Epoch 10/300] Iter [720/794] Loss: 0.3286
[Epoch 10/300] Iter [730/794] Loss: 0.2650
[Epoch 10/300] Iter [740/794] Loss: 0.2598
[Epoch 10/300] Iter [750/794] Loss: 0.3005
[Epoch 10/300] Iter [760/794] Loss: 0.2224
[Epoch 10/300] Iter [770/794] Loss: 0.2916
[Epoch 10/300] Iter [780/794] Loss: 0.1351
[Epoch 10/300] Iter [790/794] Loss: 0.2419
Epoch [10/300] Validation Loss: 0.3725
No improvement for 4 epoch(s).
[Epoch 11/300] Iter [10/794] Loss: 0.3443
[Epoch 11/300] Iter [20/794] Loss: 0.2590
[Epoch 11/300] Iter [30/794] Loss: 0.1766
[Epoch 11/300] Iter [40/794] Loss: 0.2598
[Epoch 11/300] Iter [50/794] Loss: 0.2025
[Epoch 11/300] Iter [60/794] Loss: 0.1393
[Epoch 11/300] Iter [70/794] Loss: 0.2390
[Epoch 11/300] Iter [80/794] Loss: 0.2839
[Epoch 11/300] Iter [90/794] Loss: 0.1749
[Epoch 11/300] Iter [100/794] Loss: 0.2209
[Epoch 11/300] Iter [110/794] Loss: 0.2082
[Epoch 11/300] Iter [120/794] Loss: 0.2859
[Epoch 11/300] Iter [130/794] Loss: 0.1794
[Epoch 11/300] Iter [140/794] Loss: 0.1520
[Epoch 11/300] Iter [150/794] Loss: 0.1373
[Epoch 11/300] Iter [160/794] Loss: 0.2052
[Epoch 11/300] Iter [170/794] Loss: 0.2228
[Epoch 11/300] Iter [180/794] Loss: 0.3104
[Epoch 11/300] Iter [190/794] Loss: 0.2368
[Epoch 11/300] Iter [200/794] Loss: 0.1217
[Epoch 11/300] Iter [210/794] Loss: 0.1818
[Epoch 11/300] Iter [220/794] Loss: 0.2359
[Epoch 11/300] Iter [230/794] Loss: 0.2330
[Epoch 11/300] Iter [240/794] Loss: 0.2668
[Epoch 11/300] Iter [250/794] Loss: 0.2464
[Epoch 11/300] Iter [260/794] Loss: 0.1891
[Epoch 11/300] Iter [270/794] Loss: 0.1410
[Epoch 11/300] Iter [280/794] Loss: 0.2747
[Epoch 11/300] Iter [290/794] Loss: 0.2450
[Epoch 11/300] Iter [300/794] Loss: 0.2769
[Epoch 11/300] Iter [310/794] Loss: 0.2257
[Epoch 11/300] Iter [320/794] Loss: 0.1665
[Epoch 11/300] Iter [330/794] Loss: 0.2891
[Epoch 11/300] Iter [340/794] Loss: 0.2000
[Epoch 11/300] Iter [350/794] Loss: 0.1424
[Epoch 11/300] Iter [360/794] Loss: 0.2906
[Epoch 11/300] Iter [370/794] Loss: 0.2653
[Epoch 11/300] Iter [380/794] Loss: 0.2566
[Epoch 11/300] Iter [390/794] Loss: 0.1952
[Epoch 11/300] Iter [400/794] Loss: 0.2307
[Epoch 11/300] Iter [410/794] Loss: 0.1684
[Epoch 11/300] Iter [420/794] Loss: 0.2227
[Epoch 11/300] Iter [430/794] Loss: 0.2072
[Epoch 11/300] Iter [440/794] Loss: 0.1302
[Epoch 11/300] Iter [450/794] Loss: 0.2814
[Epoch 11/300] Iter [460/794] Loss: 0.1743
[Epoch 11/300] Iter [470/794] Loss: 0.2392
[Epoch 11/300] Iter [480/794] Loss: 0.2043
[Epoch 11/300] Iter [490/794] Loss: 0.1331
[Epoch 11/300] Iter [500/794] Loss: 0.2704
[Epoch 11/300] Iter [510/794] Loss: 0.2206
[Epoch 11/300] Iter [520/794] Loss: 0.2648
[Epoch 11/300] Iter [530/794] Loss: 0.2536
[Epoch 11/300] Iter [540/794] Loss: 0.2973
[Epoch 11/300] Iter [550/794] Loss: 0.2722
[Epoch 11/300] Iter [560/794] Loss: 0.2301
[Epoch 11/300] Iter [570/794] Loss: 0.2721
[Epoch 11/300] Iter [580/794] Loss: 0.1539
[Epoch 11/300] Iter [590/794] Loss: 0.2235
[Epoch 11/300] Iter [600/794] Loss: 0.3229
[Epoch 11/300] Iter [610/794] Loss: 0.2884
[Epoch 11/300] Iter [620/794] Loss: 0.1921
[Epoch 11/300] Iter [630/794] Loss: 0.2685
[Epoch 11/300] Iter [640/794] Loss: 0.2826
[Epoch 11/300] Iter [650/794] Loss: 0.3525
[Epoch 11/300] Iter [660/794] Loss: 0.2184
[Epoch 11/300] Iter [670/794] Loss: 0.2205
[Epoch 11/300] Iter [680/794] Loss: 0.2242
[Epoch 11/300] Iter [690/794] Loss: 0.3533
[Epoch 11/300] Iter [700/794] Loss: 0.1613
[Epoch 11/300] Iter [710/794] Loss: 0.1982
[Epoch 11/300] Iter [720/794] Loss: 0.2788
[Epoch 11/300] Iter [730/794] Loss: 0.2721
[Epoch 11/300] Iter [740/794] Loss: 0.3253
[Epoch 11/300] Iter [750/794] Loss: 0.2770
[Epoch 11/300] Iter [760/794] Loss: 0.2330
[Epoch 11/300] Iter [770/794] Loss: 0.2434
[Epoch 11/300] Iter [780/794] Loss: 0.2433
[Epoch 11/300] Iter [790/794] Loss: 0.2581
Epoch [11/300] Validation Loss: 0.3847
No improvement for 5 epoch(s).
[Epoch 12/300] Iter [10/794] Loss: 0.2727
[Epoch 12/300] Iter [20/794] Loss: 0.2154
[Epoch 12/300] Iter [30/794] Loss: 0.2288
[Epoch 12/300] Iter [40/794] Loss: 0.1696
[Epoch 12/300] Iter [50/794] Loss: 0.2218
[Epoch 12/300] Iter [60/794] Loss: 0.1772
[Epoch 12/300] Iter [70/794] Loss: 0.2586
[Epoch 12/300] Iter [80/794] Loss: 0.2382
[Epoch 12/300] Iter [90/794] Loss: 0.2399
[Epoch 12/300] Iter [100/794] Loss: 0.2420
[Epoch 12/300] Iter [110/794] Loss: 0.2301
[Epoch 12/300] Iter [120/794] Loss: 0.2461
[Epoch 12/300] Iter [130/794] Loss: 0.3448
[Epoch 12/300] Iter [140/794] Loss: 0.2272
[Epoch 12/300] Iter [150/794] Loss: 0.1428
[Epoch 12/300] Iter [160/794] Loss: 0.1839
[Epoch 12/300] Iter [170/794] Loss: 0.2554
[Epoch 12/300] Iter [180/794] Loss: 0.1704
[Epoch 12/300] Iter [190/794] Loss: 0.2001
[Epoch 12/300] Iter [200/794] Loss: 0.2793
[Epoch 12/300] Iter [210/794] Loss: 0.1948
[Epoch 12/300] Iter [220/794] Loss: 0.1762
[Epoch 12/300] Iter [230/794] Loss: 0.1835
[Epoch 12/300] Iter [240/794] Loss: 0.2209
[Epoch 12/300] Iter [250/794] Loss: 0.1424
[Epoch 12/300] Iter [260/794] Loss: 0.2667
[Epoch 12/300] Iter [270/794] Loss: 0.1457
[Epoch 12/300] Iter [280/794] Loss: 0.1763
[Epoch 12/300] Iter [290/794] Loss: 0.1693
[Epoch 12/300] Iter [300/794] Loss: 0.2052
[Epoch 12/300] Iter [310/794] Loss: 0.3019
[Epoch 12/300] Iter [320/794] Loss: 0.1720
[Epoch 12/300] Iter [330/794] Loss: 0.2663
[Epoch 12/300] Iter [340/794] Loss: 0.1725
[Epoch 12/300] Iter [350/794] Loss: 0.2496
[Epoch 12/300] Iter [360/794] Loss: 0.2877
[Epoch 12/300] Iter [370/794] Loss: 0.2716
[Epoch 12/300] Iter [380/794] Loss: 0.2511
[Epoch 12/300] Iter [390/794] Loss: 0.2624
[Epoch 12/300] Iter [400/794] Loss: 0.2557
[Epoch 12/300] Iter [410/794] Loss: 0.2287
[Epoch 12/300] Iter [420/794] Loss: 0.2326
[Epoch 12/300] Iter [430/794] Loss: 0.1581
[Epoch 12/300] Iter [440/794] Loss: 0.1549
[Epoch 12/300] Iter [450/794] Loss: 0.2245
[Epoch 12/300] Iter [460/794] Loss: 0.3870
[Epoch 12/300] Iter [470/794] Loss: 0.2219
[Epoch 12/300] Iter [480/794] Loss: 0.1792
[Epoch 12/300] Iter [490/794] Loss: 0.2402
[Epoch 12/300] Iter [500/794] Loss: 0.2248
[Epoch 12/300] Iter [510/794] Loss: 0.2937
[Epoch 12/300] Iter [520/794] Loss: 0.1601
[Epoch 12/300] Iter [530/794] Loss: 0.2052
[Epoch 12/300] Iter [540/794] Loss: 0.2493
[Epoch 12/300] Iter [550/794] Loss: 0.3465
[Epoch 12/300] Iter [560/794] Loss: 0.2913
[Epoch 12/300] Iter [570/794] Loss: 0.1694
[Epoch 12/300] Iter [580/794] Loss: 0.2639
[Epoch 12/300] Iter [590/794] Loss: 0.1807
[Epoch 12/300] Iter [600/794] Loss: 0.2060
[Epoch 12/300] Iter [610/794] Loss: 0.1759
[Epoch 12/300] Iter [620/794] Loss: 0.3081
[Epoch 12/300] Iter [630/794] Loss: 0.2310
[Epoch 12/300] Iter [640/794] Loss: 0.1744
[Epoch 12/300] Iter [650/794] Loss: 0.2129
[Epoch 12/300] Iter [660/794] Loss: 0.1785
[Epoch 12/300] Iter [670/794] Loss: 0.3086
[Epoch 12/300] Iter [680/794] Loss: 0.1426
[Epoch 12/300] Iter [690/794] Loss: 0.1762
[Epoch 12/300] Iter [700/794] Loss: 0.1895
[Epoch 12/300] Iter [710/794] Loss: 0.2063
[Epoch 12/300] Iter [720/794] Loss: 0.2484
[Epoch 12/300] Iter [730/794] Loss: 0.2652
[Epoch 12/300] Iter [740/794] Loss: 0.1847
[Epoch 12/300] Iter [750/794] Loss: 0.1861
[Epoch 12/300] Iter [760/794] Loss: 0.2877
[Epoch 12/300] Iter [770/794] Loss: 0.2333
[Epoch 12/300] Iter [780/794] Loss: 0.2822
[Epoch 12/300] Iter [790/794] Loss: 0.1899
Epoch [12/300] Validation Loss: 0.3835
No improvement for 6 epoch(s).
[Epoch 13/300] Iter [10/794] Loss: 0.2800
[Epoch 13/300] Iter [20/794] Loss: 0.1741
[Epoch 13/300] Iter [30/794] Loss: 0.2478
[Epoch 13/300] Iter [40/794] Loss: 0.1319
[Epoch 13/300] Iter [50/794] Loss: 0.1619
[Epoch 13/300] Iter [60/794] Loss: 0.2247
[Epoch 13/300] Iter [70/794] Loss: 0.3096
[Epoch 13/300] Iter [80/794] Loss: 0.2046
[Epoch 13/300] Iter [90/794] Loss: 0.2097
[Epoch 13/300] Iter [100/794] Loss: 0.1396
[Epoch 13/300] Iter [110/794] Loss: 0.1140
[Epoch 13/300] Iter [120/794] Loss: 0.3782
[Epoch 13/300] Iter [130/794] Loss: 0.2725
[Epoch 13/300] Iter [140/794] Loss: 0.2545
[Epoch 13/300] Iter [150/794] Loss: 0.1950
[Epoch 13/300] Iter [160/794] Loss: 0.3160
[Epoch 13/300] Iter [170/794] Loss: 0.1486
[Epoch 13/300] Iter [180/794] Loss: 0.1952
[Epoch 13/300] Iter [190/794] Loss: 0.1733
[Epoch 13/300] Iter [200/794] Loss: 0.1302
[Epoch 13/300] Iter [210/794] Loss: 0.3197
[Epoch 13/300] Iter [220/794] Loss: 0.1398
[Epoch 13/300] Iter [230/794] Loss: 0.2471
[Epoch 13/300] Iter [240/794] Loss: 0.2433
[Epoch 13/300] Iter [250/794] Loss: 0.2213
[Epoch 13/300] Iter [260/794] Loss: 0.2142
[Epoch 13/300] Iter [270/794] Loss: 0.2367
[Epoch 13/300] Iter [280/794] Loss: 0.2158
[Epoch 13/300] Iter [290/794] Loss: 0.1895
[Epoch 13/300] Iter [300/794] Loss: 0.2075
[Epoch 13/300] Iter [310/794] Loss: 0.1617
[Epoch 13/300] Iter [320/794] Loss: 0.1780
[Epoch 13/300] Iter [330/794] Loss: 0.3094
[Epoch 13/300] Iter [340/794] Loss: 0.3147
[Epoch 13/300] Iter [350/794] Loss: 0.1643
[Epoch 13/300] Iter [360/794] Loss: 0.2958
[Epoch 13/300] Iter [370/794] Loss: 0.1717
[Epoch 13/300] Iter [380/794] Loss: 0.1904
[Epoch 13/300] Iter [390/794] Loss: 0.3688
[Epoch 13/300] Iter [400/794] Loss: 0.1212
[Epoch 13/300] Iter [410/794] Loss: 0.2007
[Epoch 13/300] Iter [420/794] Loss: 0.2298
[Epoch 13/300] Iter [430/794] Loss: 0.1709
[Epoch 13/300] Iter [440/794] Loss: 0.1640
[Epoch 13/300] Iter [450/794] Loss: 0.1974
[Epoch 13/300] Iter [460/794] Loss: 0.2294
[Epoch 13/300] Iter [470/794] Loss: 0.1669
[Epoch 13/300] Iter [480/794] Loss: 0.2263
[Epoch 13/300] Iter [490/794] Loss: 0.2563
[Epoch 13/300] Iter [500/794] Loss: 0.2015
[Epoch 13/300] Iter [510/794] Loss: 0.1724
[Epoch 13/300] Iter [520/794] Loss: 0.2417
[Epoch 13/300] Iter [530/794] Loss: 0.2596
[Epoch 13/300] Iter [540/794] Loss: 0.1693
[Epoch 13/300] Iter [550/794] Loss: 0.2527
[Epoch 13/300] Iter [560/794] Loss: 0.2476
[Epoch 13/300] Iter [570/794] Loss: 0.1709
[Epoch 13/300] Iter [580/794] Loss: 0.3276
[Epoch 13/300] Iter [590/794] Loss: 0.2859
[Epoch 13/300] Iter [600/794] Loss: 0.3291
[Epoch 13/300] Iter [610/794] Loss: 0.1243
[Epoch 13/300] Iter [620/794] Loss: 0.1560
[Epoch 13/300] Iter [630/794] Loss: 0.1433
[Epoch 13/300] Iter [640/794] Loss: 0.2481
[Epoch 13/300] Iter [650/794] Loss: 0.2433
[Epoch 13/300] Iter [660/794] Loss: 0.3724
[Epoch 13/300] Iter [670/794] Loss: 0.1596
[Epoch 13/300] Iter [680/794] Loss: 0.1850
[Epoch 13/300] Iter [690/794] Loss: 0.1673
[Epoch 13/300] Iter [700/794] Loss: 0.3110
[Epoch 13/300] Iter [710/794] Loss: 0.3527
[Epoch 13/300] Iter [720/794] Loss: 0.1443
[Epoch 13/300] Iter [730/794] Loss: 0.3287
[Epoch 13/300] Iter [740/794] Loss: 0.2430
[Epoch 13/300] Iter [750/794] Loss: 0.2576
[Epoch 13/300] Iter [760/794] Loss: 0.1095
[Epoch 13/300] Iter [770/794] Loss: 0.2084
[Epoch 13/300] Iter [780/794] Loss: 0.2134
[Epoch 13/300] Iter [790/794] Loss: 0.1849
Epoch [13/300] Validation Loss: 0.3825
No improvement for 7 epoch(s).
[Epoch 14/300] Iter [10/794] Loss: 0.1708
[Epoch 14/300] Iter [20/794] Loss: 0.2785
[Epoch 14/300] Iter [30/794] Loss: 0.1493
[Epoch 14/300] Iter [40/794] Loss: 0.2362
[Epoch 14/300] Iter [50/794] Loss: 0.2847
[Epoch 14/300] Iter [60/794] Loss: 0.1375
[Epoch 14/300] Iter [70/794] Loss: 0.2052
[Epoch 14/300] Iter [80/794] Loss: 0.2070
[Epoch 14/300] Iter [90/794] Loss: 0.1924
[Epoch 14/300] Iter [100/794] Loss: 0.2229
[Epoch 14/300] Iter [110/794] Loss: 0.2178
[Epoch 14/300] Iter [120/794] Loss: 0.1863
[Epoch 14/300] Iter [130/794] Loss: 0.2121
[Epoch 14/300] Iter [140/794] Loss: 0.1696
[Epoch 14/300] Iter [150/794] Loss: 0.1436
[Epoch 14/300] Iter [160/794] Loss: 0.2120
[Epoch 14/300] Iter [170/794] Loss: 0.1727
[Epoch 14/300] Iter [180/794] Loss: 0.2776
[Epoch 14/300] Iter [190/794] Loss: 0.2991
[Epoch 14/300] Iter [200/794] Loss: 0.1835
[Epoch 14/300] Iter [210/794] Loss: 0.2304
[Epoch 14/300] Iter [220/794] Loss: 0.2660
[Epoch 14/300] Iter [230/794] Loss: 0.3167
[Epoch 14/300] Iter [240/794] Loss: 0.1489
[Epoch 14/300] Iter [250/794] Loss: 0.2240
[Epoch 14/300] Iter [260/794] Loss: 0.2845
[Epoch 14/300] Iter [270/794] Loss: 0.1394
[Epoch 14/300] Iter [280/794] Loss: 0.2442
[Epoch 14/300] Iter [290/794] Loss: 0.2644
[Epoch 14/300] Iter [300/794] Loss: 0.1264
[Epoch 14/300] Iter [310/794] Loss: 0.1752
[Epoch 14/300] Iter [320/794] Loss: 0.1701
[Epoch 14/300] Iter [330/794] Loss: 0.2230
[Epoch 14/300] Iter [340/794] Loss: 0.1103
[Epoch 14/300] Iter [350/794] Loss: 0.1291
[Epoch 14/300] Iter [360/794] Loss: 0.1663
[Epoch 14/300] Iter [370/794] Loss: 0.1010
[Epoch 14/300] Iter [380/794] Loss: 0.2651
[Epoch 14/300] Iter [390/794] Loss: 0.1916
[Epoch 14/300] Iter [400/794] Loss: 0.1784
[Epoch 14/300] Iter [410/794] Loss: 0.1801
[Epoch 14/300] Iter [420/794] Loss: 0.2097
[Epoch 14/300] Iter [430/794] Loss: 0.1900
[Epoch 14/300] Iter [440/794] Loss: 0.2177
[Epoch 14/300] Iter [450/794] Loss: 0.0980
[Epoch 14/300] Iter [460/794] Loss: 0.3864
[Epoch 14/300] Iter [470/794] Loss: 0.2645
[Epoch 14/300] Iter [480/794] Loss: 0.2163
[Epoch 14/300] Iter [490/794] Loss: 0.2008
[Epoch 14/300] Iter [500/794] Loss: 0.2175
[Epoch 14/300] Iter [510/794] Loss: 0.2490
[Epoch 14/300] Iter [520/794] Loss: 0.2618
[Epoch 14/300] Iter [530/794] Loss: 0.3090
[Epoch 14/300] Iter [540/794] Loss: 0.2134
[Epoch 14/300] Iter [550/794] Loss: 0.2099
[Epoch 14/300] Iter [560/794] Loss: 0.3174
[Epoch 14/300] Iter [570/794] Loss: 0.1894
[Epoch 14/300] Iter [580/794] Loss: 0.2273
[Epoch 14/300] Iter [590/794] Loss: 0.2050
[Epoch 14/300] Iter [600/794] Loss: 0.3111
[Epoch 14/300] Iter [610/794] Loss: 0.2856
[Epoch 14/300] Iter [620/794] Loss: 0.1682
[Epoch 14/300] Iter [630/794] Loss: 0.1879
[Epoch 14/300] Iter [640/794] Loss: 0.2181
[Epoch 14/300] Iter [650/794] Loss: 0.1398
[Epoch 14/300] Iter [660/794] Loss: 0.2497
[Epoch 14/300] Iter [670/794] Loss: 0.1901
[Epoch 14/300] Iter [680/794] Loss: 0.2644
[Epoch 14/300] Iter [690/794] Loss: 0.1592
[Epoch 14/300] Iter [700/794] Loss: 0.2702
[Epoch 14/300] Iter [710/794] Loss: 0.1468
[Epoch 14/300] Iter [720/794] Loss: 0.1646
[Epoch 14/300] Iter [730/794] Loss: 0.2258
[Epoch 14/300] Iter [740/794] Loss: 0.2152
[Epoch 14/300] Iter [750/794] Loss: 0.1940
[Epoch 14/300] Iter [760/794] Loss: 0.1598
[Epoch 14/300] Iter [770/794] Loss: 0.2008
[Epoch 14/300] Iter [780/794] Loss: 0.1281
[Epoch 14/300] Iter [790/794] Loss: 0.3295
Epoch [14/300] Validation Loss: 0.4124
No improvement for 8 epoch(s).
[Epoch 15/300] Iter [10/794] Loss: 0.3485
[Epoch 15/300] Iter [20/794] Loss: 0.1956
[Epoch 15/300] Iter [30/794] Loss: 0.2623
[Epoch 15/300] Iter [40/794] Loss: 0.2496
[Epoch 15/300] Iter [50/794] Loss: 0.1542
[Epoch 15/300] Iter [60/794] Loss: 0.1547
[Epoch 15/300] Iter [70/794] Loss: 0.1543
[Epoch 15/300] Iter [80/794] Loss: 0.2685
[Epoch 15/300] Iter [90/794] Loss: 0.1890
[Epoch 15/300] Iter [100/794] Loss: 0.2045
[Epoch 15/300] Iter [110/794] Loss: 0.1722
[Epoch 15/300] Iter [120/794] Loss: 0.1959
[Epoch 15/300] Iter [130/794] Loss: 0.1902
[Epoch 15/300] Iter [140/794] Loss: 0.1856
[Epoch 15/300] Iter [150/794] Loss: 0.1320
[Epoch 15/300] Iter [160/794] Loss: 0.1456
[Epoch 15/300] Iter [170/794] Loss: 0.1523
[Epoch 15/300] Iter [180/794] Loss: 0.2834
[Epoch 15/300] Iter [190/794] Loss: 0.2658
[Epoch 15/300] Iter [200/794] Loss: 0.1754
[Epoch 15/300] Iter [210/794] Loss: 0.2365
[Epoch 15/300] Iter [220/794] Loss: 0.2219
[Epoch 15/300] Iter [230/794] Loss: 0.2336
[Epoch 15/300] Iter [240/794] Loss: 0.1759
[Epoch 15/300] Iter [250/794] Loss: 0.1987
[Epoch 15/300] Iter [260/794] Loss: 0.1499
[Epoch 15/300] Iter [270/794] Loss: 0.3213
[Epoch 15/300] Iter [280/794] Loss: 0.2009
[Epoch 15/300] Iter [290/794] Loss: 0.2404
[Epoch 15/300] Iter [300/794] Loss: 0.1498
[Epoch 15/300] Iter [310/794] Loss: 0.1697
[Epoch 15/300] Iter [320/794] Loss: 0.2524
[Epoch 15/300] Iter [330/794] Loss: 0.1924
[Epoch 15/300] Iter [340/794] Loss: 0.2407
[Epoch 15/300] Iter [350/794] Loss: 0.2224
[Epoch 15/300] Iter [360/794] Loss: 0.2015
[Epoch 15/300] Iter [370/794] Loss: 0.2505
[Epoch 15/300] Iter [380/794] Loss: 0.2102
[Epoch 15/300] Iter [390/794] Loss: 0.3222
[Epoch 15/300] Iter [400/794] Loss: 0.1565
[Epoch 15/300] Iter [410/794] Loss: 0.2367
[Epoch 15/300] Iter [420/794] Loss: 0.2433
[Epoch 15/300] Iter [430/794] Loss: 0.2015
[Epoch 15/300] Iter [440/794] Loss: 0.1558
[Epoch 15/300] Iter [450/794] Loss: 0.2643
[Epoch 15/300] Iter [460/794] Loss: 0.2764
[Epoch 15/300] Iter [470/794] Loss: 0.2049
[Epoch 15/300] Iter [480/794] Loss: 0.1391
[Epoch 15/300] Iter [490/794] Loss: 0.1829
[Epoch 15/300] Iter [500/794] Loss: 0.1501
[Epoch 15/300] Iter [510/794] Loss: 0.1533
[Epoch 15/300] Iter [520/794] Loss: 0.1953
[Epoch 15/300] Iter [530/794] Loss: 0.2055
[Epoch 15/300] Iter [540/794] Loss: 0.2132
[Epoch 15/300] Iter [550/794] Loss: 0.3433
[Epoch 15/300] Iter [560/794] Loss: 0.3705
[Epoch 15/300] Iter [570/794] Loss: 0.1378
[Epoch 15/300] Iter [580/794] Loss: 0.2152
[Epoch 15/300] Iter [590/794] Loss: 0.2017
[Epoch 15/300] Iter [600/794] Loss: 0.2321
[Epoch 15/300] Iter [610/794] Loss: 0.1516
[Epoch 15/300] Iter [620/794] Loss: 0.2691
[Epoch 15/300] Iter [630/794] Loss: 0.2120
[Epoch 15/300] Iter [640/794] Loss: 0.2687
[Epoch 15/300] Iter [650/794] Loss: 0.2670
[Epoch 15/300] Iter [660/794] Loss: 0.3532
[Epoch 15/300] Iter [670/794] Loss: 0.3312
[Epoch 15/300] Iter [680/794] Loss: 0.2629
[Epoch 15/300] Iter [690/794] Loss: 0.1617
[Epoch 15/300] Iter [700/794] Loss: 0.2119
[Epoch 15/300] Iter [710/794] Loss: 0.1683
[Epoch 15/300] Iter [720/794] Loss: 0.2496
[Epoch 15/300] Iter [730/794] Loss: 0.2051
[Epoch 15/300] Iter [740/794] Loss: 0.2077
[Epoch 15/300] Iter [750/794] Loss: 0.1412
[Epoch 15/300] Iter [760/794] Loss: 0.1397
[Epoch 15/300] Iter [770/794] Loss: 0.2147
[Epoch 15/300] Iter [780/794] Loss: 0.2090
[Epoch 15/300] Iter [790/794] Loss: 0.2656
Epoch [15/300] Validation Loss: 0.4117
No improvement for 9 epoch(s).
[Epoch 16/300] Iter [10/794] Loss: 0.2937
[Epoch 16/300] Iter [20/794] Loss: 0.3579
[Epoch 16/300] Iter [30/794] Loss: 0.1878
[Epoch 16/300] Iter [40/794] Loss: 0.2217
[Epoch 16/300] Iter [50/794] Loss: 0.2937
[Epoch 16/300] Iter [60/794] Loss: 0.1163
[Epoch 16/300] Iter [70/794] Loss: 0.2196
[Epoch 16/300] Iter [80/794] Loss: 0.2585
[Epoch 16/300] Iter [90/794] Loss: 0.1648
[Epoch 16/300] Iter [100/794] Loss: 0.2291
[Epoch 16/300] Iter [110/794] Loss: 0.2015
[Epoch 16/300] Iter [120/794] Loss: 0.1215
[Epoch 16/300] Iter [130/794] Loss: 0.1622
[Epoch 16/300] Iter [140/794] Loss: 0.1682
[Epoch 16/300] Iter [150/794] Loss: 0.1447
[Epoch 16/300] Iter [160/794] Loss: 0.2017
[Epoch 16/300] Iter [170/794] Loss: 0.1200
[Epoch 16/300] Iter [180/794] Loss: 0.2737
[Epoch 16/300] Iter [190/794] Loss: 0.2560
[Epoch 16/300] Iter [200/794] Loss: 0.1633
[Epoch 16/300] Iter [210/794] Loss: 0.2467
[Epoch 16/300] Iter [220/794] Loss: 0.1609
[Epoch 16/300] Iter [230/794] Loss: 0.2611
[Epoch 16/300] Iter [240/794] Loss: 0.1850
[Epoch 16/300] Iter [250/794] Loss: 0.1726
[Epoch 16/300] Iter [260/794] Loss: 0.1183
[Epoch 16/300] Iter [270/794] Loss: 0.1957
[Epoch 16/300] Iter [280/794] Loss: 0.2269
[Epoch 16/300] Iter [290/794] Loss: 0.1771
[Epoch 16/300] Iter [300/794] Loss: 0.2031
[Epoch 16/300] Iter [310/794] Loss: 0.1737
[Epoch 16/300] Iter [320/794] Loss: 0.1943
[Epoch 16/300] Iter [330/794] Loss: 0.2077
[Epoch 16/300] Iter [340/794] Loss: 0.1322
[Epoch 16/300] Iter [350/794] Loss: 0.1644
[Epoch 16/300] Iter [360/794] Loss: 0.2776
[Epoch 16/300] Iter [370/794] Loss: 0.1483
[Epoch 16/300] Iter [380/794] Loss: 0.2001
[Epoch 16/300] Iter [390/794] Loss: 0.2458
[Epoch 16/300] Iter [400/794] Loss: 0.1599
[Epoch 16/300] Iter [410/794] Loss: 0.2110
[Epoch 16/300] Iter [420/794] Loss: 0.2956
[Epoch 16/300] Iter [430/794] Loss: 0.2088
[Epoch 16/300] Iter [440/794] Loss: 0.2080
[Epoch 16/300] Iter [450/794] Loss: 0.2433
[Epoch 16/300] Iter [460/794] Loss: 0.2084
[Epoch 16/300] Iter [470/794] Loss: 0.2376
[Epoch 16/300] Iter [480/794] Loss: 0.1654
[Epoch 16/300] Iter [490/794] Loss: 0.1975
[Epoch 16/300] Iter [500/794] Loss: 0.1699
[Epoch 16/300] Iter [510/794] Loss: 0.1406
[Epoch 16/300] Iter [520/794] Loss: 0.1772
[Epoch 16/300] Iter [530/794] Loss: 0.2180
[Epoch 16/300] Iter [540/794] Loss: 0.1497
[Epoch 16/300] Iter [550/794] Loss: 0.1566
[Epoch 16/300] Iter [560/794] Loss: 0.1649
[Epoch 16/300] Iter [570/794] Loss: 0.2282
[Epoch 16/300] Iter [580/794] Loss: 0.2437
[Epoch 16/300] Iter [590/794] Loss: 0.2307
[Epoch 16/300] Iter [600/794] Loss: 0.2625
[Epoch 16/300] Iter [610/794] Loss: 0.1384
[Epoch 16/300] Iter [620/794] Loss: 0.1135
[Epoch 16/300] Iter [630/794] Loss: 0.1877
[Epoch 16/300] Iter [640/794] Loss: 0.1278
[Epoch 16/300] Iter [650/794] Loss: 0.2905
[Epoch 16/300] Iter [660/794] Loss: 0.2146
[Epoch 16/300] Iter [670/794] Loss: 0.1569
[Epoch 16/300] Iter [680/794] Loss: 0.2567
[Epoch 16/300] Iter [690/794] Loss: 0.1775
[Epoch 16/300] Iter [700/794] Loss: 0.1852
[Epoch 16/300] Iter [710/794] Loss: 0.1596
[Epoch 16/300] Iter [720/794] Loss: 0.2328
[Epoch 16/300] Iter [730/794] Loss: 0.1873
[Epoch 16/300] Iter [740/794] Loss: 0.1461
[Epoch 16/300] Iter [750/794] Loss: 0.2318
[Epoch 16/300] Iter [760/794] Loss: 0.1800
[Epoch 16/300] Iter [770/794] Loss: 0.2276
[Epoch 16/300] Iter [780/794] Loss: 0.2278
[Epoch 16/300] Iter [790/794] Loss: 0.2364
Epoch [16/300] Validation Loss: 0.4059
No improvement for 10 epoch(s).
Early stopping triggered at epoch 16
Training complete!
Test Accuracy: 16.74%
