===== Training Config =====
Dataset:        emnist
EMNIST Split:   balanced
Model:          lenet
BatchSize:      128
Epochs:         300
LR:             0.0022
Patience:       10
NumClasses:     47
SaveDir:        /scratch/gilbreth/hu953/cs57800/pth
Noise Std:      50.0
Noise Type:     gaussian
===========================
[Epoch 1/300] Iter [10/794] Loss: 3.3186
[Epoch 1/300] Iter [20/794] Loss: 2.6803
[Epoch 1/300] Iter [30/794] Loss: 2.0254
[Epoch 1/300] Iter [40/794] Loss: 1.4735
[Epoch 1/300] Iter [50/794] Loss: 1.0930
[Epoch 1/300] Iter [60/794] Loss: 1.0485
[Epoch 1/300] Iter [70/794] Loss: 0.8403
[Epoch 1/300] Iter [80/794] Loss: 0.7684
[Epoch 1/300] Iter [90/794] Loss: 0.7029
[Epoch 1/300] Iter [100/794] Loss: 0.5460
[Epoch 1/300] Iter [110/794] Loss: 0.7829
[Epoch 1/300] Iter [120/794] Loss: 0.7392
[Epoch 1/300] Iter [130/794] Loss: 0.6929
[Epoch 1/300] Iter [140/794] Loss: 0.7494
[Epoch 1/300] Iter [150/794] Loss: 0.7774
[Epoch 1/300] Iter [160/794] Loss: 0.5990
[Epoch 1/300] Iter [170/794] Loss: 0.7664
[Epoch 1/300] Iter [180/794] Loss: 0.7463
[Epoch 1/300] Iter [190/794] Loss: 0.7254
[Epoch 1/300] Iter [200/794] Loss: 0.4853
[Epoch 1/300] Iter [210/794] Loss: 0.5789
[Epoch 1/300] Iter [220/794] Loss: 0.6876
[Epoch 1/300] Iter [230/794] Loss: 0.5326
[Epoch 1/300] Iter [240/794] Loss: 0.4641
[Epoch 1/300] Iter [250/794] Loss: 0.5554
[Epoch 1/300] Iter [260/794] Loss: 0.4062
[Epoch 1/300] Iter [270/794] Loss: 0.5449
[Epoch 1/300] Iter [280/794] Loss: 0.4413
[Epoch 1/300] Iter [290/794] Loss: 0.5138
[Epoch 1/300] Iter [300/794] Loss: 0.5269
[Epoch 1/300] Iter [310/794] Loss: 0.4378
[Epoch 1/300] Iter [320/794] Loss: 0.5993
[Epoch 1/300] Iter [330/794] Loss: 0.4676
[Epoch 1/300] Iter [340/794] Loss: 0.4688
[Epoch 1/300] Iter [350/794] Loss: 0.5753
[Epoch 1/300] Iter [360/794] Loss: 0.4977
[Epoch 1/300] Iter [370/794] Loss: 0.6002
[Epoch 1/300] Iter [380/794] Loss: 0.5511
[Epoch 1/300] Iter [390/794] Loss: 0.4112
[Epoch 1/300] Iter [400/794] Loss: 0.3205
[Epoch 1/300] Iter [410/794] Loss: 0.5256
[Epoch 1/300] Iter [420/794] Loss: 0.3464
[Epoch 1/300] Iter [430/794] Loss: 0.5891
[Epoch 1/300] Iter [440/794] Loss: 0.4428
[Epoch 1/300] Iter [450/794] Loss: 0.4290
[Epoch 1/300] Iter [460/794] Loss: 0.7044
[Epoch 1/300] Iter [470/794] Loss: 0.5368
[Epoch 1/300] Iter [480/794] Loss: 0.4446
[Epoch 1/300] Iter [490/794] Loss: 0.4353
[Epoch 1/300] Iter [500/794] Loss: 0.4716
[Epoch 1/300] Iter [510/794] Loss: 0.5138
[Epoch 1/300] Iter [520/794] Loss: 0.5538
[Epoch 1/300] Iter [530/794] Loss: 0.7140
[Epoch 1/300] Iter [540/794] Loss: 0.4849
[Epoch 1/300] Iter [550/794] Loss: 0.3058
[Epoch 1/300] Iter [560/794] Loss: 0.3888
[Epoch 1/300] Iter [570/794] Loss: 0.4108
[Epoch 1/300] Iter [580/794] Loss: 0.3802
[Epoch 1/300] Iter [590/794] Loss: 0.5116
[Epoch 1/300] Iter [600/794] Loss: 0.3061
[Epoch 1/300] Iter [610/794] Loss: 0.4417
[Epoch 1/300] Iter [620/794] Loss: 0.4876
[Epoch 1/300] Iter [630/794] Loss: 0.3889
[Epoch 1/300] Iter [640/794] Loss: 0.3555
[Epoch 1/300] Iter [650/794] Loss: 0.5178
[Epoch 1/300] Iter [660/794] Loss: 0.5690
[Epoch 1/300] Iter [670/794] Loss: 0.3835
[Epoch 1/300] Iter [680/794] Loss: 0.3736
[Epoch 1/300] Iter [690/794] Loss: 0.4527
[Epoch 1/300] Iter [700/794] Loss: 0.4000
[Epoch 1/300] Iter [710/794] Loss: 0.3397
[Epoch 1/300] Iter [720/794] Loss: 0.3942
[Epoch 1/300] Iter [730/794] Loss: 0.4094
[Epoch 1/300] Iter [740/794] Loss: 0.2892
[Epoch 1/300] Iter [750/794] Loss: 0.4526
[Epoch 1/300] Iter [760/794] Loss: 0.5161
[Epoch 1/300] Iter [770/794] Loss: 0.4307
[Epoch 1/300] Iter [780/794] Loss: 0.4518
[Epoch 1/300] Iter [790/794] Loss: 0.5409
Epoch [1/300] Validation Loss: 0.4481
[Epoch 2/300] Iter [10/794] Loss: 0.3669
[Epoch 2/300] Iter [20/794] Loss: 0.5129
[Epoch 2/300] Iter [30/794] Loss: 0.3674
[Epoch 2/300] Iter [40/794] Loss: 0.2966
[Epoch 2/300] Iter [50/794] Loss: 0.3417
[Epoch 2/300] Iter [60/794] Loss: 0.3712
[Epoch 2/300] Iter [70/794] Loss: 0.3783
[Epoch 2/300] Iter [80/794] Loss: 0.2806
[Epoch 2/300] Iter [90/794] Loss: 0.4262
[Epoch 2/300] Iter [100/794] Loss: 0.5151
[Epoch 2/300] Iter [110/794] Loss: 0.3121
[Epoch 2/300] Iter [120/794] Loss: 0.4924
[Epoch 2/300] Iter [130/794] Loss: 0.3974
[Epoch 2/300] Iter [140/794] Loss: 0.3940
[Epoch 2/300] Iter [150/794] Loss: 0.3447
[Epoch 2/300] Iter [160/794] Loss: 0.4419
[Epoch 2/300] Iter [170/794] Loss: 0.3252
[Epoch 2/300] Iter [180/794] Loss: 0.4656
[Epoch 2/300] Iter [190/794] Loss: 0.5253
[Epoch 2/300] Iter [200/794] Loss: 0.3847
[Epoch 2/300] Iter [210/794] Loss: 0.4753
[Epoch 2/300] Iter [220/794] Loss: 0.3329
[Epoch 2/300] Iter [230/794] Loss: 0.3750
[Epoch 2/300] Iter [240/794] Loss: 0.3157
[Epoch 2/300] Iter [250/794] Loss: 0.5148
[Epoch 2/300] Iter [260/794] Loss: 0.4967
[Epoch 2/300] Iter [270/794] Loss: 0.4183
[Epoch 2/300] Iter [280/794] Loss: 0.1909
[Epoch 2/300] Iter [290/794] Loss: 0.3486
[Epoch 2/300] Iter [300/794] Loss: 0.4491
[Epoch 2/300] Iter [310/794] Loss: 0.3817
[Epoch 2/300] Iter [320/794] Loss: 0.3068
[Epoch 2/300] Iter [330/794] Loss: 0.4473
[Epoch 2/300] Iter [340/794] Loss: 0.3801
[Epoch 2/300] Iter [350/794] Loss: 0.4885
[Epoch 2/300] Iter [360/794] Loss: 0.3591
[Epoch 2/300] Iter [370/794] Loss: 0.4878
[Epoch 2/300] Iter [380/794] Loss: 0.3491
[Epoch 2/300] Iter [390/794] Loss: 0.2747
[Epoch 2/300] Iter [400/794] Loss: 0.3522
[Epoch 2/300] Iter [410/794] Loss: 0.4103
[Epoch 2/300] Iter [420/794] Loss: 0.3519
[Epoch 2/300] Iter [430/794] Loss: 0.3886
[Epoch 2/300] Iter [440/794] Loss: 0.5179
[Epoch 2/300] Iter [450/794] Loss: 0.4980
[Epoch 2/300] Iter [460/794] Loss: 0.3209
[Epoch 2/300] Iter [470/794] Loss: 0.5718
[Epoch 2/300] Iter [480/794] Loss: 0.2740
[Epoch 2/300] Iter [490/794] Loss: 0.5409
[Epoch 2/300] Iter [500/794] Loss: 0.4335
[Epoch 2/300] Iter [510/794] Loss: 0.3002
[Epoch 2/300] Iter [520/794] Loss: 0.3081
[Epoch 2/300] Iter [530/794] Loss: 0.4431
[Epoch 2/300] Iter [540/794] Loss: 0.4264
[Epoch 2/300] Iter [550/794] Loss: 0.2303
[Epoch 2/300] Iter [560/794] Loss: 0.3140
[Epoch 2/300] Iter [570/794] Loss: 0.3745
[Epoch 2/300] Iter [580/794] Loss: 0.3679
[Epoch 2/300] Iter [590/794] Loss: 0.4158
[Epoch 2/300] Iter [600/794] Loss: 0.2984
[Epoch 2/300] Iter [610/794] Loss: 0.4162
[Epoch 2/300] Iter [620/794] Loss: 0.5487
[Epoch 2/300] Iter [630/794] Loss: 0.3572
[Epoch 2/300] Iter [640/794] Loss: 0.5009
[Epoch 2/300] Iter [650/794] Loss: 0.4648
[Epoch 2/300] Iter [660/794] Loss: 0.5295
[Epoch 2/300] Iter [670/794] Loss: 0.4628
[Epoch 2/300] Iter [680/794] Loss: 0.2933
[Epoch 2/300] Iter [690/794] Loss: 0.4389
[Epoch 2/300] Iter [700/794] Loss: 0.3882
[Epoch 2/300] Iter [710/794] Loss: 0.4113
[Epoch 2/300] Iter [720/794] Loss: 0.2593
[Epoch 2/300] Iter [730/794] Loss: 0.4835
[Epoch 2/300] Iter [740/794] Loss: 0.2668
[Epoch 2/300] Iter [750/794] Loss: 0.4793
[Epoch 2/300] Iter [760/794] Loss: 0.2295
[Epoch 2/300] Iter [770/794] Loss: 0.3642
[Epoch 2/300] Iter [780/794] Loss: 0.3611
[Epoch 2/300] Iter [790/794] Loss: 0.2999
Epoch [2/300] Validation Loss: 0.3881
[Epoch 3/300] Iter [10/794] Loss: 0.3248
[Epoch 3/300] Iter [20/794] Loss: 0.3449
[Epoch 3/300] Iter [30/794] Loss: 0.2686
[Epoch 3/300] Iter [40/794] Loss: 0.3467
[Epoch 3/300] Iter [50/794] Loss: 0.2529
[Epoch 3/300] Iter [60/794] Loss: 0.4682
[Epoch 3/300] Iter [70/794] Loss: 0.3122
[Epoch 3/300] Iter [80/794] Loss: 0.2084
[Epoch 3/300] Iter [90/794] Loss: 0.3360
[Epoch 3/300] Iter [100/794] Loss: 0.3326
[Epoch 3/300] Iter [110/794] Loss: 0.3526
[Epoch 3/300] Iter [120/794] Loss: 0.5994
[Epoch 3/300] Iter [130/794] Loss: 0.2626
[Epoch 3/300] Iter [140/794] Loss: 0.3270
[Epoch 3/300] Iter [150/794] Loss: 0.3402
[Epoch 3/300] Iter [160/794] Loss: 0.2390
[Epoch 3/300] Iter [170/794] Loss: 0.2523
[Epoch 3/300] Iter [180/794] Loss: 0.3527
[Epoch 3/300] Iter [190/794] Loss: 0.3724
[Epoch 3/300] Iter [200/794] Loss: 0.3085
[Epoch 3/300] Iter [210/794] Loss: 0.3924
[Epoch 3/300] Iter [220/794] Loss: 0.2887
[Epoch 3/300] Iter [230/794] Loss: 0.3056
[Epoch 3/300] Iter [240/794] Loss: 0.2815
[Epoch 3/300] Iter [250/794] Loss: 0.3676
[Epoch 3/300] Iter [260/794] Loss: 0.2901
[Epoch 3/300] Iter [270/794] Loss: 0.2450
[Epoch 3/300] Iter [280/794] Loss: 0.3723
[Epoch 3/300] Iter [290/794] Loss: 0.3839
[Epoch 3/300] Iter [300/794] Loss: 0.2348
[Epoch 3/300] Iter [310/794] Loss: 0.2600
[Epoch 3/300] Iter [320/794] Loss: 0.4234
[Epoch 3/300] Iter [330/794] Loss: 0.4386
[Epoch 3/300] Iter [340/794] Loss: 0.3298
[Epoch 3/300] Iter [350/794] Loss: 0.4044
[Epoch 3/300] Iter [360/794] Loss: 0.3189
[Epoch 3/300] Iter [370/794] Loss: 0.4351
[Epoch 3/300] Iter [380/794] Loss: 0.3443
[Epoch 3/300] Iter [390/794] Loss: 0.3302
[Epoch 3/300] Iter [400/794] Loss: 0.3170
[Epoch 3/300] Iter [410/794] Loss: 0.2882
[Epoch 3/300] Iter [420/794] Loss: 0.2351
[Epoch 3/300] Iter [430/794] Loss: 0.3390
[Epoch 3/300] Iter [440/794] Loss: 0.2832
[Epoch 3/300] Iter [450/794] Loss: 0.3716
[Epoch 3/300] Iter [460/794] Loss: 0.4527
[Epoch 3/300] Iter [470/794] Loss: 0.2795
[Epoch 3/300] Iter [480/794] Loss: 0.5287
[Epoch 3/300] Iter [490/794] Loss: 0.2533
[Epoch 3/300] Iter [500/794] Loss: 0.3487
[Epoch 3/300] Iter [510/794] Loss: 0.2698
[Epoch 3/300] Iter [520/794] Loss: 0.3638
[Epoch 3/300] Iter [530/794] Loss: 0.4032
[Epoch 3/300] Iter [540/794] Loss: 0.3076
[Epoch 3/300] Iter [550/794] Loss: 0.4774
[Epoch 3/300] Iter [560/794] Loss: 0.3985
[Epoch 3/300] Iter [570/794] Loss: 0.2377
[Epoch 3/300] Iter [580/794] Loss: 0.3339
[Epoch 3/300] Iter [590/794] Loss: 0.2898
[Epoch 3/300] Iter [600/794] Loss: 0.3300
[Epoch 3/300] Iter [610/794] Loss: 0.4926
[Epoch 3/300] Iter [620/794] Loss: 0.3931
[Epoch 3/300] Iter [630/794] Loss: 0.3856
[Epoch 3/300] Iter [640/794] Loss: 0.3019
[Epoch 3/300] Iter [650/794] Loss: 0.3814
[Epoch 3/300] Iter [660/794] Loss: 0.3625
[Epoch 3/300] Iter [670/794] Loss: 0.4270
[Epoch 3/300] Iter [680/794] Loss: 0.3872
[Epoch 3/300] Iter [690/794] Loss: 0.3582
[Epoch 3/300] Iter [700/794] Loss: 0.3196
[Epoch 3/300] Iter [710/794] Loss: 0.4026
[Epoch 3/300] Iter [720/794] Loss: 0.4109
[Epoch 3/300] Iter [730/794] Loss: 0.2521
[Epoch 3/300] Iter [740/794] Loss: 0.4170
[Epoch 3/300] Iter [750/794] Loss: 0.4372
[Epoch 3/300] Iter [760/794] Loss: 0.3218
[Epoch 3/300] Iter [770/794] Loss: 0.3418
[Epoch 3/300] Iter [780/794] Loss: 0.4229
[Epoch 3/300] Iter [790/794] Loss: 0.3783
Epoch [3/300] Validation Loss: 0.3821
[Epoch 4/300] Iter [10/794] Loss: 0.5453
[Epoch 4/300] Iter [20/794] Loss: 0.3224
[Epoch 4/300] Iter [30/794] Loss: 0.3277
[Epoch 4/300] Iter [40/794] Loss: 0.2876
[Epoch 4/300] Iter [50/794] Loss: 0.4364
[Epoch 4/300] Iter [60/794] Loss: 0.3807
[Epoch 4/300] Iter [70/794] Loss: 0.3194
[Epoch 4/300] Iter [80/794] Loss: 0.2749
[Epoch 4/300] Iter [90/794] Loss: 0.2831
[Epoch 4/300] Iter [100/794] Loss: 0.2486
[Epoch 4/300] Iter [110/794] Loss: 0.2055
[Epoch 4/300] Iter [120/794] Loss: 0.2985
[Epoch 4/300] Iter [130/794] Loss: 0.4056
[Epoch 4/300] Iter [140/794] Loss: 0.3595
[Epoch 4/300] Iter [150/794] Loss: 0.3829
[Epoch 4/300] Iter [160/794] Loss: 0.3649
[Epoch 4/300] Iter [170/794] Loss: 0.3092
[Epoch 4/300] Iter [180/794] Loss: 0.2491
[Epoch 4/300] Iter [190/794] Loss: 0.3762
[Epoch 4/300] Iter [200/794] Loss: 0.2507
[Epoch 4/300] Iter [210/794] Loss: 0.2954
[Epoch 4/300] Iter [220/794] Loss: 0.2922
[Epoch 4/300] Iter [230/794] Loss: 0.3721
[Epoch 4/300] Iter [240/794] Loss: 0.3635
[Epoch 4/300] Iter [250/794] Loss: 0.1800
[Epoch 4/300] Iter [260/794] Loss: 0.2877
[Epoch 4/300] Iter [270/794] Loss: 0.3329
[Epoch 4/300] Iter [280/794] Loss: 0.2641
[Epoch 4/300] Iter [290/794] Loss: 0.3074
[Epoch 4/300] Iter [300/794] Loss: 0.3081
[Epoch 4/300] Iter [310/794] Loss: 0.2146
[Epoch 4/300] Iter [320/794] Loss: 0.2915
[Epoch 4/300] Iter [330/794] Loss: 0.2808
[Epoch 4/300] Iter [340/794] Loss: 0.2728
[Epoch 4/300] Iter [350/794] Loss: 0.3463
[Epoch 4/300] Iter [360/794] Loss: 0.2230
[Epoch 4/300] Iter [370/794] Loss: 0.3475
[Epoch 4/300] Iter [380/794] Loss: 0.3006
[Epoch 4/300] Iter [390/794] Loss: 0.4076
[Epoch 4/300] Iter [400/794] Loss: 0.3533
[Epoch 4/300] Iter [410/794] Loss: 0.3362
[Epoch 4/300] Iter [420/794] Loss: 0.4365
[Epoch 4/300] Iter [430/794] Loss: 0.2894
[Epoch 4/300] Iter [440/794] Loss: 0.3664
[Epoch 4/300] Iter [450/794] Loss: 0.3128
[Epoch 4/300] Iter [460/794] Loss: 0.2428
[Epoch 4/300] Iter [470/794] Loss: 0.3023
[Epoch 4/300] Iter [480/794] Loss: 0.2744
[Epoch 4/300] Iter [490/794] Loss: 0.4003
[Epoch 4/300] Iter [500/794] Loss: 0.3182
[Epoch 4/300] Iter [510/794] Loss: 0.2154
[Epoch 4/300] Iter [520/794] Loss: 0.3122
[Epoch 4/300] Iter [530/794] Loss: 0.4338
[Epoch 4/300] Iter [540/794] Loss: 0.3554
[Epoch 4/300] Iter [550/794] Loss: 0.3401
[Epoch 4/300] Iter [560/794] Loss: 0.2160
[Epoch 4/300] Iter [570/794] Loss: 0.3536
[Epoch 4/300] Iter [580/794] Loss: 0.2377
[Epoch 4/300] Iter [590/794] Loss: 0.3011
[Epoch 4/300] Iter [600/794] Loss: 0.3443
[Epoch 4/300] Iter [610/794] Loss: 0.2649
[Epoch 4/300] Iter [620/794] Loss: 0.3999
[Epoch 4/300] Iter [630/794] Loss: 0.3218
[Epoch 4/300] Iter [640/794] Loss: 0.3946
[Epoch 4/300] Iter [650/794] Loss: 0.3092
[Epoch 4/300] Iter [660/794] Loss: 0.2488
[Epoch 4/300] Iter [670/794] Loss: 0.4052
[Epoch 4/300] Iter [680/794] Loss: 0.3228
[Epoch 4/300] Iter [690/794] Loss: 0.3033
[Epoch 4/300] Iter [700/794] Loss: 0.2324
[Epoch 4/300] Iter [710/794] Loss: 0.3124
[Epoch 4/300] Iter [720/794] Loss: 0.4754
[Epoch 4/300] Iter [730/794] Loss: 0.3513
[Epoch 4/300] Iter [740/794] Loss: 0.3104
[Epoch 4/300] Iter [750/794] Loss: 0.2139
[Epoch 4/300] Iter [760/794] Loss: 0.5268
[Epoch 4/300] Iter [770/794] Loss: 0.1924
[Epoch 4/300] Iter [780/794] Loss: 0.2655
[Epoch 4/300] Iter [790/794] Loss: 0.2894
Epoch [4/300] Validation Loss: 0.3685
[Epoch 5/300] Iter [10/794] Loss: 0.2118
[Epoch 5/300] Iter [20/794] Loss: 0.4282
[Epoch 5/300] Iter [30/794] Loss: 0.3203
[Epoch 5/300] Iter [40/794] Loss: 0.2868
[Epoch 5/300] Iter [50/794] Loss: 0.2521
[Epoch 5/300] Iter [60/794] Loss: 0.2818
[Epoch 5/300] Iter [70/794] Loss: 0.2590
[Epoch 5/300] Iter [80/794] Loss: 0.3245
[Epoch 5/300] Iter [90/794] Loss: 0.2562
[Epoch 5/300] Iter [100/794] Loss: 0.3321
[Epoch 5/300] Iter [110/794] Loss: 0.3786
[Epoch 5/300] Iter [120/794] Loss: 0.2708
[Epoch 5/300] Iter [130/794] Loss: 0.3488
[Epoch 5/300] Iter [140/794] Loss: 0.4072
[Epoch 5/300] Iter [150/794] Loss: 0.2740
[Epoch 5/300] Iter [160/794] Loss: 0.2295
[Epoch 5/300] Iter [170/794] Loss: 0.3609
[Epoch 5/300] Iter [180/794] Loss: 0.2678
[Epoch 5/300] Iter [190/794] Loss: 0.4743
[Epoch 5/300] Iter [200/794] Loss: 0.3652
[Epoch 5/300] Iter [210/794] Loss: 0.1738
[Epoch 5/300] Iter [220/794] Loss: 0.4839
[Epoch 5/300] Iter [230/794] Loss: 0.3014
[Epoch 5/300] Iter [240/794] Loss: 0.3490
[Epoch 5/300] Iter [250/794] Loss: 0.3313
[Epoch 5/300] Iter [260/794] Loss: 0.2834
[Epoch 5/300] Iter [270/794] Loss: 0.3471
[Epoch 5/300] Iter [280/794] Loss: 0.2362
[Epoch 5/300] Iter [290/794] Loss: 0.3596
[Epoch 5/300] Iter [300/794] Loss: 0.3915
[Epoch 5/300] Iter [310/794] Loss: 0.2597
[Epoch 5/300] Iter [320/794] Loss: 0.2471
[Epoch 5/300] Iter [330/794] Loss: 0.1630
[Epoch 5/300] Iter [340/794] Loss: 0.2109
[Epoch 5/300] Iter [350/794] Loss: 0.4884
[Epoch 5/300] Iter [360/794] Loss: 0.2537
[Epoch 5/300] Iter [370/794] Loss: 0.2901
[Epoch 5/300] Iter [380/794] Loss: 0.3159
[Epoch 5/300] Iter [390/794] Loss: 0.2488
[Epoch 5/300] Iter [400/794] Loss: 0.2739
[Epoch 5/300] Iter [410/794] Loss: 0.3010
[Epoch 5/300] Iter [420/794] Loss: 0.2217
[Epoch 5/300] Iter [430/794] Loss: 0.2793
[Epoch 5/300] Iter [440/794] Loss: 0.2755
[Epoch 5/300] Iter [450/794] Loss: 0.3100
[Epoch 5/300] Iter [460/794] Loss: 0.4150
[Epoch 5/300] Iter [470/794] Loss: 0.3250
[Epoch 5/300] Iter [480/794] Loss: 0.3568
[Epoch 5/300] Iter [490/794] Loss: 0.3081
[Epoch 5/300] Iter [500/794] Loss: 0.3564
[Epoch 5/300] Iter [510/794] Loss: 0.2381
[Epoch 5/300] Iter [520/794] Loss: 0.2047
[Epoch 5/300] Iter [530/794] Loss: 0.3175
[Epoch 5/300] Iter [540/794] Loss: 0.2936
[Epoch 5/300] Iter [550/794] Loss: 0.2703
[Epoch 5/300] Iter [560/794] Loss: 0.2878
[Epoch 5/300] Iter [570/794] Loss: 0.3323
[Epoch 5/300] Iter [580/794] Loss: 0.2603
[Epoch 5/300] Iter [590/794] Loss: 0.4920
[Epoch 5/300] Iter [600/794] Loss: 0.2466
[Epoch 5/300] Iter [610/794] Loss: 0.2518
[Epoch 5/300] Iter [620/794] Loss: 0.3867
[Epoch 5/300] Iter [630/794] Loss: 0.3046
[Epoch 5/300] Iter [640/794] Loss: 0.3112
[Epoch 5/300] Iter [650/794] Loss: 0.2980
[Epoch 5/300] Iter [660/794] Loss: 0.2308
[Epoch 5/300] Iter [670/794] Loss: 0.2317
[Epoch 5/300] Iter [680/794] Loss: 0.2352
[Epoch 5/300] Iter [690/794] Loss: 0.3714
[Epoch 5/300] Iter [700/794] Loss: 0.2464
[Epoch 5/300] Iter [710/794] Loss: 0.2843
[Epoch 5/300] Iter [720/794] Loss: 0.2200
[Epoch 5/300] Iter [730/794] Loss: 0.2946
[Epoch 5/300] Iter [740/794] Loss: 0.3601
[Epoch 5/300] Iter [750/794] Loss: 0.2885
[Epoch 5/300] Iter [760/794] Loss: 0.4020
[Epoch 5/300] Iter [770/794] Loss: 0.4116
[Epoch 5/300] Iter [780/794] Loss: 0.2843
[Epoch 5/300] Iter [790/794] Loss: 0.3167
Epoch [5/300] Validation Loss: 0.3757
No improvement for 1 epoch(s).
[Epoch 6/300] Iter [10/794] Loss: 0.3181
[Epoch 6/300] Iter [20/794] Loss: 0.2409
[Epoch 6/300] Iter [30/794] Loss: 0.2241
[Epoch 6/300] Iter [40/794] Loss: 0.2676
[Epoch 6/300] Iter [50/794] Loss: 0.3484
[Epoch 6/300] Iter [60/794] Loss: 0.3045
[Epoch 6/300] Iter [70/794] Loss: 0.2106
[Epoch 6/300] Iter [80/794] Loss: 0.2616
[Epoch 6/300] Iter [90/794] Loss: 0.2401
[Epoch 6/300] Iter [100/794] Loss: 0.3081
[Epoch 6/300] Iter [110/794] Loss: 0.2816
[Epoch 6/300] Iter [120/794] Loss: 0.2684
[Epoch 6/300] Iter [130/794] Loss: 0.3714
[Epoch 6/300] Iter [140/794] Loss: 0.1877
[Epoch 6/300] Iter [150/794] Loss: 0.3146
[Epoch 6/300] Iter [160/794] Loss: 0.3576
[Epoch 6/300] Iter [170/794] Loss: 0.2813
[Epoch 6/300] Iter [180/794] Loss: 0.1838
[Epoch 6/300] Iter [190/794] Loss: 0.2390
[Epoch 6/300] Iter [200/794] Loss: 0.3223
[Epoch 6/300] Iter [210/794] Loss: 0.3920
[Epoch 6/300] Iter [220/794] Loss: 0.2411
[Epoch 6/300] Iter [230/794] Loss: 0.2309
[Epoch 6/300] Iter [240/794] Loss: 0.2062
[Epoch 6/300] Iter [250/794] Loss: 0.3172
[Epoch 6/300] Iter [260/794] Loss: 0.2832
[Epoch 6/300] Iter [270/794] Loss: 0.3226
[Epoch 6/300] Iter [280/794] Loss: 0.3747
[Epoch 6/300] Iter [290/794] Loss: 0.4062
[Epoch 6/300] Iter [300/794] Loss: 0.3270
[Epoch 6/300] Iter [310/794] Loss: 0.2031
[Epoch 6/300] Iter [320/794] Loss: 0.3146
[Epoch 6/300] Iter [330/794] Loss: 0.2624
[Epoch 6/300] Iter [340/794] Loss: 0.3170
[Epoch 6/300] Iter [350/794] Loss: 0.2326
[Epoch 6/300] Iter [360/794] Loss: 0.2663
[Epoch 6/300] Iter [370/794] Loss: 0.2789
[Epoch 6/300] Iter [380/794] Loss: 0.2881
[Epoch 6/300] Iter [390/794] Loss: 0.2500
[Epoch 6/300] Iter [400/794] Loss: 0.3919
[Epoch 6/300] Iter [410/794] Loss: 0.2854
[Epoch 6/300] Iter [420/794] Loss: 0.3359
[Epoch 6/300] Iter [430/794] Loss: 0.4250
[Epoch 6/300] Iter [440/794] Loss: 0.3550
[Epoch 6/300] Iter [450/794] Loss: 0.2668
[Epoch 6/300] Iter [460/794] Loss: 0.3520
[Epoch 6/300] Iter [470/794] Loss: 0.4490
[Epoch 6/300] Iter [480/794] Loss: 0.3245
[Epoch 6/300] Iter [490/794] Loss: 0.3767
[Epoch 6/300] Iter [500/794] Loss: 0.3457
[Epoch 6/300] Iter [510/794] Loss: 0.2193
[Epoch 6/300] Iter [520/794] Loss: 0.4359
[Epoch 6/300] Iter [530/794] Loss: 0.2463
[Epoch 6/300] Iter [540/794] Loss: 0.3229
[Epoch 6/300] Iter [550/794] Loss: 0.3140
[Epoch 6/300] Iter [560/794] Loss: 0.1729
[Epoch 6/300] Iter [570/794] Loss: 0.2409
[Epoch 6/300] Iter [580/794] Loss: 0.1996
[Epoch 6/300] Iter [590/794] Loss: 0.2344
[Epoch 6/300] Iter [600/794] Loss: 0.2391
[Epoch 6/300] Iter [610/794] Loss: 0.2364
[Epoch 6/300] Iter [620/794] Loss: 0.3919
[Epoch 6/300] Iter [630/794] Loss: 0.2948
[Epoch 6/300] Iter [640/794] Loss: 0.2944
[Epoch 6/300] Iter [650/794] Loss: 0.2475
[Epoch 6/300] Iter [660/794] Loss: 0.2772
[Epoch 6/300] Iter [670/794] Loss: 0.2378
[Epoch 6/300] Iter [680/794] Loss: 0.3620
[Epoch 6/300] Iter [690/794] Loss: 0.1592
[Epoch 6/300] Iter [700/794] Loss: 0.2546
[Epoch 6/300] Iter [710/794] Loss: 0.3480
[Epoch 6/300] Iter [720/794] Loss: 0.2581
[Epoch 6/300] Iter [730/794] Loss: 0.3603
[Epoch 6/300] Iter [740/794] Loss: 0.2410
[Epoch 6/300] Iter [750/794] Loss: 0.3090
[Epoch 6/300] Iter [760/794] Loss: 0.2949
[Epoch 6/300] Iter [770/794] Loss: 0.3260
[Epoch 6/300] Iter [780/794] Loss: 0.2960
[Epoch 6/300] Iter [790/794] Loss: 0.2245
Epoch [6/300] Validation Loss: 0.3786
No improvement for 2 epoch(s).
[Epoch 7/300] Iter [10/794] Loss: 0.3815
[Epoch 7/300] Iter [20/794] Loss: 0.2950
[Epoch 7/300] Iter [30/794] Loss: 0.2647
[Epoch 7/300] Iter [40/794] Loss: 0.2555
[Epoch 7/300] Iter [50/794] Loss: 0.2489
[Epoch 7/300] Iter [60/794] Loss: 0.3128
[Epoch 7/300] Iter [70/794] Loss: 0.1658
[Epoch 7/300] Iter [80/794] Loss: 0.1940
[Epoch 7/300] Iter [90/794] Loss: 0.2691
[Epoch 7/300] Iter [100/794] Loss: 0.4576
[Epoch 7/300] Iter [110/794] Loss: 0.2233
[Epoch 7/300] Iter [120/794] Loss: 0.2306
[Epoch 7/300] Iter [130/794] Loss: 0.2202
[Epoch 7/300] Iter [140/794] Loss: 0.2752
[Epoch 7/300] Iter [150/794] Loss: 0.3345
[Epoch 7/300] Iter [160/794] Loss: 0.3614
[Epoch 7/300] Iter [170/794] Loss: 0.2940
[Epoch 7/300] Iter [180/794] Loss: 0.2336
[Epoch 7/300] Iter [190/794] Loss: 0.2489
[Epoch 7/300] Iter [200/794] Loss: 0.2377
[Epoch 7/300] Iter [210/794] Loss: 0.3371
[Epoch 7/300] Iter [220/794] Loss: 0.2422
[Epoch 7/300] Iter [230/794] Loss: 0.2714
[Epoch 7/300] Iter [240/794] Loss: 0.2541
[Epoch 7/300] Iter [250/794] Loss: 0.2496
[Epoch 7/300] Iter [260/794] Loss: 0.2661
[Epoch 7/300] Iter [270/794] Loss: 0.3859
[Epoch 7/300] Iter [280/794] Loss: 0.2812
[Epoch 7/300] Iter [290/794] Loss: 0.2355
[Epoch 7/300] Iter [300/794] Loss: 0.1879
[Epoch 7/300] Iter [310/794] Loss: 0.2586
[Epoch 7/300] Iter [320/794] Loss: 0.3227
[Epoch 7/300] Iter [330/794] Loss: 0.2351
[Epoch 7/300] Iter [340/794] Loss: 0.2210
[Epoch 7/300] Iter [350/794] Loss: 0.3080
[Epoch 7/300] Iter [360/794] Loss: 0.3107
[Epoch 7/300] Iter [370/794] Loss: 0.2672
[Epoch 7/300] Iter [380/794] Loss: 0.4836
[Epoch 7/300] Iter [390/794] Loss: 0.3342
[Epoch 7/300] Iter [400/794] Loss: 0.2556
[Epoch 7/300] Iter [410/794] Loss: 0.1995
[Epoch 7/300] Iter [420/794] Loss: 0.2872
[Epoch 7/300] Iter [430/794] Loss: 0.2608
[Epoch 7/300] Iter [440/794] Loss: 0.3255
[Epoch 7/300] Iter [450/794] Loss: 0.1497
[Epoch 7/300] Iter [460/794] Loss: 0.2665
[Epoch 7/300] Iter [470/794] Loss: 0.2099
[Epoch 7/300] Iter [480/794] Loss: 0.1696
[Epoch 7/300] Iter [490/794] Loss: 0.2274
[Epoch 7/300] Iter [500/794] Loss: 0.3072
[Epoch 7/300] Iter [510/794] Loss: 0.2940
[Epoch 7/300] Iter [520/794] Loss: 0.2001
[Epoch 7/300] Iter [530/794] Loss: 0.2792
[Epoch 7/300] Iter [540/794] Loss: 0.3674
[Epoch 7/300] Iter [550/794] Loss: 0.1381
[Epoch 7/300] Iter [560/794] Loss: 0.1657
[Epoch 7/300] Iter [570/794] Loss: 0.2614
[Epoch 7/300] Iter [580/794] Loss: 0.2457
[Epoch 7/300] Iter [590/794] Loss: 0.2761
[Epoch 7/300] Iter [600/794] Loss: 0.2686
[Epoch 7/300] Iter [610/794] Loss: 0.2335
[Epoch 7/300] Iter [620/794] Loss: 0.3091
[Epoch 7/300] Iter [630/794] Loss: 0.2428
[Epoch 7/300] Iter [640/794] Loss: 0.3067
[Epoch 7/300] Iter [650/794] Loss: 0.3087
[Epoch 7/300] Iter [660/794] Loss: 0.3725
[Epoch 7/300] Iter [670/794] Loss: 0.2713
[Epoch 7/300] Iter [680/794] Loss: 0.2335
[Epoch 7/300] Iter [690/794] Loss: 0.2325
[Epoch 7/300] Iter [700/794] Loss: 0.2520
[Epoch 7/300] Iter [710/794] Loss: 0.3981
[Epoch 7/300] Iter [720/794] Loss: 0.2360
[Epoch 7/300] Iter [730/794] Loss: 0.3437
[Epoch 7/300] Iter [740/794] Loss: 0.3800
[Epoch 7/300] Iter [750/794] Loss: 0.3796
[Epoch 7/300] Iter [760/794] Loss: 0.2535
[Epoch 7/300] Iter [770/794] Loss: 0.2842
[Epoch 7/300] Iter [780/794] Loss: 0.2635
[Epoch 7/300] Iter [790/794] Loss: 0.2931
Epoch [7/300] Validation Loss: 0.3851
No improvement for 3 epoch(s).
[Epoch 8/300] Iter [10/794] Loss: 0.1950
[Epoch 8/300] Iter [20/794] Loss: 0.2038
[Epoch 8/300] Iter [30/794] Loss: 0.3103
[Epoch 8/300] Iter [40/794] Loss: 0.3009
[Epoch 8/300] Iter [50/794] Loss: 0.2079
[Epoch 8/300] Iter [60/794] Loss: 0.3000
[Epoch 8/300] Iter [70/794] Loss: 0.1816
[Epoch 8/300] Iter [80/794] Loss: 0.2816
[Epoch 8/300] Iter [90/794] Loss: 0.2669
[Epoch 8/300] Iter [100/794] Loss: 0.1884
[Epoch 8/300] Iter [110/794] Loss: 0.3315
[Epoch 8/300] Iter [120/794] Loss: 0.2700
[Epoch 8/300] Iter [130/794] Loss: 0.1937
[Epoch 8/300] Iter [140/794] Loss: 0.3353
[Epoch 8/300] Iter [150/794] Loss: 0.2077
[Epoch 8/300] Iter [160/794] Loss: 0.2391
[Epoch 8/300] Iter [170/794] Loss: 0.2544
[Epoch 8/300] Iter [180/794] Loss: 0.2849
[Epoch 8/300] Iter [190/794] Loss: 0.2055
[Epoch 8/300] Iter [200/794] Loss: 0.4283
[Epoch 8/300] Iter [210/794] Loss: 0.2333
[Epoch 8/300] Iter [220/794] Loss: 0.2411
[Epoch 8/300] Iter [230/794] Loss: 0.4167
[Epoch 8/300] Iter [240/794] Loss: 0.1569
[Epoch 8/300] Iter [250/794] Loss: 0.2680
[Epoch 8/300] Iter [260/794] Loss: 0.2625
[Epoch 8/300] Iter [270/794] Loss: 0.2328
[Epoch 8/300] Iter [280/794] Loss: 0.2593
[Epoch 8/300] Iter [290/794] Loss: 0.2324
[Epoch 8/300] Iter [300/794] Loss: 0.2315
[Epoch 8/300] Iter [310/794] Loss: 0.2395
[Epoch 8/300] Iter [320/794] Loss: 0.3126
[Epoch 8/300] Iter [330/794] Loss: 0.2521
[Epoch 8/300] Iter [340/794] Loss: 0.2041
[Epoch 8/300] Iter [350/794] Loss: 0.2594
[Epoch 8/300] Iter [360/794] Loss: 0.3180
[Epoch 8/300] Iter [370/794] Loss: 0.2548
[Epoch 8/300] Iter [380/794] Loss: 0.2081
[Epoch 8/300] Iter [390/794] Loss: 0.2622
[Epoch 8/300] Iter [400/794] Loss: 0.4084
[Epoch 8/300] Iter [410/794] Loss: 0.3515
[Epoch 8/300] Iter [420/794] Loss: 0.1794
[Epoch 8/300] Iter [430/794] Loss: 0.3071
[Epoch 8/300] Iter [440/794] Loss: 0.2332
[Epoch 8/300] Iter [450/794] Loss: 0.1564
[Epoch 8/300] Iter [460/794] Loss: 0.3353
[Epoch 8/300] Iter [470/794] Loss: 0.1466
[Epoch 8/300] Iter [480/794] Loss: 0.3192
[Epoch 8/300] Iter [490/794] Loss: 0.3204
[Epoch 8/300] Iter [500/794] Loss: 0.2677
[Epoch 8/300] Iter [510/794] Loss: 0.1808
[Epoch 8/300] Iter [520/794] Loss: 0.2072
[Epoch 8/300] Iter [530/794] Loss: 0.2769
[Epoch 8/300] Iter [540/794] Loss: 0.3131
[Epoch 8/300] Iter [550/794] Loss: 0.2548
[Epoch 8/300] Iter [560/794] Loss: 0.2256
[Epoch 8/300] Iter [570/794] Loss: 0.1993
[Epoch 8/300] Iter [580/794] Loss: 0.2014
[Epoch 8/300] Iter [590/794] Loss: 0.3711
[Epoch 8/300] Iter [600/794] Loss: 0.4536
[Epoch 8/300] Iter [610/794] Loss: 0.2329
[Epoch 8/300] Iter [620/794] Loss: 0.3231
[Epoch 8/300] Iter [630/794] Loss: 0.4034
[Epoch 8/300] Iter [640/794] Loss: 0.3099
[Epoch 8/300] Iter [650/794] Loss: 0.2251
[Epoch 8/300] Iter [660/794] Loss: 0.2983
[Epoch 8/300] Iter [670/794] Loss: 0.2374
[Epoch 8/300] Iter [680/794] Loss: 0.2316
[Epoch 8/300] Iter [690/794] Loss: 0.3846
[Epoch 8/300] Iter [700/794] Loss: 0.3584
[Epoch 8/300] Iter [710/794] Loss: 0.3365
[Epoch 8/300] Iter [720/794] Loss: 0.3390
[Epoch 8/300] Iter [730/794] Loss: 0.2652
[Epoch 8/300] Iter [740/794] Loss: 0.3418
[Epoch 8/300] Iter [750/794] Loss: 0.2223
[Epoch 8/300] Iter [760/794] Loss: 0.3775
[Epoch 8/300] Iter [770/794] Loss: 0.2594
[Epoch 8/300] Iter [780/794] Loss: 0.2643
[Epoch 8/300] Iter [790/794] Loss: 0.3103
Epoch [8/300] Validation Loss: 0.3653
[Epoch 9/300] Iter [10/794] Loss: 0.2570
[Epoch 9/300] Iter [20/794] Loss: 0.2852
[Epoch 9/300] Iter [30/794] Loss: 0.2021
[Epoch 9/300] Iter [40/794] Loss: 0.2534
[Epoch 9/300] Iter [50/794] Loss: 0.2855
[Epoch 9/300] Iter [60/794] Loss: 0.3880
[Epoch 9/300] Iter [70/794] Loss: 0.1910
[Epoch 9/300] Iter [80/794] Loss: 0.1830
[Epoch 9/300] Iter [90/794] Loss: 0.3130
[Epoch 9/300] Iter [100/794] Loss: 0.2824
[Epoch 9/300] Iter [110/794] Loss: 0.2055
[Epoch 9/300] Iter [120/794] Loss: 0.3527
[Epoch 9/300] Iter [130/794] Loss: 0.3401
[Epoch 9/300] Iter [140/794] Loss: 0.2759
[Epoch 9/300] Iter [150/794] Loss: 0.2001
[Epoch 9/300] Iter [160/794] Loss: 0.4105
[Epoch 9/300] Iter [170/794] Loss: 0.2063
[Epoch 9/300] Iter [180/794] Loss: 0.3251
[Epoch 9/300] Iter [190/794] Loss: 0.3071
[Epoch 9/300] Iter [200/794] Loss: 0.1809
[Epoch 9/300] Iter [210/794] Loss: 0.1930
[Epoch 9/300] Iter [220/794] Loss: 0.2963
[Epoch 9/300] Iter [230/794] Loss: 0.2043
[Epoch 9/300] Iter [240/794] Loss: 0.2624
[Epoch 9/300] Iter [250/794] Loss: 0.2064
[Epoch 9/300] Iter [260/794] Loss: 0.1985
[Epoch 9/300] Iter [270/794] Loss: 0.2898
[Epoch 9/300] Iter [280/794] Loss: 0.2145
[Epoch 9/300] Iter [290/794] Loss: 0.2141
[Epoch 9/300] Iter [300/794] Loss: 0.2457
[Epoch 9/300] Iter [310/794] Loss: 0.2421
[Epoch 9/300] Iter [320/794] Loss: 0.2701
[Epoch 9/300] Iter [330/794] Loss: 0.1578
[Epoch 9/300] Iter [340/794] Loss: 0.2550
[Epoch 9/300] Iter [350/794] Loss: 0.2185
[Epoch 9/300] Iter [360/794] Loss: 0.1647
[Epoch 9/300] Iter [370/794] Loss: 0.2826
[Epoch 9/300] Iter [380/794] Loss: 0.1892
[Epoch 9/300] Iter [390/794] Loss: 0.1724
[Epoch 9/300] Iter [400/794] Loss: 0.1961
[Epoch 9/300] Iter [410/794] Loss: 0.2138
[Epoch 9/300] Iter [420/794] Loss: 0.3532
[Epoch 9/300] Iter [430/794] Loss: 0.2114
[Epoch 9/300] Iter [440/794] Loss: 0.1536
[Epoch 9/300] Iter [450/794] Loss: 0.1271
[Epoch 9/300] Iter [460/794] Loss: 0.2059
[Epoch 9/300] Iter [470/794] Loss: 0.3442
[Epoch 9/300] Iter [480/794] Loss: 0.2314
[Epoch 9/300] Iter [490/794] Loss: 0.2626
[Epoch 9/300] Iter [500/794] Loss: 0.3920
[Epoch 9/300] Iter [510/794] Loss: 0.1452
[Epoch 9/300] Iter [520/794] Loss: 0.2458
[Epoch 9/300] Iter [530/794] Loss: 0.2849
[Epoch 9/300] Iter [540/794] Loss: 0.2970
[Epoch 9/300] Iter [550/794] Loss: 0.2532
[Epoch 9/300] Iter [560/794] Loss: 0.2278
[Epoch 9/300] Iter [570/794] Loss: 0.1370
[Epoch 9/300] Iter [580/794] Loss: 0.2295
[Epoch 9/300] Iter [590/794] Loss: 0.2718
[Epoch 9/300] Iter [600/794] Loss: 0.2606
[Epoch 9/300] Iter [610/794] Loss: 0.2608
[Epoch 9/300] Iter [620/794] Loss: 0.1626
[Epoch 9/300] Iter [630/794] Loss: 0.1876
[Epoch 9/300] Iter [640/794] Loss: 0.2875
[Epoch 9/300] Iter [650/794] Loss: 0.3307
[Epoch 9/300] Iter [660/794] Loss: 0.2645
[Epoch 9/300] Iter [670/794] Loss: 0.3762
[Epoch 9/300] Iter [680/794] Loss: 0.2494
[Epoch 9/300] Iter [690/794] Loss: 0.1819
[Epoch 9/300] Iter [700/794] Loss: 0.2857
[Epoch 9/300] Iter [710/794] Loss: 0.2627
[Epoch 9/300] Iter [720/794] Loss: 0.1872
[Epoch 9/300] Iter [730/794] Loss: 0.3089
[Epoch 9/300] Iter [740/794] Loss: 0.3579
[Epoch 9/300] Iter [750/794] Loss: 0.2547
[Epoch 9/300] Iter [760/794] Loss: 0.2091
[Epoch 9/300] Iter [770/794] Loss: 0.3524
[Epoch 9/300] Iter [780/794] Loss: 0.3212
[Epoch 9/300] Iter [790/794] Loss: 0.2194
Epoch [9/300] Validation Loss: 0.3737
No improvement for 1 epoch(s).
[Epoch 10/300] Iter [10/794] Loss: 0.3504
[Epoch 10/300] Iter [20/794] Loss: 0.2781
[Epoch 10/300] Iter [30/794] Loss: 0.2570
[Epoch 10/300] Iter [40/794] Loss: 0.2108
[Epoch 10/300] Iter [50/794] Loss: 0.2953
[Epoch 10/300] Iter [60/794] Loss: 0.2377
[Epoch 10/300] Iter [70/794] Loss: 0.2211
[Epoch 10/300] Iter [80/794] Loss: 0.2145
[Epoch 10/300] Iter [90/794] Loss: 0.1565
[Epoch 10/300] Iter [100/794] Loss: 0.2261
[Epoch 10/300] Iter [110/794] Loss: 0.1499
[Epoch 10/300] Iter [120/794] Loss: 0.1935
[Epoch 10/300] Iter [130/794] Loss: 0.1808
[Epoch 10/300] Iter [140/794] Loss: 0.2075
[Epoch 10/300] Iter [150/794] Loss: 0.2780
[Epoch 10/300] Iter [160/794] Loss: 0.1309
[Epoch 10/300] Iter [170/794] Loss: 0.2675
[Epoch 10/300] Iter [180/794] Loss: 0.1734
[Epoch 10/300] Iter [190/794] Loss: 0.1776
[Epoch 10/300] Iter [200/794] Loss: 0.2319
[Epoch 10/300] Iter [210/794] Loss: 0.2166
[Epoch 10/300] Iter [220/794] Loss: 0.2737
[Epoch 10/300] Iter [230/794] Loss: 0.2861
[Epoch 10/300] Iter [240/794] Loss: 0.2380
[Epoch 10/300] Iter [250/794] Loss: 0.1886
[Epoch 10/300] Iter [260/794] Loss: 0.1803
[Epoch 10/300] Iter [270/794] Loss: 0.3011
[Epoch 10/300] Iter [280/794] Loss: 0.2329
[Epoch 10/300] Iter [290/794] Loss: 0.1735
[Epoch 10/300] Iter [300/794] Loss: 0.2688
[Epoch 10/300] Iter [310/794] Loss: 0.2260
[Epoch 10/300] Iter [320/794] Loss: 0.1546
[Epoch 10/300] Iter [330/794] Loss: 0.2334
[Epoch 10/300] Iter [340/794] Loss: 0.1767
[Epoch 10/300] Iter [350/794] Loss: 0.3237
[Epoch 10/300] Iter [360/794] Loss: 0.2597
[Epoch 10/300] Iter [370/794] Loss: 0.2464
[Epoch 10/300] Iter [380/794] Loss: 0.2057
[Epoch 10/300] Iter [390/794] Loss: 0.2807
[Epoch 10/300] Iter [400/794] Loss: 0.2050
[Epoch 10/300] Iter [410/794] Loss: 0.2998
[Epoch 10/300] Iter [420/794] Loss: 0.2513
[Epoch 10/300] Iter [430/794] Loss: 0.2333
[Epoch 10/300] Iter [440/794] Loss: 0.2253
[Epoch 10/300] Iter [450/794] Loss: 0.2259
[Epoch 10/300] Iter [460/794] Loss: 0.2763
[Epoch 10/300] Iter [470/794] Loss: 0.2410
[Epoch 10/300] Iter [480/794] Loss: 0.2663
[Epoch 10/300] Iter [490/794] Loss: 0.1808
[Epoch 10/300] Iter [500/794] Loss: 0.1972
[Epoch 10/300] Iter [510/794] Loss: 0.3122
[Epoch 10/300] Iter [520/794] Loss: 0.3372
[Epoch 10/300] Iter [530/794] Loss: 0.3917
[Epoch 10/300] Iter [540/794] Loss: 0.1768
[Epoch 10/300] Iter [550/794] Loss: 0.1579
[Epoch 10/300] Iter [560/794] Loss: 0.2929
[Epoch 10/300] Iter [570/794] Loss: 0.2186
[Epoch 10/300] Iter [580/794] Loss: 0.3605
[Epoch 10/300] Iter [590/794] Loss: 0.2439
[Epoch 10/300] Iter [600/794] Loss: 0.2276
[Epoch 10/300] Iter [610/794] Loss: 0.2463
[Epoch 10/300] Iter [620/794] Loss: 0.3108
[Epoch 10/300] Iter [630/794] Loss: 0.2072
[Epoch 10/300] Iter [640/794] Loss: 0.2457
[Epoch 10/300] Iter [650/794] Loss: 0.2452
[Epoch 10/300] Iter [660/794] Loss: 0.2035
[Epoch 10/300] Iter [670/794] Loss: 0.2445
[Epoch 10/300] Iter [680/794] Loss: 0.2364
[Epoch 10/300] Iter [690/794] Loss: 0.2736
[Epoch 10/300] Iter [700/794] Loss: 0.2300
[Epoch 10/300] Iter [710/794] Loss: 0.2173
[Epoch 10/300] Iter [720/794] Loss: 0.2542
[Epoch 10/300] Iter [730/794] Loss: 0.2802
[Epoch 10/300] Iter [740/794] Loss: 0.2241
[Epoch 10/300] Iter [750/794] Loss: 0.1928
[Epoch 10/300] Iter [760/794] Loss: 0.1800
[Epoch 10/300] Iter [770/794] Loss: 0.2534
[Epoch 10/300] Iter [780/794] Loss: 0.2291
[Epoch 10/300] Iter [790/794] Loss: 0.2959
Epoch [10/300] Validation Loss: 0.3908
No improvement for 2 epoch(s).
[Epoch 11/300] Iter [10/794] Loss: 0.1580
[Epoch 11/300] Iter [20/794] Loss: 0.1756
[Epoch 11/300] Iter [30/794] Loss: 0.1649
[Epoch 11/300] Iter [40/794] Loss: 0.1822
[Epoch 11/300] Iter [50/794] Loss: 0.2642
[Epoch 11/300] Iter [60/794] Loss: 0.2233
[Epoch 11/300] Iter [70/794] Loss: 0.1609
[Epoch 11/300] Iter [80/794] Loss: 0.2068
[Epoch 11/300] Iter [90/794] Loss: 0.2543
[Epoch 11/300] Iter [100/794] Loss: 0.3020
[Epoch 11/300] Iter [110/794] Loss: 0.2620
[Epoch 11/300] Iter [120/794] Loss: 0.1898
[Epoch 11/300] Iter [130/794] Loss: 0.1759
[Epoch 11/300] Iter [140/794] Loss: 0.2119
[Epoch 11/300] Iter [150/794] Loss: 0.1734
[Epoch 11/300] Iter [160/794] Loss: 0.2621
[Epoch 11/300] Iter [170/794] Loss: 0.1833
[Epoch 11/300] Iter [180/794] Loss: 0.2299
[Epoch 11/300] Iter [190/794] Loss: 0.2543
[Epoch 11/300] Iter [200/794] Loss: 0.2391
[Epoch 11/300] Iter [210/794] Loss: 0.1627
[Epoch 11/300] Iter [220/794] Loss: 0.1998
[Epoch 11/300] Iter [230/794] Loss: 0.2935
[Epoch 11/300] Iter [240/794] Loss: 0.2361
[Epoch 11/300] Iter [250/794] Loss: 0.2181
[Epoch 11/300] Iter [260/794] Loss: 0.2407
[Epoch 11/300] Iter [270/794] Loss: 0.2548
[Epoch 11/300] Iter [280/794] Loss: 0.2351
[Epoch 11/300] Iter [290/794] Loss: 0.2620
[Epoch 11/300] Iter [300/794] Loss: 0.3524
[Epoch 11/300] Iter [310/794] Loss: 0.2208
[Epoch 11/300] Iter [320/794] Loss: 0.1676
[Epoch 11/300] Iter [330/794] Loss: 0.1808
[Epoch 11/300] Iter [340/794] Loss: 0.2490
[Epoch 11/300] Iter [350/794] Loss: 0.2066
[Epoch 11/300] Iter [360/794] Loss: 0.2419
[Epoch 11/300] Iter [370/794] Loss: 0.1332
[Epoch 11/300] Iter [380/794] Loss: 0.2032
[Epoch 11/300] Iter [390/794] Loss: 0.2299
[Epoch 11/300] Iter [400/794] Loss: 0.2637
[Epoch 11/300] Iter [410/794] Loss: 0.2176
[Epoch 11/300] Iter [420/794] Loss: 0.1884
[Epoch 11/300] Iter [430/794] Loss: 0.1990
[Epoch 11/300] Iter [440/794] Loss: 0.3515
[Epoch 11/300] Iter [450/794] Loss: 0.3086
[Epoch 11/300] Iter [460/794] Loss: 0.2118
[Epoch 11/300] Iter [470/794] Loss: 0.1524
[Epoch 11/300] Iter [480/794] Loss: 0.2731
[Epoch 11/300] Iter [490/794] Loss: 0.1746
[Epoch 11/300] Iter [500/794] Loss: 0.1599
[Epoch 11/300] Iter [510/794] Loss: 0.1984
[Epoch 11/300] Iter [520/794] Loss: 0.2372
[Epoch 11/300] Iter [530/794] Loss: 0.1484
[Epoch 11/300] Iter [540/794] Loss: 0.2429
[Epoch 11/300] Iter [550/794] Loss: 0.2424
[Epoch 11/300] Iter [560/794] Loss: 0.3228
[Epoch 11/300] Iter [570/794] Loss: 0.2606
[Epoch 11/300] Iter [580/794] Loss: 0.2385
[Epoch 11/300] Iter [590/794] Loss: 0.2338
[Epoch 11/300] Iter [600/794] Loss: 0.2258
[Epoch 11/300] Iter [610/794] Loss: 0.1760
[Epoch 11/300] Iter [620/794] Loss: 0.3273
[Epoch 11/300] Iter [630/794] Loss: 0.1898
[Epoch 11/300] Iter [640/794] Loss: 0.2313
[Epoch 11/300] Iter [650/794] Loss: 0.2707
[Epoch 11/300] Iter [660/794] Loss: 0.2769
[Epoch 11/300] Iter [670/794] Loss: 0.1122
[Epoch 11/300] Iter [680/794] Loss: 0.2489
[Epoch 11/300] Iter [690/794] Loss: 0.2160
[Epoch 11/300] Iter [700/794] Loss: 0.1364
[Epoch 11/300] Iter [710/794] Loss: 0.3138
[Epoch 11/300] Iter [720/794] Loss: 0.1538
[Epoch 11/300] Iter [730/794] Loss: 0.2682
[Epoch 11/300] Iter [740/794] Loss: 0.2566
[Epoch 11/300] Iter [750/794] Loss: 0.2519
[Epoch 11/300] Iter [760/794] Loss: 0.1914
[Epoch 11/300] Iter [770/794] Loss: 0.2170
[Epoch 11/300] Iter [780/794] Loss: 0.4000
[Epoch 11/300] Iter [790/794] Loss: 0.3702
Epoch [11/300] Validation Loss: 0.3859
No improvement for 3 epoch(s).
[Epoch 12/300] Iter [10/794] Loss: 0.2058
[Epoch 12/300] Iter [20/794] Loss: 0.1340
[Epoch 12/300] Iter [30/794] Loss: 0.2364
[Epoch 12/300] Iter [40/794] Loss: 0.1683
[Epoch 12/300] Iter [50/794] Loss: 0.2605
[Epoch 12/300] Iter [60/794] Loss: 0.2732
[Epoch 12/300] Iter [70/794] Loss: 0.2257
[Epoch 12/300] Iter [80/794] Loss: 0.2667
[Epoch 12/300] Iter [90/794] Loss: 0.2102
[Epoch 12/300] Iter [100/794] Loss: 0.1910
[Epoch 12/300] Iter [110/794] Loss: 0.1751
[Epoch 12/300] Iter [120/794] Loss: 0.1946
[Epoch 12/300] Iter [130/794] Loss: 0.2330
[Epoch 12/300] Iter [140/794] Loss: 0.2360
[Epoch 12/300] Iter [150/794] Loss: 0.1701
[Epoch 12/300] Iter [160/794] Loss: 0.2378
[Epoch 12/300] Iter [170/794] Loss: 0.1665
[Epoch 12/300] Iter [180/794] Loss: 0.1664
[Epoch 12/300] Iter [190/794] Loss: 0.2496
[Epoch 12/300] Iter [200/794] Loss: 0.2071
[Epoch 12/300] Iter [210/794] Loss: 0.2012
[Epoch 12/300] Iter [220/794] Loss: 0.1867
[Epoch 12/300] Iter [230/794] Loss: 0.1750
[Epoch 12/300] Iter [240/794] Loss: 0.1601
[Epoch 12/300] Iter [250/794] Loss: 0.3095
[Epoch 12/300] Iter [260/794] Loss: 0.2465
[Epoch 12/300] Iter [270/794] Loss: 0.2931
[Epoch 12/300] Iter [280/794] Loss: 0.2150
[Epoch 12/300] Iter [290/794] Loss: 0.2669
[Epoch 12/300] Iter [300/794] Loss: 0.1822
[Epoch 12/300] Iter [310/794] Loss: 0.1910
[Epoch 12/300] Iter [320/794] Loss: 0.2102
[Epoch 12/300] Iter [330/794] Loss: 0.2204
[Epoch 12/300] Iter [340/794] Loss: 0.2833
[Epoch 12/300] Iter [350/794] Loss: 0.2695
[Epoch 12/300] Iter [360/794] Loss: 0.2123
[Epoch 12/300] Iter [370/794] Loss: 0.1222
[Epoch 12/300] Iter [380/794] Loss: 0.2503
[Epoch 12/300] Iter [390/794] Loss: 0.3710
[Epoch 12/300] Iter [400/794] Loss: 0.2646
[Epoch 12/300] Iter [410/794] Loss: 0.2301
[Epoch 12/300] Iter [420/794] Loss: 0.2876
[Epoch 12/300] Iter [430/794] Loss: 0.2727
[Epoch 12/300] Iter [440/794] Loss: 0.2687
[Epoch 12/300] Iter [450/794] Loss: 0.2382
[Epoch 12/300] Iter [460/794] Loss: 0.2470
[Epoch 12/300] Iter [470/794] Loss: 0.1889
[Epoch 12/300] Iter [480/794] Loss: 0.1704
[Epoch 12/300] Iter [490/794] Loss: 0.2375
[Epoch 12/300] Iter [500/794] Loss: 0.3548
[Epoch 12/300] Iter [510/794] Loss: 0.1569
[Epoch 12/300] Iter [520/794] Loss: 0.2255
[Epoch 12/300] Iter [530/794] Loss: 0.2803
[Epoch 12/300] Iter [540/794] Loss: 0.1632
[Epoch 12/300] Iter [550/794] Loss: 0.2403
[Epoch 12/300] Iter [560/794] Loss: 0.2060
[Epoch 12/300] Iter [570/794] Loss: 0.1766
[Epoch 12/300] Iter [580/794] Loss: 0.2739
[Epoch 12/300] Iter [590/794] Loss: 0.3079
[Epoch 12/300] Iter [600/794] Loss: 0.2252
[Epoch 12/300] Iter [610/794] Loss: 0.1914
[Epoch 12/300] Iter [620/794] Loss: 0.2091
[Epoch 12/300] Iter [630/794] Loss: 0.2501
[Epoch 12/300] Iter [640/794] Loss: 0.3801
[Epoch 12/300] Iter [650/794] Loss: 0.1945
[Epoch 12/300] Iter [660/794] Loss: 0.3048
[Epoch 12/300] Iter [670/794] Loss: 0.2415
[Epoch 12/300] Iter [680/794] Loss: 0.2036
[Epoch 12/300] Iter [690/794] Loss: 0.2055
[Epoch 12/300] Iter [700/794] Loss: 0.2441
[Epoch 12/300] Iter [710/794] Loss: 0.2808
[Epoch 12/300] Iter [720/794] Loss: 0.2591
[Epoch 12/300] Iter [730/794] Loss: 0.2577
[Epoch 12/300] Iter [740/794] Loss: 0.1621
[Epoch 12/300] Iter [750/794] Loss: 0.1950
[Epoch 12/300] Iter [760/794] Loss: 0.1767
[Epoch 12/300] Iter [770/794] Loss: 0.1503
[Epoch 12/300] Iter [780/794] Loss: 0.3395
[Epoch 12/300] Iter [790/794] Loss: 0.3714
Epoch [12/300] Validation Loss: 0.3883
No improvement for 4 epoch(s).
[Epoch 13/300] Iter [10/794] Loss: 0.2253
[Epoch 13/300] Iter [20/794] Loss: 0.2210
[Epoch 13/300] Iter [30/794] Loss: 0.1915
[Epoch 13/300] Iter [40/794] Loss: 0.1889
[Epoch 13/300] Iter [50/794] Loss: 0.2249
[Epoch 13/300] Iter [60/794] Loss: 0.2389
[Epoch 13/300] Iter [70/794] Loss: 0.1692
[Epoch 13/300] Iter [80/794] Loss: 0.2994
[Epoch 13/300] Iter [90/794] Loss: 0.1626
[Epoch 13/300] Iter [100/794] Loss: 0.1924
[Epoch 13/300] Iter [110/794] Loss: 0.2060
[Epoch 13/300] Iter [120/794] Loss: 0.1673
[Epoch 13/300] Iter [130/794] Loss: 0.2447
[Epoch 13/300] Iter [140/794] Loss: 0.1396
[Epoch 13/300] Iter [150/794] Loss: 0.2028
[Epoch 13/300] Iter [160/794] Loss: 0.1912
[Epoch 13/300] Iter [170/794] Loss: 0.2333
[Epoch 13/300] Iter [180/794] Loss: 0.1820
[Epoch 13/300] Iter [190/794] Loss: 0.2692
[Epoch 13/300] Iter [200/794] Loss: 0.2814
[Epoch 13/300] Iter [210/794] Loss: 0.2212
[Epoch 13/300] Iter [220/794] Loss: 0.2245
[Epoch 13/300] Iter [230/794] Loss: 0.2664
[Epoch 13/300] Iter [240/794] Loss: 0.1468
[Epoch 13/300] Iter [250/794] Loss: 0.1742
[Epoch 13/300] Iter [260/794] Loss: 0.1767
[Epoch 13/300] Iter [270/794] Loss: 0.1607
[Epoch 13/300] Iter [280/794] Loss: 0.1941
[Epoch 13/300] Iter [290/794] Loss: 0.2482
[Epoch 13/300] Iter [300/794] Loss: 0.3005
[Epoch 13/300] Iter [310/794] Loss: 0.2396
[Epoch 13/300] Iter [320/794] Loss: 0.1864
[Epoch 13/300] Iter [330/794] Loss: 0.1521
[Epoch 13/300] Iter [340/794] Loss: 0.2270
[Epoch 13/300] Iter [350/794] Loss: 0.1443
[Epoch 13/300] Iter [360/794] Loss: 0.2376
[Epoch 13/300] Iter [370/794] Loss: 0.2531
[Epoch 13/300] Iter [380/794] Loss: 0.1764
[Epoch 13/300] Iter [390/794] Loss: 0.2739
[Epoch 13/300] Iter [400/794] Loss: 0.2072
[Epoch 13/300] Iter [410/794] Loss: 0.3676
[Epoch 13/300] Iter [420/794] Loss: 0.2537
[Epoch 13/300] Iter [430/794] Loss: 0.2613
[Epoch 13/300] Iter [440/794] Loss: 0.1650
[Epoch 13/300] Iter [450/794] Loss: 0.2617
[Epoch 13/300] Iter [460/794] Loss: 0.2229
[Epoch 13/300] Iter [470/794] Loss: 0.2005
[Epoch 13/300] Iter [480/794] Loss: 0.2087
[Epoch 13/300] Iter [490/794] Loss: 0.1848
[Epoch 13/300] Iter [500/794] Loss: 0.1446
[Epoch 13/300] Iter [510/794] Loss: 0.1981
[Epoch 13/300] Iter [520/794] Loss: 0.2359
[Epoch 13/300] Iter [530/794] Loss: 0.2579
[Epoch 13/300] Iter [540/794] Loss: 0.1821
[Epoch 13/300] Iter [550/794] Loss: 0.2519
[Epoch 13/300] Iter [560/794] Loss: 0.1974
[Epoch 13/300] Iter [570/794] Loss: 0.1746
[Epoch 13/300] Iter [580/794] Loss: 0.1115
[Epoch 13/300] Iter [590/794] Loss: 0.3114
[Epoch 13/300] Iter [600/794] Loss: 0.2004
[Epoch 13/300] Iter [610/794] Loss: 0.1955
[Epoch 13/300] Iter [620/794] Loss: 0.2427
[Epoch 13/300] Iter [630/794] Loss: 0.3284
[Epoch 13/300] Iter [640/794] Loss: 0.1785
[Epoch 13/300] Iter [650/794] Loss: 0.1935
[Epoch 13/300] Iter [660/794] Loss: 0.2220
[Epoch 13/300] Iter [670/794] Loss: 0.2923
[Epoch 13/300] Iter [680/794] Loss: 0.2387
[Epoch 13/300] Iter [690/794] Loss: 0.1528
[Epoch 13/300] Iter [700/794] Loss: 0.2169
[Epoch 13/300] Iter [710/794] Loss: 0.2594
[Epoch 13/300] Iter [720/794] Loss: 0.2691
[Epoch 13/300] Iter [730/794] Loss: 0.3111
[Epoch 13/300] Iter [740/794] Loss: 0.3324
[Epoch 13/300] Iter [750/794] Loss: 0.2427
[Epoch 13/300] Iter [760/794] Loss: 0.1437
[Epoch 13/300] Iter [770/794] Loss: 0.2521
[Epoch 13/300] Iter [780/794] Loss: 0.3019
[Epoch 13/300] Iter [790/794] Loss: 0.1845
Epoch [13/300] Validation Loss: 0.4126
No improvement for 5 epoch(s).
[Epoch 14/300] Iter [10/794] Loss: 0.2506
[Epoch 14/300] Iter [20/794] Loss: 0.2844
[Epoch 14/300] Iter [30/794] Loss: 0.1701
[Epoch 14/300] Iter [40/794] Loss: 0.1843
[Epoch 14/300] Iter [50/794] Loss: 0.1950
[Epoch 14/300] Iter [60/794] Loss: 0.2688
[Epoch 14/300] Iter [70/794] Loss: 0.1543
[Epoch 14/300] Iter [80/794] Loss: 0.1938
[Epoch 14/300] Iter [90/794] Loss: 0.1629
[Epoch 14/300] Iter [100/794] Loss: 0.1741
[Epoch 14/300] Iter [110/794] Loss: 0.1774
[Epoch 14/300] Iter [120/794] Loss: 0.2098
[Epoch 14/300] Iter [130/794] Loss: 0.2164
[Epoch 14/300] Iter [140/794] Loss: 0.1675
[Epoch 14/300] Iter [150/794] Loss: 0.1990
[Epoch 14/300] Iter [160/794] Loss: 0.2345
[Epoch 14/300] Iter [170/794] Loss: 0.1676
[Epoch 14/300] Iter [180/794] Loss: 0.2106
[Epoch 14/300] Iter [190/794] Loss: 0.1783
[Epoch 14/300] Iter [200/794] Loss: 0.1233
[Epoch 14/300] Iter [210/794] Loss: 0.2345
[Epoch 14/300] Iter [220/794] Loss: 0.2246
[Epoch 14/300] Iter [230/794] Loss: 0.1563
[Epoch 14/300] Iter [240/794] Loss: 0.2160
[Epoch 14/300] Iter [250/794] Loss: 0.3477
[Epoch 14/300] Iter [260/794] Loss: 0.2010
[Epoch 14/300] Iter [270/794] Loss: 0.1749
[Epoch 14/300] Iter [280/794] Loss: 0.2442
[Epoch 14/300] Iter [290/794] Loss: 0.1427
[Epoch 14/300] Iter [300/794] Loss: 0.1567
[Epoch 14/300] Iter [310/794] Loss: 0.2035
[Epoch 14/300] Iter [320/794] Loss: 0.2225
[Epoch 14/300] Iter [330/794] Loss: 0.1964
[Epoch 14/300] Iter [340/794] Loss: 0.1717
[Epoch 14/300] Iter [350/794] Loss: 0.1850
[Epoch 14/300] Iter [360/794] Loss: 0.1115
[Epoch 14/300] Iter [370/794] Loss: 0.1313
[Epoch 14/300] Iter [380/794] Loss: 0.1621
[Epoch 14/300] Iter [390/794] Loss: 0.1686
[Epoch 14/300] Iter [400/794] Loss: 0.2467
[Epoch 14/300] Iter [410/794] Loss: 0.2119
[Epoch 14/300] Iter [420/794] Loss: 0.2033
[Epoch 14/300] Iter [430/794] Loss: 0.3944
[Epoch 14/300] Iter [440/794] Loss: 0.1666
[Epoch 14/300] Iter [450/794] Loss: 0.1955
[Epoch 14/300] Iter [460/794] Loss: 0.3138
[Epoch 14/300] Iter [470/794] Loss: 0.1390
[Epoch 14/300] Iter [480/794] Loss: 0.2622
[Epoch 14/300] Iter [490/794] Loss: 0.2254
[Epoch 14/300] Iter [500/794] Loss: 0.2168
[Epoch 14/300] Iter [510/794] Loss: 0.2294
[Epoch 14/300] Iter [520/794] Loss: 0.1359
[Epoch 14/300] Iter [530/794] Loss: 0.1989
[Epoch 14/300] Iter [540/794] Loss: 0.2455
[Epoch 14/300] Iter [550/794] Loss: 0.2535
[Epoch 14/300] Iter [560/794] Loss: 0.1271
[Epoch 14/300] Iter [570/794] Loss: 0.2320
[Epoch 14/300] Iter [580/794] Loss: 0.1888
[Epoch 14/300] Iter [590/794] Loss: 0.1598
[Epoch 14/300] Iter [600/794] Loss: 0.1980
[Epoch 14/300] Iter [610/794] Loss: 0.2440
[Epoch 14/300] Iter [620/794] Loss: 0.3259
[Epoch 14/300] Iter [630/794] Loss: 0.2429
[Epoch 14/300] Iter [640/794] Loss: 0.1465
[Epoch 14/300] Iter [650/794] Loss: 0.1555
[Epoch 14/300] Iter [660/794] Loss: 0.1778
[Epoch 14/300] Iter [670/794] Loss: 0.2002
[Epoch 14/300] Iter [680/794] Loss: 0.1346
[Epoch 14/300] Iter [690/794] Loss: 0.2239
[Epoch 14/300] Iter [700/794] Loss: 0.1662
[Epoch 14/300] Iter [710/794] Loss: 0.1232
[Epoch 14/300] Iter [720/794] Loss: 0.3350
[Epoch 14/300] Iter [730/794] Loss: 0.1810
[Epoch 14/300] Iter [740/794] Loss: 0.1839
[Epoch 14/300] Iter [750/794] Loss: 0.2620
[Epoch 14/300] Iter [760/794] Loss: 0.2296
[Epoch 14/300] Iter [770/794] Loss: 0.1172
[Epoch 14/300] Iter [780/794] Loss: 0.2409
[Epoch 14/300] Iter [790/794] Loss: 0.2586
Epoch [14/300] Validation Loss: 0.4140
No improvement for 6 epoch(s).
[Epoch 15/300] Iter [10/794] Loss: 0.1921
[Epoch 15/300] Iter [20/794] Loss: 0.2396
[Epoch 15/300] Iter [30/794] Loss: 0.2712
[Epoch 15/300] Iter [40/794] Loss: 0.2001
[Epoch 15/300] Iter [50/794] Loss: 0.2171
[Epoch 15/300] Iter [60/794] Loss: 0.1893
[Epoch 15/300] Iter [70/794] Loss: 0.1709
[Epoch 15/300] Iter [80/794] Loss: 0.1929
[Epoch 15/300] Iter [90/794] Loss: 0.2235
[Epoch 15/300] Iter [100/794] Loss: 0.2572
[Epoch 15/300] Iter [110/794] Loss: 0.2651
[Epoch 15/300] Iter [120/794] Loss: 0.2491
[Epoch 15/300] Iter [130/794] Loss: 0.1112
[Epoch 15/300] Iter [140/794] Loss: 0.1775
[Epoch 15/300] Iter [150/794] Loss: 0.1655
[Epoch 15/300] Iter [160/794] Loss: 0.2727
[Epoch 15/300] Iter [170/794] Loss: 0.1547
[Epoch 15/300] Iter [180/794] Loss: 0.2898
[Epoch 15/300] Iter [190/794] Loss: 0.1447
[Epoch 15/300] Iter [200/794] Loss: 0.1521
[Epoch 15/300] Iter [210/794] Loss: 0.1878
[Epoch 15/300] Iter [220/794] Loss: 0.2120
[Epoch 15/300] Iter [230/794] Loss: 0.1956
[Epoch 15/300] Iter [240/794] Loss: 0.1624
[Epoch 15/300] Iter [250/794] Loss: 0.1941
[Epoch 15/300] Iter [260/794] Loss: 0.2613
[Epoch 15/300] Iter [270/794] Loss: 0.1962
[Epoch 15/300] Iter [280/794] Loss: 0.1353
[Epoch 15/300] Iter [290/794] Loss: 0.1663
[Epoch 15/300] Iter [300/794] Loss: 0.1457
[Epoch 15/300] Iter [310/794] Loss: 0.1956
[Epoch 15/300] Iter [320/794] Loss: 0.2148
[Epoch 15/300] Iter [330/794] Loss: 0.2363
[Epoch 15/300] Iter [340/794] Loss: 0.1844
[Epoch 15/300] Iter [350/794] Loss: 0.1842
[Epoch 15/300] Iter [360/794] Loss: 0.3116
[Epoch 15/300] Iter [370/794] Loss: 0.1849
[Epoch 15/300] Iter [380/794] Loss: 0.3059
[Epoch 15/300] Iter [390/794] Loss: 0.1271
[Epoch 15/300] Iter [400/794] Loss: 0.2785
[Epoch 15/300] Iter [410/794] Loss: 0.2036
[Epoch 15/300] Iter [420/794] Loss: 0.2540
[Epoch 15/300] Iter [430/794] Loss: 0.2401
[Epoch 15/300] Iter [440/794] Loss: 0.2127
[Epoch 15/300] Iter [450/794] Loss: 0.1706
[Epoch 15/300] Iter [460/794] Loss: 0.1181
[Epoch 15/300] Iter [470/794] Loss: 0.1445
[Epoch 15/300] Iter [480/794] Loss: 0.1212
[Epoch 15/300] Iter [490/794] Loss: 0.2183
[Epoch 15/300] Iter [500/794] Loss: 0.2346
[Epoch 15/300] Iter [510/794] Loss: 0.1942
[Epoch 15/300] Iter [520/794] Loss: 0.1849
[Epoch 15/300] Iter [530/794] Loss: 0.2118
[Epoch 15/300] Iter [540/794] Loss: 0.1962
[Epoch 15/300] Iter [550/794] Loss: 0.1905
[Epoch 15/300] Iter [560/794] Loss: 0.2356
[Epoch 15/300] Iter [570/794] Loss: 0.1816
[Epoch 15/300] Iter [580/794] Loss: 0.2017
[Epoch 15/300] Iter [590/794] Loss: 0.1952
[Epoch 15/300] Iter [600/794] Loss: 0.1668
[Epoch 15/300] Iter [610/794] Loss: 0.2494
[Epoch 15/300] Iter [620/794] Loss: 0.2030
[Epoch 15/300] Iter [630/794] Loss: 0.2256
[Epoch 15/300] Iter [640/794] Loss: 0.1846
[Epoch 15/300] Iter [650/794] Loss: 0.1968
[Epoch 15/300] Iter [660/794] Loss: 0.1892
[Epoch 15/300] Iter [670/794] Loss: 0.2400
[Epoch 15/300] Iter [680/794] Loss: 0.2224
[Epoch 15/300] Iter [690/794] Loss: 0.2271
[Epoch 15/300] Iter [700/794] Loss: 0.1911
[Epoch 15/300] Iter [710/794] Loss: 0.2027
[Epoch 15/300] Iter [720/794] Loss: 0.1946
[Epoch 15/300] Iter [730/794] Loss: 0.1593
[Epoch 15/300] Iter [740/794] Loss: 0.2176
[Epoch 15/300] Iter [750/794] Loss: 0.2684
[Epoch 15/300] Iter [760/794] Loss: 0.2616
[Epoch 15/300] Iter [770/794] Loss: 0.1946
[Epoch 15/300] Iter [780/794] Loss: 0.1610
[Epoch 15/300] Iter [790/794] Loss: 0.2638
Epoch [15/300] Validation Loss: 0.4291
No improvement for 7 epoch(s).
[Epoch 16/300] Iter [10/794] Loss: 0.2487
[Epoch 16/300] Iter [20/794] Loss: 0.2337
[Epoch 16/300] Iter [30/794] Loss: 0.2761
[Epoch 16/300] Iter [40/794] Loss: 0.1762
[Epoch 16/300] Iter [50/794] Loss: 0.1829
[Epoch 16/300] Iter [60/794] Loss: 0.2448
[Epoch 16/300] Iter [70/794] Loss: 0.1820
[Epoch 16/300] Iter [80/794] Loss: 0.1716
[Epoch 16/300] Iter [90/794] Loss: 0.1529
[Epoch 16/300] Iter [100/794] Loss: 0.2142
[Epoch 16/300] Iter [110/794] Loss: 0.1489
[Epoch 16/300] Iter [120/794] Loss: 0.1105
[Epoch 16/300] Iter [130/794] Loss: 0.1435
[Epoch 16/300] Iter [140/794] Loss: 0.1642
[Epoch 16/300] Iter [150/794] Loss: 0.1837
[Epoch 16/300] Iter [160/794] Loss: 0.1291
[Epoch 16/300] Iter [170/794] Loss: 0.2050
[Epoch 16/300] Iter [180/794] Loss: 0.1352
[Epoch 16/300] Iter [190/794] Loss: 0.1379
[Epoch 16/300] Iter [200/794] Loss: 0.2187
[Epoch 16/300] Iter [210/794] Loss: 0.2241
[Epoch 16/300] Iter [220/794] Loss: 0.1519
[Epoch 16/300] Iter [230/794] Loss: 0.1000
[Epoch 16/300] Iter [240/794] Loss: 0.1513
[Epoch 16/300] Iter [250/794] Loss: 0.1632
[Epoch 16/300] Iter [260/794] Loss: 0.1475
[Epoch 16/300] Iter [270/794] Loss: 0.2320
[Epoch 16/300] Iter [280/794] Loss: 0.1646
[Epoch 16/300] Iter [290/794] Loss: 0.1679
[Epoch 16/300] Iter [300/794] Loss: 0.1817
[Epoch 16/300] Iter [310/794] Loss: 0.1884
[Epoch 16/300] Iter [320/794] Loss: 0.1576
[Epoch 16/300] Iter [330/794] Loss: 0.1787
[Epoch 16/300] Iter [340/794] Loss: 0.1328
[Epoch 16/300] Iter [350/794] Loss: 0.2010
[Epoch 16/300] Iter [360/794] Loss: 0.2157
[Epoch 16/300] Iter [370/794] Loss: 0.1898
[Epoch 16/300] Iter [380/794] Loss: 0.2028
[Epoch 16/300] Iter [390/794] Loss: 0.3028
[Epoch 16/300] Iter [400/794] Loss: 0.1846
[Epoch 16/300] Iter [410/794] Loss: 0.2627
[Epoch 16/300] Iter [420/794] Loss: 0.1991
[Epoch 16/300] Iter [430/794] Loss: 0.1465
[Epoch 16/300] Iter [440/794] Loss: 0.1582
[Epoch 16/300] Iter [450/794] Loss: 0.1123
[Epoch 16/300] Iter [460/794] Loss: 0.2451
[Epoch 16/300] Iter [470/794] Loss: 0.1496
[Epoch 16/300] Iter [480/794] Loss: 0.2615
[Epoch 16/300] Iter [490/794] Loss: 0.1804
[Epoch 16/300] Iter [500/794] Loss: 0.1515
[Epoch 16/300] Iter [510/794] Loss: 0.1968
[Epoch 16/300] Iter [520/794] Loss: 0.2205
[Epoch 16/300] Iter [530/794] Loss: 0.1724
[Epoch 16/300] Iter [540/794] Loss: 0.1682
[Epoch 16/300] Iter [550/794] Loss: 0.2972
[Epoch 16/300] Iter [560/794] Loss: 0.1724
[Epoch 16/300] Iter [570/794] Loss: 0.2463
[Epoch 16/300] Iter [580/794] Loss: 0.1665
[Epoch 16/300] Iter [590/794] Loss: 0.2642
[Epoch 16/300] Iter [600/794] Loss: 0.1557
[Epoch 16/300] Iter [610/794] Loss: 0.2909
[Epoch 16/300] Iter [620/794] Loss: 0.1241
[Epoch 16/300] Iter [630/794] Loss: 0.1921
[Epoch 16/300] Iter [640/794] Loss: 0.1612
[Epoch 16/300] Iter [650/794] Loss: 0.2279
[Epoch 16/300] Iter [660/794] Loss: 0.1934
[Epoch 16/300] Iter [670/794] Loss: 0.2020
[Epoch 16/300] Iter [680/794] Loss: 0.1987
[Epoch 16/300] Iter [690/794] Loss: 0.1507
[Epoch 16/300] Iter [700/794] Loss: 0.2443
[Epoch 16/300] Iter [710/794] Loss: 0.2357
[Epoch 16/300] Iter [720/794] Loss: 0.1516
[Epoch 16/300] Iter [730/794] Loss: 0.1555
[Epoch 16/300] Iter [740/794] Loss: 0.2627
[Epoch 16/300] Iter [750/794] Loss: 0.2141
[Epoch 16/300] Iter [760/794] Loss: 0.1751
[Epoch 16/300] Iter [770/794] Loss: 0.1355
[Epoch 16/300] Iter [780/794] Loss: 0.2037
[Epoch 16/300] Iter [790/794] Loss: 0.1724
Epoch [16/300] Validation Loss: 0.4287
No improvement for 8 epoch(s).
[Epoch 17/300] Iter [10/794] Loss: 0.1624
[Epoch 17/300] Iter [20/794] Loss: 0.2781
[Epoch 17/300] Iter [30/794] Loss: 0.1910
[Epoch 17/300] Iter [40/794] Loss: 0.1810
[Epoch 17/300] Iter [50/794] Loss: 0.1347
[Epoch 17/300] Iter [60/794] Loss: 0.1205
[Epoch 17/300] Iter [70/794] Loss: 0.1610
[Epoch 17/300] Iter [80/794] Loss: 0.1605
[Epoch 17/300] Iter [90/794] Loss: 0.1921
[Epoch 17/300] Iter [100/794] Loss: 0.2167
[Epoch 17/300] Iter [110/794] Loss: 0.2452
[Epoch 17/300] Iter [120/794] Loss: 0.2011
[Epoch 17/300] Iter [130/794] Loss: 0.2280
[Epoch 17/300] Iter [140/794] Loss: 0.2367
[Epoch 17/300] Iter [150/794] Loss: 0.1538
[Epoch 17/300] Iter [160/794] Loss: 0.1632
[Epoch 17/300] Iter [170/794] Loss: 0.1705
[Epoch 17/300] Iter [180/794] Loss: 0.2162
[Epoch 17/300] Iter [190/794] Loss: 0.2036
[Epoch 17/300] Iter [200/794] Loss: 0.2252
[Epoch 17/300] Iter [210/794] Loss: 0.1340
[Epoch 17/300] Iter [220/794] Loss: 0.1461
[Epoch 17/300] Iter [230/794] Loss: 0.1930
[Epoch 17/300] Iter [240/794] Loss: 0.1875
[Epoch 17/300] Iter [250/794] Loss: 0.1747
[Epoch 17/300] Iter [260/794] Loss: 0.1551
[Epoch 17/300] Iter [270/794] Loss: 0.1745
[Epoch 17/300] Iter [280/794] Loss: 0.2185
[Epoch 17/300] Iter [290/794] Loss: 0.2523
[Epoch 17/300] Iter [300/794] Loss: 0.2713
[Epoch 17/300] Iter [310/794] Loss: 0.2065
[Epoch 17/300] Iter [320/794] Loss: 0.1699
[Epoch 17/300] Iter [330/794] Loss: 0.1745
[Epoch 17/300] Iter [340/794] Loss: 0.2064
[Epoch 17/300] Iter [350/794] Loss: 0.1831
[Epoch 17/300] Iter [360/794] Loss: 0.1302
[Epoch 17/300] Iter [370/794] Loss: 0.1381
[Epoch 17/300] Iter [380/794] Loss: 0.1856
[Epoch 17/300] Iter [390/794] Loss: 0.2458
[Epoch 17/300] Iter [400/794] Loss: 0.2036
[Epoch 17/300] Iter [410/794] Loss: 0.1670
[Epoch 17/300] Iter [420/794] Loss: 0.2039
[Epoch 17/300] Iter [430/794] Loss: 0.1857
[Epoch 17/300] Iter [440/794] Loss: 0.1978
[Epoch 17/300] Iter [450/794] Loss: 0.1866
[Epoch 17/300] Iter [460/794] Loss: 0.1188
[Epoch 17/300] Iter [470/794] Loss: 0.1626
[Epoch 17/300] Iter [480/794] Loss: 0.2180
[Epoch 17/300] Iter [490/794] Loss: 0.2191
[Epoch 17/300] Iter [500/794] Loss: 0.1538
[Epoch 17/300] Iter [510/794] Loss: 0.1638
[Epoch 17/300] Iter [520/794] Loss: 0.2518
[Epoch 17/300] Iter [530/794] Loss: 0.3105
[Epoch 17/300] Iter [540/794] Loss: 0.1756
[Epoch 17/300] Iter [550/794] Loss: 0.1564
[Epoch 17/300] Iter [560/794] Loss: 0.1801
[Epoch 17/300] Iter [570/794] Loss: 0.1069
[Epoch 17/300] Iter [580/794] Loss: 0.2120
[Epoch 17/300] Iter [590/794] Loss: 0.2513
[Epoch 17/300] Iter [600/794] Loss: 0.2114
[Epoch 17/300] Iter [610/794] Loss: 0.1561
[Epoch 17/300] Iter [620/794] Loss: 0.2114
[Epoch 17/300] Iter [630/794] Loss: 0.2049
[Epoch 17/300] Iter [640/794] Loss: 0.1562
[Epoch 17/300] Iter [650/794] Loss: 0.1714
[Epoch 17/300] Iter [660/794] Loss: 0.2771
[Epoch 17/300] Iter [670/794] Loss: 0.1258
[Epoch 17/300] Iter [680/794] Loss: 0.1861
[Epoch 17/300] Iter [690/794] Loss: 0.2048
[Epoch 17/300] Iter [700/794] Loss: 0.2206
[Epoch 17/300] Iter [710/794] Loss: 0.2081
[Epoch 17/300] Iter [720/794] Loss: 0.1914
[Epoch 17/300] Iter [730/794] Loss: 0.1986
[Epoch 17/300] Iter [740/794] Loss: 0.2768
[Epoch 17/300] Iter [750/794] Loss: 0.1895
[Epoch 17/300] Iter [760/794] Loss: 0.1229
[Epoch 17/300] Iter [770/794] Loss: 0.2625
[Epoch 17/300] Iter [780/794] Loss: 0.1911
[Epoch 17/300] Iter [790/794] Loss: 0.1520
Epoch [17/300] Validation Loss: 0.4380
No improvement for 9 epoch(s).
[Epoch 18/300] Iter [10/794] Loss: 0.1632
[Epoch 18/300] Iter [20/794] Loss: 0.2068
[Epoch 18/300] Iter [30/794] Loss: 0.1261
[Epoch 18/300] Iter [40/794] Loss: 0.1761
[Epoch 18/300] Iter [50/794] Loss: 0.1985
[Epoch 18/300] Iter [60/794] Loss: 0.1279
[Epoch 18/300] Iter [70/794] Loss: 0.1930
[Epoch 18/300] Iter [80/794] Loss: 0.1759
[Epoch 18/300] Iter [90/794] Loss: 0.2069
[Epoch 18/300] Iter [100/794] Loss: 0.2261
[Epoch 18/300] Iter [110/794] Loss: 0.2408
[Epoch 18/300] Iter [120/794] Loss: 0.2385
[Epoch 18/300] Iter [130/794] Loss: 0.1792
[Epoch 18/300] Iter [140/794] Loss: 0.1623
[Epoch 18/300] Iter [150/794] Loss: 0.2436
[Epoch 18/300] Iter [160/794] Loss: 0.2068
[Epoch 18/300] Iter [170/794] Loss: 0.1594
[Epoch 18/300] Iter [180/794] Loss: 0.1612
[Epoch 18/300] Iter [190/794] Loss: 0.1908
[Epoch 18/300] Iter [200/794] Loss: 0.1813
[Epoch 18/300] Iter [210/794] Loss: 0.1756
[Epoch 18/300] Iter [220/794] Loss: 0.1483
[Epoch 18/300] Iter [230/794] Loss: 0.1530
[Epoch 18/300] Iter [240/794] Loss: 0.2386
[Epoch 18/300] Iter [250/794] Loss: 0.2418
[Epoch 18/300] Iter [260/794] Loss: 0.1613
[Epoch 18/300] Iter [270/794] Loss: 0.2085
[Epoch 18/300] Iter [280/794] Loss: 0.1325
[Epoch 18/300] Iter [290/794] Loss: 0.2658
[Epoch 18/300] Iter [300/794] Loss: 0.0961
[Epoch 18/300] Iter [310/794] Loss: 0.1821
[Epoch 18/300] Iter [320/794] Loss: 0.1211
[Epoch 18/300] Iter [330/794] Loss: 0.1636
[Epoch 18/300] Iter [340/794] Loss: 0.1859
[Epoch 18/300] Iter [350/794] Loss: 0.1961
[Epoch 18/300] Iter [360/794] Loss: 0.1834
[Epoch 18/300] Iter [370/794] Loss: 0.1868
[Epoch 18/300] Iter [380/794] Loss: 0.2466
[Epoch 18/300] Iter [390/794] Loss: 0.2495
[Epoch 18/300] Iter [400/794] Loss: 0.2213
[Epoch 18/300] Iter [410/794] Loss: 0.1793
[Epoch 18/300] Iter [420/794] Loss: 0.1646
[Epoch 18/300] Iter [430/794] Loss: 0.2580
[Epoch 18/300] Iter [440/794] Loss: 0.1961
[Epoch 18/300] Iter [450/794] Loss: 0.1673
[Epoch 18/300] Iter [460/794] Loss: 0.1554
[Epoch 18/300] Iter [470/794] Loss: 0.1766
[Epoch 18/300] Iter [480/794] Loss: 0.1769
[Epoch 18/300] Iter [490/794] Loss: 0.1712
[Epoch 18/300] Iter [500/794] Loss: 0.1654
[Epoch 18/300] Iter [510/794] Loss: 0.1675
[Epoch 18/300] Iter [520/794] Loss: 0.1703
[Epoch 18/300] Iter [530/794] Loss: 0.1675
[Epoch 18/300] Iter [540/794] Loss: 0.2883
[Epoch 18/300] Iter [550/794] Loss: 0.1308
[Epoch 18/300] Iter [560/794] Loss: 0.1724
[Epoch 18/300] Iter [570/794] Loss: 0.1350
[Epoch 18/300] Iter [580/794] Loss: 0.2131
[Epoch 18/300] Iter [590/794] Loss: 0.1696
[Epoch 18/300] Iter [600/794] Loss: 0.1573
[Epoch 18/300] Iter [610/794] Loss: 0.1986
[Epoch 18/300] Iter [620/794] Loss: 0.2421
[Epoch 18/300] Iter [630/794] Loss: 0.2818
[Epoch 18/300] Iter [640/794] Loss: 0.1732
[Epoch 18/300] Iter [650/794] Loss: 0.1115
[Epoch 18/300] Iter [660/794] Loss: 0.1373
[Epoch 18/300] Iter [670/794] Loss: 0.1369
[Epoch 18/300] Iter [680/794] Loss: 0.1334
[Epoch 18/300] Iter [690/794] Loss: 0.2225
[Epoch 18/300] Iter [700/794] Loss: 0.2096
[Epoch 18/300] Iter [710/794] Loss: 0.1909
[Epoch 18/300] Iter [720/794] Loss: 0.1217
[Epoch 18/300] Iter [730/794] Loss: 0.2776
[Epoch 18/300] Iter [740/794] Loss: 0.1950
[Epoch 18/300] Iter [750/794] Loss: 0.0790
[Epoch 18/300] Iter [760/794] Loss: 0.2004
[Epoch 18/300] Iter [770/794] Loss: 0.2051
[Epoch 18/300] Iter [780/794] Loss: 0.1926
[Epoch 18/300] Iter [790/794] Loss: 0.1938
Epoch [18/300] Validation Loss: 0.4660
No improvement for 10 epoch(s).
Early stopping triggered at epoch 18
Training complete!
Test Accuracy: 38.15%
