===== Training Config =====
Dataset:        emnist
EMNIST Split:   balanced
Model:          lenet
BatchSize:      128
Epochs:         300
LR:             0.0022
Patience:       10
NumClasses:     47
SaveDir:        /scratch/gilbreth/hu953/cs57800/pth
Noise Std:      60.0
Noise Type:     gaussian
===========================
[Epoch 1/300] Iter [10/794] Loss: 3.3564
[Epoch 1/300] Iter [20/794] Loss: 2.7608
[Epoch 1/300] Iter [30/794] Loss: 2.0504
[Epoch 1/300] Iter [40/794] Loss: 1.4961
[Epoch 1/300] Iter [50/794] Loss: 1.2326
[Epoch 1/300] Iter [60/794] Loss: 0.9920
[Epoch 1/300] Iter [70/794] Loss: 0.9820
[Epoch 1/300] Iter [80/794] Loss: 0.9500
[Epoch 1/300] Iter [90/794] Loss: 1.0395
[Epoch 1/300] Iter [100/794] Loss: 0.7241
[Epoch 1/300] Iter [110/794] Loss: 0.6032
[Epoch 1/300] Iter [120/794] Loss: 0.5577
[Epoch 1/300] Iter [130/794] Loss: 0.6994
[Epoch 1/300] Iter [140/794] Loss: 0.6597
[Epoch 1/300] Iter [150/794] Loss: 0.6117
[Epoch 1/300] Iter [160/794] Loss: 0.5298
[Epoch 1/300] Iter [170/794] Loss: 0.5730
[Epoch 1/300] Iter [180/794] Loss: 0.6187
[Epoch 1/300] Iter [190/794] Loss: 0.6463
[Epoch 1/300] Iter [200/794] Loss: 0.4332
[Epoch 1/300] Iter [210/794] Loss: 0.4615
[Epoch 1/300] Iter [220/794] Loss: 0.6839
[Epoch 1/300] Iter [230/794] Loss: 0.5133
[Epoch 1/300] Iter [240/794] Loss: 0.5771
[Epoch 1/300] Iter [250/794] Loss: 0.6520
[Epoch 1/300] Iter [260/794] Loss: 0.5166
[Epoch 1/300] Iter [270/794] Loss: 0.4512
[Epoch 1/300] Iter [280/794] Loss: 0.4539
[Epoch 1/300] Iter [290/794] Loss: 0.3914
[Epoch 1/300] Iter [300/794] Loss: 0.4268
[Epoch 1/300] Iter [310/794] Loss: 0.4937
[Epoch 1/300] Iter [320/794] Loss: 0.6566
[Epoch 1/300] Iter [330/794] Loss: 0.7523
[Epoch 1/300] Iter [340/794] Loss: 0.5980
[Epoch 1/300] Iter [350/794] Loss: 0.7182
[Epoch 1/300] Iter [360/794] Loss: 0.5543
[Epoch 1/300] Iter [370/794] Loss: 0.6121
[Epoch 1/300] Iter [380/794] Loss: 0.5767
[Epoch 1/300] Iter [390/794] Loss: 0.4693
[Epoch 1/300] Iter [400/794] Loss: 0.4009
[Epoch 1/300] Iter [410/794] Loss: 0.2732
[Epoch 1/300] Iter [420/794] Loss: 0.2977
[Epoch 1/300] Iter [430/794] Loss: 0.4440
[Epoch 1/300] Iter [440/794] Loss: 0.4464
[Epoch 1/300] Iter [450/794] Loss: 0.4892
[Epoch 1/300] Iter [460/794] Loss: 0.5099
[Epoch 1/300] Iter [470/794] Loss: 0.4921
[Epoch 1/300] Iter [480/794] Loss: 0.3700
[Epoch 1/300] Iter [490/794] Loss: 0.3473
[Epoch 1/300] Iter [500/794] Loss: 0.5131
[Epoch 1/300] Iter [510/794] Loss: 0.5642
[Epoch 1/300] Iter [520/794] Loss: 0.5121
[Epoch 1/300] Iter [530/794] Loss: 0.4537
[Epoch 1/300] Iter [540/794] Loss: 0.4177
[Epoch 1/300] Iter [550/794] Loss: 0.5575
[Epoch 1/300] Iter [560/794] Loss: 0.4760
[Epoch 1/300] Iter [570/794] Loss: 0.3984
[Epoch 1/300] Iter [580/794] Loss: 0.3987
[Epoch 1/300] Iter [590/794] Loss: 0.3299
[Epoch 1/300] Iter [600/794] Loss: 0.4700
[Epoch 1/300] Iter [610/794] Loss: 0.5949
[Epoch 1/300] Iter [620/794] Loss: 0.4169
[Epoch 1/300] Iter [630/794] Loss: 0.4134
[Epoch 1/300] Iter [640/794] Loss: 0.5638
[Epoch 1/300] Iter [650/794] Loss: 0.3031
[Epoch 1/300] Iter [660/794] Loss: 0.3595
[Epoch 1/300] Iter [670/794] Loss: 0.5492
[Epoch 1/300] Iter [680/794] Loss: 0.4318
[Epoch 1/300] Iter [690/794] Loss: 0.4445
[Epoch 1/300] Iter [700/794] Loss: 0.3260
[Epoch 1/300] Iter [710/794] Loss: 0.3347
[Epoch 1/300] Iter [720/794] Loss: 0.5529
[Epoch 1/300] Iter [730/794] Loss: 0.5481
[Epoch 1/300] Iter [740/794] Loss: 0.6741
[Epoch 1/300] Iter [750/794] Loss: 0.4436
[Epoch 1/300] Iter [760/794] Loss: 0.3886
[Epoch 1/300] Iter [770/794] Loss: 0.4814
[Epoch 1/300] Iter [780/794] Loss: 0.5154
[Epoch 1/300] Iter [790/794] Loss: 0.5603
Epoch [1/300] Validation Loss: 0.4365
[Epoch 2/300] Iter [10/794] Loss: 0.3778
[Epoch 2/300] Iter [20/794] Loss: 0.3937
[Epoch 2/300] Iter [30/794] Loss: 0.4701
[Epoch 2/300] Iter [40/794] Loss: 0.3984
[Epoch 2/300] Iter [50/794] Loss: 0.3880
[Epoch 2/300] Iter [60/794] Loss: 0.2933
[Epoch 2/300] Iter [70/794] Loss: 0.3977
[Epoch 2/300] Iter [80/794] Loss: 0.4042
[Epoch 2/300] Iter [90/794] Loss: 0.3059
[Epoch 2/300] Iter [100/794] Loss: 0.3976
[Epoch 2/300] Iter [110/794] Loss: 0.4673
[Epoch 2/300] Iter [120/794] Loss: 0.3983
[Epoch 2/300] Iter [130/794] Loss: 0.4096
[Epoch 2/300] Iter [140/794] Loss: 0.4417
[Epoch 2/300] Iter [150/794] Loss: 0.3849
[Epoch 2/300] Iter [160/794] Loss: 0.3951
[Epoch 2/300] Iter [170/794] Loss: 0.6956
[Epoch 2/300] Iter [180/794] Loss: 0.4039
[Epoch 2/300] Iter [190/794] Loss: 0.3242
[Epoch 2/300] Iter [200/794] Loss: 0.3986
[Epoch 2/300] Iter [210/794] Loss: 0.3397
[Epoch 2/300] Iter [220/794] Loss: 0.2833
[Epoch 2/300] Iter [230/794] Loss: 0.5281
[Epoch 2/300] Iter [240/794] Loss: 0.4328
[Epoch 2/300] Iter [250/794] Loss: 0.3249
[Epoch 2/300] Iter [260/794] Loss: 0.3570
[Epoch 2/300] Iter [270/794] Loss: 0.3399
[Epoch 2/300] Iter [280/794] Loss: 0.5654
[Epoch 2/300] Iter [290/794] Loss: 0.4429
[Epoch 2/300] Iter [300/794] Loss: 0.5512
[Epoch 2/300] Iter [310/794] Loss: 0.4638
[Epoch 2/300] Iter [320/794] Loss: 0.3517
[Epoch 2/300] Iter [330/794] Loss: 0.3520
[Epoch 2/300] Iter [340/794] Loss: 0.3708
[Epoch 2/300] Iter [350/794] Loss: 0.3546
[Epoch 2/300] Iter [360/794] Loss: 0.3931
[Epoch 2/300] Iter [370/794] Loss: 0.3916
[Epoch 2/300] Iter [380/794] Loss: 0.4176
[Epoch 2/300] Iter [390/794] Loss: 0.3019
[Epoch 2/300] Iter [400/794] Loss: 0.4627
[Epoch 2/300] Iter [410/794] Loss: 0.3215
[Epoch 2/300] Iter [420/794] Loss: 0.2961
[Epoch 2/300] Iter [430/794] Loss: 0.3816
[Epoch 2/300] Iter [440/794] Loss: 0.4450
[Epoch 2/300] Iter [450/794] Loss: 0.4632
[Epoch 2/300] Iter [460/794] Loss: 0.4262
[Epoch 2/300] Iter [470/794] Loss: 0.3464
[Epoch 2/300] Iter [480/794] Loss: 0.3968
[Epoch 2/300] Iter [490/794] Loss: 0.4545
[Epoch 2/300] Iter [500/794] Loss: 0.3773
[Epoch 2/300] Iter [510/794] Loss: 0.3279
[Epoch 2/300] Iter [520/794] Loss: 0.4289
[Epoch 2/300] Iter [530/794] Loss: 0.4887
[Epoch 2/300] Iter [540/794] Loss: 0.4076
[Epoch 2/300] Iter [550/794] Loss: 0.3910
[Epoch 2/300] Iter [560/794] Loss: 0.4662
[Epoch 2/300] Iter [570/794] Loss: 0.4756
[Epoch 2/300] Iter [580/794] Loss: 0.3010
[Epoch 2/300] Iter [590/794] Loss: 0.4292
[Epoch 2/300] Iter [600/794] Loss: 0.4625
[Epoch 2/300] Iter [610/794] Loss: 0.4145
[Epoch 2/300] Iter [620/794] Loss: 0.4186
[Epoch 2/300] Iter [630/794] Loss: 0.4428
[Epoch 2/300] Iter [640/794] Loss: 0.2932
[Epoch 2/300] Iter [650/794] Loss: 0.3519
[Epoch 2/300] Iter [660/794] Loss: 0.3353
[Epoch 2/300] Iter [670/794] Loss: 0.3449
[Epoch 2/300] Iter [680/794] Loss: 0.3724
[Epoch 2/300] Iter [690/794] Loss: 0.5004
[Epoch 2/300] Iter [700/794] Loss: 0.3310
[Epoch 2/300] Iter [710/794] Loss: 0.3999
[Epoch 2/300] Iter [720/794] Loss: 0.4236
[Epoch 2/300] Iter [730/794] Loss: 0.2817
[Epoch 2/300] Iter [740/794] Loss: 0.3829
[Epoch 2/300] Iter [750/794] Loss: 0.3402
[Epoch 2/300] Iter [760/794] Loss: 0.3958
[Epoch 2/300] Iter [770/794] Loss: 0.3637
[Epoch 2/300] Iter [780/794] Loss: 0.3608
[Epoch 2/300] Iter [790/794] Loss: 0.5863
Epoch [2/300] Validation Loss: 0.4041
[Epoch 3/300] Iter [10/794] Loss: 0.4107
[Epoch 3/300] Iter [20/794] Loss: 0.3571
[Epoch 3/300] Iter [30/794] Loss: 0.2209
[Epoch 3/300] Iter [40/794] Loss: 0.6901
[Epoch 3/300] Iter [50/794] Loss: 0.3704
[Epoch 3/300] Iter [60/794] Loss: 0.4077
[Epoch 3/300] Iter [70/794] Loss: 0.2956
[Epoch 3/300] Iter [80/794] Loss: 0.3734
[Epoch 3/300] Iter [90/794] Loss: 0.3946
[Epoch 3/300] Iter [100/794] Loss: 0.3231
[Epoch 3/300] Iter [110/794] Loss: 0.4951
[Epoch 3/300] Iter [120/794] Loss: 0.3831
[Epoch 3/300] Iter [130/794] Loss: 0.3552
[Epoch 3/300] Iter [140/794] Loss: 0.3167
[Epoch 3/300] Iter [150/794] Loss: 0.3531
[Epoch 3/300] Iter [160/794] Loss: 0.3803
[Epoch 3/300] Iter [170/794] Loss: 0.4344
[Epoch 3/300] Iter [180/794] Loss: 0.3948
[Epoch 3/300] Iter [190/794] Loss: 0.4925
[Epoch 3/300] Iter [200/794] Loss: 0.3923
[Epoch 3/300] Iter [210/794] Loss: 0.4262
[Epoch 3/300] Iter [220/794] Loss: 0.4238
[Epoch 3/300] Iter [230/794] Loss: 0.3307
[Epoch 3/300] Iter [240/794] Loss: 0.3292
[Epoch 3/300] Iter [250/794] Loss: 0.3554
[Epoch 3/300] Iter [260/794] Loss: 0.3360
[Epoch 3/300] Iter [270/794] Loss: 0.3959
[Epoch 3/300] Iter [280/794] Loss: 0.3920
[Epoch 3/300] Iter [290/794] Loss: 0.4730
[Epoch 3/300] Iter [300/794] Loss: 0.3212
[Epoch 3/300] Iter [310/794] Loss: 0.3355
[Epoch 3/300] Iter [320/794] Loss: 0.3855
[Epoch 3/300] Iter [330/794] Loss: 0.3981
[Epoch 3/300] Iter [340/794] Loss: 0.3079
[Epoch 3/300] Iter [350/794] Loss: 0.3016
[Epoch 3/300] Iter [360/794] Loss: 0.3998
[Epoch 3/300] Iter [370/794] Loss: 0.4259
[Epoch 3/300] Iter [380/794] Loss: 0.3712
[Epoch 3/300] Iter [390/794] Loss: 0.3152
[Epoch 3/300] Iter [400/794] Loss: 0.4661
[Epoch 3/300] Iter [410/794] Loss: 0.3042
[Epoch 3/300] Iter [420/794] Loss: 0.2880
[Epoch 3/300] Iter [430/794] Loss: 0.2783
[Epoch 3/300] Iter [440/794] Loss: 0.3023
[Epoch 3/300] Iter [450/794] Loss: 0.3832
[Epoch 3/300] Iter [460/794] Loss: 0.3220
[Epoch 3/300] Iter [470/794] Loss: 0.3472
[Epoch 3/300] Iter [480/794] Loss: 0.3536
[Epoch 3/300] Iter [490/794] Loss: 0.2934
[Epoch 3/300] Iter [500/794] Loss: 0.1699
[Epoch 3/300] Iter [510/794] Loss: 0.3225
[Epoch 3/300] Iter [520/794] Loss: 0.1970
[Epoch 3/300] Iter [530/794] Loss: 0.3947
[Epoch 3/300] Iter [540/794] Loss: 0.3827
[Epoch 3/300] Iter [550/794] Loss: 0.3396
[Epoch 3/300] Iter [560/794] Loss: 0.3396
[Epoch 3/300] Iter [570/794] Loss: 0.3913
[Epoch 3/300] Iter [580/794] Loss: 0.3082
[Epoch 3/300] Iter [590/794] Loss: 0.4013
[Epoch 3/300] Iter [600/794] Loss: 0.2077
[Epoch 3/300] Iter [610/794] Loss: 0.3593
[Epoch 3/300] Iter [620/794] Loss: 0.3089
[Epoch 3/300] Iter [630/794] Loss: 0.2509
[Epoch 3/300] Iter [640/794] Loss: 0.3225
[Epoch 3/300] Iter [650/794] Loss: 0.3463
[Epoch 3/300] Iter [660/794] Loss: 0.3340
[Epoch 3/300] Iter [670/794] Loss: 0.2938
[Epoch 3/300] Iter [680/794] Loss: 0.3898
[Epoch 3/300] Iter [690/794] Loss: 0.3579
[Epoch 3/300] Iter [700/794] Loss: 0.2817
[Epoch 3/300] Iter [710/794] Loss: 0.4486
[Epoch 3/300] Iter [720/794] Loss: 0.2639
[Epoch 3/300] Iter [730/794] Loss: 0.3001
[Epoch 3/300] Iter [740/794] Loss: 0.4992
[Epoch 3/300] Iter [750/794] Loss: 0.3226
[Epoch 3/300] Iter [760/794] Loss: 0.3245
[Epoch 3/300] Iter [770/794] Loss: 0.4225
[Epoch 3/300] Iter [780/794] Loss: 0.5444
[Epoch 3/300] Iter [790/794] Loss: 0.3530
Epoch [3/300] Validation Loss: 0.3686
[Epoch 4/300] Iter [10/794] Loss: 0.2797
[Epoch 4/300] Iter [20/794] Loss: 0.3361
[Epoch 4/300] Iter [30/794] Loss: 0.2848
[Epoch 4/300] Iter [40/794] Loss: 0.4028
[Epoch 4/300] Iter [50/794] Loss: 0.4114
[Epoch 4/300] Iter [60/794] Loss: 0.2247
[Epoch 4/300] Iter [70/794] Loss: 0.2590
[Epoch 4/300] Iter [80/794] Loss: 0.3226
[Epoch 4/300] Iter [90/794] Loss: 0.3097
[Epoch 4/300] Iter [100/794] Loss: 0.1939
[Epoch 4/300] Iter [110/794] Loss: 0.5195
[Epoch 4/300] Iter [120/794] Loss: 0.3884
[Epoch 4/300] Iter [130/794] Loss: 0.3264
[Epoch 4/300] Iter [140/794] Loss: 0.4416
[Epoch 4/300] Iter [150/794] Loss: 0.4098
[Epoch 4/300] Iter [160/794] Loss: 0.3175
[Epoch 4/300] Iter [170/794] Loss: 0.3153
[Epoch 4/300] Iter [180/794] Loss: 0.3191
[Epoch 4/300] Iter [190/794] Loss: 0.3499
[Epoch 4/300] Iter [200/794] Loss: 0.2145
[Epoch 4/300] Iter [210/794] Loss: 0.2073
[Epoch 4/300] Iter [220/794] Loss: 0.3883
[Epoch 4/300] Iter [230/794] Loss: 0.5140
[Epoch 4/300] Iter [240/794] Loss: 0.3091
[Epoch 4/300] Iter [250/794] Loss: 0.4183
[Epoch 4/300] Iter [260/794] Loss: 0.3520
[Epoch 4/300] Iter [270/794] Loss: 0.2593
[Epoch 4/300] Iter [280/794] Loss: 0.3333
[Epoch 4/300] Iter [290/794] Loss: 0.2308
[Epoch 4/300] Iter [300/794] Loss: 0.2690
[Epoch 4/300] Iter [310/794] Loss: 0.3175
[Epoch 4/300] Iter [320/794] Loss: 0.3637
[Epoch 4/300] Iter [330/794] Loss: 0.3050
[Epoch 4/300] Iter [340/794] Loss: 0.2263
[Epoch 4/300] Iter [350/794] Loss: 0.3676
[Epoch 4/300] Iter [360/794] Loss: 0.2347
[Epoch 4/300] Iter [370/794] Loss: 0.3299
[Epoch 4/300] Iter [380/794] Loss: 0.1851
[Epoch 4/300] Iter [390/794] Loss: 0.4361
[Epoch 4/300] Iter [400/794] Loss: 0.3614
[Epoch 4/300] Iter [410/794] Loss: 0.3636
[Epoch 4/300] Iter [420/794] Loss: 0.3190
[Epoch 4/300] Iter [430/794] Loss: 0.3097
[Epoch 4/300] Iter [440/794] Loss: 0.3528
[Epoch 4/300] Iter [450/794] Loss: 0.4524
[Epoch 4/300] Iter [460/794] Loss: 0.3719
[Epoch 4/300] Iter [470/794] Loss: 0.2968
[Epoch 4/300] Iter [480/794] Loss: 0.3925
[Epoch 4/300] Iter [490/794] Loss: 0.1896
[Epoch 4/300] Iter [500/794] Loss: 0.2861
[Epoch 4/300] Iter [510/794] Loss: 0.3424
[Epoch 4/300] Iter [520/794] Loss: 0.2773
[Epoch 4/300] Iter [530/794] Loss: 0.3398
[Epoch 4/300] Iter [540/794] Loss: 0.3754
[Epoch 4/300] Iter [550/794] Loss: 0.5022
[Epoch 4/300] Iter [560/794] Loss: 0.4125
[Epoch 4/300] Iter [570/794] Loss: 0.4217
[Epoch 4/300] Iter [580/794] Loss: 0.4061
[Epoch 4/300] Iter [590/794] Loss: 0.3284
[Epoch 4/300] Iter [600/794] Loss: 0.3031
[Epoch 4/300] Iter [610/794] Loss: 0.2548
[Epoch 4/300] Iter [620/794] Loss: 0.2927
[Epoch 4/300] Iter [630/794] Loss: 0.3088
[Epoch 4/300] Iter [640/794] Loss: 0.2805
[Epoch 4/300] Iter [650/794] Loss: 0.4660
[Epoch 4/300] Iter [660/794] Loss: 0.2739
[Epoch 4/300] Iter [670/794] Loss: 0.1916
[Epoch 4/300] Iter [680/794] Loss: 0.2687
[Epoch 4/300] Iter [690/794] Loss: 0.2925
[Epoch 4/300] Iter [700/794] Loss: 0.3507
[Epoch 4/300] Iter [710/794] Loss: 0.2364
[Epoch 4/300] Iter [720/794] Loss: 0.4153
[Epoch 4/300] Iter [730/794] Loss: 0.4140
[Epoch 4/300] Iter [740/794] Loss: 0.2234
[Epoch 4/300] Iter [750/794] Loss: 0.2761
[Epoch 4/300] Iter [760/794] Loss: 0.2840
[Epoch 4/300] Iter [770/794] Loss: 0.4355
[Epoch 4/300] Iter [780/794] Loss: 0.3073
[Epoch 4/300] Iter [790/794] Loss: 0.2354
Epoch [4/300] Validation Loss: 0.3626
[Epoch 5/300] Iter [10/794] Loss: 0.3862
[Epoch 5/300] Iter [20/794] Loss: 0.2521
[Epoch 5/300] Iter [30/794] Loss: 0.2526
[Epoch 5/300] Iter [40/794] Loss: 0.2662
[Epoch 5/300] Iter [50/794] Loss: 0.1649
[Epoch 5/300] Iter [60/794] Loss: 0.2894
[Epoch 5/300] Iter [70/794] Loss: 0.2546
[Epoch 5/300] Iter [80/794] Loss: 0.4227
[Epoch 5/300] Iter [90/794] Loss: 0.2433
[Epoch 5/300] Iter [100/794] Loss: 0.2208
[Epoch 5/300] Iter [110/794] Loss: 0.1396
[Epoch 5/300] Iter [120/794] Loss: 0.3686
[Epoch 5/300] Iter [130/794] Loss: 0.2037
[Epoch 5/300] Iter [140/794] Loss: 0.2281
[Epoch 5/300] Iter [150/794] Loss: 0.2098
[Epoch 5/300] Iter [160/794] Loss: 0.2787
[Epoch 5/300] Iter [170/794] Loss: 0.2720
[Epoch 5/300] Iter [180/794] Loss: 0.3338
[Epoch 5/300] Iter [190/794] Loss: 0.3963
[Epoch 5/300] Iter [200/794] Loss: 0.2357
[Epoch 5/300] Iter [210/794] Loss: 0.2996
[Epoch 5/300] Iter [220/794] Loss: 0.3161
[Epoch 5/300] Iter [230/794] Loss: 0.2963
[Epoch 5/300] Iter [240/794] Loss: 0.3492
[Epoch 5/300] Iter [250/794] Loss: 0.3556
[Epoch 5/300] Iter [260/794] Loss: 0.2377
[Epoch 5/300] Iter [270/794] Loss: 0.2531
[Epoch 5/300] Iter [280/794] Loss: 0.3654
[Epoch 5/300] Iter [290/794] Loss: 0.3470
[Epoch 5/300] Iter [300/794] Loss: 0.2531
[Epoch 5/300] Iter [310/794] Loss: 0.3453
[Epoch 5/300] Iter [320/794] Loss: 0.3712
[Epoch 5/300] Iter [330/794] Loss: 0.2518
[Epoch 5/300] Iter [340/794] Loss: 0.3172
[Epoch 5/300] Iter [350/794] Loss: 0.2897
[Epoch 5/300] Iter [360/794] Loss: 0.3287
[Epoch 5/300] Iter [370/794] Loss: 0.3296
[Epoch 5/300] Iter [380/794] Loss: 0.3648
[Epoch 5/300] Iter [390/794] Loss: 0.2868
[Epoch 5/300] Iter [400/794] Loss: 0.4155
[Epoch 5/300] Iter [410/794] Loss: 0.2669
[Epoch 5/300] Iter [420/794] Loss: 0.2568
[Epoch 5/300] Iter [430/794] Loss: 0.4766
[Epoch 5/300] Iter [440/794] Loss: 0.2568
[Epoch 5/300] Iter [450/794] Loss: 0.3128
[Epoch 5/300] Iter [460/794] Loss: 0.4114
[Epoch 5/300] Iter [470/794] Loss: 0.4311
[Epoch 5/300] Iter [480/794] Loss: 0.2974
[Epoch 5/300] Iter [490/794] Loss: 0.3296
[Epoch 5/300] Iter [500/794] Loss: 0.2533
[Epoch 5/300] Iter [510/794] Loss: 0.3752
[Epoch 5/300] Iter [520/794] Loss: 0.3376
[Epoch 5/300] Iter [530/794] Loss: 0.3535
[Epoch 5/300] Iter [540/794] Loss: 0.3412
[Epoch 5/300] Iter [550/794] Loss: 0.2270
[Epoch 5/300] Iter [560/794] Loss: 0.5064
[Epoch 5/300] Iter [570/794] Loss: 0.2687
[Epoch 5/300] Iter [580/794] Loss: 0.3419
[Epoch 5/300] Iter [590/794] Loss: 0.3440
[Epoch 5/300] Iter [600/794] Loss: 0.2857
[Epoch 5/300] Iter [610/794] Loss: 0.3429
[Epoch 5/300] Iter [620/794] Loss: 0.2236
[Epoch 5/300] Iter [630/794] Loss: 0.3912
[Epoch 5/300] Iter [640/794] Loss: 0.3785
[Epoch 5/300] Iter [650/794] Loss: 0.4233
[Epoch 5/300] Iter [660/794] Loss: 0.3103
[Epoch 5/300] Iter [670/794] Loss: 0.3268
[Epoch 5/300] Iter [680/794] Loss: 0.3111
[Epoch 5/300] Iter [690/794] Loss: 0.2483
[Epoch 5/300] Iter [700/794] Loss: 0.3379
[Epoch 5/300] Iter [710/794] Loss: 0.2685
[Epoch 5/300] Iter [720/794] Loss: 0.2957
[Epoch 5/300] Iter [730/794] Loss: 0.4201
[Epoch 5/300] Iter [740/794] Loss: 0.2810
[Epoch 5/300] Iter [750/794] Loss: 0.3870
[Epoch 5/300] Iter [760/794] Loss: 0.3284
[Epoch 5/300] Iter [770/794] Loss: 0.3213
[Epoch 5/300] Iter [780/794] Loss: 0.2875
[Epoch 5/300] Iter [790/794] Loss: 0.2411
Epoch [5/300] Validation Loss: 0.3692
No improvement for 1 epoch(s).
[Epoch 6/300] Iter [10/794] Loss: 0.2151
[Epoch 6/300] Iter [20/794] Loss: 0.2415
[Epoch 6/300] Iter [30/794] Loss: 0.3013
[Epoch 6/300] Iter [40/794] Loss: 0.2968
[Epoch 6/300] Iter [50/794] Loss: 0.2671
[Epoch 6/300] Iter [60/794] Loss: 0.2487
[Epoch 6/300] Iter [70/794] Loss: 0.2479
[Epoch 6/300] Iter [80/794] Loss: 0.1775
[Epoch 6/300] Iter [90/794] Loss: 0.2746
[Epoch 6/300] Iter [100/794] Loss: 0.2356
[Epoch 6/300] Iter [110/794] Loss: 0.2303
[Epoch 6/300] Iter [120/794] Loss: 0.2530
[Epoch 6/300] Iter [130/794] Loss: 0.2601
[Epoch 6/300] Iter [140/794] Loss: 0.2136
[Epoch 6/300] Iter [150/794] Loss: 0.4481
[Epoch 6/300] Iter [160/794] Loss: 0.2940
[Epoch 6/300] Iter [170/794] Loss: 0.3083
[Epoch 6/300] Iter [180/794] Loss: 0.2819
[Epoch 6/300] Iter [190/794] Loss: 0.2252
[Epoch 6/300] Iter [200/794] Loss: 0.4099
[Epoch 6/300] Iter [210/794] Loss: 0.2197
[Epoch 6/300] Iter [220/794] Loss: 0.3849
[Epoch 6/300] Iter [230/794] Loss: 0.2660
[Epoch 6/300] Iter [240/794] Loss: 0.3486
[Epoch 6/300] Iter [250/794] Loss: 0.3699
[Epoch 6/300] Iter [260/794] Loss: 0.3030
[Epoch 6/300] Iter [270/794] Loss: 0.2409
[Epoch 6/300] Iter [280/794] Loss: 0.4337
[Epoch 6/300] Iter [290/794] Loss: 0.3018
[Epoch 6/300] Iter [300/794] Loss: 0.1979
[Epoch 6/300] Iter [310/794] Loss: 0.3095
[Epoch 6/300] Iter [320/794] Loss: 0.2653
[Epoch 6/300] Iter [330/794] Loss: 0.5356
[Epoch 6/300] Iter [340/794] Loss: 0.2483
[Epoch 6/300] Iter [350/794] Loss: 0.2984
[Epoch 6/300] Iter [360/794] Loss: 0.2784
[Epoch 6/300] Iter [370/794] Loss: 0.3185
[Epoch 6/300] Iter [380/794] Loss: 0.3376
[Epoch 6/300] Iter [390/794] Loss: 0.3376
[Epoch 6/300] Iter [400/794] Loss: 0.3984
[Epoch 6/300] Iter [410/794] Loss: 0.3834
[Epoch 6/300] Iter [420/794] Loss: 0.3370
[Epoch 6/300] Iter [430/794] Loss: 0.3782
[Epoch 6/300] Iter [440/794] Loss: 0.3103
[Epoch 6/300] Iter [450/794] Loss: 0.2371
[Epoch 6/300] Iter [460/794] Loss: 0.3971
[Epoch 6/300] Iter [470/794] Loss: 0.2102
[Epoch 6/300] Iter [480/794] Loss: 0.3852
[Epoch 6/300] Iter [490/794] Loss: 0.3229
[Epoch 6/300] Iter [500/794] Loss: 0.3857
[Epoch 6/300] Iter [510/794] Loss: 0.1897
[Epoch 6/300] Iter [520/794] Loss: 0.3394
[Epoch 6/300] Iter [530/794] Loss: 0.3231
[Epoch 6/300] Iter [540/794] Loss: 0.3517
[Epoch 6/300] Iter [550/794] Loss: 0.2764
[Epoch 6/300] Iter [560/794] Loss: 0.2799
[Epoch 6/300] Iter [570/794] Loss: 0.3109
[Epoch 6/300] Iter [580/794] Loss: 0.3033
[Epoch 6/300] Iter [590/794] Loss: 0.3333
[Epoch 6/300] Iter [600/794] Loss: 0.2697
[Epoch 6/300] Iter [610/794] Loss: 0.3029
[Epoch 6/300] Iter [620/794] Loss: 0.3606
[Epoch 6/300] Iter [630/794] Loss: 0.2714
[Epoch 6/300] Iter [640/794] Loss: 0.2263
[Epoch 6/300] Iter [650/794] Loss: 0.4277
[Epoch 6/300] Iter [660/794] Loss: 0.3129
[Epoch 6/300] Iter [670/794] Loss: 0.2347
[Epoch 6/300] Iter [680/794] Loss: 0.3539
[Epoch 6/300] Iter [690/794] Loss: 0.2826
[Epoch 6/300] Iter [700/794] Loss: 0.2122
[Epoch 6/300] Iter [710/794] Loss: 0.3254
[Epoch 6/300] Iter [720/794] Loss: 0.1724
[Epoch 6/300] Iter [730/794] Loss: 0.1695
[Epoch 6/300] Iter [740/794] Loss: 0.2232
[Epoch 6/300] Iter [750/794] Loss: 0.2975
[Epoch 6/300] Iter [760/794] Loss: 0.2350
[Epoch 6/300] Iter [770/794] Loss: 0.3411
[Epoch 6/300] Iter [780/794] Loss: 0.5141
[Epoch 6/300] Iter [790/794] Loss: 0.2927
Epoch [6/300] Validation Loss: 0.3780
No improvement for 2 epoch(s).
[Epoch 7/300] Iter [10/794] Loss: 0.4400
[Epoch 7/300] Iter [20/794] Loss: 0.2028
[Epoch 7/300] Iter [30/794] Loss: 0.3860
[Epoch 7/300] Iter [40/794] Loss: 0.1990
[Epoch 7/300] Iter [50/794] Loss: 0.2644
[Epoch 7/300] Iter [60/794] Loss: 0.2793
[Epoch 7/300] Iter [70/794] Loss: 0.2576
[Epoch 7/300] Iter [80/794] Loss: 0.2751
[Epoch 7/300] Iter [90/794] Loss: 0.2232
[Epoch 7/300] Iter [100/794] Loss: 0.2807
[Epoch 7/300] Iter [110/794] Loss: 0.2260
[Epoch 7/300] Iter [120/794] Loss: 0.2583
[Epoch 7/300] Iter [130/794] Loss: 0.1599
[Epoch 7/300] Iter [140/794] Loss: 0.3234
[Epoch 7/300] Iter [150/794] Loss: 0.3230
[Epoch 7/300] Iter [160/794] Loss: 0.2580
[Epoch 7/300] Iter [170/794] Loss: 0.2563
[Epoch 7/300] Iter [180/794] Loss: 0.1776
[Epoch 7/300] Iter [190/794] Loss: 0.2153
[Epoch 7/300] Iter [200/794] Loss: 0.3084
[Epoch 7/300] Iter [210/794] Loss: 0.2456
[Epoch 7/300] Iter [220/794] Loss: 0.2496
[Epoch 7/300] Iter [230/794] Loss: 0.1889
[Epoch 7/300] Iter [240/794] Loss: 0.1904
[Epoch 7/300] Iter [250/794] Loss: 0.3381
[Epoch 7/300] Iter [260/794] Loss: 0.2275
[Epoch 7/300] Iter [270/794] Loss: 0.1629
[Epoch 7/300] Iter [280/794] Loss: 0.2952
[Epoch 7/300] Iter [290/794] Loss: 0.2769
[Epoch 7/300] Iter [300/794] Loss: 0.3008
[Epoch 7/300] Iter [310/794] Loss: 0.2441
[Epoch 7/300] Iter [320/794] Loss: 0.3594
[Epoch 7/300] Iter [330/794] Loss: 0.2202
[Epoch 7/300] Iter [340/794] Loss: 0.2555
[Epoch 7/300] Iter [350/794] Loss: 0.3019
[Epoch 7/300] Iter [360/794] Loss: 0.2749
[Epoch 7/300] Iter [370/794] Loss: 0.2326
[Epoch 7/300] Iter [380/794] Loss: 0.2536
[Epoch 7/300] Iter [390/794] Loss: 0.3430
[Epoch 7/300] Iter [400/794] Loss: 0.2043
[Epoch 7/300] Iter [410/794] Loss: 0.2732
[Epoch 7/300] Iter [420/794] Loss: 0.2559
[Epoch 7/300] Iter [430/794] Loss: 0.2620
[Epoch 7/300] Iter [440/794] Loss: 0.2532
[Epoch 7/300] Iter [450/794] Loss: 0.2568
[Epoch 7/300] Iter [460/794] Loss: 0.4298
[Epoch 7/300] Iter [470/794] Loss: 0.1607
[Epoch 7/300] Iter [480/794] Loss: 0.2639
[Epoch 7/300] Iter [490/794] Loss: 0.3138
[Epoch 7/300] Iter [500/794] Loss: 0.2866
[Epoch 7/300] Iter [510/794] Loss: 0.4069
[Epoch 7/300] Iter [520/794] Loss: 0.2584
[Epoch 7/300] Iter [530/794] Loss: 0.3007
[Epoch 7/300] Iter [540/794] Loss: 0.2524
[Epoch 7/300] Iter [550/794] Loss: 0.2236
[Epoch 7/300] Iter [560/794] Loss: 0.2389
[Epoch 7/300] Iter [570/794] Loss: 0.2088
[Epoch 7/300] Iter [580/794] Loss: 0.2067
[Epoch 7/300] Iter [590/794] Loss: 0.2787
[Epoch 7/300] Iter [600/794] Loss: 0.2954
[Epoch 7/300] Iter [610/794] Loss: 0.3754
[Epoch 7/300] Iter [620/794] Loss: 0.2957
[Epoch 7/300] Iter [630/794] Loss: 0.2363
[Epoch 7/300] Iter [640/794] Loss: 0.4045
[Epoch 7/300] Iter [650/794] Loss: 0.3783
[Epoch 7/300] Iter [660/794] Loss: 0.3225
[Epoch 7/300] Iter [670/794] Loss: 0.2633
[Epoch 7/300] Iter [680/794] Loss: 0.2437
[Epoch 7/300] Iter [690/794] Loss: 0.3527
[Epoch 7/300] Iter [700/794] Loss: 0.2163
[Epoch 7/300] Iter [710/794] Loss: 0.2720
[Epoch 7/300] Iter [720/794] Loss: 0.3274
[Epoch 7/300] Iter [730/794] Loss: 0.2559
[Epoch 7/300] Iter [740/794] Loss: 0.2495
[Epoch 7/300] Iter [750/794] Loss: 0.2256
[Epoch 7/300] Iter [760/794] Loss: 0.2526
[Epoch 7/300] Iter [770/794] Loss: 0.2411
[Epoch 7/300] Iter [780/794] Loss: 0.2903
[Epoch 7/300] Iter [790/794] Loss: 0.2307
Epoch [7/300] Validation Loss: 0.3854
No improvement for 3 epoch(s).
[Epoch 8/300] Iter [10/794] Loss: 0.3320
[Epoch 8/300] Iter [20/794] Loss: 0.3020
[Epoch 8/300] Iter [30/794] Loss: 0.2942
[Epoch 8/300] Iter [40/794] Loss: 0.3075
[Epoch 8/300] Iter [50/794] Loss: 0.2849
[Epoch 8/300] Iter [60/794] Loss: 0.2860
[Epoch 8/300] Iter [70/794] Loss: 0.1623
[Epoch 8/300] Iter [80/794] Loss: 0.2002
[Epoch 8/300] Iter [90/794] Loss: 0.3870
[Epoch 8/300] Iter [100/794] Loss: 0.2600
[Epoch 8/300] Iter [110/794] Loss: 0.2549
[Epoch 8/300] Iter [120/794] Loss: 0.2245
[Epoch 8/300] Iter [130/794] Loss: 0.2797
[Epoch 8/300] Iter [140/794] Loss: 0.2332
[Epoch 8/300] Iter [150/794] Loss: 0.3280
[Epoch 8/300] Iter [160/794] Loss: 0.2132
[Epoch 8/300] Iter [170/794] Loss: 0.2020
[Epoch 8/300] Iter [180/794] Loss: 0.2183
[Epoch 8/300] Iter [190/794] Loss: 0.2515
[Epoch 8/300] Iter [200/794] Loss: 0.2418
[Epoch 8/300] Iter [210/794] Loss: 0.1879
[Epoch 8/300] Iter [220/794] Loss: 0.2430
[Epoch 8/300] Iter [230/794] Loss: 0.2722
[Epoch 8/300] Iter [240/794] Loss: 0.2467
[Epoch 8/300] Iter [250/794] Loss: 0.2880
[Epoch 8/300] Iter [260/794] Loss: 0.3310
[Epoch 8/300] Iter [270/794] Loss: 0.2759
[Epoch 8/300] Iter [280/794] Loss: 0.1871
[Epoch 8/300] Iter [290/794] Loss: 0.2312
[Epoch 8/300] Iter [300/794] Loss: 0.1567
[Epoch 8/300] Iter [310/794] Loss: 0.2917
[Epoch 8/300] Iter [320/794] Loss: 0.4017
[Epoch 8/300] Iter [330/794] Loss: 0.2483
[Epoch 8/300] Iter [340/794] Loss: 0.2854
[Epoch 8/300] Iter [350/794] Loss: 0.2464
[Epoch 8/300] Iter [360/794] Loss: 0.1743
[Epoch 8/300] Iter [370/794] Loss: 0.2921
[Epoch 8/300] Iter [380/794] Loss: 0.2075
[Epoch 8/300] Iter [390/794] Loss: 0.2688
[Epoch 8/300] Iter [400/794] Loss: 0.3401
[Epoch 8/300] Iter [410/794] Loss: 0.2915
[Epoch 8/300] Iter [420/794] Loss: 0.3352
[Epoch 8/300] Iter [430/794] Loss: 0.3135
[Epoch 8/300] Iter [440/794] Loss: 0.3449
[Epoch 8/300] Iter [450/794] Loss: 0.3419
[Epoch 8/300] Iter [460/794] Loss: 0.3356
[Epoch 8/300] Iter [470/794] Loss: 0.2736
[Epoch 8/300] Iter [480/794] Loss: 0.3452
[Epoch 8/300] Iter [490/794] Loss: 0.2402
[Epoch 8/300] Iter [500/794] Loss: 0.3790
[Epoch 8/300] Iter [510/794] Loss: 0.2673
[Epoch 8/300] Iter [520/794] Loss: 0.2783
[Epoch 8/300] Iter [530/794] Loss: 0.1320
[Epoch 8/300] Iter [540/794] Loss: 0.2244
[Epoch 8/300] Iter [550/794] Loss: 0.2795
[Epoch 8/300] Iter [560/794] Loss: 0.2163
[Epoch 8/300] Iter [570/794] Loss: 0.1678
[Epoch 8/300] Iter [580/794] Loss: 0.2006
[Epoch 8/300] Iter [590/794] Loss: 0.2145
[Epoch 8/300] Iter [600/794] Loss: 0.2723
[Epoch 8/300] Iter [610/794] Loss: 0.3215
[Epoch 8/300] Iter [620/794] Loss: 0.2306
[Epoch 8/300] Iter [630/794] Loss: 0.2665
[Epoch 8/300] Iter [640/794] Loss: 0.3552
[Epoch 8/300] Iter [650/794] Loss: 0.2063
[Epoch 8/300] Iter [660/794] Loss: 0.3559
[Epoch 8/300] Iter [670/794] Loss: 0.1350
[Epoch 8/300] Iter [680/794] Loss: 0.1751
[Epoch 8/300] Iter [690/794] Loss: 0.3083
[Epoch 8/300] Iter [700/794] Loss: 0.3135
[Epoch 8/300] Iter [710/794] Loss: 0.1660
[Epoch 8/300] Iter [720/794] Loss: 0.1839
[Epoch 8/300] Iter [730/794] Loss: 0.1975
[Epoch 8/300] Iter [740/794] Loss: 0.2994
[Epoch 8/300] Iter [750/794] Loss: 0.1710
[Epoch 8/300] Iter [760/794] Loss: 0.4356
[Epoch 8/300] Iter [770/794] Loss: 0.2279
[Epoch 8/300] Iter [780/794] Loss: 0.3955
[Epoch 8/300] Iter [790/794] Loss: 0.2473
Epoch [8/300] Validation Loss: 0.3755
No improvement for 4 epoch(s).
[Epoch 9/300] Iter [10/794] Loss: 0.2803
[Epoch 9/300] Iter [20/794] Loss: 0.2070
[Epoch 9/300] Iter [30/794] Loss: 0.1727
[Epoch 9/300] Iter [40/794] Loss: 0.1844
[Epoch 9/300] Iter [50/794] Loss: 0.1481
[Epoch 9/300] Iter [60/794] Loss: 0.2344
[Epoch 9/300] Iter [70/794] Loss: 0.3087
[Epoch 9/300] Iter [80/794] Loss: 0.2214
[Epoch 9/300] Iter [90/794] Loss: 0.3289
[Epoch 9/300] Iter [100/794] Loss: 0.3445
[Epoch 9/300] Iter [110/794] Loss: 0.2999
[Epoch 9/300] Iter [120/794] Loss: 0.3472
[Epoch 9/300] Iter [130/794] Loss: 0.2000
[Epoch 9/300] Iter [140/794] Loss: 0.2112
[Epoch 9/300] Iter [150/794] Loss: 0.2052
[Epoch 9/300] Iter [160/794] Loss: 0.2134
[Epoch 9/300] Iter [170/794] Loss: 0.1784
[Epoch 9/300] Iter [180/794] Loss: 0.2707
[Epoch 9/300] Iter [190/794] Loss: 0.1740
[Epoch 9/300] Iter [200/794] Loss: 0.1940
[Epoch 9/300] Iter [210/794] Loss: 0.2565
[Epoch 9/300] Iter [220/794] Loss: 0.1735
[Epoch 9/300] Iter [230/794] Loss: 0.2576
[Epoch 9/300] Iter [240/794] Loss: 0.2279
[Epoch 9/300] Iter [250/794] Loss: 0.2497
[Epoch 9/300] Iter [260/794] Loss: 0.1725
[Epoch 9/300] Iter [270/794] Loss: 0.1969
[Epoch 9/300] Iter [280/794] Loss: 0.1944
[Epoch 9/300] Iter [290/794] Loss: 0.2386
[Epoch 9/300] Iter [300/794] Loss: 0.2330
[Epoch 9/300] Iter [310/794] Loss: 0.1688
[Epoch 9/300] Iter [320/794] Loss: 0.2073
[Epoch 9/300] Iter [330/794] Loss: 0.3115
[Epoch 9/300] Iter [340/794] Loss: 0.2776
[Epoch 9/300] Iter [350/794] Loss: 0.2107
[Epoch 9/300] Iter [360/794] Loss: 0.3490
[Epoch 9/300] Iter [370/794] Loss: 0.2127
[Epoch 9/300] Iter [380/794] Loss: 0.1738
[Epoch 9/300] Iter [390/794] Loss: 0.2839
[Epoch 9/300] Iter [400/794] Loss: 0.2512
[Epoch 9/300] Iter [410/794] Loss: 0.1739
[Epoch 9/300] Iter [420/794] Loss: 0.3370
[Epoch 9/300] Iter [430/794] Loss: 0.2346
[Epoch 9/300] Iter [440/794] Loss: 0.2294
[Epoch 9/300] Iter [450/794] Loss: 0.3181
[Epoch 9/300] Iter [460/794] Loss: 0.1904
[Epoch 9/300] Iter [470/794] Loss: 0.2847
[Epoch 9/300] Iter [480/794] Loss: 0.1754
[Epoch 9/300] Iter [490/794] Loss: 0.2841
[Epoch 9/300] Iter [500/794] Loss: 0.2344
[Epoch 9/300] Iter [510/794] Loss: 0.3251
[Epoch 9/300] Iter [520/794] Loss: 0.2723
[Epoch 9/300] Iter [530/794] Loss: 0.3544
[Epoch 9/300] Iter [540/794] Loss: 0.3248
[Epoch 9/300] Iter [550/794] Loss: 0.2821
[Epoch 9/300] Iter [560/794] Loss: 0.2125
[Epoch 9/300] Iter [570/794] Loss: 0.2340
[Epoch 9/300] Iter [580/794] Loss: 0.1338
[Epoch 9/300] Iter [590/794] Loss: 0.2948
[Epoch 9/300] Iter [600/794] Loss: 0.2657
[Epoch 9/300] Iter [610/794] Loss: 0.2833
[Epoch 9/300] Iter [620/794] Loss: 0.2841
[Epoch 9/300] Iter [630/794] Loss: 0.1814
[Epoch 9/300] Iter [640/794] Loss: 0.1425
[Epoch 9/300] Iter [650/794] Loss: 0.3742
[Epoch 9/300] Iter [660/794] Loss: 0.3010
[Epoch 9/300] Iter [670/794] Loss: 0.1972
[Epoch 9/300] Iter [680/794] Loss: 0.2465
[Epoch 9/300] Iter [690/794] Loss: 0.1898
[Epoch 9/300] Iter [700/794] Loss: 0.2679
[Epoch 9/300] Iter [710/794] Loss: 0.1596
[Epoch 9/300] Iter [720/794] Loss: 0.2873
[Epoch 9/300] Iter [730/794] Loss: 0.2257
[Epoch 9/300] Iter [740/794] Loss: 0.3324
[Epoch 9/300] Iter [750/794] Loss: 0.3426
[Epoch 9/300] Iter [760/794] Loss: 0.3194
[Epoch 9/300] Iter [770/794] Loss: 0.3333
[Epoch 9/300] Iter [780/794] Loss: 0.3179
[Epoch 9/300] Iter [790/794] Loss: 0.1904
Epoch [9/300] Validation Loss: 0.3756
No improvement for 5 epoch(s).
[Epoch 10/300] Iter [10/794] Loss: 0.3143
[Epoch 10/300] Iter [20/794] Loss: 0.1887
[Epoch 10/300] Iter [30/794] Loss: 0.2984
[Epoch 10/300] Iter [40/794] Loss: 0.1577
[Epoch 10/300] Iter [50/794] Loss: 0.2208
[Epoch 10/300] Iter [60/794] Loss: 0.1509
[Epoch 10/300] Iter [70/794] Loss: 0.1536
[Epoch 10/300] Iter [80/794] Loss: 0.1937
[Epoch 10/300] Iter [90/794] Loss: 0.2769
[Epoch 10/300] Iter [100/794] Loss: 0.2792
[Epoch 10/300] Iter [110/794] Loss: 0.2813
[Epoch 10/300] Iter [120/794] Loss: 0.2365
[Epoch 10/300] Iter [130/794] Loss: 0.2460
[Epoch 10/300] Iter [140/794] Loss: 0.2734
[Epoch 10/300] Iter [150/794] Loss: 0.1869
[Epoch 10/300] Iter [160/794] Loss: 0.2050
[Epoch 10/300] Iter [170/794] Loss: 0.2854
[Epoch 10/300] Iter [180/794] Loss: 0.2448
[Epoch 10/300] Iter [190/794] Loss: 0.2097
[Epoch 10/300] Iter [200/794] Loss: 0.2303
[Epoch 10/300] Iter [210/794] Loss: 0.1768
[Epoch 10/300] Iter [220/794] Loss: 0.2333
[Epoch 10/300] Iter [230/794] Loss: 0.2777
[Epoch 10/300] Iter [240/794] Loss: 0.1855
[Epoch 10/300] Iter [250/794] Loss: 0.2053
[Epoch 10/300] Iter [260/794] Loss: 0.1887
[Epoch 10/300] Iter [270/794] Loss: 0.2870
[Epoch 10/300] Iter [280/794] Loss: 0.2520
[Epoch 10/300] Iter [290/794] Loss: 0.2291
[Epoch 10/300] Iter [300/794] Loss: 0.2718
[Epoch 10/300] Iter [310/794] Loss: 0.2961
[Epoch 10/300] Iter [320/794] Loss: 0.2215
[Epoch 10/300] Iter [330/794] Loss: 0.2320
[Epoch 10/300] Iter [340/794] Loss: 0.1807
[Epoch 10/300] Iter [350/794] Loss: 0.2167
[Epoch 10/300] Iter [360/794] Loss: 0.2451
[Epoch 10/300] Iter [370/794] Loss: 0.1929
[Epoch 10/300] Iter [380/794] Loss: 0.2137
[Epoch 10/300] Iter [390/794] Loss: 0.2751
[Epoch 10/300] Iter [400/794] Loss: 0.2374
[Epoch 10/300] Iter [410/794] Loss: 0.2095
[Epoch 10/300] Iter [420/794] Loss: 0.2209
[Epoch 10/300] Iter [430/794] Loss: 0.2141
[Epoch 10/300] Iter [440/794] Loss: 0.3684
[Epoch 10/300] Iter [450/794] Loss: 0.2935
[Epoch 10/300] Iter [460/794] Loss: 0.2151
[Epoch 10/300] Iter [470/794] Loss: 0.1960
[Epoch 10/300] Iter [480/794] Loss: 0.1979
[Epoch 10/300] Iter [490/794] Loss: 0.2644
[Epoch 10/300] Iter [500/794] Loss: 0.3712
[Epoch 10/300] Iter [510/794] Loss: 0.2056
[Epoch 10/300] Iter [520/794] Loss: 0.2417
[Epoch 10/300] Iter [530/794] Loss: 0.2324
[Epoch 10/300] Iter [540/794] Loss: 0.1740
[Epoch 10/300] Iter [550/794] Loss: 0.2741
[Epoch 10/300] Iter [560/794] Loss: 0.2170
[Epoch 10/300] Iter [570/794] Loss: 0.2544
[Epoch 10/300] Iter [580/794] Loss: 0.2254
[Epoch 10/300] Iter [590/794] Loss: 0.2413
[Epoch 10/300] Iter [600/794] Loss: 0.2931
[Epoch 10/300] Iter [610/794] Loss: 0.1797
[Epoch 10/300] Iter [620/794] Loss: 0.1979
[Epoch 10/300] Iter [630/794] Loss: 0.2246
[Epoch 10/300] Iter [640/794] Loss: 0.2703
[Epoch 10/300] Iter [650/794] Loss: 0.1840
[Epoch 10/300] Iter [660/794] Loss: 0.1782
[Epoch 10/300] Iter [670/794] Loss: 0.2286
[Epoch 10/300] Iter [680/794] Loss: 0.1757
[Epoch 10/300] Iter [690/794] Loss: 0.3759
[Epoch 10/300] Iter [700/794] Loss: 0.2130
[Epoch 10/300] Iter [710/794] Loss: 0.2389
[Epoch 10/300] Iter [720/794] Loss: 0.3368
[Epoch 10/300] Iter [730/794] Loss: 0.1992
[Epoch 10/300] Iter [740/794] Loss: 0.2467
[Epoch 10/300] Iter [750/794] Loss: 0.3524
[Epoch 10/300] Iter [760/794] Loss: 0.2036
[Epoch 10/300] Iter [770/794] Loss: 0.2734
[Epoch 10/300] Iter [780/794] Loss: 0.2061
[Epoch 10/300] Iter [790/794] Loss: 0.2033
Epoch [10/300] Validation Loss: 0.3891
No improvement for 6 epoch(s).
[Epoch 11/300] Iter [10/794] Loss: 0.2221
[Epoch 11/300] Iter [20/794] Loss: 0.1994
[Epoch 11/300] Iter [30/794] Loss: 0.3417
[Epoch 11/300] Iter [40/794] Loss: 0.1941
[Epoch 11/300] Iter [50/794] Loss: 0.2429
[Epoch 11/300] Iter [60/794] Loss: 0.1618
[Epoch 11/300] Iter [70/794] Loss: 0.1799
[Epoch 11/300] Iter [80/794] Loss: 0.1794
[Epoch 11/300] Iter [90/794] Loss: 0.3077
[Epoch 11/300] Iter [100/794] Loss: 0.1419
[Epoch 11/300] Iter [110/794] Loss: 0.1633
[Epoch 11/300] Iter [120/794] Loss: 0.2056
[Epoch 11/300] Iter [130/794] Loss: 0.1765
[Epoch 11/300] Iter [140/794] Loss: 0.2786
[Epoch 11/300] Iter [150/794] Loss: 0.2532
[Epoch 11/300] Iter [160/794] Loss: 0.3112
[Epoch 11/300] Iter [170/794] Loss: 0.2364
[Epoch 11/300] Iter [180/794] Loss: 0.2085
[Epoch 11/300] Iter [190/794] Loss: 0.2727
[Epoch 11/300] Iter [200/794] Loss: 0.2685
[Epoch 11/300] Iter [210/794] Loss: 0.2400
[Epoch 11/300] Iter [220/794] Loss: 0.2656
[Epoch 11/300] Iter [230/794] Loss: 0.2719
[Epoch 11/300] Iter [240/794] Loss: 0.2578
[Epoch 11/300] Iter [250/794] Loss: 0.2238
[Epoch 11/300] Iter [260/794] Loss: 0.2566
[Epoch 11/300] Iter [270/794] Loss: 0.3036
[Epoch 11/300] Iter [280/794] Loss: 0.2691
[Epoch 11/300] Iter [290/794] Loss: 0.1592
[Epoch 11/300] Iter [300/794] Loss: 0.1908
[Epoch 11/300] Iter [310/794] Loss: 0.2600
[Epoch 11/300] Iter [320/794] Loss: 0.1648
[Epoch 11/300] Iter [330/794] Loss: 0.2103
[Epoch 11/300] Iter [340/794] Loss: 0.2246
[Epoch 11/300] Iter [350/794] Loss: 0.2563
[Epoch 11/300] Iter [360/794] Loss: 0.2246
[Epoch 11/300] Iter [370/794] Loss: 0.1966
[Epoch 11/300] Iter [380/794] Loss: 0.1817
[Epoch 11/300] Iter [390/794] Loss: 0.2611
[Epoch 11/300] Iter [400/794] Loss: 0.1520
[Epoch 11/300] Iter [410/794] Loss: 0.1714
[Epoch 11/300] Iter [420/794] Loss: 0.1835
[Epoch 11/300] Iter [430/794] Loss: 0.2370
[Epoch 11/300] Iter [440/794] Loss: 0.2066
[Epoch 11/300] Iter [450/794] Loss: 0.3068
[Epoch 11/300] Iter [460/794] Loss: 0.1843
[Epoch 11/300] Iter [470/794] Loss: 0.1999
[Epoch 11/300] Iter [480/794] Loss: 0.1994
[Epoch 11/300] Iter [490/794] Loss: 0.2231
[Epoch 11/300] Iter [500/794] Loss: 0.2588
[Epoch 11/300] Iter [510/794] Loss: 0.2026
[Epoch 11/300] Iter [520/794] Loss: 0.2182
[Epoch 11/300] Iter [530/794] Loss: 0.2236
[Epoch 11/300] Iter [540/794] Loss: 0.3300
[Epoch 11/300] Iter [550/794] Loss: 0.3607
[Epoch 11/300] Iter [560/794] Loss: 0.1684
[Epoch 11/300] Iter [570/794] Loss: 0.1996
[Epoch 11/300] Iter [580/794] Loss: 0.2016
[Epoch 11/300] Iter [590/794] Loss: 0.1482
[Epoch 11/300] Iter [600/794] Loss: 0.3088
[Epoch 11/300] Iter [610/794] Loss: 0.2302
[Epoch 11/300] Iter [620/794] Loss: 0.1665
[Epoch 11/300] Iter [630/794] Loss: 0.1512
[Epoch 11/300] Iter [640/794] Loss: 0.2205
[Epoch 11/300] Iter [650/794] Loss: 0.3266
[Epoch 11/300] Iter [660/794] Loss: 0.2524
[Epoch 11/300] Iter [670/794] Loss: 0.1974
[Epoch 11/300] Iter [680/794] Loss: 0.2589
[Epoch 11/300] Iter [690/794] Loss: 0.3309
[Epoch 11/300] Iter [700/794] Loss: 0.2253
[Epoch 11/300] Iter [710/794] Loss: 0.2030
[Epoch 11/300] Iter [720/794] Loss: 0.2021
[Epoch 11/300] Iter [730/794] Loss: 0.3638
[Epoch 11/300] Iter [740/794] Loss: 0.2095
[Epoch 11/300] Iter [750/794] Loss: 0.3578
[Epoch 11/300] Iter [760/794] Loss: 0.2569
[Epoch 11/300] Iter [770/794] Loss: 0.3633
[Epoch 11/300] Iter [780/794] Loss: 0.1660
[Epoch 11/300] Iter [790/794] Loss: 0.2839
Epoch [11/300] Validation Loss: 0.3895
No improvement for 7 epoch(s).
[Epoch 12/300] Iter [10/794] Loss: 0.2570
[Epoch 12/300] Iter [20/794] Loss: 0.1702
[Epoch 12/300] Iter [30/794] Loss: 0.2757
[Epoch 12/300] Iter [40/794] Loss: 0.1875
[Epoch 12/300] Iter [50/794] Loss: 0.2080
[Epoch 12/300] Iter [60/794] Loss: 0.3143
[Epoch 12/300] Iter [70/794] Loss: 0.1395
[Epoch 12/300] Iter [80/794] Loss: 0.1571
[Epoch 12/300] Iter [90/794] Loss: 0.1721
[Epoch 12/300] Iter [100/794] Loss: 0.1674
[Epoch 12/300] Iter [110/794] Loss: 0.2693
[Epoch 12/300] Iter [120/794] Loss: 0.1341
[Epoch 12/300] Iter [130/794] Loss: 0.1737
[Epoch 12/300] Iter [140/794] Loss: 0.1794
[Epoch 12/300] Iter [150/794] Loss: 0.1803
[Epoch 12/300] Iter [160/794] Loss: 0.1534
[Epoch 12/300] Iter [170/794] Loss: 0.1499
[Epoch 12/300] Iter [180/794] Loss: 0.2121
[Epoch 12/300] Iter [190/794] Loss: 0.4066
[Epoch 12/300] Iter [200/794] Loss: 0.1702
[Epoch 12/300] Iter [210/794] Loss: 0.2041
[Epoch 12/300] Iter [220/794] Loss: 0.2475
[Epoch 12/300] Iter [230/794] Loss: 0.2277
[Epoch 12/300] Iter [240/794] Loss: 0.3189
[Epoch 12/300] Iter [250/794] Loss: 0.1525
[Epoch 12/300] Iter [260/794] Loss: 0.1844
[Epoch 12/300] Iter [270/794] Loss: 0.1645
[Epoch 12/300] Iter [280/794] Loss: 0.2504
[Epoch 12/300] Iter [290/794] Loss: 0.1787
[Epoch 12/300] Iter [300/794] Loss: 0.1731
[Epoch 12/300] Iter [310/794] Loss: 0.1581
[Epoch 12/300] Iter [320/794] Loss: 0.1325
[Epoch 12/300] Iter [330/794] Loss: 0.1674
[Epoch 12/300] Iter [340/794] Loss: 0.2810
[Epoch 12/300] Iter [350/794] Loss: 0.2809
[Epoch 12/300] Iter [360/794] Loss: 0.1714
[Epoch 12/300] Iter [370/794] Loss: 0.2417
[Epoch 12/300] Iter [380/794] Loss: 0.2489
[Epoch 12/300] Iter [390/794] Loss: 0.1170
[Epoch 12/300] Iter [400/794] Loss: 0.2288
[Epoch 12/300] Iter [410/794] Loss: 0.2077
[Epoch 12/300] Iter [420/794] Loss: 0.2324
[Epoch 12/300] Iter [430/794] Loss: 0.2041
[Epoch 12/300] Iter [440/794] Loss: 0.2514
[Epoch 12/300] Iter [450/794] Loss: 0.2428
[Epoch 12/300] Iter [460/794] Loss: 0.1896
[Epoch 12/300] Iter [470/794] Loss: 0.1946
[Epoch 12/300] Iter [480/794] Loss: 0.1747
[Epoch 12/300] Iter [490/794] Loss: 0.1217
[Epoch 12/300] Iter [500/794] Loss: 0.1992
[Epoch 12/300] Iter [510/794] Loss: 0.1945
[Epoch 12/300] Iter [520/794] Loss: 0.2674
[Epoch 12/300] Iter [530/794] Loss: 0.1466
[Epoch 12/300] Iter [540/794] Loss: 0.1555
[Epoch 12/300] Iter [550/794] Loss: 0.2899
[Epoch 12/300] Iter [560/794] Loss: 0.1367
[Epoch 12/300] Iter [570/794] Loss: 0.4224
[Epoch 12/300] Iter [580/794] Loss: 0.3597
[Epoch 12/300] Iter [590/794] Loss: 0.1530
[Epoch 12/300] Iter [600/794] Loss: 0.1755
[Epoch 12/300] Iter [610/794] Loss: 0.2705
[Epoch 12/300] Iter [620/794] Loss: 0.3024
[Epoch 12/300] Iter [630/794] Loss: 0.1584
[Epoch 12/300] Iter [640/794] Loss: 0.2067
[Epoch 12/300] Iter [650/794] Loss: 0.1960
[Epoch 12/300] Iter [660/794] Loss: 0.1740
[Epoch 12/300] Iter [670/794] Loss: 0.3908
[Epoch 12/300] Iter [680/794] Loss: 0.2080
[Epoch 12/300] Iter [690/794] Loss: 0.2854
[Epoch 12/300] Iter [700/794] Loss: 0.2984
[Epoch 12/300] Iter [710/794] Loss: 0.2917
[Epoch 12/300] Iter [720/794] Loss: 0.2377
[Epoch 12/300] Iter [730/794] Loss: 0.3137
[Epoch 12/300] Iter [740/794] Loss: 0.3016
[Epoch 12/300] Iter [750/794] Loss: 0.2530
[Epoch 12/300] Iter [760/794] Loss: 0.4469
[Epoch 12/300] Iter [770/794] Loss: 0.2175
[Epoch 12/300] Iter [780/794] Loss: 0.2183
[Epoch 12/300] Iter [790/794] Loss: 0.1457
Epoch [12/300] Validation Loss: 0.3883
No improvement for 8 epoch(s).
[Epoch 13/300] Iter [10/794] Loss: 0.2373
[Epoch 13/300] Iter [20/794] Loss: 0.1670
[Epoch 13/300] Iter [30/794] Loss: 0.2239
[Epoch 13/300] Iter [40/794] Loss: 0.2568
[Epoch 13/300] Iter [50/794] Loss: 0.2459
[Epoch 13/300] Iter [60/794] Loss: 0.1539
[Epoch 13/300] Iter [70/794] Loss: 0.2702
[Epoch 13/300] Iter [80/794] Loss: 0.1943
[Epoch 13/300] Iter [90/794] Loss: 0.3057
[Epoch 13/300] Iter [100/794] Loss: 0.1261
[Epoch 13/300] Iter [110/794] Loss: 0.2391
[Epoch 13/300] Iter [120/794] Loss: 0.2252
[Epoch 13/300] Iter [130/794] Loss: 0.2050
[Epoch 13/300] Iter [140/794] Loss: 0.2001
[Epoch 13/300] Iter [150/794] Loss: 0.1838
[Epoch 13/300] Iter [160/794] Loss: 0.1691
[Epoch 13/300] Iter [170/794] Loss: 0.2496
[Epoch 13/300] Iter [180/794] Loss: 0.1833
[Epoch 13/300] Iter [190/794] Loss: 0.2537
[Epoch 13/300] Iter [200/794] Loss: 0.2598
[Epoch 13/300] Iter [210/794] Loss: 0.2070
[Epoch 13/300] Iter [220/794] Loss: 0.1781
[Epoch 13/300] Iter [230/794] Loss: 0.2129
[Epoch 13/300] Iter [240/794] Loss: 0.1868
[Epoch 13/300] Iter [250/794] Loss: 0.1623
[Epoch 13/300] Iter [260/794] Loss: 0.2031
[Epoch 13/300] Iter [270/794] Loss: 0.1479
[Epoch 13/300] Iter [280/794] Loss: 0.1832
[Epoch 13/300] Iter [290/794] Loss: 0.1691
[Epoch 13/300] Iter [300/794] Loss: 0.1740
[Epoch 13/300] Iter [310/794] Loss: 0.1809
[Epoch 13/300] Iter [320/794] Loss: 0.1666
[Epoch 13/300] Iter [330/794] Loss: 0.1795
[Epoch 13/300] Iter [340/794] Loss: 0.2317
[Epoch 13/300] Iter [350/794] Loss: 0.2129
[Epoch 13/300] Iter [360/794] Loss: 0.1538
[Epoch 13/300] Iter [370/794] Loss: 0.2555
[Epoch 13/300] Iter [380/794] Loss: 0.1932
[Epoch 13/300] Iter [390/794] Loss: 0.1536
[Epoch 13/300] Iter [400/794] Loss: 0.2109
[Epoch 13/300] Iter [410/794] Loss: 0.1392
[Epoch 13/300] Iter [420/794] Loss: 0.2347
[Epoch 13/300] Iter [430/794] Loss: 0.2576
[Epoch 13/300] Iter [440/794] Loss: 0.1524
[Epoch 13/300] Iter [450/794] Loss: 0.2020
[Epoch 13/300] Iter [460/794] Loss: 0.3520
[Epoch 13/300] Iter [470/794] Loss: 0.2055
[Epoch 13/300] Iter [480/794] Loss: 0.2071
[Epoch 13/300] Iter [490/794] Loss: 0.1704
[Epoch 13/300] Iter [500/794] Loss: 0.3051
[Epoch 13/300] Iter [510/794] Loss: 0.2371
[Epoch 13/300] Iter [520/794] Loss: 0.2250
[Epoch 13/300] Iter [530/794] Loss: 0.2048
[Epoch 13/300] Iter [540/794] Loss: 0.2535
[Epoch 13/300] Iter [550/794] Loss: 0.1662
[Epoch 13/300] Iter [560/794] Loss: 0.2485
[Epoch 13/300] Iter [570/794] Loss: 0.2773
[Epoch 13/300] Iter [580/794] Loss: 0.2170
[Epoch 13/300] Iter [590/794] Loss: 0.2389
[Epoch 13/300] Iter [600/794] Loss: 0.1664
[Epoch 13/300] Iter [610/794] Loss: 0.1500
[Epoch 13/300] Iter [620/794] Loss: 0.2007
[Epoch 13/300] Iter [630/794] Loss: 0.2218
[Epoch 13/300] Iter [640/794] Loss: 0.2576
[Epoch 13/300] Iter [650/794] Loss: 0.1663
[Epoch 13/300] Iter [660/794] Loss: 0.1557
[Epoch 13/300] Iter [670/794] Loss: 0.1964
[Epoch 13/300] Iter [680/794] Loss: 0.1502
[Epoch 13/300] Iter [690/794] Loss: 0.1077
[Epoch 13/300] Iter [700/794] Loss: 0.1446
[Epoch 13/300] Iter [710/794] Loss: 0.2592
[Epoch 13/300] Iter [720/794] Loss: 0.2739
[Epoch 13/300] Iter [730/794] Loss: 0.3075
[Epoch 13/300] Iter [740/794] Loss: 0.2976
[Epoch 13/300] Iter [750/794] Loss: 0.2319
[Epoch 13/300] Iter [760/794] Loss: 0.2031
[Epoch 13/300] Iter [770/794] Loss: 0.3508
[Epoch 13/300] Iter [780/794] Loss: 0.2330
[Epoch 13/300] Iter [790/794] Loss: 0.2126
Epoch [13/300] Validation Loss: 0.4169
No improvement for 9 epoch(s).
[Epoch 14/300] Iter [10/794] Loss: 0.2527
[Epoch 14/300] Iter [20/794] Loss: 0.2958
[Epoch 14/300] Iter [30/794] Loss: 0.2188
[Epoch 14/300] Iter [40/794] Loss: 0.2604
[Epoch 14/300] Iter [50/794] Loss: 0.2102
[Epoch 14/300] Iter [60/794] Loss: 0.1572
[Epoch 14/300] Iter [70/794] Loss: 0.1249
[Epoch 14/300] Iter [80/794] Loss: 0.2031
[Epoch 14/300] Iter [90/794] Loss: 0.1299
[Epoch 14/300] Iter [100/794] Loss: 0.1873
[Epoch 14/300] Iter [110/794] Loss: 0.2273
[Epoch 14/300] Iter [120/794] Loss: 0.2316
[Epoch 14/300] Iter [130/794] Loss: 0.1733
[Epoch 14/300] Iter [140/794] Loss: 0.2020
[Epoch 14/300] Iter [150/794] Loss: 0.2070
[Epoch 14/300] Iter [160/794] Loss: 0.2435
[Epoch 14/300] Iter [170/794] Loss: 0.2610
[Epoch 14/300] Iter [180/794] Loss: 0.1527
[Epoch 14/300] Iter [190/794] Loss: 0.1527
[Epoch 14/300] Iter [200/794] Loss: 0.1584
[Epoch 14/300] Iter [210/794] Loss: 0.1985
[Epoch 14/300] Iter [220/794] Loss: 0.1743
[Epoch 14/300] Iter [230/794] Loss: 0.1283
[Epoch 14/300] Iter [240/794] Loss: 0.2136
[Epoch 14/300] Iter [250/794] Loss: 0.2950
[Epoch 14/300] Iter [260/794] Loss: 0.1764
[Epoch 14/300] Iter [270/794] Loss: 0.2436
[Epoch 14/300] Iter [280/794] Loss: 0.1737
[Epoch 14/300] Iter [290/794] Loss: 0.3342
[Epoch 14/300] Iter [300/794] Loss: 0.1406
[Epoch 14/300] Iter [310/794] Loss: 0.2114
[Epoch 14/300] Iter [320/794] Loss: 0.1912
[Epoch 14/300] Iter [330/794] Loss: 0.1060
[Epoch 14/300] Iter [340/794] Loss: 0.1686
[Epoch 14/300] Iter [350/794] Loss: 0.2308
[Epoch 14/300] Iter [360/794] Loss: 0.1634
[Epoch 14/300] Iter [370/794] Loss: 0.2754
[Epoch 14/300] Iter [380/794] Loss: 0.1716
[Epoch 14/300] Iter [390/794] Loss: 0.1768
[Epoch 14/300] Iter [400/794] Loss: 0.3143
[Epoch 14/300] Iter [410/794] Loss: 0.2297
[Epoch 14/300] Iter [420/794] Loss: 0.2049
[Epoch 14/300] Iter [430/794] Loss: 0.2095
[Epoch 14/300] Iter [440/794] Loss: 0.2399
[Epoch 14/300] Iter [450/794] Loss: 0.2205
[Epoch 14/300] Iter [460/794] Loss: 0.2089
[Epoch 14/300] Iter [470/794] Loss: 0.4041
[Epoch 14/300] Iter [480/794] Loss: 0.1981
[Epoch 14/300] Iter [490/794] Loss: 0.2331
[Epoch 14/300] Iter [500/794] Loss: 0.2487
[Epoch 14/300] Iter [510/794] Loss: 0.2198
[Epoch 14/300] Iter [520/794] Loss: 0.0843
[Epoch 14/300] Iter [530/794] Loss: 0.2902
[Epoch 14/300] Iter [540/794] Loss: 0.1864
[Epoch 14/300] Iter [550/794] Loss: 0.2080
[Epoch 14/300] Iter [560/794] Loss: 0.1360
[Epoch 14/300] Iter [570/794] Loss: 0.2480
[Epoch 14/300] Iter [580/794] Loss: 0.2644
[Epoch 14/300] Iter [590/794] Loss: 0.1898
[Epoch 14/300] Iter [600/794] Loss: 0.1719
[Epoch 14/300] Iter [610/794] Loss: 0.3094
[Epoch 14/300] Iter [620/794] Loss: 0.1768
[Epoch 14/300] Iter [630/794] Loss: 0.1864
[Epoch 14/300] Iter [640/794] Loss: 0.2035
[Epoch 14/300] Iter [650/794] Loss: 0.3467
[Epoch 14/300] Iter [660/794] Loss: 0.2548
[Epoch 14/300] Iter [670/794] Loss: 0.2003
[Epoch 14/300] Iter [680/794] Loss: 0.2039
[Epoch 14/300] Iter [690/794] Loss: 0.2792
[Epoch 14/300] Iter [700/794] Loss: 0.3598
[Epoch 14/300] Iter [710/794] Loss: 0.1653
[Epoch 14/300] Iter [720/794] Loss: 0.2041
[Epoch 14/300] Iter [730/794] Loss: 0.2316
[Epoch 14/300] Iter [740/794] Loss: 0.2226
[Epoch 14/300] Iter [750/794] Loss: 0.2478
[Epoch 14/300] Iter [760/794] Loss: 0.1891
[Epoch 14/300] Iter [770/794] Loss: 0.2349
[Epoch 14/300] Iter [780/794] Loss: 0.3013
[Epoch 14/300] Iter [790/794] Loss: 0.1769
Epoch [14/300] Validation Loss: 0.4053
No improvement for 10 epoch(s).
Early stopping triggered at epoch 14
Training complete!
Test Accuracy: 22.05%
