===== Training Config =====
Dataset:        emnist
EMNIST Split:   balanced
Model:          lenet
BatchSize:      128
Epochs:         300
LR:             0.0022
Patience:       10
NumClasses:     47
SaveDir:        /scratch/gilbreth/hu953/cs57800/pth
Noise Std:      30.0
Noise Type:     gaussian
===========================
[Epoch 1/300] Iter [10/794] Loss: 3.3527
[Epoch 1/300] Iter [20/794] Loss: 2.7499
[Epoch 1/300] Iter [30/794] Loss: 2.0265
[Epoch 1/300] Iter [40/794] Loss: 1.3886
[Epoch 1/300] Iter [50/794] Loss: 1.2919
[Epoch 1/300] Iter [60/794] Loss: 0.9746
[Epoch 1/300] Iter [70/794] Loss: 0.8576
[Epoch 1/300] Iter [80/794] Loss: 0.8735
[Epoch 1/300] Iter [90/794] Loss: 0.8063
[Epoch 1/300] Iter [100/794] Loss: 0.7893
[Epoch 1/300] Iter [110/794] Loss: 0.8710
[Epoch 1/300] Iter [120/794] Loss: 0.6575
[Epoch 1/300] Iter [130/794] Loss: 0.7608
[Epoch 1/300] Iter [140/794] Loss: 0.6238
[Epoch 1/300] Iter [150/794] Loss: 0.5277
[Epoch 1/300] Iter [160/794] Loss: 0.5667
[Epoch 1/300] Iter [170/794] Loss: 0.7184
[Epoch 1/300] Iter [180/794] Loss: 0.5424
[Epoch 1/300] Iter [190/794] Loss: 0.6771
[Epoch 1/300] Iter [200/794] Loss: 0.6223
[Epoch 1/300] Iter [210/794] Loss: 0.5007
[Epoch 1/300] Iter [220/794] Loss: 0.6938
[Epoch 1/300] Iter [230/794] Loss: 0.6939
[Epoch 1/300] Iter [240/794] Loss: 0.5933
[Epoch 1/300] Iter [250/794] Loss: 0.7238
[Epoch 1/300] Iter [260/794] Loss: 0.5004
[Epoch 1/300] Iter [270/794] Loss: 0.5394
[Epoch 1/300] Iter [280/794] Loss: 0.5025
[Epoch 1/300] Iter [290/794] Loss: 0.5520
[Epoch 1/300] Iter [300/794] Loss: 0.4525
[Epoch 1/300] Iter [310/794] Loss: 0.6645
[Epoch 1/300] Iter [320/794] Loss: 0.4135
[Epoch 1/300] Iter [330/794] Loss: 0.3978
[Epoch 1/300] Iter [340/794] Loss: 0.5977
[Epoch 1/300] Iter [350/794] Loss: 0.4389
[Epoch 1/300] Iter [360/794] Loss: 0.7292
[Epoch 1/300] Iter [370/794] Loss: 0.4273
[Epoch 1/300] Iter [380/794] Loss: 0.4347
[Epoch 1/300] Iter [390/794] Loss: 0.3889
[Epoch 1/300] Iter [400/794] Loss: 0.4129
[Epoch 1/300] Iter [410/794] Loss: 0.4844
[Epoch 1/300] Iter [420/794] Loss: 0.6896
[Epoch 1/300] Iter [430/794] Loss: 0.6556
[Epoch 1/300] Iter [440/794] Loss: 0.6245
[Epoch 1/300] Iter [450/794] Loss: 0.3951
[Epoch 1/300] Iter [460/794] Loss: 0.4673
[Epoch 1/300] Iter [470/794] Loss: 0.5623
[Epoch 1/300] Iter [480/794] Loss: 0.3522
[Epoch 1/300] Iter [490/794] Loss: 0.5279
[Epoch 1/300] Iter [500/794] Loss: 0.4577
[Epoch 1/300] Iter [510/794] Loss: 0.4869
[Epoch 1/300] Iter [520/794] Loss: 0.4369
[Epoch 1/300] Iter [530/794] Loss: 0.4153
[Epoch 1/300] Iter [540/794] Loss: 0.4408
[Epoch 1/300] Iter [550/794] Loss: 0.3600
[Epoch 1/300] Iter [560/794] Loss: 0.3656
[Epoch 1/300] Iter [570/794] Loss: 0.4843
[Epoch 1/300] Iter [580/794] Loss: 0.5285
[Epoch 1/300] Iter [590/794] Loss: 0.3889
[Epoch 1/300] Iter [600/794] Loss: 0.4552
[Epoch 1/300] Iter [610/794] Loss: 0.3576
[Epoch 1/300] Iter [620/794] Loss: 0.3835
[Epoch 1/300] Iter [630/794] Loss: 0.4520
[Epoch 1/300] Iter [640/794] Loss: 0.6511
[Epoch 1/300] Iter [650/794] Loss: 0.5975
[Epoch 1/300] Iter [660/794] Loss: 0.4554
[Epoch 1/300] Iter [670/794] Loss: 0.4830
[Epoch 1/300] Iter [680/794] Loss: 0.5201
[Epoch 1/300] Iter [690/794] Loss: 0.5703
[Epoch 1/300] Iter [700/794] Loss: 0.3954
[Epoch 1/300] Iter [710/794] Loss: 0.4318
[Epoch 1/300] Iter [720/794] Loss: 0.3540
[Epoch 1/300] Iter [730/794] Loss: 0.3098
[Epoch 1/300] Iter [740/794] Loss: 0.3264
[Epoch 1/300] Iter [750/794] Loss: 0.5087
[Epoch 1/300] Iter [760/794] Loss: 0.4650
[Epoch 1/300] Iter [770/794] Loss: 0.4412
[Epoch 1/300] Iter [780/794] Loss: 0.4107
[Epoch 1/300] Iter [790/794] Loss: 0.5723
Epoch [1/300] Validation Loss: 0.4396
[Epoch 2/300] Iter [10/794] Loss: 0.5743
[Epoch 2/300] Iter [20/794] Loss: 0.4809
[Epoch 2/300] Iter [30/794] Loss: 0.3111
[Epoch 2/300] Iter [40/794] Loss: 0.4566
[Epoch 2/300] Iter [50/794] Loss: 0.4127
[Epoch 2/300] Iter [60/794] Loss: 0.3487
[Epoch 2/300] Iter [70/794] Loss: 0.3505
[Epoch 2/300] Iter [80/794] Loss: 0.2879
[Epoch 2/300] Iter [90/794] Loss: 0.3069
[Epoch 2/300] Iter [100/794] Loss: 0.4739
[Epoch 2/300] Iter [110/794] Loss: 0.3644
[Epoch 2/300] Iter [120/794] Loss: 0.5088
[Epoch 2/300] Iter [130/794] Loss: 0.3652
[Epoch 2/300] Iter [140/794] Loss: 0.4008
[Epoch 2/300] Iter [150/794] Loss: 0.3979
[Epoch 2/300] Iter [160/794] Loss: 0.4347
[Epoch 2/300] Iter [170/794] Loss: 0.3389
[Epoch 2/300] Iter [180/794] Loss: 0.4140
[Epoch 2/300] Iter [190/794] Loss: 0.3651
[Epoch 2/300] Iter [200/794] Loss: 0.2497
[Epoch 2/300] Iter [210/794] Loss: 0.3149
[Epoch 2/300] Iter [220/794] Loss: 0.3135
[Epoch 2/300] Iter [230/794] Loss: 0.3214
[Epoch 2/300] Iter [240/794] Loss: 0.3633
[Epoch 2/300] Iter [250/794] Loss: 0.3315
[Epoch 2/300] Iter [260/794] Loss: 0.5159
[Epoch 2/300] Iter [270/794] Loss: 0.2554
[Epoch 2/300] Iter [280/794] Loss: 0.6171
[Epoch 2/300] Iter [290/794] Loss: 0.4118
[Epoch 2/300] Iter [300/794] Loss: 0.3537
[Epoch 2/300] Iter [310/794] Loss: 0.2976
[Epoch 2/300] Iter [320/794] Loss: 0.3658
[Epoch 2/300] Iter [330/794] Loss: 0.3982
[Epoch 2/300] Iter [340/794] Loss: 0.5344
[Epoch 2/300] Iter [350/794] Loss: 0.3527
[Epoch 2/300] Iter [360/794] Loss: 0.2948
[Epoch 2/300] Iter [370/794] Loss: 0.3974
[Epoch 2/300] Iter [380/794] Loss: 0.3232
[Epoch 2/300] Iter [390/794] Loss: 0.4609
[Epoch 2/300] Iter [400/794] Loss: 0.4725
[Epoch 2/300] Iter [410/794] Loss: 0.4732
[Epoch 2/300] Iter [420/794] Loss: 0.4005
[Epoch 2/300] Iter [430/794] Loss: 0.5438
[Epoch 2/300] Iter [440/794] Loss: 0.3951
[Epoch 2/300] Iter [450/794] Loss: 0.4254
[Epoch 2/300] Iter [460/794] Loss: 0.4636
[Epoch 2/300] Iter [470/794] Loss: 0.4745
[Epoch 2/300] Iter [480/794] Loss: 0.3319
[Epoch 2/300] Iter [490/794] Loss: 0.3699
[Epoch 2/300] Iter [500/794] Loss: 0.3192
[Epoch 2/300] Iter [510/794] Loss: 0.2733
[Epoch 2/300] Iter [520/794] Loss: 0.3886
[Epoch 2/300] Iter [530/794] Loss: 0.3060
[Epoch 2/300] Iter [540/794] Loss: 0.3744
[Epoch 2/300] Iter [550/794] Loss: 0.3157
[Epoch 2/300] Iter [560/794] Loss: 0.3072
[Epoch 2/300] Iter [570/794] Loss: 0.3388
[Epoch 2/300] Iter [580/794] Loss: 0.3057
[Epoch 2/300] Iter [590/794] Loss: 0.3641
[Epoch 2/300] Iter [600/794] Loss: 0.3151
[Epoch 2/300] Iter [610/794] Loss: 0.3232
[Epoch 2/300] Iter [620/794] Loss: 0.5344
[Epoch 2/300] Iter [630/794] Loss: 0.3699
[Epoch 2/300] Iter [640/794] Loss: 0.3714
[Epoch 2/300] Iter [650/794] Loss: 0.2396
[Epoch 2/300] Iter [660/794] Loss: 0.3359
[Epoch 2/300] Iter [670/794] Loss: 0.2534
[Epoch 2/300] Iter [680/794] Loss: 0.3090
[Epoch 2/300] Iter [690/794] Loss: 0.4014
[Epoch 2/300] Iter [700/794] Loss: 0.4280
[Epoch 2/300] Iter [710/794] Loss: 0.3441
[Epoch 2/300] Iter [720/794] Loss: 0.3999
[Epoch 2/300] Iter [730/794] Loss: 0.3211
[Epoch 2/300] Iter [740/794] Loss: 0.2520
[Epoch 2/300] Iter [750/794] Loss: 0.3122
[Epoch 2/300] Iter [760/794] Loss: 0.5648
[Epoch 2/300] Iter [770/794] Loss: 0.3482
[Epoch 2/300] Iter [780/794] Loss: 0.5588
[Epoch 2/300] Iter [790/794] Loss: 0.3850
Epoch [2/300] Validation Loss: 0.4066
[Epoch 3/300] Iter [10/794] Loss: 0.4491
[Epoch 3/300] Iter [20/794] Loss: 0.3939
[Epoch 3/300] Iter [30/794] Loss: 0.3581
[Epoch 3/300] Iter [40/794] Loss: 0.3798
[Epoch 3/300] Iter [50/794] Loss: 0.3705
[Epoch 3/300] Iter [60/794] Loss: 0.3225
[Epoch 3/300] Iter [70/794] Loss: 0.2910
[Epoch 3/300] Iter [80/794] Loss: 0.3373
[Epoch 3/300] Iter [90/794] Loss: 0.3441
[Epoch 3/300] Iter [100/794] Loss: 0.2517
[Epoch 3/300] Iter [110/794] Loss: 0.3505
[Epoch 3/300] Iter [120/794] Loss: 0.4183
[Epoch 3/300] Iter [130/794] Loss: 0.3330
[Epoch 3/300] Iter [140/794] Loss: 0.2286
[Epoch 3/300] Iter [150/794] Loss: 0.3532
[Epoch 3/300] Iter [160/794] Loss: 0.3589
[Epoch 3/300] Iter [170/794] Loss: 0.2810
[Epoch 3/300] Iter [180/794] Loss: 0.2893
[Epoch 3/300] Iter [190/794] Loss: 0.3181
[Epoch 3/300] Iter [200/794] Loss: 0.4603
[Epoch 3/300] Iter [210/794] Loss: 0.4229
[Epoch 3/300] Iter [220/794] Loss: 0.3110
[Epoch 3/300] Iter [230/794] Loss: 0.3526
[Epoch 3/300] Iter [240/794] Loss: 0.3002
[Epoch 3/300] Iter [250/794] Loss: 0.4614
[Epoch 3/300] Iter [260/794] Loss: 0.4052
[Epoch 3/300] Iter [270/794] Loss: 0.4291
[Epoch 3/300] Iter [280/794] Loss: 0.3473
[Epoch 3/300] Iter [290/794] Loss: 0.4418
[Epoch 3/300] Iter [300/794] Loss: 0.3647
[Epoch 3/300] Iter [310/794] Loss: 0.2559
[Epoch 3/300] Iter [320/794] Loss: 0.4265
[Epoch 3/300] Iter [330/794] Loss: 0.3438
[Epoch 3/300] Iter [340/794] Loss: 0.5423
[Epoch 3/300] Iter [350/794] Loss: 0.3582
[Epoch 3/300] Iter [360/794] Loss: 0.3906
[Epoch 3/300] Iter [370/794] Loss: 0.4008
[Epoch 3/300] Iter [380/794] Loss: 0.3321
[Epoch 3/300] Iter [390/794] Loss: 0.5945
[Epoch 3/300] Iter [400/794] Loss: 0.2644
[Epoch 3/300] Iter [410/794] Loss: 0.4314
[Epoch 3/300] Iter [420/794] Loss: 0.3988
[Epoch 3/300] Iter [430/794] Loss: 0.3350
[Epoch 3/300] Iter [440/794] Loss: 0.5712
[Epoch 3/300] Iter [450/794] Loss: 0.3130
[Epoch 3/300] Iter [460/794] Loss: 0.5057
[Epoch 3/300] Iter [470/794] Loss: 0.3207
[Epoch 3/300] Iter [480/794] Loss: 0.3428
[Epoch 3/300] Iter [490/794] Loss: 0.3049
[Epoch 3/300] Iter [500/794] Loss: 0.3579
[Epoch 3/300] Iter [510/794] Loss: 0.2949
[Epoch 3/300] Iter [520/794] Loss: 0.2983
[Epoch 3/300] Iter [530/794] Loss: 0.3155
[Epoch 3/300] Iter [540/794] Loss: 0.4300
[Epoch 3/300] Iter [550/794] Loss: 0.3208
[Epoch 3/300] Iter [560/794] Loss: 0.2996
[Epoch 3/300] Iter [570/794] Loss: 0.4973
[Epoch 3/300] Iter [580/794] Loss: 0.2530
[Epoch 3/300] Iter [590/794] Loss: 0.4391
[Epoch 3/300] Iter [600/794] Loss: 0.3762
[Epoch 3/300] Iter [610/794] Loss: 0.3780
[Epoch 3/300] Iter [620/794] Loss: 0.3727
[Epoch 3/300] Iter [630/794] Loss: 0.3434
[Epoch 3/300] Iter [640/794] Loss: 0.3419
[Epoch 3/300] Iter [650/794] Loss: 0.5017
[Epoch 3/300] Iter [660/794] Loss: 0.2548
[Epoch 3/300] Iter [670/794] Loss: 0.3495
[Epoch 3/300] Iter [680/794] Loss: 0.2459
[Epoch 3/300] Iter [690/794] Loss: 0.3762
[Epoch 3/300] Iter [700/794] Loss: 0.3704
[Epoch 3/300] Iter [710/794] Loss: 0.3181
[Epoch 3/300] Iter [720/794] Loss: 0.3770
[Epoch 3/300] Iter [730/794] Loss: 0.3141
[Epoch 3/300] Iter [740/794] Loss: 0.2735
[Epoch 3/300] Iter [750/794] Loss: 0.3340
[Epoch 3/300] Iter [760/794] Loss: 0.4336
[Epoch 3/300] Iter [770/794] Loss: 0.3906
[Epoch 3/300] Iter [780/794] Loss: 0.3564
[Epoch 3/300] Iter [790/794] Loss: 0.4918
Epoch [3/300] Validation Loss: 0.4085
No improvement for 1 epoch(s).
[Epoch 4/300] Iter [10/794] Loss: 0.2554
[Epoch 4/300] Iter [20/794] Loss: 0.3669
[Epoch 4/300] Iter [30/794] Loss: 0.3780
[Epoch 4/300] Iter [40/794] Loss: 0.3067
[Epoch 4/300] Iter [50/794] Loss: 0.2554
[Epoch 4/300] Iter [60/794] Loss: 0.3235
[Epoch 4/300] Iter [70/794] Loss: 0.3906
[Epoch 4/300] Iter [80/794] Loss: 0.3712
[Epoch 4/300] Iter [90/794] Loss: 0.2343
[Epoch 4/300] Iter [100/794] Loss: 0.2992
[Epoch 4/300] Iter [110/794] Loss: 0.2188
[Epoch 4/300] Iter [120/794] Loss: 0.3104
[Epoch 4/300] Iter [130/794] Loss: 0.2637
[Epoch 4/300] Iter [140/794] Loss: 0.2358
[Epoch 4/300] Iter [150/794] Loss: 0.2925
[Epoch 4/300] Iter [160/794] Loss: 0.3467
[Epoch 4/300] Iter [170/794] Loss: 0.2250
[Epoch 4/300] Iter [180/794] Loss: 0.2805
[Epoch 4/300] Iter [190/794] Loss: 0.3436
[Epoch 4/300] Iter [200/794] Loss: 0.3691
[Epoch 4/300] Iter [210/794] Loss: 0.2722
[Epoch 4/300] Iter [220/794] Loss: 0.2705
[Epoch 4/300] Iter [230/794] Loss: 0.3464
[Epoch 4/300] Iter [240/794] Loss: 0.3195
[Epoch 4/300] Iter [250/794] Loss: 0.2195
[Epoch 4/300] Iter [260/794] Loss: 0.3293
[Epoch 4/300] Iter [270/794] Loss: 0.3210
[Epoch 4/300] Iter [280/794] Loss: 0.3821
[Epoch 4/300] Iter [290/794] Loss: 0.3126
[Epoch 4/300] Iter [300/794] Loss: 0.3134
[Epoch 4/300] Iter [310/794] Loss: 0.3066
[Epoch 4/300] Iter [320/794] Loss: 0.3538
[Epoch 4/300] Iter [330/794] Loss: 0.2697
[Epoch 4/300] Iter [340/794] Loss: 0.2432
[Epoch 4/300] Iter [350/794] Loss: 0.4002
[Epoch 4/300] Iter [360/794] Loss: 0.3360
[Epoch 4/300] Iter [370/794] Loss: 0.2844
[Epoch 4/300] Iter [380/794] Loss: 0.2946
[Epoch 4/300] Iter [390/794] Loss: 0.4382
[Epoch 4/300] Iter [400/794] Loss: 0.4645
[Epoch 4/300] Iter [410/794] Loss: 0.3411
[Epoch 4/300] Iter [420/794] Loss: 0.2107
[Epoch 4/300] Iter [430/794] Loss: 0.3162
[Epoch 4/300] Iter [440/794] Loss: 0.3324
[Epoch 4/300] Iter [450/794] Loss: 0.3015
[Epoch 4/300] Iter [460/794] Loss: 0.2899
[Epoch 4/300] Iter [470/794] Loss: 0.3337
[Epoch 4/300] Iter [480/794] Loss: 0.5574
[Epoch 4/300] Iter [490/794] Loss: 0.3658
[Epoch 4/300] Iter [500/794] Loss: 0.3454
[Epoch 4/300] Iter [510/794] Loss: 0.2797
[Epoch 4/300] Iter [520/794] Loss: 0.4156
[Epoch 4/300] Iter [530/794] Loss: 0.3816
[Epoch 4/300] Iter [540/794] Loss: 0.3367
[Epoch 4/300] Iter [550/794] Loss: 0.3176
[Epoch 4/300] Iter [560/794] Loss: 0.2491
[Epoch 4/300] Iter [570/794] Loss: 0.2593
[Epoch 4/300] Iter [580/794] Loss: 0.3938
[Epoch 4/300] Iter [590/794] Loss: 0.3160
[Epoch 4/300] Iter [600/794] Loss: 0.2968
[Epoch 4/300] Iter [610/794] Loss: 0.2814
[Epoch 4/300] Iter [620/794] Loss: 0.3841
[Epoch 4/300] Iter [630/794] Loss: 0.4996
[Epoch 4/300] Iter [640/794] Loss: 0.3122
[Epoch 4/300] Iter [650/794] Loss: 0.2191
[Epoch 4/300] Iter [660/794] Loss: 0.3393
[Epoch 4/300] Iter [670/794] Loss: 0.1664
[Epoch 4/300] Iter [680/794] Loss: 0.3310
[Epoch 4/300] Iter [690/794] Loss: 0.3860
[Epoch 4/300] Iter [700/794] Loss: 0.3938
[Epoch 4/300] Iter [710/794] Loss: 0.2902
[Epoch 4/300] Iter [720/794] Loss: 0.3578
[Epoch 4/300] Iter [730/794] Loss: 0.2083
[Epoch 4/300] Iter [740/794] Loss: 0.3294
[Epoch 4/300] Iter [750/794] Loss: 0.2549
[Epoch 4/300] Iter [760/794] Loss: 0.3448
[Epoch 4/300] Iter [770/794] Loss: 0.3222
[Epoch 4/300] Iter [780/794] Loss: 0.2669
[Epoch 4/300] Iter [790/794] Loss: 0.3585
Epoch [4/300] Validation Loss: 0.3704
[Epoch 5/300] Iter [10/794] Loss: 0.2970
[Epoch 5/300] Iter [20/794] Loss: 0.3525
[Epoch 5/300] Iter [30/794] Loss: 0.3561
[Epoch 5/300] Iter [40/794] Loss: 0.2321
[Epoch 5/300] Iter [50/794] Loss: 0.3523
[Epoch 5/300] Iter [60/794] Loss: 0.2588
[Epoch 5/300] Iter [70/794] Loss: 0.3200
[Epoch 5/300] Iter [80/794] Loss: 0.2341
[Epoch 5/300] Iter [90/794] Loss: 0.3050
[Epoch 5/300] Iter [100/794] Loss: 0.3111
[Epoch 5/300] Iter [110/794] Loss: 0.3446
[Epoch 5/300] Iter [120/794] Loss: 0.2608
[Epoch 5/300] Iter [130/794] Loss: 0.3151
[Epoch 5/300] Iter [140/794] Loss: 0.3282
[Epoch 5/300] Iter [150/794] Loss: 0.2487
[Epoch 5/300] Iter [160/794] Loss: 0.2284
[Epoch 5/300] Iter [170/794] Loss: 0.2875
[Epoch 5/300] Iter [180/794] Loss: 0.1831
[Epoch 5/300] Iter [190/794] Loss: 0.3393
[Epoch 5/300] Iter [200/794] Loss: 0.2255
[Epoch 5/300] Iter [210/794] Loss: 0.2656
[Epoch 5/300] Iter [220/794] Loss: 0.2882
[Epoch 5/300] Iter [230/794] Loss: 0.2741
[Epoch 5/300] Iter [240/794] Loss: 0.3498
[Epoch 5/300] Iter [250/794] Loss: 0.2742
[Epoch 5/300] Iter [260/794] Loss: 0.2732
[Epoch 5/300] Iter [270/794] Loss: 0.2591
[Epoch 5/300] Iter [280/794] Loss: 0.2474
[Epoch 5/300] Iter [290/794] Loss: 0.2234
[Epoch 5/300] Iter [300/794] Loss: 0.2553
[Epoch 5/300] Iter [310/794] Loss: 0.2089
[Epoch 5/300] Iter [320/794] Loss: 0.2036
[Epoch 5/300] Iter [330/794] Loss: 0.2938
[Epoch 5/300] Iter [340/794] Loss: 0.2281
[Epoch 5/300] Iter [350/794] Loss: 0.3076
[Epoch 5/300] Iter [360/794] Loss: 0.2165
[Epoch 5/300] Iter [370/794] Loss: 0.3597
[Epoch 5/300] Iter [380/794] Loss: 0.3079
[Epoch 5/300] Iter [390/794] Loss: 0.3661
[Epoch 5/300] Iter [400/794] Loss: 0.5199
[Epoch 5/300] Iter [410/794] Loss: 0.2665
[Epoch 5/300] Iter [420/794] Loss: 0.2315
[Epoch 5/300] Iter [430/794] Loss: 0.3350
[Epoch 5/300] Iter [440/794] Loss: 0.2130
[Epoch 5/300] Iter [450/794] Loss: 0.3840
[Epoch 5/300] Iter [460/794] Loss: 0.2736
[Epoch 5/300] Iter [470/794] Loss: 0.2506
[Epoch 5/300] Iter [480/794] Loss: 0.3047
[Epoch 5/300] Iter [490/794] Loss: 0.2330
[Epoch 5/300] Iter [500/794] Loss: 0.3360
[Epoch 5/300] Iter [510/794] Loss: 0.2719
[Epoch 5/300] Iter [520/794] Loss: 0.3030
[Epoch 5/300] Iter [530/794] Loss: 0.2760
[Epoch 5/300] Iter [540/794] Loss: 0.4161
[Epoch 5/300] Iter [550/794] Loss: 0.2525
[Epoch 5/300] Iter [560/794] Loss: 0.3037
[Epoch 5/300] Iter [570/794] Loss: 0.3884
[Epoch 5/300] Iter [580/794] Loss: 0.2169
[Epoch 5/300] Iter [590/794] Loss: 0.3847
[Epoch 5/300] Iter [600/794] Loss: 0.3223
[Epoch 5/300] Iter [610/794] Loss: 0.3588
[Epoch 5/300] Iter [620/794] Loss: 0.3162
[Epoch 5/300] Iter [630/794] Loss: 0.2455
[Epoch 5/300] Iter [640/794] Loss: 0.3118
[Epoch 5/300] Iter [650/794] Loss: 0.1257
[Epoch 5/300] Iter [660/794] Loss: 0.2829
[Epoch 5/300] Iter [670/794] Loss: 0.2384
[Epoch 5/300] Iter [680/794] Loss: 0.1933
[Epoch 5/300] Iter [690/794] Loss: 0.2498
[Epoch 5/300] Iter [700/794] Loss: 0.2964
[Epoch 5/300] Iter [710/794] Loss: 0.2931
[Epoch 5/300] Iter [720/794] Loss: 0.5091
[Epoch 5/300] Iter [730/794] Loss: 0.2214
[Epoch 5/300] Iter [740/794] Loss: 0.2360
[Epoch 5/300] Iter [750/794] Loss: 0.3818
[Epoch 5/300] Iter [760/794] Loss: 0.2900
[Epoch 5/300] Iter [770/794] Loss: 0.2623
[Epoch 5/300] Iter [780/794] Loss: 0.3712
[Epoch 5/300] Iter [790/794] Loss: 0.3958
Epoch [5/300] Validation Loss: 0.3637
[Epoch 6/300] Iter [10/794] Loss: 0.3006
[Epoch 6/300] Iter [20/794] Loss: 0.2414
[Epoch 6/300] Iter [30/794] Loss: 0.2847
[Epoch 6/300] Iter [40/794] Loss: 0.2544
[Epoch 6/300] Iter [50/794] Loss: 0.2426
[Epoch 6/300] Iter [60/794] Loss: 0.3857
[Epoch 6/300] Iter [70/794] Loss: 0.2320
[Epoch 6/300] Iter [80/794] Loss: 0.3588
[Epoch 6/300] Iter [90/794] Loss: 0.2457
[Epoch 6/300] Iter [100/794] Loss: 0.2020
[Epoch 6/300] Iter [110/794] Loss: 0.1895
[Epoch 6/300] Iter [120/794] Loss: 0.2422
[Epoch 6/300] Iter [130/794] Loss: 0.2498
[Epoch 6/300] Iter [140/794] Loss: 0.2575
[Epoch 6/300] Iter [150/794] Loss: 0.3331
[Epoch 6/300] Iter [160/794] Loss: 0.4030
[Epoch 6/300] Iter [170/794] Loss: 0.3090
[Epoch 6/300] Iter [180/794] Loss: 0.2929
[Epoch 6/300] Iter [190/794] Loss: 0.3245
[Epoch 6/300] Iter [200/794] Loss: 0.1766
[Epoch 6/300] Iter [210/794] Loss: 0.2839
[Epoch 6/300] Iter [220/794] Loss: 0.3035
[Epoch 6/300] Iter [230/794] Loss: 0.3127
[Epoch 6/300] Iter [240/794] Loss: 0.3150
[Epoch 6/300] Iter [250/794] Loss: 0.2369
[Epoch 6/300] Iter [260/794] Loss: 0.2345
[Epoch 6/300] Iter [270/794] Loss: 0.2455
[Epoch 6/300] Iter [280/794] Loss: 0.2757
[Epoch 6/300] Iter [290/794] Loss: 0.3246
[Epoch 6/300] Iter [300/794] Loss: 0.1993
[Epoch 6/300] Iter [310/794] Loss: 0.2181
[Epoch 6/300] Iter [320/794] Loss: 0.4613
[Epoch 6/300] Iter [330/794] Loss: 0.3535
[Epoch 6/300] Iter [340/794] Loss: 0.2868
[Epoch 6/300] Iter [350/794] Loss: 0.2430
[Epoch 6/300] Iter [360/794] Loss: 0.2749
[Epoch 6/300] Iter [370/794] Loss: 0.2273
[Epoch 6/300] Iter [380/794] Loss: 0.3641
[Epoch 6/300] Iter [390/794] Loss: 0.2427
[Epoch 6/300] Iter [400/794] Loss: 0.2231
[Epoch 6/300] Iter [410/794] Loss: 0.4392
[Epoch 6/300] Iter [420/794] Loss: 0.1599
[Epoch 6/300] Iter [430/794] Loss: 0.2779
[Epoch 6/300] Iter [440/794] Loss: 0.3920
[Epoch 6/300] Iter [450/794] Loss: 0.3807
[Epoch 6/300] Iter [460/794] Loss: 0.2424
[Epoch 6/300] Iter [470/794] Loss: 0.2390
[Epoch 6/300] Iter [480/794] Loss: 0.2472
[Epoch 6/300] Iter [490/794] Loss: 0.2577
[Epoch 6/300] Iter [500/794] Loss: 0.3179
[Epoch 6/300] Iter [510/794] Loss: 0.2222
[Epoch 6/300] Iter [520/794] Loss: 0.2962
[Epoch 6/300] Iter [530/794] Loss: 0.2977
[Epoch 6/300] Iter [540/794] Loss: 0.2615
[Epoch 6/300] Iter [550/794] Loss: 0.2474
[Epoch 6/300] Iter [560/794] Loss: 0.3873
[Epoch 6/300] Iter [570/794] Loss: 0.3143
[Epoch 6/300] Iter [580/794] Loss: 0.2811
[Epoch 6/300] Iter [590/794] Loss: 0.2059
[Epoch 6/300] Iter [600/794] Loss: 0.2233
[Epoch 6/300] Iter [610/794] Loss: 0.2118
[Epoch 6/300] Iter [620/794] Loss: 0.2554
[Epoch 6/300] Iter [630/794] Loss: 0.2412
[Epoch 6/300] Iter [640/794] Loss: 0.2064
[Epoch 6/300] Iter [650/794] Loss: 0.3288
[Epoch 6/300] Iter [660/794] Loss: 0.1919
[Epoch 6/300] Iter [670/794] Loss: 0.4572
[Epoch 6/300] Iter [680/794] Loss: 0.1890
[Epoch 6/300] Iter [690/794] Loss: 0.3415
[Epoch 6/300] Iter [700/794] Loss: 0.3631
[Epoch 6/300] Iter [710/794] Loss: 0.2718
[Epoch 6/300] Iter [720/794] Loss: 0.3281
[Epoch 6/300] Iter [730/794] Loss: 0.2636
[Epoch 6/300] Iter [740/794] Loss: 0.3349
[Epoch 6/300] Iter [750/794] Loss: 0.2399
[Epoch 6/300] Iter [760/794] Loss: 0.1786
[Epoch 6/300] Iter [770/794] Loss: 0.1696
[Epoch 6/300] Iter [780/794] Loss: 0.2511
[Epoch 6/300] Iter [790/794] Loss: 0.3480
Epoch [6/300] Validation Loss: 0.3669
No improvement for 1 epoch(s).
[Epoch 7/300] Iter [10/794] Loss: 0.3527
[Epoch 7/300] Iter [20/794] Loss: 0.2311
[Epoch 7/300] Iter [30/794] Loss: 0.2113
[Epoch 7/300] Iter [40/794] Loss: 0.2481
[Epoch 7/300] Iter [50/794] Loss: 0.1691
[Epoch 7/300] Iter [60/794] Loss: 0.1986
[Epoch 7/300] Iter [70/794] Loss: 0.2130
[Epoch 7/300] Iter [80/794] Loss: 0.3652
[Epoch 7/300] Iter [90/794] Loss: 0.2572
[Epoch 7/300] Iter [100/794] Loss: 0.3867
[Epoch 7/300] Iter [110/794] Loss: 0.2217
[Epoch 7/300] Iter [120/794] Loss: 0.2483
[Epoch 7/300] Iter [130/794] Loss: 0.2881
[Epoch 7/300] Iter [140/794] Loss: 0.3441
[Epoch 7/300] Iter [150/794] Loss: 0.3442
[Epoch 7/300] Iter [160/794] Loss: 0.2903
[Epoch 7/300] Iter [170/794] Loss: 0.2681
[Epoch 7/300] Iter [180/794] Loss: 0.1977
[Epoch 7/300] Iter [190/794] Loss: 0.4616
[Epoch 7/300] Iter [200/794] Loss: 0.3396
[Epoch 7/300] Iter [210/794] Loss: 0.2214
[Epoch 7/300] Iter [220/794] Loss: 0.4278
[Epoch 7/300] Iter [230/794] Loss: 0.2245
[Epoch 7/300] Iter [240/794] Loss: 0.3326
[Epoch 7/300] Iter [250/794] Loss: 0.2362
[Epoch 7/300] Iter [260/794] Loss: 0.2094
[Epoch 7/300] Iter [270/794] Loss: 0.2396
[Epoch 7/300] Iter [280/794] Loss: 0.2283
[Epoch 7/300] Iter [290/794] Loss: 0.1991
[Epoch 7/300] Iter [300/794] Loss: 0.2239
[Epoch 7/300] Iter [310/794] Loss: 0.1938
[Epoch 7/300] Iter [320/794] Loss: 0.3642
[Epoch 7/300] Iter [330/794] Loss: 0.2630
[Epoch 7/300] Iter [340/794] Loss: 0.2068
[Epoch 7/300] Iter [350/794] Loss: 0.3874
[Epoch 7/300] Iter [360/794] Loss: 0.2703
[Epoch 7/300] Iter [370/794] Loss: 0.3239
[Epoch 7/300] Iter [380/794] Loss: 0.3271
[Epoch 7/300] Iter [390/794] Loss: 0.3882
[Epoch 7/300] Iter [400/794] Loss: 0.3558
[Epoch 7/300] Iter [410/794] Loss: 0.2179
[Epoch 7/300] Iter [420/794] Loss: 0.2222
[Epoch 7/300] Iter [430/794] Loss: 0.2832
[Epoch 7/300] Iter [440/794] Loss: 0.3162
[Epoch 7/300] Iter [450/794] Loss: 0.2367
[Epoch 7/300] Iter [460/794] Loss: 0.2473
[Epoch 7/300] Iter [470/794] Loss: 0.3366
[Epoch 7/300] Iter [480/794] Loss: 0.2951
[Epoch 7/300] Iter [490/794] Loss: 0.2795
[Epoch 7/300] Iter [500/794] Loss: 0.2590
[Epoch 7/300] Iter [510/794] Loss: 0.2741
[Epoch 7/300] Iter [520/794] Loss: 0.4186
[Epoch 7/300] Iter [530/794] Loss: 0.3190
[Epoch 7/300] Iter [540/794] Loss: 0.3372
[Epoch 7/300] Iter [550/794] Loss: 0.2728
[Epoch 7/300] Iter [560/794] Loss: 0.1311
[Epoch 7/300] Iter [570/794] Loss: 0.3733
[Epoch 7/300] Iter [580/794] Loss: 0.1988
[Epoch 7/300] Iter [590/794] Loss: 0.1844
[Epoch 7/300] Iter [600/794] Loss: 0.2143
[Epoch 7/300] Iter [610/794] Loss: 0.2382
[Epoch 7/300] Iter [620/794] Loss: 0.1866
[Epoch 7/300] Iter [630/794] Loss: 0.5188
[Epoch 7/300] Iter [640/794] Loss: 0.2653
[Epoch 7/300] Iter [650/794] Loss: 0.2782
[Epoch 7/300] Iter [660/794] Loss: 0.2253
[Epoch 7/300] Iter [670/794] Loss: 0.2459
[Epoch 7/300] Iter [680/794] Loss: 0.3949
[Epoch 7/300] Iter [690/794] Loss: 0.2812
[Epoch 7/300] Iter [700/794] Loss: 0.3153
[Epoch 7/300] Iter [710/794] Loss: 0.2867
[Epoch 7/300] Iter [720/794] Loss: 0.2272
[Epoch 7/300] Iter [730/794] Loss: 0.2198
[Epoch 7/300] Iter [740/794] Loss: 0.2478
[Epoch 7/300] Iter [750/794] Loss: 0.4215
[Epoch 7/300] Iter [760/794] Loss: 0.2793
[Epoch 7/300] Iter [770/794] Loss: 0.2213
[Epoch 7/300] Iter [780/794] Loss: 0.3517
[Epoch 7/300] Iter [790/794] Loss: 0.3083
Epoch [7/300] Validation Loss: 0.3728
No improvement for 2 epoch(s).
[Epoch 8/300] Iter [10/794] Loss: 0.2790
[Epoch 8/300] Iter [20/794] Loss: 0.3055
[Epoch 8/300] Iter [30/794] Loss: 0.1891
[Epoch 8/300] Iter [40/794] Loss: 0.1937
[Epoch 8/300] Iter [50/794] Loss: 0.2353
[Epoch 8/300] Iter [60/794] Loss: 0.1630
[Epoch 8/300] Iter [70/794] Loss: 0.1823
[Epoch 8/300] Iter [80/794] Loss: 0.1951
[Epoch 8/300] Iter [90/794] Loss: 0.2797
[Epoch 8/300] Iter [100/794] Loss: 0.1911
[Epoch 8/300] Iter [110/794] Loss: 0.2796
[Epoch 8/300] Iter [120/794] Loss: 0.2178
[Epoch 8/300] Iter [130/794] Loss: 0.2657
[Epoch 8/300] Iter [140/794] Loss: 0.2749
[Epoch 8/300] Iter [150/794] Loss: 0.3040
[Epoch 8/300] Iter [160/794] Loss: 0.2714
[Epoch 8/300] Iter [170/794] Loss: 0.3666
[Epoch 8/300] Iter [180/794] Loss: 0.3432
[Epoch 8/300] Iter [190/794] Loss: 0.1369
[Epoch 8/300] Iter [200/794] Loss: 0.1762
[Epoch 8/300] Iter [210/794] Loss: 0.2015
[Epoch 8/300] Iter [220/794] Loss: 0.3538
[Epoch 8/300] Iter [230/794] Loss: 0.4181
[Epoch 8/300] Iter [240/794] Loss: 0.2923
[Epoch 8/300] Iter [250/794] Loss: 0.3183
[Epoch 8/300] Iter [260/794] Loss: 0.2952
[Epoch 8/300] Iter [270/794] Loss: 0.2366
[Epoch 8/300] Iter [280/794] Loss: 0.2498
[Epoch 8/300] Iter [290/794] Loss: 0.3051
[Epoch 8/300] Iter [300/794] Loss: 0.4291
[Epoch 8/300] Iter [310/794] Loss: 0.2122
[Epoch 8/300] Iter [320/794] Loss: 0.2797
[Epoch 8/300] Iter [330/794] Loss: 0.2349
[Epoch 8/300] Iter [340/794] Loss: 0.1702
[Epoch 8/300] Iter [350/794] Loss: 0.2179
[Epoch 8/300] Iter [360/794] Loss: 0.3295
[Epoch 8/300] Iter [370/794] Loss: 0.2442
[Epoch 8/300] Iter [380/794] Loss: 0.2392
[Epoch 8/300] Iter [390/794] Loss: 0.1949
[Epoch 8/300] Iter [400/794] Loss: 0.2509
[Epoch 8/300] Iter [410/794] Loss: 0.4287
[Epoch 8/300] Iter [420/794] Loss: 0.2739
[Epoch 8/300] Iter [430/794] Loss: 0.2226
[Epoch 8/300] Iter [440/794] Loss: 0.2484
[Epoch 8/300] Iter [450/794] Loss: 0.1717
[Epoch 8/300] Iter [460/794] Loss: 0.2820
[Epoch 8/300] Iter [470/794] Loss: 0.2392
[Epoch 8/300] Iter [480/794] Loss: 0.2772
[Epoch 8/300] Iter [490/794] Loss: 0.3332
[Epoch 8/300] Iter [500/794] Loss: 0.3933
[Epoch 8/300] Iter [510/794] Loss: 0.4014
[Epoch 8/300] Iter [520/794] Loss: 0.3217
[Epoch 8/300] Iter [530/794] Loss: 0.2874
[Epoch 8/300] Iter [540/794] Loss: 0.2421
[Epoch 8/300] Iter [550/794] Loss: 0.3385
[Epoch 8/300] Iter [560/794] Loss: 0.1854
[Epoch 8/300] Iter [570/794] Loss: 0.2439
[Epoch 8/300] Iter [580/794] Loss: 0.2836
[Epoch 8/300] Iter [590/794] Loss: 0.2224
[Epoch 8/300] Iter [600/794] Loss: 0.3134
[Epoch 8/300] Iter [610/794] Loss: 0.1818
[Epoch 8/300] Iter [620/794] Loss: 0.2720
[Epoch 8/300] Iter [630/794] Loss: 0.2503
[Epoch 8/300] Iter [640/794] Loss: 0.2106
[Epoch 8/300] Iter [650/794] Loss: 0.2458
[Epoch 8/300] Iter [660/794] Loss: 0.3255
[Epoch 8/300] Iter [670/794] Loss: 0.1920
[Epoch 8/300] Iter [680/794] Loss: 0.1888
[Epoch 8/300] Iter [690/794] Loss: 0.3499
[Epoch 8/300] Iter [700/794] Loss: 0.2369
[Epoch 8/300] Iter [710/794] Loss: 0.4934
[Epoch 8/300] Iter [720/794] Loss: 0.2426
[Epoch 8/300] Iter [730/794] Loss: 0.4416
[Epoch 8/300] Iter [740/794] Loss: 0.2525
[Epoch 8/300] Iter [750/794] Loss: 0.1771
[Epoch 8/300] Iter [760/794] Loss: 0.2505
[Epoch 8/300] Iter [770/794] Loss: 0.3766
[Epoch 8/300] Iter [780/794] Loss: 0.2009
[Epoch 8/300] Iter [790/794] Loss: 0.2774
Epoch [8/300] Validation Loss: 0.3735
No improvement for 3 epoch(s).
[Epoch 9/300] Iter [10/794] Loss: 0.2896
[Epoch 9/300] Iter [20/794] Loss: 0.1869
[Epoch 9/300] Iter [30/794] Loss: 0.1850
[Epoch 9/300] Iter [40/794] Loss: 0.2022
[Epoch 9/300] Iter [50/794] Loss: 0.2611
[Epoch 9/300] Iter [60/794] Loss: 0.2449
[Epoch 9/300] Iter [70/794] Loss: 0.2571
[Epoch 9/300] Iter [80/794] Loss: 0.1863
[Epoch 9/300] Iter [90/794] Loss: 0.1545
[Epoch 9/300] Iter [100/794] Loss: 0.3852
[Epoch 9/300] Iter [110/794] Loss: 0.2709
[Epoch 9/300] Iter [120/794] Loss: 0.2114
[Epoch 9/300] Iter [130/794] Loss: 0.2775
[Epoch 9/300] Iter [140/794] Loss: 0.2452
[Epoch 9/300] Iter [150/794] Loss: 0.2201
[Epoch 9/300] Iter [160/794] Loss: 0.2346
[Epoch 9/300] Iter [170/794] Loss: 0.1720
[Epoch 9/300] Iter [180/794] Loss: 0.2070
[Epoch 9/300] Iter [190/794] Loss: 0.4062
[Epoch 9/300] Iter [200/794] Loss: 0.2425
[Epoch 9/300] Iter [210/794] Loss: 0.1741
[Epoch 9/300] Iter [220/794] Loss: 0.2248
[Epoch 9/300] Iter [230/794] Loss: 0.1750
[Epoch 9/300] Iter [240/794] Loss: 0.3553
[Epoch 9/300] Iter [250/794] Loss: 0.2128
[Epoch 9/300] Iter [260/794] Loss: 0.2635
[Epoch 9/300] Iter [270/794] Loss: 0.1793
[Epoch 9/300] Iter [280/794] Loss: 0.3034
[Epoch 9/300] Iter [290/794] Loss: 0.2470
[Epoch 9/300] Iter [300/794] Loss: 0.2352
[Epoch 9/300] Iter [310/794] Loss: 0.1865
[Epoch 9/300] Iter [320/794] Loss: 0.2843
[Epoch 9/300] Iter [330/794] Loss: 0.2513
[Epoch 9/300] Iter [340/794] Loss: 0.2414
[Epoch 9/300] Iter [350/794] Loss: 0.2197
[Epoch 9/300] Iter [360/794] Loss: 0.2833
[Epoch 9/300] Iter [370/794] Loss: 0.2854
[Epoch 9/300] Iter [380/794] Loss: 0.1943
[Epoch 9/300] Iter [390/794] Loss: 0.1984
[Epoch 9/300] Iter [400/794] Loss: 0.2174
[Epoch 9/300] Iter [410/794] Loss: 0.2276
[Epoch 9/300] Iter [420/794] Loss: 0.2818
[Epoch 9/300] Iter [430/794] Loss: 0.3455
[Epoch 9/300] Iter [440/794] Loss: 0.3304
[Epoch 9/300] Iter [450/794] Loss: 0.3082
[Epoch 9/300] Iter [460/794] Loss: 0.2366
[Epoch 9/300] Iter [470/794] Loss: 0.1827
[Epoch 9/300] Iter [480/794] Loss: 0.2359
[Epoch 9/300] Iter [490/794] Loss: 0.3067
[Epoch 9/300] Iter [500/794] Loss: 0.1999
[Epoch 9/300] Iter [510/794] Loss: 0.2373
[Epoch 9/300] Iter [520/794] Loss: 0.2183
[Epoch 9/300] Iter [530/794] Loss: 0.2523
[Epoch 9/300] Iter [540/794] Loss: 0.2989
[Epoch 9/300] Iter [550/794] Loss: 0.2195
[Epoch 9/300] Iter [560/794] Loss: 0.1539
[Epoch 9/300] Iter [570/794] Loss: 0.1989
[Epoch 9/300] Iter [580/794] Loss: 0.2728
[Epoch 9/300] Iter [590/794] Loss: 0.3240
[Epoch 9/300] Iter [600/794] Loss: 0.4054
[Epoch 9/300] Iter [610/794] Loss: 0.1754
[Epoch 9/300] Iter [620/794] Loss: 0.3609
[Epoch 9/300] Iter [630/794] Loss: 0.2696
[Epoch 9/300] Iter [640/794] Loss: 0.2459
[Epoch 9/300] Iter [650/794] Loss: 0.2938
[Epoch 9/300] Iter [660/794] Loss: 0.2981
[Epoch 9/300] Iter [670/794] Loss: 0.2578
[Epoch 9/300] Iter [680/794] Loss: 0.2706
[Epoch 9/300] Iter [690/794] Loss: 0.3182
[Epoch 9/300] Iter [700/794] Loss: 0.4126
[Epoch 9/300] Iter [710/794] Loss: 0.1844
[Epoch 9/300] Iter [720/794] Loss: 0.1680
[Epoch 9/300] Iter [730/794] Loss: 0.2660
[Epoch 9/300] Iter [740/794] Loss: 0.2619
[Epoch 9/300] Iter [750/794] Loss: 0.1708
[Epoch 9/300] Iter [760/794] Loss: 0.2013
[Epoch 9/300] Iter [770/794] Loss: 0.2575
[Epoch 9/300] Iter [780/794] Loss: 0.2595
[Epoch 9/300] Iter [790/794] Loss: 0.2541
Epoch [9/300] Validation Loss: 0.3934
No improvement for 4 epoch(s).
[Epoch 10/300] Iter [10/794] Loss: 0.3208
[Epoch 10/300] Iter [20/794] Loss: 0.3050
[Epoch 10/300] Iter [30/794] Loss: 0.1620
[Epoch 10/300] Iter [40/794] Loss: 0.2319
[Epoch 10/300] Iter [50/794] Loss: 0.2416
[Epoch 10/300] Iter [60/794] Loss: 0.2510
[Epoch 10/300] Iter [70/794] Loss: 0.3368
[Epoch 10/300] Iter [80/794] Loss: 0.1928
[Epoch 10/300] Iter [90/794] Loss: 0.1675
[Epoch 10/300] Iter [100/794] Loss: 0.2863
[Epoch 10/300] Iter [110/794] Loss: 0.2115
[Epoch 10/300] Iter [120/794] Loss: 0.3266
[Epoch 10/300] Iter [130/794] Loss: 0.1727
[Epoch 10/300] Iter [140/794] Loss: 0.1704
[Epoch 10/300] Iter [150/794] Loss: 0.1388
[Epoch 10/300] Iter [160/794] Loss: 0.1773
[Epoch 10/300] Iter [170/794] Loss: 0.2368
[Epoch 10/300] Iter [180/794] Loss: 0.2771
[Epoch 10/300] Iter [190/794] Loss: 0.2306
[Epoch 10/300] Iter [200/794] Loss: 0.2696
[Epoch 10/300] Iter [210/794] Loss: 0.2468
[Epoch 10/300] Iter [220/794] Loss: 0.2630
[Epoch 10/300] Iter [230/794] Loss: 0.2387
[Epoch 10/300] Iter [240/794] Loss: 0.1923
[Epoch 10/300] Iter [250/794] Loss: 0.3652
[Epoch 10/300] Iter [260/794] Loss: 0.2882
[Epoch 10/300] Iter [270/794] Loss: 0.2804
[Epoch 10/300] Iter [280/794] Loss: 0.2458
[Epoch 10/300] Iter [290/794] Loss: 0.1214
[Epoch 10/300] Iter [300/794] Loss: 0.2711
[Epoch 10/300] Iter [310/794] Loss: 0.1616
[Epoch 10/300] Iter [320/794] Loss: 0.2396
[Epoch 10/300] Iter [330/794] Loss: 0.3156
[Epoch 10/300] Iter [340/794] Loss: 0.2459
[Epoch 10/300] Iter [350/794] Loss: 0.2225
[Epoch 10/300] Iter [360/794] Loss: 0.3476
[Epoch 10/300] Iter [370/794] Loss: 0.1668
[Epoch 10/300] Iter [380/794] Loss: 0.2094
[Epoch 10/300] Iter [390/794] Loss: 0.1494
[Epoch 10/300] Iter [400/794] Loss: 0.2729
[Epoch 10/300] Iter [410/794] Loss: 0.2546
[Epoch 10/300] Iter [420/794] Loss: 0.2071
[Epoch 10/300] Iter [430/794] Loss: 0.1985
[Epoch 10/300] Iter [440/794] Loss: 0.1934
[Epoch 10/300] Iter [450/794] Loss: 0.2310
[Epoch 10/300] Iter [460/794] Loss: 0.2076
[Epoch 10/300] Iter [470/794] Loss: 0.2011
[Epoch 10/300] Iter [480/794] Loss: 0.1691
[Epoch 10/300] Iter [490/794] Loss: 0.1673
[Epoch 10/300] Iter [500/794] Loss: 0.3314
[Epoch 10/300] Iter [510/794] Loss: 0.2239
[Epoch 10/300] Iter [520/794] Loss: 0.2415
[Epoch 10/300] Iter [530/794] Loss: 0.3243
[Epoch 10/300] Iter [540/794] Loss: 0.3051
[Epoch 10/300] Iter [550/794] Loss: 0.2321
[Epoch 10/300] Iter [560/794] Loss: 0.1086
[Epoch 10/300] Iter [570/794] Loss: 0.2890
[Epoch 10/300] Iter [580/794] Loss: 0.4155
[Epoch 10/300] Iter [590/794] Loss: 0.2438
[Epoch 10/300] Iter [600/794] Loss: 0.1960
[Epoch 10/300] Iter [610/794] Loss: 0.1926
[Epoch 10/300] Iter [620/794] Loss: 0.2158
[Epoch 10/300] Iter [630/794] Loss: 0.3177
[Epoch 10/300] Iter [640/794] Loss: 0.3392
[Epoch 10/300] Iter [650/794] Loss: 0.2953
[Epoch 10/300] Iter [660/794] Loss: 0.2021
[Epoch 10/300] Iter [670/794] Loss: 0.2869
[Epoch 10/300] Iter [680/794] Loss: 0.3403
[Epoch 10/300] Iter [690/794] Loss: 0.2793
[Epoch 10/300] Iter [700/794] Loss: 0.2802
[Epoch 10/300] Iter [710/794] Loss: 0.3139
[Epoch 10/300] Iter [720/794] Loss: 0.2848
[Epoch 10/300] Iter [730/794] Loss: 0.1999
[Epoch 10/300] Iter [740/794] Loss: 0.1856
[Epoch 10/300] Iter [750/794] Loss: 0.2617
[Epoch 10/300] Iter [760/794] Loss: 0.3220
[Epoch 10/300] Iter [770/794] Loss: 0.2403
[Epoch 10/300] Iter [780/794] Loss: 0.1836
[Epoch 10/300] Iter [790/794] Loss: 0.2697
Epoch [10/300] Validation Loss: 0.3821
No improvement for 5 epoch(s).
[Epoch 11/300] Iter [10/794] Loss: 0.1243
[Epoch 11/300] Iter [20/794] Loss: 0.1957
[Epoch 11/300] Iter [30/794] Loss: 0.3096
[Epoch 11/300] Iter [40/794] Loss: 0.2560
[Epoch 11/300] Iter [50/794] Loss: 0.3071
[Epoch 11/300] Iter [60/794] Loss: 0.2472
[Epoch 11/300] Iter [70/794] Loss: 0.2270
[Epoch 11/300] Iter [80/794] Loss: 0.1246
[Epoch 11/300] Iter [90/794] Loss: 0.2170
[Epoch 11/300] Iter [100/794] Loss: 0.4101
[Epoch 11/300] Iter [110/794] Loss: 0.1445
[Epoch 11/300] Iter [120/794] Loss: 0.2379
[Epoch 11/300] Iter [130/794] Loss: 0.1978
[Epoch 11/300] Iter [140/794] Loss: 0.1603
[Epoch 11/300] Iter [150/794] Loss: 0.1426
[Epoch 11/300] Iter [160/794] Loss: 0.2185
[Epoch 11/300] Iter [170/794] Loss: 0.2458
[Epoch 11/300] Iter [180/794] Loss: 0.2752
[Epoch 11/300] Iter [190/794] Loss: 0.2902
[Epoch 11/300] Iter [200/794] Loss: 0.1701
[Epoch 11/300] Iter [210/794] Loss: 0.1883
[Epoch 11/300] Iter [220/794] Loss: 0.2266
[Epoch 11/300] Iter [230/794] Loss: 0.1815
[Epoch 11/300] Iter [240/794] Loss: 0.2140
[Epoch 11/300] Iter [250/794] Loss: 0.2347
[Epoch 11/300] Iter [260/794] Loss: 0.2787
[Epoch 11/300] Iter [270/794] Loss: 0.1543
[Epoch 11/300] Iter [280/794] Loss: 0.2099
[Epoch 11/300] Iter [290/794] Loss: 0.2960
[Epoch 11/300] Iter [300/794] Loss: 0.2125
[Epoch 11/300] Iter [310/794] Loss: 0.2006
[Epoch 11/300] Iter [320/794] Loss: 0.2829
[Epoch 11/300] Iter [330/794] Loss: 0.2077
[Epoch 11/300] Iter [340/794] Loss: 0.2824
[Epoch 11/300] Iter [350/794] Loss: 0.3437
[Epoch 11/300] Iter [360/794] Loss: 0.2163
[Epoch 11/300] Iter [370/794] Loss: 0.2421
[Epoch 11/300] Iter [380/794] Loss: 0.1999
[Epoch 11/300] Iter [390/794] Loss: 0.2561
[Epoch 11/300] Iter [400/794] Loss: 0.2457
[Epoch 11/300] Iter [410/794] Loss: 0.3257
[Epoch 11/300] Iter [420/794] Loss: 0.1980
[Epoch 11/300] Iter [430/794] Loss: 0.1772
[Epoch 11/300] Iter [440/794] Loss: 0.2169
[Epoch 11/300] Iter [450/794] Loss: 0.1370
[Epoch 11/300] Iter [460/794] Loss: 0.2394
[Epoch 11/300] Iter [470/794] Loss: 0.3141
[Epoch 11/300] Iter [480/794] Loss: 0.2059
[Epoch 11/300] Iter [490/794] Loss: 0.3300
[Epoch 11/300] Iter [500/794] Loss: 0.2461
[Epoch 11/300] Iter [510/794] Loss: 0.2358
[Epoch 11/300] Iter [520/794] Loss: 0.2318
[Epoch 11/300] Iter [530/794] Loss: 0.2463
[Epoch 11/300] Iter [540/794] Loss: 0.2769
[Epoch 11/300] Iter [550/794] Loss: 0.3070
[Epoch 11/300] Iter [560/794] Loss: 0.2864
[Epoch 11/300] Iter [570/794] Loss: 0.3030
[Epoch 11/300] Iter [580/794] Loss: 0.1713
[Epoch 11/300] Iter [590/794] Loss: 0.2691
[Epoch 11/300] Iter [600/794] Loss: 0.2916
[Epoch 11/300] Iter [610/794] Loss: 0.1750
[Epoch 11/300] Iter [620/794] Loss: 0.2398
[Epoch 11/300] Iter [630/794] Loss: 0.2269
[Epoch 11/300] Iter [640/794] Loss: 0.1776
[Epoch 11/300] Iter [650/794] Loss: 0.2913
[Epoch 11/300] Iter [660/794] Loss: 0.2370
[Epoch 11/300] Iter [670/794] Loss: 0.2645
[Epoch 11/300] Iter [680/794] Loss: 0.2620
[Epoch 11/300] Iter [690/794] Loss: 0.1953
[Epoch 11/300] Iter [700/794] Loss: 0.2026
[Epoch 11/300] Iter [710/794] Loss: 0.1736
[Epoch 11/300] Iter [720/794] Loss: 0.1305
[Epoch 11/300] Iter [730/794] Loss: 0.1780
[Epoch 11/300] Iter [740/794] Loss: 0.2001
[Epoch 11/300] Iter [750/794] Loss: 0.2516
[Epoch 11/300] Iter [760/794] Loss: 0.1975
[Epoch 11/300] Iter [770/794] Loss: 0.1812
[Epoch 11/300] Iter [780/794] Loss: 0.3233
[Epoch 11/300] Iter [790/794] Loss: 0.2208
Epoch [11/300] Validation Loss: 0.3859
No improvement for 6 epoch(s).
[Epoch 12/300] Iter [10/794] Loss: 0.2057
[Epoch 12/300] Iter [20/794] Loss: 0.1954
[Epoch 12/300] Iter [30/794] Loss: 0.2804
[Epoch 12/300] Iter [40/794] Loss: 0.1869
[Epoch 12/300] Iter [50/794] Loss: 0.3295
[Epoch 12/300] Iter [60/794] Loss: 0.2759
[Epoch 12/300] Iter [70/794] Loss: 0.2396
[Epoch 12/300] Iter [80/794] Loss: 0.1712
[Epoch 12/300] Iter [90/794] Loss: 0.2450
[Epoch 12/300] Iter [100/794] Loss: 0.1336
[Epoch 12/300] Iter [110/794] Loss: 0.2307
[Epoch 12/300] Iter [120/794] Loss: 0.2139
[Epoch 12/300] Iter [130/794] Loss: 0.2002
[Epoch 12/300] Iter [140/794] Loss: 0.3674
[Epoch 12/300] Iter [150/794] Loss: 0.2122
[Epoch 12/300] Iter [160/794] Loss: 0.1851
[Epoch 12/300] Iter [170/794] Loss: 0.2423
[Epoch 12/300] Iter [180/794] Loss: 0.3060
[Epoch 12/300] Iter [190/794] Loss: 0.2716
[Epoch 12/300] Iter [200/794] Loss: 0.2168
[Epoch 12/300] Iter [210/794] Loss: 0.2674
[Epoch 12/300] Iter [220/794] Loss: 0.2473
[Epoch 12/300] Iter [230/794] Loss: 0.2920
[Epoch 12/300] Iter [240/794] Loss: 0.1736
[Epoch 12/300] Iter [250/794] Loss: 0.2008
[Epoch 12/300] Iter [260/794] Loss: 0.0886
[Epoch 12/300] Iter [270/794] Loss: 0.2837
[Epoch 12/300] Iter [280/794] Loss: 0.2041
[Epoch 12/300] Iter [290/794] Loss: 0.2064
[Epoch 12/300] Iter [300/794] Loss: 0.3358
[Epoch 12/300] Iter [310/794] Loss: 0.2671
[Epoch 12/300] Iter [320/794] Loss: 0.2136
[Epoch 12/300] Iter [330/794] Loss: 0.2022
[Epoch 12/300] Iter [340/794] Loss: 0.2373
[Epoch 12/300] Iter [350/794] Loss: 0.1538
[Epoch 12/300] Iter [360/794] Loss: 0.1652
[Epoch 12/300] Iter [370/794] Loss: 0.2184
[Epoch 12/300] Iter [380/794] Loss: 0.1400
[Epoch 12/300] Iter [390/794] Loss: 0.1614
[Epoch 12/300] Iter [400/794] Loss: 0.1529
[Epoch 12/300] Iter [410/794] Loss: 0.3022
[Epoch 12/300] Iter [420/794] Loss: 0.3177
[Epoch 12/300] Iter [430/794] Loss: 0.2759
[Epoch 12/300] Iter [440/794] Loss: 0.2125
[Epoch 12/300] Iter [450/794] Loss: 0.1788
[Epoch 12/300] Iter [460/794] Loss: 0.3544
[Epoch 12/300] Iter [470/794] Loss: 0.3171
[Epoch 12/300] Iter [480/794] Loss: 0.2627
[Epoch 12/300] Iter [490/794] Loss: 0.1660
[Epoch 12/300] Iter [500/794] Loss: 0.2199
[Epoch 12/300] Iter [510/794] Loss: 0.2021
[Epoch 12/300] Iter [520/794] Loss: 0.2637
[Epoch 12/300] Iter [530/794] Loss: 0.2754
[Epoch 12/300] Iter [540/794] Loss: 0.2110
[Epoch 12/300] Iter [550/794] Loss: 0.2345
[Epoch 12/300] Iter [560/794] Loss: 0.2369
[Epoch 12/300] Iter [570/794] Loss: 0.2662
[Epoch 12/300] Iter [580/794] Loss: 0.2495
[Epoch 12/300] Iter [590/794] Loss: 0.3889
[Epoch 12/300] Iter [600/794] Loss: 0.3878
[Epoch 12/300] Iter [610/794] Loss: 0.2972
[Epoch 12/300] Iter [620/794] Loss: 0.4772
[Epoch 12/300] Iter [630/794] Loss: 0.1704
[Epoch 12/300] Iter [640/794] Loss: 0.2857
[Epoch 12/300] Iter [650/794] Loss: 0.2049
[Epoch 12/300] Iter [660/794] Loss: 0.1692
[Epoch 12/300] Iter [670/794] Loss: 0.2034
[Epoch 12/300] Iter [680/794] Loss: 0.2477
[Epoch 12/300] Iter [690/794] Loss: 0.2378
[Epoch 12/300] Iter [700/794] Loss: 0.2670
[Epoch 12/300] Iter [710/794] Loss: 0.2445
[Epoch 12/300] Iter [720/794] Loss: 0.3651
[Epoch 12/300] Iter [730/794] Loss: 0.3758
[Epoch 12/300] Iter [740/794] Loss: 0.2333
[Epoch 12/300] Iter [750/794] Loss: 0.2489
[Epoch 12/300] Iter [760/794] Loss: 0.2140
[Epoch 12/300] Iter [770/794] Loss: 0.1483
[Epoch 12/300] Iter [780/794] Loss: 0.4175
[Epoch 12/300] Iter [790/794] Loss: 0.2014
Epoch [12/300] Validation Loss: 0.4079
No improvement for 7 epoch(s).
[Epoch 13/300] Iter [10/794] Loss: 0.2604
[Epoch 13/300] Iter [20/794] Loss: 0.2263
[Epoch 13/300] Iter [30/794] Loss: 0.1792
[Epoch 13/300] Iter [40/794] Loss: 0.2819
[Epoch 13/300] Iter [50/794] Loss: 0.1689
[Epoch 13/300] Iter [60/794] Loss: 0.3371
[Epoch 13/300] Iter [70/794] Loss: 0.1535
[Epoch 13/300] Iter [80/794] Loss: 0.2224
[Epoch 13/300] Iter [90/794] Loss: 0.2591
[Epoch 13/300] Iter [100/794] Loss: 0.2688
[Epoch 13/300] Iter [110/794] Loss: 0.1476
[Epoch 13/300] Iter [120/794] Loss: 0.2629
[Epoch 13/300] Iter [130/794] Loss: 0.2420
[Epoch 13/300] Iter [140/794] Loss: 0.1647
[Epoch 13/300] Iter [150/794] Loss: 0.2218
[Epoch 13/300] Iter [160/794] Loss: 0.2037
[Epoch 13/300] Iter [170/794] Loss: 0.2152
[Epoch 13/300] Iter [180/794] Loss: 0.1433
[Epoch 13/300] Iter [190/794] Loss: 0.1932
[Epoch 13/300] Iter [200/794] Loss: 0.2037
[Epoch 13/300] Iter [210/794] Loss: 0.2243
[Epoch 13/300] Iter [220/794] Loss: 0.3002
[Epoch 13/300] Iter [230/794] Loss: 0.1350
[Epoch 13/300] Iter [240/794] Loss: 0.1710
[Epoch 13/300] Iter [250/794] Loss: 0.2607
[Epoch 13/300] Iter [260/794] Loss: 0.2383
[Epoch 13/300] Iter [270/794] Loss: 0.1972
[Epoch 13/300] Iter [280/794] Loss: 0.1673
[Epoch 13/300] Iter [290/794] Loss: 0.2097
[Epoch 13/300] Iter [300/794] Loss: 0.2636
[Epoch 13/300] Iter [310/794] Loss: 0.2017
[Epoch 13/300] Iter [320/794] Loss: 0.1788
[Epoch 13/300] Iter [330/794] Loss: 0.1648
[Epoch 13/300] Iter [340/794] Loss: 0.1780
[Epoch 13/300] Iter [350/794] Loss: 0.3056
[Epoch 13/300] Iter [360/794] Loss: 0.2308
[Epoch 13/300] Iter [370/794] Loss: 0.2779
[Epoch 13/300] Iter [380/794] Loss: 0.2276
[Epoch 13/300] Iter [390/794] Loss: 0.2712
[Epoch 13/300] Iter [400/794] Loss: 0.1931
[Epoch 13/300] Iter [410/794] Loss: 0.1446
[Epoch 13/300] Iter [420/794] Loss: 0.1224
[Epoch 13/300] Iter [430/794] Loss: 0.3034
[Epoch 13/300] Iter [440/794] Loss: 0.1696
[Epoch 13/300] Iter [450/794] Loss: 0.1868
[Epoch 13/300] Iter [460/794] Loss: 0.1760
[Epoch 13/300] Iter [470/794] Loss: 0.1761
[Epoch 13/300] Iter [480/794] Loss: 0.1759
[Epoch 13/300] Iter [490/794] Loss: 0.1766
[Epoch 13/300] Iter [500/794] Loss: 0.2284
[Epoch 13/300] Iter [510/794] Loss: 0.1920
[Epoch 13/300] Iter [520/794] Loss: 0.1487
[Epoch 13/300] Iter [530/794] Loss: 0.2548
[Epoch 13/300] Iter [540/794] Loss: 0.2179
[Epoch 13/300] Iter [550/794] Loss: 0.2936
[Epoch 13/300] Iter [560/794] Loss: 0.3635
[Epoch 13/300] Iter [570/794] Loss: 0.2135
[Epoch 13/300] Iter [580/794] Loss: 0.2701
[Epoch 13/300] Iter [590/794] Loss: 0.2495
[Epoch 13/300] Iter [600/794] Loss: 0.2603
[Epoch 13/300] Iter [610/794] Loss: 0.1239
[Epoch 13/300] Iter [620/794] Loss: 0.2464
[Epoch 13/300] Iter [630/794] Loss: 0.2357
[Epoch 13/300] Iter [640/794] Loss: 0.2879
[Epoch 13/300] Iter [650/794] Loss: 0.3211
[Epoch 13/300] Iter [660/794] Loss: 0.3098
[Epoch 13/300] Iter [670/794] Loss: 0.1787
[Epoch 13/300] Iter [680/794] Loss: 0.2274
[Epoch 13/300] Iter [690/794] Loss: 0.2147
[Epoch 13/300] Iter [700/794] Loss: 0.2185
[Epoch 13/300] Iter [710/794] Loss: 0.2528
[Epoch 13/300] Iter [720/794] Loss: 0.2523
[Epoch 13/300] Iter [730/794] Loss: 0.3066
[Epoch 13/300] Iter [740/794] Loss: 0.1849
[Epoch 13/300] Iter [750/794] Loss: 0.1454
[Epoch 13/300] Iter [760/794] Loss: 0.2197
[Epoch 13/300] Iter [770/794] Loss: 0.2153
[Epoch 13/300] Iter [780/794] Loss: 0.3759
[Epoch 13/300] Iter [790/794] Loss: 0.2092
Epoch [13/300] Validation Loss: 0.4047
No improvement for 8 epoch(s).
[Epoch 14/300] Iter [10/794] Loss: 0.2471
[Epoch 14/300] Iter [20/794] Loss: 0.2105
[Epoch 14/300] Iter [30/794] Loss: 0.1790
[Epoch 14/300] Iter [40/794] Loss: 0.1505
[Epoch 14/300] Iter [50/794] Loss: 0.2280
[Epoch 14/300] Iter [60/794] Loss: 0.2271
[Epoch 14/300] Iter [70/794] Loss: 0.1293
[Epoch 14/300] Iter [80/794] Loss: 0.1542
[Epoch 14/300] Iter [90/794] Loss: 0.2014
[Epoch 14/300] Iter [100/794] Loss: 0.2025
[Epoch 14/300] Iter [110/794] Loss: 0.2658
[Epoch 14/300] Iter [120/794] Loss: 0.2640
[Epoch 14/300] Iter [130/794] Loss: 0.2232
[Epoch 14/300] Iter [140/794] Loss: 0.1371
[Epoch 14/300] Iter [150/794] Loss: 0.1654
[Epoch 14/300] Iter [160/794] Loss: 0.2692
[Epoch 14/300] Iter [170/794] Loss: 0.2925
[Epoch 14/300] Iter [180/794] Loss: 0.1383
[Epoch 14/300] Iter [190/794] Loss: 0.2302
[Epoch 14/300] Iter [200/794] Loss: 0.1630
[Epoch 14/300] Iter [210/794] Loss: 0.2628
[Epoch 14/300] Iter [220/794] Loss: 0.2488
[Epoch 14/300] Iter [230/794] Loss: 0.3424
[Epoch 14/300] Iter [240/794] Loss: 0.2063
[Epoch 14/300] Iter [250/794] Loss: 0.2433
[Epoch 14/300] Iter [260/794] Loss: 0.2997
[Epoch 14/300] Iter [270/794] Loss: 0.1977
[Epoch 14/300] Iter [280/794] Loss: 0.2063
[Epoch 14/300] Iter [290/794] Loss: 0.1584
[Epoch 14/300] Iter [300/794] Loss: 0.2880
[Epoch 14/300] Iter [310/794] Loss: 0.2319
[Epoch 14/300] Iter [320/794] Loss: 0.2934
[Epoch 14/300] Iter [330/794] Loss: 0.1698
[Epoch 14/300] Iter [340/794] Loss: 0.1960
[Epoch 14/300] Iter [350/794] Loss: 0.1617
[Epoch 14/300] Iter [360/794] Loss: 0.2621
[Epoch 14/300] Iter [370/794] Loss: 0.2500
[Epoch 14/300] Iter [380/794] Loss: 0.1825
[Epoch 14/300] Iter [390/794] Loss: 0.2944
[Epoch 14/300] Iter [400/794] Loss: 0.1865
[Epoch 14/300] Iter [410/794] Loss: 0.1782
[Epoch 14/300] Iter [420/794] Loss: 0.2491
[Epoch 14/300] Iter [430/794] Loss: 0.2006
[Epoch 14/300] Iter [440/794] Loss: 0.2424
[Epoch 14/300] Iter [450/794] Loss: 0.1660
[Epoch 14/300] Iter [460/794] Loss: 0.1948
[Epoch 14/300] Iter [470/794] Loss: 0.2632
[Epoch 14/300] Iter [480/794] Loss: 0.1204
[Epoch 14/300] Iter [490/794] Loss: 0.2423
[Epoch 14/300] Iter [500/794] Loss: 0.2224
[Epoch 14/300] Iter [510/794] Loss: 0.1027
[Epoch 14/300] Iter [520/794] Loss: 0.1551
[Epoch 14/300] Iter [530/794] Loss: 0.1390
[Epoch 14/300] Iter [540/794] Loss: 0.3016
[Epoch 14/300] Iter [550/794] Loss: 0.2034
[Epoch 14/300] Iter [560/794] Loss: 0.1861
[Epoch 14/300] Iter [570/794] Loss: 0.2750
[Epoch 14/300] Iter [580/794] Loss: 0.1982
[Epoch 14/300] Iter [590/794] Loss: 0.2659
[Epoch 14/300] Iter [600/794] Loss: 0.2614
[Epoch 14/300] Iter [610/794] Loss: 0.2745
[Epoch 14/300] Iter [620/794] Loss: 0.2500
[Epoch 14/300] Iter [630/794] Loss: 0.2451
[Epoch 14/300] Iter [640/794] Loss: 0.2335
[Epoch 14/300] Iter [650/794] Loss: 0.2082
[Epoch 14/300] Iter [660/794] Loss: 0.2192
[Epoch 14/300] Iter [670/794] Loss: 0.1875
[Epoch 14/300] Iter [680/794] Loss: 0.2295
[Epoch 14/300] Iter [690/794] Loss: 0.3647
[Epoch 14/300] Iter [700/794] Loss: 0.2272
[Epoch 14/300] Iter [710/794] Loss: 0.2265
[Epoch 14/300] Iter [720/794] Loss: 0.1850
[Epoch 14/300] Iter [730/794] Loss: 0.2260
[Epoch 14/300] Iter [740/794] Loss: 0.1162
[Epoch 14/300] Iter [750/794] Loss: 0.2505
[Epoch 14/300] Iter [760/794] Loss: 0.1953
[Epoch 14/300] Iter [770/794] Loss: 0.2230
[Epoch 14/300] Iter [780/794] Loss: 0.2786
[Epoch 14/300] Iter [790/794] Loss: 0.2523
Epoch [14/300] Validation Loss: 0.3924
No improvement for 9 epoch(s).
[Epoch 15/300] Iter [10/794] Loss: 0.2718
[Epoch 15/300] Iter [20/794] Loss: 0.1773
[Epoch 15/300] Iter [30/794] Loss: 0.1724
[Epoch 15/300] Iter [40/794] Loss: 0.1066
[Epoch 15/300] Iter [50/794] Loss: 0.1332
[Epoch 15/300] Iter [60/794] Loss: 0.2066
[Epoch 15/300] Iter [70/794] Loss: 0.2814
[Epoch 15/300] Iter [80/794] Loss: 0.2403
[Epoch 15/300] Iter [90/794] Loss: 0.1450
[Epoch 15/300] Iter [100/794] Loss: 0.1914
[Epoch 15/300] Iter [110/794] Loss: 0.1887
[Epoch 15/300] Iter [120/794] Loss: 0.1843
[Epoch 15/300] Iter [130/794] Loss: 0.1398
[Epoch 15/300] Iter [140/794] Loss: 0.1863
[Epoch 15/300] Iter [150/794] Loss: 0.1612
[Epoch 15/300] Iter [160/794] Loss: 0.2162
[Epoch 15/300] Iter [170/794] Loss: 0.2812
[Epoch 15/300] Iter [180/794] Loss: 0.1180
[Epoch 15/300] Iter [190/794] Loss: 0.1119
[Epoch 15/300] Iter [200/794] Loss: 0.1971
[Epoch 15/300] Iter [210/794] Loss: 0.2301
[Epoch 15/300] Iter [220/794] Loss: 0.1759
[Epoch 15/300] Iter [230/794] Loss: 0.2289
[Epoch 15/300] Iter [240/794] Loss: 0.1544
[Epoch 15/300] Iter [250/794] Loss: 0.2642
[Epoch 15/300] Iter [260/794] Loss: 0.2110
[Epoch 15/300] Iter [270/794] Loss: 0.2261
[Epoch 15/300] Iter [280/794] Loss: 0.2000
[Epoch 15/300] Iter [290/794] Loss: 0.2968
[Epoch 15/300] Iter [300/794] Loss: 0.2526
[Epoch 15/300] Iter [310/794] Loss: 0.2444
[Epoch 15/300] Iter [320/794] Loss: 0.1553
[Epoch 15/300] Iter [330/794] Loss: 0.1614
[Epoch 15/300] Iter [340/794] Loss: 0.1902
[Epoch 15/300] Iter [350/794] Loss: 0.1176
[Epoch 15/300] Iter [360/794] Loss: 0.1657
[Epoch 15/300] Iter [370/794] Loss: 0.1164
[Epoch 15/300] Iter [380/794] Loss: 0.2118
[Epoch 15/300] Iter [390/794] Loss: 0.2049
[Epoch 15/300] Iter [400/794] Loss: 0.2263
[Epoch 15/300] Iter [410/794] Loss: 0.2023
[Epoch 15/300] Iter [420/794] Loss: 0.2480
[Epoch 15/300] Iter [430/794] Loss: 0.2023
[Epoch 15/300] Iter [440/794] Loss: 0.1436
[Epoch 15/300] Iter [450/794] Loss: 0.1970
[Epoch 15/300] Iter [460/794] Loss: 0.2013
[Epoch 15/300] Iter [470/794] Loss: 0.2107
[Epoch 15/300] Iter [480/794] Loss: 0.2105
[Epoch 15/300] Iter [490/794] Loss: 0.2591
[Epoch 15/300] Iter [500/794] Loss: 0.1681
[Epoch 15/300] Iter [510/794] Loss: 0.2777
[Epoch 15/300] Iter [520/794] Loss: 0.2254
[Epoch 15/300] Iter [530/794] Loss: 0.2468
[Epoch 15/300] Iter [540/794] Loss: 0.1605
[Epoch 15/300] Iter [550/794] Loss: 0.1938
[Epoch 15/300] Iter [560/794] Loss: 0.1753
[Epoch 15/300] Iter [570/794] Loss: 0.1958
[Epoch 15/300] Iter [580/794] Loss: 0.2209
[Epoch 15/300] Iter [590/794] Loss: 0.2029
[Epoch 15/300] Iter [600/794] Loss: 0.1819
[Epoch 15/300] Iter [610/794] Loss: 0.3088
[Epoch 15/300] Iter [620/794] Loss: 0.3360
[Epoch 15/300] Iter [630/794] Loss: 0.1300
[Epoch 15/300] Iter [640/794] Loss: 0.1709
[Epoch 15/300] Iter [650/794] Loss: 0.1883
[Epoch 15/300] Iter [660/794] Loss: 0.2956
[Epoch 15/300] Iter [670/794] Loss: 0.2260
[Epoch 15/300] Iter [680/794] Loss: 0.1783
[Epoch 15/300] Iter [690/794] Loss: 0.1328
[Epoch 15/300] Iter [700/794] Loss: 0.1894
[Epoch 15/300] Iter [710/794] Loss: 0.2642
[Epoch 15/300] Iter [720/794] Loss: 0.1956
[Epoch 15/300] Iter [730/794] Loss: 0.1470
[Epoch 15/300] Iter [740/794] Loss: 0.1908
[Epoch 15/300] Iter [750/794] Loss: 0.1752
[Epoch 15/300] Iter [760/794] Loss: 0.2580
[Epoch 15/300] Iter [770/794] Loss: 0.2966
[Epoch 15/300] Iter [780/794] Loss: 0.1943
[Epoch 15/300] Iter [790/794] Loss: 0.2035
Epoch [15/300] Validation Loss: 0.4112
No improvement for 10 epoch(s).
Early stopping triggered at epoch 15
Training complete!
Test Accuracy: 73.47%
