===== Training Config =====
Dataset:        emnist
EMNIST Split:   balanced
Model:          lenet
BatchSize:      128
Epochs:         300
LR:             0.0022
Patience:       10
NumClasses:     47
SaveDir:        /scratch/gilbreth/hu953/cs57800/pth
Noise Std:      90.0
Noise Type:     gaussian
===========================
[Epoch 1/300] Iter [10/794] Loss: 3.3508
[Epoch 1/300] Iter [20/794] Loss: 2.7734
[Epoch 1/300] Iter [30/794] Loss: 1.9691
[Epoch 1/300] Iter [40/794] Loss: 1.5450
[Epoch 1/300] Iter [50/794] Loss: 1.1162
[Epoch 1/300] Iter [60/794] Loss: 1.1393
[Epoch 1/300] Iter [70/794] Loss: 0.9502
[Epoch 1/300] Iter [80/794] Loss: 0.7066
[Epoch 1/300] Iter [90/794] Loss: 0.6900
[Epoch 1/300] Iter [100/794] Loss: 0.6497
[Epoch 1/300] Iter [110/794] Loss: 0.6977
[Epoch 1/300] Iter [120/794] Loss: 0.6868
[Epoch 1/300] Iter [130/794] Loss: 0.7213
[Epoch 1/300] Iter [140/794] Loss: 0.6935
[Epoch 1/300] Iter [150/794] Loss: 0.7715
[Epoch 1/300] Iter [160/794] Loss: 0.5857
[Epoch 1/300] Iter [170/794] Loss: 0.5775
[Epoch 1/300] Iter [180/794] Loss: 0.5420
[Epoch 1/300] Iter [190/794] Loss: 0.5367
[Epoch 1/300] Iter [200/794] Loss: 0.7256
[Epoch 1/300] Iter [210/794] Loss: 0.6013
[Epoch 1/300] Iter [220/794] Loss: 0.5915
[Epoch 1/300] Iter [230/794] Loss: 0.6900
[Epoch 1/300] Iter [240/794] Loss: 0.5617
[Epoch 1/300] Iter [250/794] Loss: 0.4853
[Epoch 1/300] Iter [260/794] Loss: 0.4444
[Epoch 1/300] Iter [270/794] Loss: 0.5696
[Epoch 1/300] Iter [280/794] Loss: 0.4488
[Epoch 1/300] Iter [290/794] Loss: 0.6012
[Epoch 1/300] Iter [300/794] Loss: 0.6325
[Epoch 1/300] Iter [310/794] Loss: 0.6133
[Epoch 1/300] Iter [320/794] Loss: 0.6403
[Epoch 1/300] Iter [330/794] Loss: 0.4797
[Epoch 1/300] Iter [340/794] Loss: 0.5506
[Epoch 1/300] Iter [350/794] Loss: 0.3972
[Epoch 1/300] Iter [360/794] Loss: 0.4781
[Epoch 1/300] Iter [370/794] Loss: 0.6706
[Epoch 1/300] Iter [380/794] Loss: 0.4555
[Epoch 1/300] Iter [390/794] Loss: 0.4456
[Epoch 1/300] Iter [400/794] Loss: 0.5440
[Epoch 1/300] Iter [410/794] Loss: 0.4079
[Epoch 1/300] Iter [420/794] Loss: 0.3503
[Epoch 1/300] Iter [430/794] Loss: 0.6015
[Epoch 1/300] Iter [440/794] Loss: 0.4566
[Epoch 1/300] Iter [450/794] Loss: 0.4883
[Epoch 1/300] Iter [460/794] Loss: 0.6268
[Epoch 1/300] Iter [470/794] Loss: 0.3654
[Epoch 1/300] Iter [480/794] Loss: 0.5065
[Epoch 1/300] Iter [490/794] Loss: 0.5670
[Epoch 1/300] Iter [500/794] Loss: 0.4652
[Epoch 1/300] Iter [510/794] Loss: 0.3848
[Epoch 1/300] Iter [520/794] Loss: 0.4110
[Epoch 1/300] Iter [530/794] Loss: 0.5471
[Epoch 1/300] Iter [540/794] Loss: 0.5987
[Epoch 1/300] Iter [550/794] Loss: 0.4605
[Epoch 1/300] Iter [560/794] Loss: 0.4839
[Epoch 1/300] Iter [570/794] Loss: 0.4832
[Epoch 1/300] Iter [580/794] Loss: 0.2570
[Epoch 1/300] Iter [590/794] Loss: 0.3335
[Epoch 1/300] Iter [600/794] Loss: 0.4033
[Epoch 1/300] Iter [610/794] Loss: 0.3703
[Epoch 1/300] Iter [620/794] Loss: 0.3300
[Epoch 1/300] Iter [630/794] Loss: 0.3643
[Epoch 1/300] Iter [640/794] Loss: 0.4378
[Epoch 1/300] Iter [650/794] Loss: 0.3882
[Epoch 1/300] Iter [660/794] Loss: 0.4184
[Epoch 1/300] Iter [670/794] Loss: 0.4408
[Epoch 1/300] Iter [680/794] Loss: 0.4605
[Epoch 1/300] Iter [690/794] Loss: 0.4764
[Epoch 1/300] Iter [700/794] Loss: 0.5861
[Epoch 1/300] Iter [710/794] Loss: 0.7674
[Epoch 1/300] Iter [720/794] Loss: 0.3750
[Epoch 1/300] Iter [730/794] Loss: 0.4562
[Epoch 1/300] Iter [740/794] Loss: 0.5002
[Epoch 1/300] Iter [750/794] Loss: 0.4879
[Epoch 1/300] Iter [760/794] Loss: 0.3458
[Epoch 1/300] Iter [770/794] Loss: 0.4600
[Epoch 1/300] Iter [780/794] Loss: 0.3834
[Epoch 1/300] Iter [790/794] Loss: 0.3260
Epoch [1/300] Validation Loss: 0.4861
[Epoch 2/300] Iter [10/794] Loss: 0.4931
[Epoch 2/300] Iter [20/794] Loss: 0.3797
[Epoch 2/300] Iter [30/794] Loss: 0.3485
[Epoch 2/300] Iter [40/794] Loss: 0.3953
[Epoch 2/300] Iter [50/794] Loss: 0.3667
[Epoch 2/300] Iter [60/794] Loss: 0.2584
[Epoch 2/300] Iter [70/794] Loss: 0.4496
[Epoch 2/300] Iter [80/794] Loss: 0.5736
[Epoch 2/300] Iter [90/794] Loss: 0.5031
[Epoch 2/300] Iter [100/794] Loss: 0.4290
[Epoch 2/300] Iter [110/794] Loss: 0.3963
[Epoch 2/300] Iter [120/794] Loss: 0.3835
[Epoch 2/300] Iter [130/794] Loss: 0.3205
[Epoch 2/300] Iter [140/794] Loss: 0.3420
[Epoch 2/300] Iter [150/794] Loss: 0.4552
[Epoch 2/300] Iter [160/794] Loss: 0.3467
[Epoch 2/300] Iter [170/794] Loss: 0.4891
[Epoch 2/300] Iter [180/794] Loss: 0.3648
[Epoch 2/300] Iter [190/794] Loss: 0.4674
[Epoch 2/300] Iter [200/794] Loss: 0.3983
[Epoch 2/300] Iter [210/794] Loss: 0.5333
[Epoch 2/300] Iter [220/794] Loss: 0.4127
[Epoch 2/300] Iter [230/794] Loss: 0.3224
[Epoch 2/300] Iter [240/794] Loss: 0.5204
[Epoch 2/300] Iter [250/794] Loss: 0.3035
[Epoch 2/300] Iter [260/794] Loss: 0.4217
[Epoch 2/300] Iter [270/794] Loss: 0.2774
[Epoch 2/300] Iter [280/794] Loss: 0.3210
[Epoch 2/300] Iter [290/794] Loss: 0.3571
[Epoch 2/300] Iter [300/794] Loss: 0.4127
[Epoch 2/300] Iter [310/794] Loss: 0.2334
[Epoch 2/300] Iter [320/794] Loss: 0.4150
[Epoch 2/300] Iter [330/794] Loss: 0.4663
[Epoch 2/300] Iter [340/794] Loss: 0.5309
[Epoch 2/300] Iter [350/794] Loss: 0.3710
[Epoch 2/300] Iter [360/794] Loss: 0.4364
[Epoch 2/300] Iter [370/794] Loss: 0.3154
[Epoch 2/300] Iter [380/794] Loss: 0.4993
[Epoch 2/300] Iter [390/794] Loss: 0.4568
[Epoch 2/300] Iter [400/794] Loss: 0.3122
[Epoch 2/300] Iter [410/794] Loss: 0.5202
[Epoch 2/300] Iter [420/794] Loss: 0.5024
[Epoch 2/300] Iter [430/794] Loss: 0.3826
[Epoch 2/300] Iter [440/794] Loss: 0.2888
[Epoch 2/300] Iter [450/794] Loss: 0.2607
[Epoch 2/300] Iter [460/794] Loss: 0.4378
[Epoch 2/300] Iter [470/794] Loss: 0.3134
[Epoch 2/300] Iter [480/794] Loss: 0.4501
[Epoch 2/300] Iter [490/794] Loss: 0.5291
[Epoch 2/300] Iter [500/794] Loss: 0.2876
[Epoch 2/300] Iter [510/794] Loss: 0.3748
[Epoch 2/300] Iter [520/794] Loss: 0.2764
[Epoch 2/300] Iter [530/794] Loss: 0.4773
[Epoch 2/300] Iter [540/794] Loss: 0.4156
[Epoch 2/300] Iter [550/794] Loss: 0.6174
[Epoch 2/300] Iter [560/794] Loss: 0.4477
[Epoch 2/300] Iter [570/794] Loss: 0.4582
[Epoch 2/300] Iter [580/794] Loss: 0.1887
[Epoch 2/300] Iter [590/794] Loss: 0.4489
[Epoch 2/300] Iter [600/794] Loss: 0.3176
[Epoch 2/300] Iter [610/794] Loss: 0.3957
[Epoch 2/300] Iter [620/794] Loss: 0.2842
[Epoch 2/300] Iter [630/794] Loss: 0.3320
[Epoch 2/300] Iter [640/794] Loss: 0.5506
[Epoch 2/300] Iter [650/794] Loss: 0.3073
[Epoch 2/300] Iter [660/794] Loss: 0.3676
[Epoch 2/300] Iter [670/794] Loss: 0.4352
[Epoch 2/300] Iter [680/794] Loss: 0.3197
[Epoch 2/300] Iter [690/794] Loss: 0.5405
[Epoch 2/300] Iter [700/794] Loss: 0.4353
[Epoch 2/300] Iter [710/794] Loss: 0.5529
[Epoch 2/300] Iter [720/794] Loss: 0.3595
[Epoch 2/300] Iter [730/794] Loss: 0.3126
[Epoch 2/300] Iter [740/794] Loss: 0.3243
[Epoch 2/300] Iter [750/794] Loss: 0.4890
[Epoch 2/300] Iter [760/794] Loss: 0.4354
[Epoch 2/300] Iter [770/794] Loss: 0.3083
[Epoch 2/300] Iter [780/794] Loss: 0.2260
[Epoch 2/300] Iter [790/794] Loss: 0.2719
Epoch [2/300] Validation Loss: 0.3764
[Epoch 3/300] Iter [10/794] Loss: 0.4551
[Epoch 3/300] Iter [20/794] Loss: 0.4559
[Epoch 3/300] Iter [30/794] Loss: 0.2845
[Epoch 3/300] Iter [40/794] Loss: 0.3504
[Epoch 3/300] Iter [50/794] Loss: 0.2873
[Epoch 3/300] Iter [60/794] Loss: 0.3761
[Epoch 3/300] Iter [70/794] Loss: 0.4653
[Epoch 3/300] Iter [80/794] Loss: 0.2442
[Epoch 3/300] Iter [90/794] Loss: 0.2564
[Epoch 3/300] Iter [100/794] Loss: 0.2999
[Epoch 3/300] Iter [110/794] Loss: 0.4539
[Epoch 3/300] Iter [120/794] Loss: 0.2831
[Epoch 3/300] Iter [130/794] Loss: 0.3776
[Epoch 3/300] Iter [140/794] Loss: 0.2739
[Epoch 3/300] Iter [150/794] Loss: 0.3434
[Epoch 3/300] Iter [160/794] Loss: 0.3882
[Epoch 3/300] Iter [170/794] Loss: 0.4078
[Epoch 3/300] Iter [180/794] Loss: 0.3914
[Epoch 3/300] Iter [190/794] Loss: 0.4459
[Epoch 3/300] Iter [200/794] Loss: 0.3197
[Epoch 3/300] Iter [210/794] Loss: 0.2856
[Epoch 3/300] Iter [220/794] Loss: 0.3813
[Epoch 3/300] Iter [230/794] Loss: 0.2690
[Epoch 3/300] Iter [240/794] Loss: 0.3996
[Epoch 3/300] Iter [250/794] Loss: 0.4240
[Epoch 3/300] Iter [260/794] Loss: 0.2665
[Epoch 3/300] Iter [270/794] Loss: 0.2729
[Epoch 3/300] Iter [280/794] Loss: 0.3889
[Epoch 3/300] Iter [290/794] Loss: 0.4435
[Epoch 3/300] Iter [300/794] Loss: 0.2866
[Epoch 3/300] Iter [310/794] Loss: 0.2883
[Epoch 3/300] Iter [320/794] Loss: 0.2764
[Epoch 3/300] Iter [330/794] Loss: 0.3715
[Epoch 3/300] Iter [340/794] Loss: 0.4068
[Epoch 3/300] Iter [350/794] Loss: 0.3768
[Epoch 3/300] Iter [360/794] Loss: 0.3580
[Epoch 3/300] Iter [370/794] Loss: 0.2361
[Epoch 3/300] Iter [380/794] Loss: 0.3717
[Epoch 3/300] Iter [390/794] Loss: 0.2613
[Epoch 3/300] Iter [400/794] Loss: 0.3297
[Epoch 3/300] Iter [410/794] Loss: 0.2889
[Epoch 3/300] Iter [420/794] Loss: 0.5127
[Epoch 3/300] Iter [430/794] Loss: 0.5104
[Epoch 3/300] Iter [440/794] Loss: 0.3383
[Epoch 3/300] Iter [450/794] Loss: 0.2620
[Epoch 3/300] Iter [460/794] Loss: 0.3304
[Epoch 3/300] Iter [470/794] Loss: 0.3540
[Epoch 3/300] Iter [480/794] Loss: 0.3361
[Epoch 3/300] Iter [490/794] Loss: 0.3690
[Epoch 3/300] Iter [500/794] Loss: 0.2389
[Epoch 3/300] Iter [510/794] Loss: 0.4938
[Epoch 3/300] Iter [520/794] Loss: 0.2859
[Epoch 3/300] Iter [530/794] Loss: 0.3454
[Epoch 3/300] Iter [540/794] Loss: 0.4285
[Epoch 3/300] Iter [550/794] Loss: 0.2579
[Epoch 3/300] Iter [560/794] Loss: 0.4628
[Epoch 3/300] Iter [570/794] Loss: 0.3250
[Epoch 3/300] Iter [580/794] Loss: 0.4515
[Epoch 3/300] Iter [590/794] Loss: 0.2575
[Epoch 3/300] Iter [600/794] Loss: 0.2889
[Epoch 3/300] Iter [610/794] Loss: 0.4778
[Epoch 3/300] Iter [620/794] Loss: 0.3910
[Epoch 3/300] Iter [630/794] Loss: 0.4664
[Epoch 3/300] Iter [640/794] Loss: 0.2627
[Epoch 3/300] Iter [650/794] Loss: 0.4035
[Epoch 3/300] Iter [660/794] Loss: 0.3850
[Epoch 3/300] Iter [670/794] Loss: 0.2550
[Epoch 3/300] Iter [680/794] Loss: 0.3780
[Epoch 3/300] Iter [690/794] Loss: 0.4198
[Epoch 3/300] Iter [700/794] Loss: 0.2417
[Epoch 3/300] Iter [710/794] Loss: 0.4557
[Epoch 3/300] Iter [720/794] Loss: 0.3152
[Epoch 3/300] Iter [730/794] Loss: 0.3133
[Epoch 3/300] Iter [740/794] Loss: 0.2853
[Epoch 3/300] Iter [750/794] Loss: 0.4783
[Epoch 3/300] Iter [760/794] Loss: 0.3917
[Epoch 3/300] Iter [770/794] Loss: 0.3514
[Epoch 3/300] Iter [780/794] Loss: 0.2468
[Epoch 3/300] Iter [790/794] Loss: 0.3766
Epoch [3/300] Validation Loss: 0.3598
[Epoch 4/300] Iter [10/794] Loss: 0.4211
[Epoch 4/300] Iter [20/794] Loss: 0.4821
[Epoch 4/300] Iter [30/794] Loss: 0.3431
[Epoch 4/300] Iter [40/794] Loss: 0.3344
[Epoch 4/300] Iter [50/794] Loss: 0.3377
[Epoch 4/300] Iter [60/794] Loss: 0.2546
[Epoch 4/300] Iter [70/794] Loss: 0.2584
[Epoch 4/300] Iter [80/794] Loss: 0.2919
[Epoch 4/300] Iter [90/794] Loss: 0.3091
[Epoch 4/300] Iter [100/794] Loss: 0.3629
[Epoch 4/300] Iter [110/794] Loss: 0.3013
[Epoch 4/300] Iter [120/794] Loss: 0.2683
[Epoch 4/300] Iter [130/794] Loss: 0.2944
[Epoch 4/300] Iter [140/794] Loss: 0.3151
[Epoch 4/300] Iter [150/794] Loss: 0.3294
[Epoch 4/300] Iter [160/794] Loss: 0.2125
[Epoch 4/300] Iter [170/794] Loss: 0.2648
[Epoch 4/300] Iter [180/794] Loss: 0.3516
[Epoch 4/300] Iter [190/794] Loss: 0.2783
[Epoch 4/300] Iter [200/794] Loss: 0.3320
[Epoch 4/300] Iter [210/794] Loss: 0.3478
[Epoch 4/300] Iter [220/794] Loss: 0.3558
[Epoch 4/300] Iter [230/794] Loss: 0.3689
[Epoch 4/300] Iter [240/794] Loss: 0.3366
[Epoch 4/300] Iter [250/794] Loss: 0.3182
[Epoch 4/300] Iter [260/794] Loss: 0.4279
[Epoch 4/300] Iter [270/794] Loss: 0.4996
[Epoch 4/300] Iter [280/794] Loss: 0.4503
[Epoch 4/300] Iter [290/794] Loss: 0.3651
[Epoch 4/300] Iter [300/794] Loss: 0.3535
[Epoch 4/300] Iter [310/794] Loss: 0.2918
[Epoch 4/300] Iter [320/794] Loss: 0.2408
[Epoch 4/300] Iter [330/794] Loss: 0.3824
[Epoch 4/300] Iter [340/794] Loss: 0.2485
[Epoch 4/300] Iter [350/794] Loss: 0.3214
[Epoch 4/300] Iter [360/794] Loss: 0.2510
[Epoch 4/300] Iter [370/794] Loss: 0.3821
[Epoch 4/300] Iter [380/794] Loss: 0.3558
[Epoch 4/300] Iter [390/794] Loss: 0.4270
[Epoch 4/300] Iter [400/794] Loss: 0.2607
[Epoch 4/300] Iter [410/794] Loss: 0.4955
[Epoch 4/300] Iter [420/794] Loss: 0.3638
[Epoch 4/300] Iter [430/794] Loss: 0.3718
[Epoch 4/300] Iter [440/794] Loss: 0.3243
[Epoch 4/300] Iter [450/794] Loss: 0.3449
[Epoch 4/300] Iter [460/794] Loss: 0.4005
[Epoch 4/300] Iter [470/794] Loss: 0.2178
[Epoch 4/300] Iter [480/794] Loss: 0.2223
[Epoch 4/300] Iter [490/794] Loss: 0.3386
[Epoch 4/300] Iter [500/794] Loss: 0.2956
[Epoch 4/300] Iter [510/794] Loss: 0.2663
[Epoch 4/300] Iter [520/794] Loss: 0.3249
[Epoch 4/300] Iter [530/794] Loss: 0.3262
[Epoch 4/300] Iter [540/794] Loss: 0.3491
[Epoch 4/300] Iter [550/794] Loss: 0.4117
[Epoch 4/300] Iter [560/794] Loss: 0.4375
[Epoch 4/300] Iter [570/794] Loss: 0.3917
[Epoch 4/300] Iter [580/794] Loss: 0.3213
[Epoch 4/300] Iter [590/794] Loss: 0.2704
[Epoch 4/300] Iter [600/794] Loss: 0.2938
[Epoch 4/300] Iter [610/794] Loss: 0.2549
[Epoch 4/300] Iter [620/794] Loss: 0.3763
[Epoch 4/300] Iter [630/794] Loss: 0.2633
[Epoch 4/300] Iter [640/794] Loss: 0.3454
[Epoch 4/300] Iter [650/794] Loss: 0.3205
[Epoch 4/300] Iter [660/794] Loss: 0.2325
[Epoch 4/300] Iter [670/794] Loss: 0.3762
[Epoch 4/300] Iter [680/794] Loss: 0.3462
[Epoch 4/300] Iter [690/794] Loss: 0.4339
[Epoch 4/300] Iter [700/794] Loss: 0.3577
[Epoch 4/300] Iter [710/794] Loss: 0.3841
[Epoch 4/300] Iter [720/794] Loss: 0.2599
[Epoch 4/300] Iter [730/794] Loss: 0.3443
[Epoch 4/300] Iter [740/794] Loss: 0.4643
[Epoch 4/300] Iter [750/794] Loss: 0.2697
[Epoch 4/300] Iter [760/794] Loss: 0.3627
[Epoch 4/300] Iter [770/794] Loss: 0.3518
[Epoch 4/300] Iter [780/794] Loss: 0.4268
[Epoch 4/300] Iter [790/794] Loss: 0.3992
Epoch [4/300] Validation Loss: 0.3549
[Epoch 5/300] Iter [10/794] Loss: 0.2925
[Epoch 5/300] Iter [20/794] Loss: 0.3288
[Epoch 5/300] Iter [30/794] Loss: 0.2944
[Epoch 5/300] Iter [40/794] Loss: 0.3661
[Epoch 5/300] Iter [50/794] Loss: 0.1991
[Epoch 5/300] Iter [60/794] Loss: 0.3595
[Epoch 5/300] Iter [70/794] Loss: 0.2622
[Epoch 5/300] Iter [80/794] Loss: 0.2260
[Epoch 5/300] Iter [90/794] Loss: 0.3880
[Epoch 5/300] Iter [100/794] Loss: 0.3075
[Epoch 5/300] Iter [110/794] Loss: 0.3838
[Epoch 5/300] Iter [120/794] Loss: 0.3348
[Epoch 5/300] Iter [130/794] Loss: 0.3530
[Epoch 5/300] Iter [140/794] Loss: 0.3171
[Epoch 5/300] Iter [150/794] Loss: 0.3088
[Epoch 5/300] Iter [160/794] Loss: 0.3997
[Epoch 5/300] Iter [170/794] Loss: 0.2454
[Epoch 5/300] Iter [180/794] Loss: 0.2896
[Epoch 5/300] Iter [190/794] Loss: 0.2894
[Epoch 5/300] Iter [200/794] Loss: 0.2424
[Epoch 5/300] Iter [210/794] Loss: 0.2827
[Epoch 5/300] Iter [220/794] Loss: 0.3634
[Epoch 5/300] Iter [230/794] Loss: 0.2843
[Epoch 5/300] Iter [240/794] Loss: 0.3673
[Epoch 5/300] Iter [250/794] Loss: 0.2087
[Epoch 5/300] Iter [260/794] Loss: 0.3212
[Epoch 5/300] Iter [270/794] Loss: 0.4456
[Epoch 5/300] Iter [280/794] Loss: 0.3213
[Epoch 5/300] Iter [290/794] Loss: 0.2686
[Epoch 5/300] Iter [300/794] Loss: 0.3197
[Epoch 5/300] Iter [310/794] Loss: 0.3199
[Epoch 5/300] Iter [320/794] Loss: 0.3311
[Epoch 5/300] Iter [330/794] Loss: 0.3728
[Epoch 5/300] Iter [340/794] Loss: 0.2295
[Epoch 5/300] Iter [350/794] Loss: 0.4253
[Epoch 5/300] Iter [360/794] Loss: 0.3185
[Epoch 5/300] Iter [370/794] Loss: 0.2432
[Epoch 5/300] Iter [380/794] Loss: 0.4450
[Epoch 5/300] Iter [390/794] Loss: 0.2345
[Epoch 5/300] Iter [400/794] Loss: 0.3344
[Epoch 5/300] Iter [410/794] Loss: 0.4059
[Epoch 5/300] Iter [420/794] Loss: 0.2503
[Epoch 5/300] Iter [430/794] Loss: 0.2603
[Epoch 5/300] Iter [440/794] Loss: 0.1787
[Epoch 5/300] Iter [450/794] Loss: 0.3427
[Epoch 5/300] Iter [460/794] Loss: 0.3184
[Epoch 5/300] Iter [470/794] Loss: 0.2763
[Epoch 5/300] Iter [480/794] Loss: 0.3240
[Epoch 5/300] Iter [490/794] Loss: 0.2432
[Epoch 5/300] Iter [500/794] Loss: 0.3864
[Epoch 5/300] Iter [510/794] Loss: 0.2928
[Epoch 5/300] Iter [520/794] Loss: 0.2488
[Epoch 5/300] Iter [530/794] Loss: 0.2125
[Epoch 5/300] Iter [540/794] Loss: 0.3715
[Epoch 5/300] Iter [550/794] Loss: 0.3921
[Epoch 5/300] Iter [560/794] Loss: 0.2996
[Epoch 5/300] Iter [570/794] Loss: 0.3606
[Epoch 5/300] Iter [580/794] Loss: 0.2656
[Epoch 5/300] Iter [590/794] Loss: 0.3208
[Epoch 5/300] Iter [600/794] Loss: 0.2407
[Epoch 5/300] Iter [610/794] Loss: 0.2571
[Epoch 5/300] Iter [620/794] Loss: 0.2787
[Epoch 5/300] Iter [630/794] Loss: 0.4344
[Epoch 5/300] Iter [640/794] Loss: 0.3209
[Epoch 5/300] Iter [650/794] Loss: 0.3155
[Epoch 5/300] Iter [660/794] Loss: 0.2579
[Epoch 5/300] Iter [670/794] Loss: 0.2429
[Epoch 5/300] Iter [680/794] Loss: 0.3451
[Epoch 5/300] Iter [690/794] Loss: 0.3204
[Epoch 5/300] Iter [700/794] Loss: 0.2974
[Epoch 5/300] Iter [710/794] Loss: 0.2154
[Epoch 5/300] Iter [720/794] Loss: 0.2781
[Epoch 5/300] Iter [730/794] Loss: 0.2575
[Epoch 5/300] Iter [740/794] Loss: 0.2914
[Epoch 5/300] Iter [750/794] Loss: 0.2064
[Epoch 5/300] Iter [760/794] Loss: 0.3077
[Epoch 5/300] Iter [770/794] Loss: 0.4755
[Epoch 5/300] Iter [780/794] Loss: 0.2205
[Epoch 5/300] Iter [790/794] Loss: 0.3060
Epoch [5/300] Validation Loss: 0.3613
No improvement for 1 epoch(s).
[Epoch 6/300] Iter [10/794] Loss: 0.3313
[Epoch 6/300] Iter [20/794] Loss: 0.2116
[Epoch 6/300] Iter [30/794] Loss: 0.2917
[Epoch 6/300] Iter [40/794] Loss: 0.2649
[Epoch 6/300] Iter [50/794] Loss: 0.2782
[Epoch 6/300] Iter [60/794] Loss: 0.2340
[Epoch 6/300] Iter [70/794] Loss: 0.2721
[Epoch 6/300] Iter [80/794] Loss: 0.2459
[Epoch 6/300] Iter [90/794] Loss: 0.3541
[Epoch 6/300] Iter [100/794] Loss: 0.2883
[Epoch 6/300] Iter [110/794] Loss: 0.2993
[Epoch 6/300] Iter [120/794] Loss: 0.4597
[Epoch 6/300] Iter [130/794] Loss: 0.2118
[Epoch 6/300] Iter [140/794] Loss: 0.2688
[Epoch 6/300] Iter [150/794] Loss: 0.3041
[Epoch 6/300] Iter [160/794] Loss: 0.2370
[Epoch 6/300] Iter [170/794] Loss: 0.2232
[Epoch 6/300] Iter [180/794] Loss: 0.2770
[Epoch 6/300] Iter [190/794] Loss: 0.3259
[Epoch 6/300] Iter [200/794] Loss: 0.2305
[Epoch 6/300] Iter [210/794] Loss: 0.2947
[Epoch 6/300] Iter [220/794] Loss: 0.3563
[Epoch 6/300] Iter [230/794] Loss: 0.1684
[Epoch 6/300] Iter [240/794] Loss: 0.3254
[Epoch 6/300] Iter [250/794] Loss: 0.3665
[Epoch 6/300] Iter [260/794] Loss: 0.2406
[Epoch 6/300] Iter [270/794] Loss: 0.3100
[Epoch 6/300] Iter [280/794] Loss: 0.2889
[Epoch 6/300] Iter [290/794] Loss: 0.2015
[Epoch 6/300] Iter [300/794] Loss: 0.2122
[Epoch 6/300] Iter [310/794] Loss: 0.2213
[Epoch 6/300] Iter [320/794] Loss: 0.2308
[Epoch 6/300] Iter [330/794] Loss: 0.4912
[Epoch 6/300] Iter [340/794] Loss: 0.2679
[Epoch 6/300] Iter [350/794] Loss: 0.2875
[Epoch 6/300] Iter [360/794] Loss: 0.3574
[Epoch 6/300] Iter [370/794] Loss: 0.2555
[Epoch 6/300] Iter [380/794] Loss: 0.2423
[Epoch 6/300] Iter [390/794] Loss: 0.2517
[Epoch 6/300] Iter [400/794] Loss: 0.2996
[Epoch 6/300] Iter [410/794] Loss: 0.2589
[Epoch 6/300] Iter [420/794] Loss: 0.2098
[Epoch 6/300] Iter [430/794] Loss: 0.2521
[Epoch 6/300] Iter [440/794] Loss: 0.3754
[Epoch 6/300] Iter [450/794] Loss: 0.3750
[Epoch 6/300] Iter [460/794] Loss: 0.2854
[Epoch 6/300] Iter [470/794] Loss: 0.2161
[Epoch 6/300] Iter [480/794] Loss: 0.2888
[Epoch 6/300] Iter [490/794] Loss: 0.3120
[Epoch 6/300] Iter [500/794] Loss: 0.2117
[Epoch 6/300] Iter [510/794] Loss: 0.2250
[Epoch 6/300] Iter [520/794] Loss: 0.3436
[Epoch 6/300] Iter [530/794] Loss: 0.2195
[Epoch 6/300] Iter [540/794] Loss: 0.2065
[Epoch 6/300] Iter [550/794] Loss: 0.2650
[Epoch 6/300] Iter [560/794] Loss: 0.2466
[Epoch 6/300] Iter [570/794] Loss: 0.3602
[Epoch 6/300] Iter [580/794] Loss: 0.2726
[Epoch 6/300] Iter [590/794] Loss: 0.3253
[Epoch 6/300] Iter [600/794] Loss: 0.4508
[Epoch 6/300] Iter [610/794] Loss: 0.2736
[Epoch 6/300] Iter [620/794] Loss: 0.2184
[Epoch 6/300] Iter [630/794] Loss: 0.2200
[Epoch 6/300] Iter [640/794] Loss: 0.2147
[Epoch 6/300] Iter [650/794] Loss: 0.2378
[Epoch 6/300] Iter [660/794] Loss: 0.2363
[Epoch 6/300] Iter [670/794] Loss: 0.3251
[Epoch 6/300] Iter [680/794] Loss: 0.1670
[Epoch 6/300] Iter [690/794] Loss: 0.3264
[Epoch 6/300] Iter [700/794] Loss: 0.2596
[Epoch 6/300] Iter [710/794] Loss: 0.2899
[Epoch 6/300] Iter [720/794] Loss: 0.4162
[Epoch 6/300] Iter [730/794] Loss: 0.4747
[Epoch 6/300] Iter [740/794] Loss: 0.1963
[Epoch 6/300] Iter [750/794] Loss: 0.4243
[Epoch 6/300] Iter [760/794] Loss: 0.2131
[Epoch 6/300] Iter [770/794] Loss: 0.3068
[Epoch 6/300] Iter [780/794] Loss: 0.4157
[Epoch 6/300] Iter [790/794] Loss: 0.4053
Epoch [6/300] Validation Loss: 0.3558
No improvement for 2 epoch(s).
[Epoch 7/300] Iter [10/794] Loss: 0.2444
[Epoch 7/300] Iter [20/794] Loss: 0.2309
[Epoch 7/300] Iter [30/794] Loss: 0.2908
[Epoch 7/300] Iter [40/794] Loss: 0.2330
[Epoch 7/300] Iter [50/794] Loss: 0.2194
[Epoch 7/300] Iter [60/794] Loss: 0.2192
[Epoch 7/300] Iter [70/794] Loss: 0.2436
[Epoch 7/300] Iter [80/794] Loss: 0.2518
[Epoch 7/300] Iter [90/794] Loss: 0.2955
[Epoch 7/300] Iter [100/794] Loss: 0.3488
[Epoch 7/300] Iter [110/794] Loss: 0.2151
[Epoch 7/300] Iter [120/794] Loss: 0.2339
[Epoch 7/300] Iter [130/794] Loss: 0.2770
[Epoch 7/300] Iter [140/794] Loss: 0.3034
[Epoch 7/300] Iter [150/794] Loss: 0.3088
[Epoch 7/300] Iter [160/794] Loss: 0.2644
[Epoch 7/300] Iter [170/794] Loss: 0.2977
[Epoch 7/300] Iter [180/794] Loss: 0.2044
[Epoch 7/300] Iter [190/794] Loss: 0.3753
[Epoch 7/300] Iter [200/794] Loss: 0.2206
[Epoch 7/300] Iter [210/794] Loss: 0.2099
[Epoch 7/300] Iter [220/794] Loss: 0.2893
[Epoch 7/300] Iter [230/794] Loss: 0.2466
[Epoch 7/300] Iter [240/794] Loss: 0.2821
[Epoch 7/300] Iter [250/794] Loss: 0.2230
[Epoch 7/300] Iter [260/794] Loss: 0.2155
[Epoch 7/300] Iter [270/794] Loss: 0.2505
[Epoch 7/300] Iter [280/794] Loss: 0.3777
[Epoch 7/300] Iter [290/794] Loss: 0.3051
[Epoch 7/300] Iter [300/794] Loss: 0.3502
[Epoch 7/300] Iter [310/794] Loss: 0.2852
[Epoch 7/300] Iter [320/794] Loss: 0.2293
[Epoch 7/300] Iter [330/794] Loss: 0.2269
[Epoch 7/300] Iter [340/794] Loss: 0.2681
[Epoch 7/300] Iter [350/794] Loss: 0.2428
[Epoch 7/300] Iter [360/794] Loss: 0.1965
[Epoch 7/300] Iter [370/794] Loss: 0.2320
[Epoch 7/300] Iter [380/794] Loss: 0.3580
[Epoch 7/300] Iter [390/794] Loss: 0.4536
[Epoch 7/300] Iter [400/794] Loss: 0.3899
[Epoch 7/300] Iter [410/794] Loss: 0.2363
[Epoch 7/300] Iter [420/794] Loss: 0.3250
[Epoch 7/300] Iter [430/794] Loss: 0.2604
[Epoch 7/300] Iter [440/794] Loss: 0.2372
[Epoch 7/300] Iter [450/794] Loss: 0.3275
[Epoch 7/300] Iter [460/794] Loss: 0.3029
[Epoch 7/300] Iter [470/794] Loss: 0.2895
[Epoch 7/300] Iter [480/794] Loss: 0.2347
[Epoch 7/300] Iter [490/794] Loss: 0.2441
[Epoch 7/300] Iter [500/794] Loss: 0.2033
[Epoch 7/300] Iter [510/794] Loss: 0.2756
[Epoch 7/300] Iter [520/794] Loss: 0.1943
[Epoch 7/300] Iter [530/794] Loss: 0.2889
[Epoch 7/300] Iter [540/794] Loss: 0.1781
[Epoch 7/300] Iter [550/794] Loss: 0.3291
[Epoch 7/300] Iter [560/794] Loss: 0.2689
[Epoch 7/300] Iter [570/794] Loss: 0.2730
[Epoch 7/300] Iter [580/794] Loss: 0.1830
[Epoch 7/300] Iter [590/794] Loss: 0.3212
[Epoch 7/300] Iter [600/794] Loss: 0.4208
[Epoch 7/300] Iter [610/794] Loss: 0.2373
[Epoch 7/300] Iter [620/794] Loss: 0.2684
[Epoch 7/300] Iter [630/794] Loss: 0.2863
[Epoch 7/300] Iter [640/794] Loss: 0.3281
[Epoch 7/300] Iter [650/794] Loss: 0.2237
[Epoch 7/300] Iter [660/794] Loss: 0.3612
[Epoch 7/300] Iter [670/794] Loss: 0.3823
[Epoch 7/300] Iter [680/794] Loss: 0.2611
[Epoch 7/300] Iter [690/794] Loss: 0.3144
[Epoch 7/300] Iter [700/794] Loss: 0.3685
[Epoch 7/300] Iter [710/794] Loss: 0.3080
[Epoch 7/300] Iter [720/794] Loss: 0.2856
[Epoch 7/300] Iter [730/794] Loss: 0.2474
[Epoch 7/300] Iter [740/794] Loss: 0.2636
[Epoch 7/300] Iter [750/794] Loss: 0.2365
[Epoch 7/300] Iter [760/794] Loss: 0.2175
[Epoch 7/300] Iter [770/794] Loss: 0.2094
[Epoch 7/300] Iter [780/794] Loss: 0.2708
[Epoch 7/300] Iter [790/794] Loss: 0.2504
Epoch [7/300] Validation Loss: 0.3629
No improvement for 3 epoch(s).
[Epoch 8/300] Iter [10/794] Loss: 0.4210
[Epoch 8/300] Iter [20/794] Loss: 0.2870
[Epoch 8/300] Iter [30/794] Loss: 0.1652
[Epoch 8/300] Iter [40/794] Loss: 0.3054
[Epoch 8/300] Iter [50/794] Loss: 0.2240
[Epoch 8/300] Iter [60/794] Loss: 0.2707
[Epoch 8/300] Iter [70/794] Loss: 0.1916
[Epoch 8/300] Iter [80/794] Loss: 0.2574
[Epoch 8/300] Iter [90/794] Loss: 0.3231
[Epoch 8/300] Iter [100/794] Loss: 0.2222
[Epoch 8/300] Iter [110/794] Loss: 0.2925
[Epoch 8/300] Iter [120/794] Loss: 0.1623
[Epoch 8/300] Iter [130/794] Loss: 0.2366
[Epoch 8/300] Iter [140/794] Loss: 0.3194
[Epoch 8/300] Iter [150/794] Loss: 0.3513
[Epoch 8/300] Iter [160/794] Loss: 0.1803
[Epoch 8/300] Iter [170/794] Loss: 0.1659
[Epoch 8/300] Iter [180/794] Loss: 0.2152
[Epoch 8/300] Iter [190/794] Loss: 0.1183
[Epoch 8/300] Iter [200/794] Loss: 0.2429
[Epoch 8/300] Iter [210/794] Loss: 0.2691
[Epoch 8/300] Iter [220/794] Loss: 0.2489
[Epoch 8/300] Iter [230/794] Loss: 0.2641
[Epoch 8/300] Iter [240/794] Loss: 0.1894
[Epoch 8/300] Iter [250/794] Loss: 0.3296
[Epoch 8/300] Iter [260/794] Loss: 0.3335
[Epoch 8/300] Iter [270/794] Loss: 0.2629
[Epoch 8/300] Iter [280/794] Loss: 0.2053
[Epoch 8/300] Iter [290/794] Loss: 0.2183
[Epoch 8/300] Iter [300/794] Loss: 0.1823
[Epoch 8/300] Iter [310/794] Loss: 0.2737
[Epoch 8/300] Iter [320/794] Loss: 0.1986
[Epoch 8/300] Iter [330/794] Loss: 0.3200
[Epoch 8/300] Iter [340/794] Loss: 0.1957
[Epoch 8/300] Iter [350/794] Loss: 0.4424
[Epoch 8/300] Iter [360/794] Loss: 0.3469
[Epoch 8/300] Iter [370/794] Loss: 0.3282
[Epoch 8/300] Iter [380/794] Loss: 0.2762
[Epoch 8/300] Iter [390/794] Loss: 0.2906
[Epoch 8/300] Iter [400/794] Loss: 0.2673
[Epoch 8/300] Iter [410/794] Loss: 0.2350
[Epoch 8/300] Iter [420/794] Loss: 0.3355
[Epoch 8/300] Iter [430/794] Loss: 0.3360
[Epoch 8/300] Iter [440/794] Loss: 0.2279
[Epoch 8/300] Iter [450/794] Loss: 0.2080
[Epoch 8/300] Iter [460/794] Loss: 0.2542
[Epoch 8/300] Iter [470/794] Loss: 0.2232
[Epoch 8/300] Iter [480/794] Loss: 0.2659
[Epoch 8/300] Iter [490/794] Loss: 0.1917
[Epoch 8/300] Iter [500/794] Loss: 0.2260
[Epoch 8/300] Iter [510/794] Loss: 0.2899
[Epoch 8/300] Iter [520/794] Loss: 0.2475
[Epoch 8/300] Iter [530/794] Loss: 0.2242
[Epoch 8/300] Iter [540/794] Loss: 0.3030
[Epoch 8/300] Iter [550/794] Loss: 0.2675
[Epoch 8/300] Iter [560/794] Loss: 0.3040
[Epoch 8/300] Iter [570/794] Loss: 0.3508
[Epoch 8/300] Iter [580/794] Loss: 0.3270
[Epoch 8/300] Iter [590/794] Loss: 0.2639
[Epoch 8/300] Iter [600/794] Loss: 0.2591
[Epoch 8/300] Iter [610/794] Loss: 0.2920
[Epoch 8/300] Iter [620/794] Loss: 0.3032
[Epoch 8/300] Iter [630/794] Loss: 0.3589
[Epoch 8/300] Iter [640/794] Loss: 0.3019
[Epoch 8/300] Iter [650/794] Loss: 0.3170
[Epoch 8/300] Iter [660/794] Loss: 0.2681
[Epoch 8/300] Iter [670/794] Loss: 0.2414
[Epoch 8/300] Iter [680/794] Loss: 0.2643
[Epoch 8/300] Iter [690/794] Loss: 0.2062
[Epoch 8/300] Iter [700/794] Loss: 0.2653
[Epoch 8/300] Iter [710/794] Loss: 0.4038
[Epoch 8/300] Iter [720/794] Loss: 0.2123
[Epoch 8/300] Iter [730/794] Loss: 0.4083
[Epoch 8/300] Iter [740/794] Loss: 0.3259
[Epoch 8/300] Iter [750/794] Loss: 0.2123
[Epoch 8/300] Iter [760/794] Loss: 0.2516
[Epoch 8/300] Iter [770/794] Loss: 0.1811
[Epoch 8/300] Iter [780/794] Loss: 0.2674
[Epoch 8/300] Iter [790/794] Loss: 0.2397
Epoch [8/300] Validation Loss: 0.3771
No improvement for 4 epoch(s).
[Epoch 9/300] Iter [10/794] Loss: 0.2296
[Epoch 9/300] Iter [20/794] Loss: 0.2378
[Epoch 9/300] Iter [30/794] Loss: 0.3316
[Epoch 9/300] Iter [40/794] Loss: 0.2445
[Epoch 9/300] Iter [50/794] Loss: 0.2663
[Epoch 9/300] Iter [60/794] Loss: 0.1878
[Epoch 9/300] Iter [70/794] Loss: 0.1946
[Epoch 9/300] Iter [80/794] Loss: 0.1337
[Epoch 9/300] Iter [90/794] Loss: 0.2149
[Epoch 9/300] Iter [100/794] Loss: 0.2034
[Epoch 9/300] Iter [110/794] Loss: 0.1650
[Epoch 9/300] Iter [120/794] Loss: 0.3137
[Epoch 9/300] Iter [130/794] Loss: 0.2116
[Epoch 9/300] Iter [140/794] Loss: 0.2689
[Epoch 9/300] Iter [150/794] Loss: 0.3163
[Epoch 9/300] Iter [160/794] Loss: 0.1448
[Epoch 9/300] Iter [170/794] Loss: 0.2291
[Epoch 9/300] Iter [180/794] Loss: 0.2364
[Epoch 9/300] Iter [190/794] Loss: 0.1670
[Epoch 9/300] Iter [200/794] Loss: 0.2007
[Epoch 9/300] Iter [210/794] Loss: 0.2033
[Epoch 9/300] Iter [220/794] Loss: 0.2479
[Epoch 9/300] Iter [230/794] Loss: 0.1499
[Epoch 9/300] Iter [240/794] Loss: 0.1900
[Epoch 9/300] Iter [250/794] Loss: 0.1435
[Epoch 9/300] Iter [260/794] Loss: 0.1854
[Epoch 9/300] Iter [270/794] Loss: 0.2121
[Epoch 9/300] Iter [280/794] Loss: 0.3295
[Epoch 9/300] Iter [290/794] Loss: 0.2662
[Epoch 9/300] Iter [300/794] Loss: 0.2107
[Epoch 9/300] Iter [310/794] Loss: 0.3160
[Epoch 9/300] Iter [320/794] Loss: 0.2776
[Epoch 9/300] Iter [330/794] Loss: 0.2436
[Epoch 9/300] Iter [340/794] Loss: 0.2446
[Epoch 9/300] Iter [350/794] Loss: 0.2178
[Epoch 9/300] Iter [360/794] Loss: 0.2390
[Epoch 9/300] Iter [370/794] Loss: 0.2732
[Epoch 9/300] Iter [380/794] Loss: 0.2410
[Epoch 9/300] Iter [390/794] Loss: 0.2018
[Epoch 9/300] Iter [400/794] Loss: 0.2346
[Epoch 9/300] Iter [410/794] Loss: 0.2236
[Epoch 9/300] Iter [420/794] Loss: 0.2461
[Epoch 9/300] Iter [430/794] Loss: 0.1111
[Epoch 9/300] Iter [440/794] Loss: 0.1651
[Epoch 9/300] Iter [450/794] Loss: 0.1853
[Epoch 9/300] Iter [460/794] Loss: 0.1834
[Epoch 9/300] Iter [470/794] Loss: 0.2503
[Epoch 9/300] Iter [480/794] Loss: 0.2997
[Epoch 9/300] Iter [490/794] Loss: 0.2041
[Epoch 9/300] Iter [500/794] Loss: 0.1892
[Epoch 9/300] Iter [510/794] Loss: 0.2536
[Epoch 9/300] Iter [520/794] Loss: 0.2465
[Epoch 9/300] Iter [530/794] Loss: 0.3303
[Epoch 9/300] Iter [540/794] Loss: 0.2162
[Epoch 9/300] Iter [550/794] Loss: 0.2082
[Epoch 9/300] Iter [560/794] Loss: 0.1680
[Epoch 9/300] Iter [570/794] Loss: 0.2795
[Epoch 9/300] Iter [580/794] Loss: 0.2984
[Epoch 9/300] Iter [590/794] Loss: 0.2591
[Epoch 9/300] Iter [600/794] Loss: 0.3986
[Epoch 9/300] Iter [610/794] Loss: 0.3689
[Epoch 9/300] Iter [620/794] Loss: 0.2581
[Epoch 9/300] Iter [630/794] Loss: 0.1998
[Epoch 9/300] Iter [640/794] Loss: 0.2966
[Epoch 9/300] Iter [650/794] Loss: 0.2936
[Epoch 9/300] Iter [660/794] Loss: 0.2945
[Epoch 9/300] Iter [670/794] Loss: 0.2828
[Epoch 9/300] Iter [680/794] Loss: 0.1532
[Epoch 9/300] Iter [690/794] Loss: 0.2065
[Epoch 9/300] Iter [700/794] Loss: 0.2727
[Epoch 9/300] Iter [710/794] Loss: 0.2161
[Epoch 9/300] Iter [720/794] Loss: 0.3395
[Epoch 9/300] Iter [730/794] Loss: 0.3023
[Epoch 9/300] Iter [740/794] Loss: 0.2793
[Epoch 9/300] Iter [750/794] Loss: 0.2796
[Epoch 9/300] Iter [760/794] Loss: 0.2231
[Epoch 9/300] Iter [770/794] Loss: 0.2901
[Epoch 9/300] Iter [780/794] Loss: 0.3878
[Epoch 9/300] Iter [790/794] Loss: 0.1825
Epoch [9/300] Validation Loss: 0.3607
No improvement for 5 epoch(s).
[Epoch 10/300] Iter [10/794] Loss: 0.2338
[Epoch 10/300] Iter [20/794] Loss: 0.1904
[Epoch 10/300] Iter [30/794] Loss: 0.3050
[Epoch 10/300] Iter [40/794] Loss: 0.2598
[Epoch 10/300] Iter [50/794] Loss: 0.2416
[Epoch 10/300] Iter [60/794] Loss: 0.2724
[Epoch 10/300] Iter [70/794] Loss: 0.1794
[Epoch 10/300] Iter [80/794] Loss: 0.1350
[Epoch 10/300] Iter [90/794] Loss: 0.2643
[Epoch 10/300] Iter [100/794] Loss: 0.2496
[Epoch 10/300] Iter [110/794] Loss: 0.3387
[Epoch 10/300] Iter [120/794] Loss: 0.2893
[Epoch 10/300] Iter [130/794] Loss: 0.3989
[Epoch 10/300] Iter [140/794] Loss: 0.2154
[Epoch 10/300] Iter [150/794] Loss: 0.3184
[Epoch 10/300] Iter [160/794] Loss: 0.2510
[Epoch 10/300] Iter [170/794] Loss: 0.2181
[Epoch 10/300] Iter [180/794] Loss: 0.1807
[Epoch 10/300] Iter [190/794] Loss: 0.3921
[Epoch 10/300] Iter [200/794] Loss: 0.4141
[Epoch 10/300] Iter [210/794] Loss: 0.2347
[Epoch 10/300] Iter [220/794] Loss: 0.1992
[Epoch 10/300] Iter [230/794] Loss: 0.3163
[Epoch 10/300] Iter [240/794] Loss: 0.1304
[Epoch 10/300] Iter [250/794] Loss: 0.1715
[Epoch 10/300] Iter [260/794] Loss: 0.2225
[Epoch 10/300] Iter [270/794] Loss: 0.2114
[Epoch 10/300] Iter [280/794] Loss: 0.1614
[Epoch 10/300] Iter [290/794] Loss: 0.2013
[Epoch 10/300] Iter [300/794] Loss: 0.1810
[Epoch 10/300] Iter [310/794] Loss: 0.1824
[Epoch 10/300] Iter [320/794] Loss: 0.1782
[Epoch 10/300] Iter [330/794] Loss: 0.1357
[Epoch 10/300] Iter [340/794] Loss: 0.2146
[Epoch 10/300] Iter [350/794] Loss: 0.3179
[Epoch 10/300] Iter [360/794] Loss: 0.2401
[Epoch 10/300] Iter [370/794] Loss: 0.2476
[Epoch 10/300] Iter [380/794] Loss: 0.3254
[Epoch 10/300] Iter [390/794] Loss: 0.1941
[Epoch 10/300] Iter [400/794] Loss: 0.2226
[Epoch 10/300] Iter [410/794] Loss: 0.3106
[Epoch 10/300] Iter [420/794] Loss: 0.2824
[Epoch 10/300] Iter [430/794] Loss: 0.2460
[Epoch 10/300] Iter [440/794] Loss: 0.2630
[Epoch 10/300] Iter [450/794] Loss: 0.2362
[Epoch 10/300] Iter [460/794] Loss: 0.3643
[Epoch 10/300] Iter [470/794] Loss: 0.2243
[Epoch 10/300] Iter [480/794] Loss: 0.2209
[Epoch 10/300] Iter [490/794] Loss: 0.2020
[Epoch 10/300] Iter [500/794] Loss: 0.2982
[Epoch 10/300] Iter [510/794] Loss: 0.2466
[Epoch 10/300] Iter [520/794] Loss: 0.1564
[Epoch 10/300] Iter [530/794] Loss: 0.2316
[Epoch 10/300] Iter [540/794] Loss: 0.3346
[Epoch 10/300] Iter [550/794] Loss: 0.3643
[Epoch 10/300] Iter [560/794] Loss: 0.3073
[Epoch 10/300] Iter [570/794] Loss: 0.2572
[Epoch 10/300] Iter [580/794] Loss: 0.4010
[Epoch 10/300] Iter [590/794] Loss: 0.2991
[Epoch 10/300] Iter [600/794] Loss: 0.1798
[Epoch 10/300] Iter [610/794] Loss: 0.2710
[Epoch 10/300] Iter [620/794] Loss: 0.2727
[Epoch 10/300] Iter [630/794] Loss: 0.1153
[Epoch 10/300] Iter [640/794] Loss: 0.2159
[Epoch 10/300] Iter [650/794] Loss: 0.4341
[Epoch 10/300] Iter [660/794] Loss: 0.1995
[Epoch 10/300] Iter [670/794] Loss: 0.3144
[Epoch 10/300] Iter [680/794] Loss: 0.3211
[Epoch 10/300] Iter [690/794] Loss: 0.2571
[Epoch 10/300] Iter [700/794] Loss: 0.3054
[Epoch 10/300] Iter [710/794] Loss: 0.2831
[Epoch 10/300] Iter [720/794] Loss: 0.2148
[Epoch 10/300] Iter [730/794] Loss: 0.2649
[Epoch 10/300] Iter [740/794] Loss: 0.2329
[Epoch 10/300] Iter [750/794] Loss: 0.2107
[Epoch 10/300] Iter [760/794] Loss: 0.2160
[Epoch 10/300] Iter [770/794] Loss: 0.2741
[Epoch 10/300] Iter [780/794] Loss: 0.3572
[Epoch 10/300] Iter [790/794] Loss: 0.2205
Epoch [10/300] Validation Loss: 0.3899
No improvement for 6 epoch(s).
[Epoch 11/300] Iter [10/794] Loss: 0.2034
[Epoch 11/300] Iter [20/794] Loss: 0.2857
[Epoch 11/300] Iter [30/794] Loss: 0.1554
[Epoch 11/300] Iter [40/794] Loss: 0.2161
[Epoch 11/300] Iter [50/794] Loss: 0.1692
[Epoch 11/300] Iter [60/794] Loss: 0.1847
[Epoch 11/300] Iter [70/794] Loss: 0.2084
[Epoch 11/300] Iter [80/794] Loss: 0.2302
[Epoch 11/300] Iter [90/794] Loss: 0.2080
[Epoch 11/300] Iter [100/794] Loss: 0.1769
[Epoch 11/300] Iter [110/794] Loss: 0.2253
[Epoch 11/300] Iter [120/794] Loss: 0.1950
[Epoch 11/300] Iter [130/794] Loss: 0.2377
[Epoch 11/300] Iter [140/794] Loss: 0.1693
[Epoch 11/300] Iter [150/794] Loss: 0.3211
[Epoch 11/300] Iter [160/794] Loss: 0.2387
[Epoch 11/300] Iter [170/794] Loss: 0.2817
[Epoch 11/300] Iter [180/794] Loss: 0.2722
[Epoch 11/300] Iter [190/794] Loss: 0.1961
[Epoch 11/300] Iter [200/794] Loss: 0.2631
[Epoch 11/300] Iter [210/794] Loss: 0.1594
[Epoch 11/300] Iter [220/794] Loss: 0.2042
[Epoch 11/300] Iter [230/794] Loss: 0.2679
[Epoch 11/300] Iter [240/794] Loss: 0.3075
[Epoch 11/300] Iter [250/794] Loss: 0.2564
[Epoch 11/300] Iter [260/794] Loss: 0.1409
[Epoch 11/300] Iter [270/794] Loss: 0.1965
[Epoch 11/300] Iter [280/794] Loss: 0.3213
[Epoch 11/300] Iter [290/794] Loss: 0.2217
[Epoch 11/300] Iter [300/794] Loss: 0.2119
[Epoch 11/300] Iter [310/794] Loss: 0.2316
[Epoch 11/300] Iter [320/794] Loss: 0.2955
[Epoch 11/300] Iter [330/794] Loss: 0.2167
[Epoch 11/300] Iter [340/794] Loss: 0.2782
[Epoch 11/300] Iter [350/794] Loss: 0.1557
[Epoch 11/300] Iter [360/794] Loss: 0.2425
[Epoch 11/300] Iter [370/794] Loss: 0.2314
[Epoch 11/300] Iter [380/794] Loss: 0.2843
[Epoch 11/300] Iter [390/794] Loss: 0.2800
[Epoch 11/300] Iter [400/794] Loss: 0.1871
[Epoch 11/300] Iter [410/794] Loss: 0.2607
[Epoch 11/300] Iter [420/794] Loss: 0.1928
[Epoch 11/300] Iter [430/794] Loss: 0.1733
[Epoch 11/300] Iter [440/794] Loss: 0.2366
[Epoch 11/300] Iter [450/794] Loss: 0.3435
[Epoch 11/300] Iter [460/794] Loss: 0.2345
[Epoch 11/300] Iter [470/794] Loss: 0.1756
[Epoch 11/300] Iter [480/794] Loss: 0.1180
[Epoch 11/300] Iter [490/794] Loss: 0.2642
[Epoch 11/300] Iter [500/794] Loss: 0.3519
[Epoch 11/300] Iter [510/794] Loss: 0.2850
[Epoch 11/300] Iter [520/794] Loss: 0.2227
[Epoch 11/300] Iter [530/794] Loss: 0.2746
[Epoch 11/300] Iter [540/794] Loss: 0.2295
[Epoch 11/300] Iter [550/794] Loss: 0.2753
[Epoch 11/300] Iter [560/794] Loss: 0.2564
[Epoch 11/300] Iter [570/794] Loss: 0.2480
[Epoch 11/300] Iter [580/794] Loss: 0.2617
[Epoch 11/300] Iter [590/794] Loss: 0.2335
[Epoch 11/300] Iter [600/794] Loss: 0.1324
[Epoch 11/300] Iter [610/794] Loss: 0.1459
[Epoch 11/300] Iter [620/794] Loss: 0.2162
[Epoch 11/300] Iter [630/794] Loss: 0.2515
[Epoch 11/300] Iter [640/794] Loss: 0.2381
[Epoch 11/300] Iter [650/794] Loss: 0.2627
[Epoch 11/300] Iter [660/794] Loss: 0.1909
[Epoch 11/300] Iter [670/794] Loss: 0.2683
[Epoch 11/300] Iter [680/794] Loss: 0.2851
[Epoch 11/300] Iter [690/794] Loss: 0.2933
[Epoch 11/300] Iter [700/794] Loss: 0.2389
[Epoch 11/300] Iter [710/794] Loss: 0.1149
[Epoch 11/300] Iter [720/794] Loss: 0.2435
[Epoch 11/300] Iter [730/794] Loss: 0.2164
[Epoch 11/300] Iter [740/794] Loss: 0.2249
[Epoch 11/300] Iter [750/794] Loss: 0.2789
[Epoch 11/300] Iter [760/794] Loss: 0.1519
[Epoch 11/300] Iter [770/794] Loss: 0.2843
[Epoch 11/300] Iter [780/794] Loss: 0.1986
[Epoch 11/300] Iter [790/794] Loss: 0.3550
Epoch [11/300] Validation Loss: 0.3833
No improvement for 7 epoch(s).
[Epoch 12/300] Iter [10/794] Loss: 0.2915
[Epoch 12/300] Iter [20/794] Loss: 0.2806
[Epoch 12/300] Iter [30/794] Loss: 0.2288
[Epoch 12/300] Iter [40/794] Loss: 0.1699
[Epoch 12/300] Iter [50/794] Loss: 0.2541
[Epoch 12/300] Iter [60/794] Loss: 0.2251
[Epoch 12/300] Iter [70/794] Loss: 0.1362
[Epoch 12/300] Iter [80/794] Loss: 0.2431
[Epoch 12/300] Iter [90/794] Loss: 0.2806
[Epoch 12/300] Iter [100/794] Loss: 0.1849
[Epoch 12/300] Iter [110/794] Loss: 0.2306
[Epoch 12/300] Iter [120/794] Loss: 0.1439
[Epoch 12/300] Iter [130/794] Loss: 0.1741
[Epoch 12/300] Iter [140/794] Loss: 0.1908
[Epoch 12/300] Iter [150/794] Loss: 0.1878
[Epoch 12/300] Iter [160/794] Loss: 0.2970
[Epoch 12/300] Iter [170/794] Loss: 0.1537
[Epoch 12/300] Iter [180/794] Loss: 0.2940
[Epoch 12/300] Iter [190/794] Loss: 0.2315
[Epoch 12/300] Iter [200/794] Loss: 0.2262
[Epoch 12/300] Iter [210/794] Loss: 0.1725
[Epoch 12/300] Iter [220/794] Loss: 0.2166
[Epoch 12/300] Iter [230/794] Loss: 0.2861
[Epoch 12/300] Iter [240/794] Loss: 0.2049
[Epoch 12/300] Iter [250/794] Loss: 0.1440
[Epoch 12/300] Iter [260/794] Loss: 0.2023
[Epoch 12/300] Iter [270/794] Loss: 0.2082
[Epoch 12/300] Iter [280/794] Loss: 0.2098
[Epoch 12/300] Iter [290/794] Loss: 0.2314
[Epoch 12/300] Iter [300/794] Loss: 0.1791
[Epoch 12/300] Iter [310/794] Loss: 0.2267
[Epoch 12/300] Iter [320/794] Loss: 0.1968
[Epoch 12/300] Iter [330/794] Loss: 0.2906
[Epoch 12/300] Iter [340/794] Loss: 0.3569
[Epoch 12/300] Iter [350/794] Loss: 0.3361
[Epoch 12/300] Iter [360/794] Loss: 0.2412
[Epoch 12/300] Iter [370/794] Loss: 0.2875
[Epoch 12/300] Iter [380/794] Loss: 0.2285
[Epoch 12/300] Iter [390/794] Loss: 0.1586
[Epoch 12/300] Iter [400/794] Loss: 0.2085
[Epoch 12/300] Iter [410/794] Loss: 0.1879
[Epoch 12/300] Iter [420/794] Loss: 0.2032
[Epoch 12/300] Iter [430/794] Loss: 0.2409
[Epoch 12/300] Iter [440/794] Loss: 0.3424
[Epoch 12/300] Iter [450/794] Loss: 0.2972
[Epoch 12/300] Iter [460/794] Loss: 0.2330
[Epoch 12/300] Iter [470/794] Loss: 0.1909
[Epoch 12/300] Iter [480/794] Loss: 0.2024
[Epoch 12/300] Iter [490/794] Loss: 0.1789
[Epoch 12/300] Iter [500/794] Loss: 0.2316
[Epoch 12/300] Iter [510/794] Loss: 0.1748
[Epoch 12/300] Iter [520/794] Loss: 0.3718
[Epoch 12/300] Iter [530/794] Loss: 0.1741
[Epoch 12/300] Iter [540/794] Loss: 0.1353
[Epoch 12/300] Iter [550/794] Loss: 0.1678
[Epoch 12/300] Iter [560/794] Loss: 0.2537
[Epoch 12/300] Iter [570/794] Loss: 0.2350
[Epoch 12/300] Iter [580/794] Loss: 0.2696
[Epoch 12/300] Iter [590/794] Loss: 0.1962
[Epoch 12/300] Iter [600/794] Loss: 0.3345
[Epoch 12/300] Iter [610/794] Loss: 0.2240
[Epoch 12/300] Iter [620/794] Loss: 0.2440
[Epoch 12/300] Iter [630/794] Loss: 0.1383
[Epoch 12/300] Iter [640/794] Loss: 0.2613
[Epoch 12/300] Iter [650/794] Loss: 0.2373
[Epoch 12/300] Iter [660/794] Loss: 0.1849
[Epoch 12/300] Iter [670/794] Loss: 0.2052
[Epoch 12/300] Iter [680/794] Loss: 0.2571
[Epoch 12/300] Iter [690/794] Loss: 0.2636
[Epoch 12/300] Iter [700/794] Loss: 0.2092
[Epoch 12/300] Iter [710/794] Loss: 0.2563
[Epoch 12/300] Iter [720/794] Loss: 0.2899
[Epoch 12/300] Iter [730/794] Loss: 0.2327
[Epoch 12/300] Iter [740/794] Loss: 0.1727
[Epoch 12/300] Iter [750/794] Loss: 0.2969
[Epoch 12/300] Iter [760/794] Loss: 0.2206
[Epoch 12/300] Iter [770/794] Loss: 0.2698
[Epoch 12/300] Iter [780/794] Loss: 0.3318
[Epoch 12/300] Iter [790/794] Loss: 0.1890
Epoch [12/300] Validation Loss: 0.4023
No improvement for 8 epoch(s).
[Epoch 13/300] Iter [10/794] Loss: 0.1829
[Epoch 13/300] Iter [20/794] Loss: 0.2745
[Epoch 13/300] Iter [30/794] Loss: 0.3038
[Epoch 13/300] Iter [40/794] Loss: 0.1496
[Epoch 13/300] Iter [50/794] Loss: 0.1766
[Epoch 13/300] Iter [60/794] Loss: 0.1926
[Epoch 13/300] Iter [70/794] Loss: 0.2333
[Epoch 13/300] Iter [80/794] Loss: 0.1963
[Epoch 13/300] Iter [90/794] Loss: 0.1862
[Epoch 13/300] Iter [100/794] Loss: 0.1323
[Epoch 13/300] Iter [110/794] Loss: 0.3748
[Epoch 13/300] Iter [120/794] Loss: 0.2195
[Epoch 13/300] Iter [130/794] Loss: 0.1841
[Epoch 13/300] Iter [140/794] Loss: 0.2184
[Epoch 13/300] Iter [150/794] Loss: 0.1186
[Epoch 13/300] Iter [160/794] Loss: 0.2793
[Epoch 13/300] Iter [170/794] Loss: 0.2205
[Epoch 13/300] Iter [180/794] Loss: 0.1631
[Epoch 13/300] Iter [190/794] Loss: 0.1934
[Epoch 13/300] Iter [200/794] Loss: 0.1598
[Epoch 13/300] Iter [210/794] Loss: 0.1373
[Epoch 13/300] Iter [220/794] Loss: 0.1827
[Epoch 13/300] Iter [230/794] Loss: 0.1332
[Epoch 13/300] Iter [240/794] Loss: 0.1852
[Epoch 13/300] Iter [250/794] Loss: 0.1908
[Epoch 13/300] Iter [260/794] Loss: 0.1580
[Epoch 13/300] Iter [270/794] Loss: 0.2477
[Epoch 13/300] Iter [280/794] Loss: 0.2230
[Epoch 13/300] Iter [290/794] Loss: 0.1913
[Epoch 13/300] Iter [300/794] Loss: 0.1813
[Epoch 13/300] Iter [310/794] Loss: 0.1243
[Epoch 13/300] Iter [320/794] Loss: 0.2018
[Epoch 13/300] Iter [330/794] Loss: 0.2285
[Epoch 13/300] Iter [340/794] Loss: 0.1897
[Epoch 13/300] Iter [350/794] Loss: 0.2367
[Epoch 13/300] Iter [360/794] Loss: 0.2596
[Epoch 13/300] Iter [370/794] Loss: 0.1832
[Epoch 13/300] Iter [380/794] Loss: 0.1957
[Epoch 13/300] Iter [390/794] Loss: 0.1761
[Epoch 13/300] Iter [400/794] Loss: 0.2252
[Epoch 13/300] Iter [410/794] Loss: 0.1997
[Epoch 13/300] Iter [420/794] Loss: 0.2255
[Epoch 13/300] Iter [430/794] Loss: 0.2208
[Epoch 13/300] Iter [440/794] Loss: 0.1942
[Epoch 13/300] Iter [450/794] Loss: 0.2107
[Epoch 13/300] Iter [460/794] Loss: 0.2682
[Epoch 13/300] Iter [470/794] Loss: 0.1958
[Epoch 13/300] Iter [480/794] Loss: 0.2143
[Epoch 13/300] Iter [490/794] Loss: 0.2317
[Epoch 13/300] Iter [500/794] Loss: 0.2179
[Epoch 13/300] Iter [510/794] Loss: 0.1176
[Epoch 13/300] Iter [520/794] Loss: 0.1239
[Epoch 13/300] Iter [530/794] Loss: 0.2212
[Epoch 13/300] Iter [540/794] Loss: 0.2146
[Epoch 13/300] Iter [550/794] Loss: 0.1584
[Epoch 13/300] Iter [560/794] Loss: 0.1797
[Epoch 13/300] Iter [570/794] Loss: 0.2161
[Epoch 13/300] Iter [580/794] Loss: 0.2772
[Epoch 13/300] Iter [590/794] Loss: 0.1323
[Epoch 13/300] Iter [600/794] Loss: 0.2464
[Epoch 13/300] Iter [610/794] Loss: 0.2044
[Epoch 13/300] Iter [620/794] Loss: 0.2709
[Epoch 13/300] Iter [630/794] Loss: 0.2328
[Epoch 13/300] Iter [640/794] Loss: 0.2555
[Epoch 13/300] Iter [650/794] Loss: 0.1861
[Epoch 13/300] Iter [660/794] Loss: 0.2609
[Epoch 13/300] Iter [670/794] Loss: 0.3802
[Epoch 13/300] Iter [680/794] Loss: 0.2198
[Epoch 13/300] Iter [690/794] Loss: 0.2297
[Epoch 13/300] Iter [700/794] Loss: 0.2719
[Epoch 13/300] Iter [710/794] Loss: 0.3208
[Epoch 13/300] Iter [720/794] Loss: 0.1688
[Epoch 13/300] Iter [730/794] Loss: 0.1842
[Epoch 13/300] Iter [740/794] Loss: 0.1354
[Epoch 13/300] Iter [750/794] Loss: 0.2253
[Epoch 13/300] Iter [760/794] Loss: 0.1894
[Epoch 13/300] Iter [770/794] Loss: 0.3101
[Epoch 13/300] Iter [780/794] Loss: 0.1747
[Epoch 13/300] Iter [790/794] Loss: 0.2633
Epoch [13/300] Validation Loss: 0.4013
No improvement for 9 epoch(s).
[Epoch 14/300] Iter [10/794] Loss: 0.2273
[Epoch 14/300] Iter [20/794] Loss: 0.1285
[Epoch 14/300] Iter [30/794] Loss: 0.2680
[Epoch 14/300] Iter [40/794] Loss: 0.1923
[Epoch 14/300] Iter [50/794] Loss: 0.2772
[Epoch 14/300] Iter [60/794] Loss: 0.1333
[Epoch 14/300] Iter [70/794] Loss: 0.1511
[Epoch 14/300] Iter [80/794] Loss: 0.2185
[Epoch 14/300] Iter [90/794] Loss: 0.1495
[Epoch 14/300] Iter [100/794] Loss: 0.1560
[Epoch 14/300] Iter [110/794] Loss: 0.2250
[Epoch 14/300] Iter [120/794] Loss: 0.2195
[Epoch 14/300] Iter [130/794] Loss: 0.1982
[Epoch 14/300] Iter [140/794] Loss: 0.1489
[Epoch 14/300] Iter [150/794] Loss: 0.2299
[Epoch 14/300] Iter [160/794] Loss: 0.1376
[Epoch 14/300] Iter [170/794] Loss: 0.1585
[Epoch 14/300] Iter [180/794] Loss: 0.1847
[Epoch 14/300] Iter [190/794] Loss: 0.2707
[Epoch 14/300] Iter [200/794] Loss: 0.1608
[Epoch 14/300] Iter [210/794] Loss: 0.2311
[Epoch 14/300] Iter [220/794] Loss: 0.2426
[Epoch 14/300] Iter [230/794] Loss: 0.1971
[Epoch 14/300] Iter [240/794] Loss: 0.1174
[Epoch 14/300] Iter [250/794] Loss: 0.1059
[Epoch 14/300] Iter [260/794] Loss: 0.1834
[Epoch 14/300] Iter [270/794] Loss: 0.2407
[Epoch 14/300] Iter [280/794] Loss: 0.2110
[Epoch 14/300] Iter [290/794] Loss: 0.1823
[Epoch 14/300] Iter [300/794] Loss: 0.2984
[Epoch 14/300] Iter [310/794] Loss: 0.2152
[Epoch 14/300] Iter [320/794] Loss: 0.2605
[Epoch 14/300] Iter [330/794] Loss: 0.2128
[Epoch 14/300] Iter [340/794] Loss: 0.1921
[Epoch 14/300] Iter [350/794] Loss: 0.2546
[Epoch 14/300] Iter [360/794] Loss: 0.2286
[Epoch 14/300] Iter [370/794] Loss: 0.2280
[Epoch 14/300] Iter [380/794] Loss: 0.2104
[Epoch 14/300] Iter [390/794] Loss: 0.1702
[Epoch 14/300] Iter [400/794] Loss: 0.2246
[Epoch 14/300] Iter [410/794] Loss: 0.2064
[Epoch 14/300] Iter [420/794] Loss: 0.1154
[Epoch 14/300] Iter [430/794] Loss: 0.2551
[Epoch 14/300] Iter [440/794] Loss: 0.2447
[Epoch 14/300] Iter [450/794] Loss: 0.2625
[Epoch 14/300] Iter [460/794] Loss: 0.1476
[Epoch 14/300] Iter [470/794] Loss: 0.2144
[Epoch 14/300] Iter [480/794] Loss: 0.2563
[Epoch 14/300] Iter [490/794] Loss: 0.2362
[Epoch 14/300] Iter [500/794] Loss: 0.2132
[Epoch 14/300] Iter [510/794] Loss: 0.2126
[Epoch 14/300] Iter [520/794] Loss: 0.1731
[Epoch 14/300] Iter [530/794] Loss: 0.2745
[Epoch 14/300] Iter [540/794] Loss: 0.1609
[Epoch 14/300] Iter [550/794] Loss: 0.2376
[Epoch 14/300] Iter [560/794] Loss: 0.1298
[Epoch 14/300] Iter [570/794] Loss: 0.3061
[Epoch 14/300] Iter [580/794] Loss: 0.2198
[Epoch 14/300] Iter [590/794] Loss: 0.2105
[Epoch 14/300] Iter [600/794] Loss: 0.2772
[Epoch 14/300] Iter [610/794] Loss: 0.1641
[Epoch 14/300] Iter [620/794] Loss: 0.3021
[Epoch 14/300] Iter [630/794] Loss: 0.1605
[Epoch 14/300] Iter [640/794] Loss: 0.1880
[Epoch 14/300] Iter [650/794] Loss: 0.2296
[Epoch 14/300] Iter [660/794] Loss: 0.2552
[Epoch 14/300] Iter [670/794] Loss: 0.1453
[Epoch 14/300] Iter [680/794] Loss: 0.2533
[Epoch 14/300] Iter [690/794] Loss: 0.1783
[Epoch 14/300] Iter [700/794] Loss: 0.2339
[Epoch 14/300] Iter [710/794] Loss: 0.1724
[Epoch 14/300] Iter [720/794] Loss: 0.1860
[Epoch 14/300] Iter [730/794] Loss: 0.2297
[Epoch 14/300] Iter [740/794] Loss: 0.1776
[Epoch 14/300] Iter [750/794] Loss: 0.1924
[Epoch 14/300] Iter [760/794] Loss: 0.1935
[Epoch 14/300] Iter [770/794] Loss: 0.2269
[Epoch 14/300] Iter [780/794] Loss: 0.2501
[Epoch 14/300] Iter [790/794] Loss: 0.2676
Epoch [14/300] Validation Loss: 0.4008
No improvement for 10 epoch(s).
Early stopping triggered at epoch 14
Training complete!
Test Accuracy: 7.28%
