===== Training Config =====
Dataset:        emnist
EMNIST Split:   balanced
Model:          lenet
BatchSize:      128
Epochs:         300
LR:             0.0022
Patience:       10
NumClasses:     47
SaveDir:        /scratch/gilbreth/hu953/cs57800/pth
Noise Std:      10.0
Noise Type:     gaussian
===========================
[Epoch 1/300] Iter [10/794] Loss: 3.3149
[Epoch 1/300] Iter [20/794] Loss: 2.7515
[Epoch 1/300] Iter [30/794] Loss: 1.9687
[Epoch 1/300] Iter [40/794] Loss: 1.5280
[Epoch 1/300] Iter [50/794] Loss: 1.2324
[Epoch 1/300] Iter [60/794] Loss: 1.0338
[Epoch 1/300] Iter [70/794] Loss: 0.8687
[Epoch 1/300] Iter [80/794] Loss: 0.7249
[Epoch 1/300] Iter [90/794] Loss: 0.8543
[Epoch 1/300] Iter [100/794] Loss: 0.6479
[Epoch 1/300] Iter [110/794] Loss: 0.7529
[Epoch 1/300] Iter [120/794] Loss: 0.6105
[Epoch 1/300] Iter [130/794] Loss: 0.5521
[Epoch 1/300] Iter [140/794] Loss: 0.5234
[Epoch 1/300] Iter [150/794] Loss: 0.5913
[Epoch 1/300] Iter [160/794] Loss: 0.6888
[Epoch 1/300] Iter [170/794] Loss: 0.7294
[Epoch 1/300] Iter [180/794] Loss: 0.7247
[Epoch 1/300] Iter [190/794] Loss: 0.7624
[Epoch 1/300] Iter [200/794] Loss: 0.4526
[Epoch 1/300] Iter [210/794] Loss: 0.5408
[Epoch 1/300] Iter [220/794] Loss: 0.6626
[Epoch 1/300] Iter [230/794] Loss: 0.5871
[Epoch 1/300] Iter [240/794] Loss: 0.5326
[Epoch 1/300] Iter [250/794] Loss: 0.7729
[Epoch 1/300] Iter [260/794] Loss: 0.6579
[Epoch 1/300] Iter [270/794] Loss: 0.7134
[Epoch 1/300] Iter [280/794] Loss: 0.4837
[Epoch 1/300] Iter [290/794] Loss: 0.5345
[Epoch 1/300] Iter [300/794] Loss: 0.5482
[Epoch 1/300] Iter [310/794] Loss: 0.5005
[Epoch 1/300] Iter [320/794] Loss: 0.5839
[Epoch 1/300] Iter [330/794] Loss: 0.5788
[Epoch 1/300] Iter [340/794] Loss: 0.5634
[Epoch 1/300] Iter [350/794] Loss: 0.5941
[Epoch 1/300] Iter [360/794] Loss: 0.6082
[Epoch 1/300] Iter [370/794] Loss: 0.5417
[Epoch 1/300] Iter [380/794] Loss: 0.7599
[Epoch 1/300] Iter [390/794] Loss: 0.6514
[Epoch 1/300] Iter [400/794] Loss: 0.4442
[Epoch 1/300] Iter [410/794] Loss: 0.5242
[Epoch 1/300] Iter [420/794] Loss: 0.5844
[Epoch 1/300] Iter [430/794] Loss: 0.5838
[Epoch 1/300] Iter [440/794] Loss: 0.7249
[Epoch 1/300] Iter [450/794] Loss: 0.3873
[Epoch 1/300] Iter [460/794] Loss: 0.4038
[Epoch 1/300] Iter [470/794] Loss: 0.3800
[Epoch 1/300] Iter [480/794] Loss: 0.5716
[Epoch 1/300] Iter [490/794] Loss: 0.5735
[Epoch 1/300] Iter [500/794] Loss: 0.4400
[Epoch 1/300] Iter [510/794] Loss: 0.5135
[Epoch 1/300] Iter [520/794] Loss: 0.5750
[Epoch 1/300] Iter [530/794] Loss: 0.4075
[Epoch 1/300] Iter [540/794] Loss: 0.2796
[Epoch 1/300] Iter [550/794] Loss: 0.4141
[Epoch 1/300] Iter [560/794] Loss: 0.4075
[Epoch 1/300] Iter [570/794] Loss: 0.4076
[Epoch 1/300] Iter [580/794] Loss: 0.5040
[Epoch 1/300] Iter [590/794] Loss: 0.4870
[Epoch 1/300] Iter [600/794] Loss: 0.5173
[Epoch 1/300] Iter [610/794] Loss: 0.4147
[Epoch 1/300] Iter [620/794] Loss: 0.4838
[Epoch 1/300] Iter [630/794] Loss: 0.3693
[Epoch 1/300] Iter [640/794] Loss: 0.5205
[Epoch 1/300] Iter [650/794] Loss: 0.3986
[Epoch 1/300] Iter [660/794] Loss: 0.5870
[Epoch 1/300] Iter [670/794] Loss: 0.3515
[Epoch 1/300] Iter [680/794] Loss: 0.5127
[Epoch 1/300] Iter [690/794] Loss: 0.4711
[Epoch 1/300] Iter [700/794] Loss: 0.5109
[Epoch 1/300] Iter [710/794] Loss: 0.3162
[Epoch 1/300] Iter [720/794] Loss: 0.3932
[Epoch 1/300] Iter [730/794] Loss: 0.3979
[Epoch 1/300] Iter [740/794] Loss: 0.6362
[Epoch 1/300] Iter [750/794] Loss: 0.3140
[Epoch 1/300] Iter [760/794] Loss: 0.4045
[Epoch 1/300] Iter [770/794] Loss: 0.4156
[Epoch 1/300] Iter [780/794] Loss: 0.3319
[Epoch 1/300] Iter [790/794] Loss: 0.4157
Epoch [1/300] Validation Loss: 0.4368
[Epoch 2/300] Iter [10/794] Loss: 0.4513
[Epoch 2/300] Iter [20/794] Loss: 0.5073
[Epoch 2/300] Iter [30/794] Loss: 0.3556
[Epoch 2/300] Iter [40/794] Loss: 0.4671
[Epoch 2/300] Iter [50/794] Loss: 0.4596
[Epoch 2/300] Iter [60/794] Loss: 0.3386
[Epoch 2/300] Iter [70/794] Loss: 0.3948
[Epoch 2/300] Iter [80/794] Loss: 0.3912
[Epoch 2/300] Iter [90/794] Loss: 0.3186
[Epoch 2/300] Iter [100/794] Loss: 0.5391
[Epoch 2/300] Iter [110/794] Loss: 0.3167
[Epoch 2/300] Iter [120/794] Loss: 0.3561
[Epoch 2/300] Iter [130/794] Loss: 0.2786
[Epoch 2/300] Iter [140/794] Loss: 0.3055
[Epoch 2/300] Iter [150/794] Loss: 0.2654
[Epoch 2/300] Iter [160/794] Loss: 0.5063
[Epoch 2/300] Iter [170/794] Loss: 0.2508
[Epoch 2/300] Iter [180/794] Loss: 0.4185
[Epoch 2/300] Iter [190/794] Loss: 0.5388
[Epoch 2/300] Iter [200/794] Loss: 0.3714
[Epoch 2/300] Iter [210/794] Loss: 0.3227
[Epoch 2/300] Iter [220/794] Loss: 0.4400
[Epoch 2/300] Iter [230/794] Loss: 0.5098
[Epoch 2/300] Iter [240/794] Loss: 0.3209
[Epoch 2/300] Iter [250/794] Loss: 0.4712
[Epoch 2/300] Iter [260/794] Loss: 0.4759
[Epoch 2/300] Iter [270/794] Loss: 0.3515
[Epoch 2/300] Iter [280/794] Loss: 0.2506
[Epoch 2/300] Iter [290/794] Loss: 0.3005
[Epoch 2/300] Iter [300/794] Loss: 0.5580
[Epoch 2/300] Iter [310/794] Loss: 0.4057
[Epoch 2/300] Iter [320/794] Loss: 0.3655
[Epoch 2/300] Iter [330/794] Loss: 0.3653
[Epoch 2/300] Iter [340/794] Loss: 0.5139
[Epoch 2/300] Iter [350/794] Loss: 0.3528
[Epoch 2/300] Iter [360/794] Loss: 0.3029
[Epoch 2/300] Iter [370/794] Loss: 0.3956
[Epoch 2/300] Iter [380/794] Loss: 0.2099
[Epoch 2/300] Iter [390/794] Loss: 0.3550
[Epoch 2/300] Iter [400/794] Loss: 0.3790
[Epoch 2/300] Iter [410/794] Loss: 0.4473
[Epoch 2/300] Iter [420/794] Loss: 0.3357
[Epoch 2/300] Iter [430/794] Loss: 0.3783
[Epoch 2/300] Iter [440/794] Loss: 0.5046
[Epoch 2/300] Iter [450/794] Loss: 0.3987
[Epoch 2/300] Iter [460/794] Loss: 0.3846
[Epoch 2/300] Iter [470/794] Loss: 0.2437
[Epoch 2/300] Iter [480/794] Loss: 0.3167
[Epoch 2/300] Iter [490/794] Loss: 0.2310
[Epoch 2/300] Iter [500/794] Loss: 0.2771
[Epoch 2/300] Iter [510/794] Loss: 0.2927
[Epoch 2/300] Iter [520/794] Loss: 0.3123
[Epoch 2/300] Iter [530/794] Loss: 0.4092
[Epoch 2/300] Iter [540/794] Loss: 0.3096
[Epoch 2/300] Iter [550/794] Loss: 0.4217
[Epoch 2/300] Iter [560/794] Loss: 0.4880
[Epoch 2/300] Iter [570/794] Loss: 0.3644
[Epoch 2/300] Iter [580/794] Loss: 0.4770
[Epoch 2/300] Iter [590/794] Loss: 0.2227
[Epoch 2/300] Iter [600/794] Loss: 0.3596
[Epoch 2/300] Iter [610/794] Loss: 0.2707
[Epoch 2/300] Iter [620/794] Loss: 0.3747
[Epoch 2/300] Iter [630/794] Loss: 0.3159
[Epoch 2/300] Iter [640/794] Loss: 0.3390
[Epoch 2/300] Iter [650/794] Loss: 0.3477
[Epoch 2/300] Iter [660/794] Loss: 0.2995
[Epoch 2/300] Iter [670/794] Loss: 0.4577
[Epoch 2/300] Iter [680/794] Loss: 0.2557
[Epoch 2/300] Iter [690/794] Loss: 0.4316
[Epoch 2/300] Iter [700/794] Loss: 0.3457
[Epoch 2/300] Iter [710/794] Loss: 0.4301
[Epoch 2/300] Iter [720/794] Loss: 0.5105
[Epoch 2/300] Iter [730/794] Loss: 0.4195
[Epoch 2/300] Iter [740/794] Loss: 0.4285
[Epoch 2/300] Iter [750/794] Loss: 0.4409
[Epoch 2/300] Iter [760/794] Loss: 0.3752
[Epoch 2/300] Iter [770/794] Loss: 0.2837
[Epoch 2/300] Iter [780/794] Loss: 0.3191
[Epoch 2/300] Iter [790/794] Loss: 0.4015
Epoch [2/300] Validation Loss: 0.3886
[Epoch 3/300] Iter [10/794] Loss: 0.3614
[Epoch 3/300] Iter [20/794] Loss: 0.2522
[Epoch 3/300] Iter [30/794] Loss: 0.3633
[Epoch 3/300] Iter [40/794] Loss: 0.3762
[Epoch 3/300] Iter [50/794] Loss: 0.2693
[Epoch 3/300] Iter [60/794] Loss: 0.5385
[Epoch 3/300] Iter [70/794] Loss: 0.3760
[Epoch 3/300] Iter [80/794] Loss: 0.3963
[Epoch 3/300] Iter [90/794] Loss: 0.3952
[Epoch 3/300] Iter [100/794] Loss: 0.3959
[Epoch 3/300] Iter [110/794] Loss: 0.3549
[Epoch 3/300] Iter [120/794] Loss: 0.3221
[Epoch 3/300] Iter [130/794] Loss: 0.3924
[Epoch 3/300] Iter [140/794] Loss: 0.2110
[Epoch 3/300] Iter [150/794] Loss: 0.3842
[Epoch 3/300] Iter [160/794] Loss: 0.3231
[Epoch 3/300] Iter [170/794] Loss: 0.2543
[Epoch 3/300] Iter [180/794] Loss: 0.2914
[Epoch 3/300] Iter [190/794] Loss: 0.2393
[Epoch 3/300] Iter [200/794] Loss: 0.4244
[Epoch 3/300] Iter [210/794] Loss: 0.3801
[Epoch 3/300] Iter [220/794] Loss: 0.3627
[Epoch 3/300] Iter [230/794] Loss: 0.3485
[Epoch 3/300] Iter [240/794] Loss: 0.3650
[Epoch 3/300] Iter [250/794] Loss: 0.3394
[Epoch 3/300] Iter [260/794] Loss: 0.5266
[Epoch 3/300] Iter [270/794] Loss: 0.3505
[Epoch 3/300] Iter [280/794] Loss: 0.2815
[Epoch 3/300] Iter [290/794] Loss: 0.2200
[Epoch 3/300] Iter [300/794] Loss: 0.2579
[Epoch 3/300] Iter [310/794] Loss: 0.3426
[Epoch 3/300] Iter [320/794] Loss: 0.3350
[Epoch 3/300] Iter [330/794] Loss: 0.3581
[Epoch 3/300] Iter [340/794] Loss: 0.3386
[Epoch 3/300] Iter [350/794] Loss: 0.3837
[Epoch 3/300] Iter [360/794] Loss: 0.3895
[Epoch 3/300] Iter [370/794] Loss: 0.2435
[Epoch 3/300] Iter [380/794] Loss: 0.5517
[Epoch 3/300] Iter [390/794] Loss: 0.2894
[Epoch 3/300] Iter [400/794] Loss: 0.2731
[Epoch 3/300] Iter [410/794] Loss: 0.4494
[Epoch 3/300] Iter [420/794] Loss: 0.4466
[Epoch 3/300] Iter [430/794] Loss: 0.3961
[Epoch 3/300] Iter [440/794] Loss: 0.2665
[Epoch 3/300] Iter [450/794] Loss: 0.2751
[Epoch 3/300] Iter [460/794] Loss: 0.3824
[Epoch 3/300] Iter [470/794] Loss: 0.4066
[Epoch 3/300] Iter [480/794] Loss: 0.2016
[Epoch 3/300] Iter [490/794] Loss: 0.2466
[Epoch 3/300] Iter [500/794] Loss: 0.3718
[Epoch 3/300] Iter [510/794] Loss: 0.3686
[Epoch 3/300] Iter [520/794] Loss: 0.4926
[Epoch 3/300] Iter [530/794] Loss: 0.3724
[Epoch 3/300] Iter [540/794] Loss: 0.3939
[Epoch 3/300] Iter [550/794] Loss: 0.4021
[Epoch 3/300] Iter [560/794] Loss: 0.2452
[Epoch 3/300] Iter [570/794] Loss: 0.3128
[Epoch 3/300] Iter [580/794] Loss: 0.3023
[Epoch 3/300] Iter [590/794] Loss: 0.3264
[Epoch 3/300] Iter [600/794] Loss: 0.5488
[Epoch 3/300] Iter [610/794] Loss: 0.2145
[Epoch 3/300] Iter [620/794] Loss: 0.2605
[Epoch 3/300] Iter [630/794] Loss: 0.4096
[Epoch 3/300] Iter [640/794] Loss: 0.5248
[Epoch 3/300] Iter [650/794] Loss: 0.2855
[Epoch 3/300] Iter [660/794] Loss: 0.2815
[Epoch 3/300] Iter [670/794] Loss: 0.3121
[Epoch 3/300] Iter [680/794] Loss: 0.3954
[Epoch 3/300] Iter [690/794] Loss: 0.3422
[Epoch 3/300] Iter [700/794] Loss: 0.4214
[Epoch 3/300] Iter [710/794] Loss: 0.2985
[Epoch 3/300] Iter [720/794] Loss: 0.2641
[Epoch 3/300] Iter [730/794] Loss: 0.3947
[Epoch 3/300] Iter [740/794] Loss: 0.4619
[Epoch 3/300] Iter [750/794] Loss: 0.4305
[Epoch 3/300] Iter [760/794] Loss: 0.2680
[Epoch 3/300] Iter [770/794] Loss: 0.4727
[Epoch 3/300] Iter [780/794] Loss: 0.3381
[Epoch 3/300] Iter [790/794] Loss: 0.3285
Epoch [3/300] Validation Loss: 0.3784
[Epoch 4/300] Iter [10/794] Loss: 0.3362
[Epoch 4/300] Iter [20/794] Loss: 0.2202
[Epoch 4/300] Iter [30/794] Loss: 0.1720
[Epoch 4/300] Iter [40/794] Loss: 0.2977
[Epoch 4/300] Iter [50/794] Loss: 0.4284
[Epoch 4/300] Iter [60/794] Loss: 0.3041
[Epoch 4/300] Iter [70/794] Loss: 0.2358
[Epoch 4/300] Iter [80/794] Loss: 0.3960
[Epoch 4/300] Iter [90/794] Loss: 0.2250
[Epoch 4/300] Iter [100/794] Loss: 0.3399
[Epoch 4/300] Iter [110/794] Loss: 0.2749
[Epoch 4/300] Iter [120/794] Loss: 0.5856
[Epoch 4/300] Iter [130/794] Loss: 0.3822
[Epoch 4/300] Iter [140/794] Loss: 0.4070
[Epoch 4/300] Iter [150/794] Loss: 0.2994
[Epoch 4/300] Iter [160/794] Loss: 0.1988
[Epoch 4/300] Iter [170/794] Loss: 0.2412
[Epoch 4/300] Iter [180/794] Loss: 0.2734
[Epoch 4/300] Iter [190/794] Loss: 0.3468
[Epoch 4/300] Iter [200/794] Loss: 0.3922
[Epoch 4/300] Iter [210/794] Loss: 0.3431
[Epoch 4/300] Iter [220/794] Loss: 0.2506
[Epoch 4/300] Iter [230/794] Loss: 0.2502
[Epoch 4/300] Iter [240/794] Loss: 0.3107
[Epoch 4/300] Iter [250/794] Loss: 0.4123
[Epoch 4/300] Iter [260/794] Loss: 0.2913
[Epoch 4/300] Iter [270/794] Loss: 0.4380
[Epoch 4/300] Iter [280/794] Loss: 0.2668
[Epoch 4/300] Iter [290/794] Loss: 0.3545
[Epoch 4/300] Iter [300/794] Loss: 0.4307
[Epoch 4/300] Iter [310/794] Loss: 0.2777
[Epoch 4/300] Iter [320/794] Loss: 0.4283
[Epoch 4/300] Iter [330/794] Loss: 0.3870
[Epoch 4/300] Iter [340/794] Loss: 0.3116
[Epoch 4/300] Iter [350/794] Loss: 0.3193
[Epoch 4/300] Iter [360/794] Loss: 0.4068
[Epoch 4/300] Iter [370/794] Loss: 0.1983
[Epoch 4/300] Iter [380/794] Loss: 0.3862
[Epoch 4/300] Iter [390/794] Loss: 0.3905
[Epoch 4/300] Iter [400/794] Loss: 0.3944
[Epoch 4/300] Iter [410/794] Loss: 0.5377
[Epoch 4/300] Iter [420/794] Loss: 0.4427
[Epoch 4/300] Iter [430/794] Loss: 0.2745
[Epoch 4/300] Iter [440/794] Loss: 0.2343
[Epoch 4/300] Iter [450/794] Loss: 0.3154
[Epoch 4/300] Iter [460/794] Loss: 0.3972
[Epoch 4/300] Iter [470/794] Loss: 0.2649
[Epoch 4/300] Iter [480/794] Loss: 0.2619
[Epoch 4/300] Iter [490/794] Loss: 0.3103
[Epoch 4/300] Iter [500/794] Loss: 0.2675
[Epoch 4/300] Iter [510/794] Loss: 0.2768
[Epoch 4/300] Iter [520/794] Loss: 0.3341
[Epoch 4/300] Iter [530/794] Loss: 0.2498
[Epoch 4/300] Iter [540/794] Loss: 0.2582
[Epoch 4/300] Iter [550/794] Loss: 0.5653
[Epoch 4/300] Iter [560/794] Loss: 0.2981
[Epoch 4/300] Iter [570/794] Loss: 0.2489
[Epoch 4/300] Iter [580/794] Loss: 0.4108
[Epoch 4/300] Iter [590/794] Loss: 0.3108
[Epoch 4/300] Iter [600/794] Loss: 0.2188
[Epoch 4/300] Iter [610/794] Loss: 0.4342
[Epoch 4/300] Iter [620/794] Loss: 0.2543
[Epoch 4/300] Iter [630/794] Loss: 0.2877
[Epoch 4/300] Iter [640/794] Loss: 0.2807
[Epoch 4/300] Iter [650/794] Loss: 0.2950
[Epoch 4/300] Iter [660/794] Loss: 0.3793
[Epoch 4/300] Iter [670/794] Loss: 0.2654
[Epoch 4/300] Iter [680/794] Loss: 0.3527
[Epoch 4/300] Iter [690/794] Loss: 0.3304
[Epoch 4/300] Iter [700/794] Loss: 0.4268
[Epoch 4/300] Iter [710/794] Loss: 0.3040
[Epoch 4/300] Iter [720/794] Loss: 0.3151
[Epoch 4/300] Iter [730/794] Loss: 0.2530
[Epoch 4/300] Iter [740/794] Loss: 0.4051
[Epoch 4/300] Iter [750/794] Loss: 0.2563
[Epoch 4/300] Iter [760/794] Loss: 0.2430
[Epoch 4/300] Iter [770/794] Loss: 0.3011
[Epoch 4/300] Iter [780/794] Loss: 0.3763
[Epoch 4/300] Iter [790/794] Loss: 0.2163
Epoch [4/300] Validation Loss: 0.3643
[Epoch 5/300] Iter [10/794] Loss: 0.3274
[Epoch 5/300] Iter [20/794] Loss: 0.2938
[Epoch 5/300] Iter [30/794] Loss: 0.2558
[Epoch 5/300] Iter [40/794] Loss: 0.3256
[Epoch 5/300] Iter [50/794] Loss: 0.2952
[Epoch 5/300] Iter [60/794] Loss: 0.2609
[Epoch 5/300] Iter [70/794] Loss: 0.2346
[Epoch 5/300] Iter [80/794] Loss: 0.2996
[Epoch 5/300] Iter [90/794] Loss: 0.3442
[Epoch 5/300] Iter [100/794] Loss: 0.3131
[Epoch 5/300] Iter [110/794] Loss: 0.2882
[Epoch 5/300] Iter [120/794] Loss: 0.2703
[Epoch 5/300] Iter [130/794] Loss: 0.2745
[Epoch 5/300] Iter [140/794] Loss: 0.2411
[Epoch 5/300] Iter [150/794] Loss: 0.3295
[Epoch 5/300] Iter [160/794] Loss: 0.2856
[Epoch 5/300] Iter [170/794] Loss: 0.2044
[Epoch 5/300] Iter [180/794] Loss: 0.3601
[Epoch 5/300] Iter [190/794] Loss: 0.2429
[Epoch 5/300] Iter [200/794] Loss: 0.2106
[Epoch 5/300] Iter [210/794] Loss: 0.2172
[Epoch 5/300] Iter [220/794] Loss: 0.2195
[Epoch 5/300] Iter [230/794] Loss: 0.1702
[Epoch 5/300] Iter [240/794] Loss: 0.3876
[Epoch 5/300] Iter [250/794] Loss: 0.1790
[Epoch 5/300] Iter [260/794] Loss: 0.2196
[Epoch 5/300] Iter [270/794] Loss: 0.2772
[Epoch 5/300] Iter [280/794] Loss: 0.1959
[Epoch 5/300] Iter [290/794] Loss: 0.2703
[Epoch 5/300] Iter [300/794] Loss: 0.2758
[Epoch 5/300] Iter [310/794] Loss: 0.3719
[Epoch 5/300] Iter [320/794] Loss: 0.3820
[Epoch 5/300] Iter [330/794] Loss: 0.2728
[Epoch 5/300] Iter [340/794] Loss: 0.2440
[Epoch 5/300] Iter [350/794] Loss: 0.2456
[Epoch 5/300] Iter [360/794] Loss: 0.2879
[Epoch 5/300] Iter [370/794] Loss: 0.2869
[Epoch 5/300] Iter [380/794] Loss: 0.3787
[Epoch 5/300] Iter [390/794] Loss: 0.3327
[Epoch 5/300] Iter [400/794] Loss: 0.2833
[Epoch 5/300] Iter [410/794] Loss: 0.2858
[Epoch 5/300] Iter [420/794] Loss: 0.2988
[Epoch 5/300] Iter [430/794] Loss: 0.3417
[Epoch 5/300] Iter [440/794] Loss: 0.3011
[Epoch 5/300] Iter [450/794] Loss: 0.3634
[Epoch 5/300] Iter [460/794] Loss: 0.3167
[Epoch 5/300] Iter [470/794] Loss: 0.3050
[Epoch 5/300] Iter [480/794] Loss: 0.3342
[Epoch 5/300] Iter [490/794] Loss: 0.3614
[Epoch 5/300] Iter [500/794] Loss: 0.3255
[Epoch 5/300] Iter [510/794] Loss: 0.2178
[Epoch 5/300] Iter [520/794] Loss: 0.2630
[Epoch 5/300] Iter [530/794] Loss: 0.2626
[Epoch 5/300] Iter [540/794] Loss: 0.4088
[Epoch 5/300] Iter [550/794] Loss: 0.2725
[Epoch 5/300] Iter [560/794] Loss: 0.4261
[Epoch 5/300] Iter [570/794] Loss: 0.4040
[Epoch 5/300] Iter [580/794] Loss: 0.3011
[Epoch 5/300] Iter [590/794] Loss: 0.3344
[Epoch 5/300] Iter [600/794] Loss: 0.3030
[Epoch 5/300] Iter [610/794] Loss: 0.3804
[Epoch 5/300] Iter [620/794] Loss: 0.3069
[Epoch 5/300] Iter [630/794] Loss: 0.3085
[Epoch 5/300] Iter [640/794] Loss: 0.3006
[Epoch 5/300] Iter [650/794] Loss: 0.2990
[Epoch 5/300] Iter [660/794] Loss: 0.2443
[Epoch 5/300] Iter [670/794] Loss: 0.4472
[Epoch 5/300] Iter [680/794] Loss: 0.4112
[Epoch 5/300] Iter [690/794] Loss: 0.3600
[Epoch 5/300] Iter [700/794] Loss: 0.3701
[Epoch 5/300] Iter [710/794] Loss: 0.3228
[Epoch 5/300] Iter [720/794] Loss: 0.2605
[Epoch 5/300] Iter [730/794] Loss: 0.2970
[Epoch 5/300] Iter [740/794] Loss: 0.2642
[Epoch 5/300] Iter [750/794] Loss: 0.2101
[Epoch 5/300] Iter [760/794] Loss: 0.3653
[Epoch 5/300] Iter [770/794] Loss: 0.3807
[Epoch 5/300] Iter [780/794] Loss: 0.2914
[Epoch 5/300] Iter [790/794] Loss: 0.2742
Epoch [5/300] Validation Loss: 0.3812
No improvement for 1 epoch(s).
[Epoch 6/300] Iter [10/794] Loss: 0.3869
[Epoch 6/300] Iter [20/794] Loss: 0.2763
[Epoch 6/300] Iter [30/794] Loss: 0.2063
[Epoch 6/300] Iter [40/794] Loss: 0.2599
[Epoch 6/300] Iter [50/794] Loss: 0.3006
[Epoch 6/300] Iter [60/794] Loss: 0.2747
[Epoch 6/300] Iter [70/794] Loss: 0.2231
[Epoch 6/300] Iter [80/794] Loss: 0.2619
[Epoch 6/300] Iter [90/794] Loss: 0.2555
[Epoch 6/300] Iter [100/794] Loss: 0.2492
[Epoch 6/300] Iter [110/794] Loss: 0.2890
[Epoch 6/300] Iter [120/794] Loss: 0.3517
[Epoch 6/300] Iter [130/794] Loss: 0.2985
[Epoch 6/300] Iter [140/794] Loss: 0.5985
[Epoch 6/300] Iter [150/794] Loss: 0.3423
[Epoch 6/300] Iter [160/794] Loss: 0.3212
[Epoch 6/300] Iter [170/794] Loss: 0.3911
[Epoch 6/300] Iter [180/794] Loss: 0.3687
[Epoch 6/300] Iter [190/794] Loss: 0.2683
[Epoch 6/300] Iter [200/794] Loss: 0.2448
[Epoch 6/300] Iter [210/794] Loss: 0.2584
[Epoch 6/300] Iter [220/794] Loss: 0.2538
[Epoch 6/300] Iter [230/794] Loss: 0.3505
[Epoch 6/300] Iter [240/794] Loss: 0.3700
[Epoch 6/300] Iter [250/794] Loss: 0.2030
[Epoch 6/300] Iter [260/794] Loss: 0.2054
[Epoch 6/300] Iter [270/794] Loss: 0.3244
[Epoch 6/300] Iter [280/794] Loss: 0.2213
[Epoch 6/300] Iter [290/794] Loss: 0.2206
[Epoch 6/300] Iter [300/794] Loss: 0.1399
[Epoch 6/300] Iter [310/794] Loss: 0.1664
[Epoch 6/300] Iter [320/794] Loss: 0.1844
[Epoch 6/300] Iter [330/794] Loss: 0.2642
[Epoch 6/300] Iter [340/794] Loss: 0.3542
[Epoch 6/300] Iter [350/794] Loss: 0.2966
[Epoch 6/300] Iter [360/794] Loss: 0.3182
[Epoch 6/300] Iter [370/794] Loss: 0.2327
[Epoch 6/300] Iter [380/794] Loss: 0.3122
[Epoch 6/300] Iter [390/794] Loss: 0.2673
[Epoch 6/300] Iter [400/794] Loss: 0.1958
[Epoch 6/300] Iter [410/794] Loss: 0.4615
[Epoch 6/300] Iter [420/794] Loss: 0.2497
[Epoch 6/300] Iter [430/794] Loss: 0.2263
[Epoch 6/300] Iter [440/794] Loss: 0.2355
[Epoch 6/300] Iter [450/794] Loss: 0.3416
[Epoch 6/300] Iter [460/794] Loss: 0.2593
[Epoch 6/300] Iter [470/794] Loss: 0.3103
[Epoch 6/300] Iter [480/794] Loss: 0.3271
[Epoch 6/300] Iter [490/794] Loss: 0.2425
[Epoch 6/300] Iter [500/794] Loss: 0.1942
[Epoch 6/300] Iter [510/794] Loss: 0.1790
[Epoch 6/300] Iter [520/794] Loss: 0.2845
[Epoch 6/300] Iter [530/794] Loss: 0.5039
[Epoch 6/300] Iter [540/794] Loss: 0.2805
[Epoch 6/300] Iter [550/794] Loss: 0.2415
[Epoch 6/300] Iter [560/794] Loss: 0.5178
[Epoch 6/300] Iter [570/794] Loss: 0.3527
[Epoch 6/300] Iter [580/794] Loss: 0.2353
[Epoch 6/300] Iter [590/794] Loss: 0.2586
[Epoch 6/300] Iter [600/794] Loss: 0.2533
[Epoch 6/300] Iter [610/794] Loss: 0.2164
[Epoch 6/300] Iter [620/794] Loss: 0.1794
[Epoch 6/300] Iter [630/794] Loss: 0.2612
[Epoch 6/300] Iter [640/794] Loss: 0.3055
[Epoch 6/300] Iter [650/794] Loss: 0.3082
[Epoch 6/300] Iter [660/794] Loss: 0.2793
[Epoch 6/300] Iter [670/794] Loss: 0.2742
[Epoch 6/300] Iter [680/794] Loss: 0.3016
[Epoch 6/300] Iter [690/794] Loss: 0.2993
[Epoch 6/300] Iter [700/794] Loss: 0.3617
[Epoch 6/300] Iter [710/794] Loss: 0.2148
[Epoch 6/300] Iter [720/794] Loss: 0.4093
[Epoch 6/300] Iter [730/794] Loss: 0.3340
[Epoch 6/300] Iter [740/794] Loss: 0.3093
[Epoch 6/300] Iter [750/794] Loss: 0.2909
[Epoch 6/300] Iter [760/794] Loss: 0.2709
[Epoch 6/300] Iter [770/794] Loss: 0.4620
[Epoch 6/300] Iter [780/794] Loss: 0.3066
[Epoch 6/300] Iter [790/794] Loss: 0.3429
Epoch [6/300] Validation Loss: 0.3622
[Epoch 7/300] Iter [10/794] Loss: 0.3714
[Epoch 7/300] Iter [20/794] Loss: 0.2052
[Epoch 7/300] Iter [30/794] Loss: 0.3008
[Epoch 7/300] Iter [40/794] Loss: 0.2488
[Epoch 7/300] Iter [50/794] Loss: 0.2601
[Epoch 7/300] Iter [60/794] Loss: 0.2013
[Epoch 7/300] Iter [70/794] Loss: 0.1804
[Epoch 7/300] Iter [80/794] Loss: 0.2420
[Epoch 7/300] Iter [90/794] Loss: 0.1972
[Epoch 7/300] Iter [100/794] Loss: 0.2382
[Epoch 7/300] Iter [110/794] Loss: 0.2762
[Epoch 7/300] Iter [120/794] Loss: 0.2782
[Epoch 7/300] Iter [130/794] Loss: 0.2878
[Epoch 7/300] Iter [140/794] Loss: 0.2463
[Epoch 7/300] Iter [150/794] Loss: 0.4793
[Epoch 7/300] Iter [160/794] Loss: 0.3155
[Epoch 7/300] Iter [170/794] Loss: 0.2194
[Epoch 7/300] Iter [180/794] Loss: 0.3145
[Epoch 7/300] Iter [190/794] Loss: 0.1981
[Epoch 7/300] Iter [200/794] Loss: 0.2474
[Epoch 7/300] Iter [210/794] Loss: 0.3014
[Epoch 7/300] Iter [220/794] Loss: 0.1626
[Epoch 7/300] Iter [230/794] Loss: 0.3922
[Epoch 7/300] Iter [240/794] Loss: 0.2643
[Epoch 7/300] Iter [250/794] Loss: 0.2363
[Epoch 7/300] Iter [260/794] Loss: 0.2581
[Epoch 7/300] Iter [270/794] Loss: 0.3520
[Epoch 7/300] Iter [280/794] Loss: 0.2691
[Epoch 7/300] Iter [290/794] Loss: 0.3093
[Epoch 7/300] Iter [300/794] Loss: 0.3475
[Epoch 7/300] Iter [310/794] Loss: 0.3256
[Epoch 7/300] Iter [320/794] Loss: 0.2940
[Epoch 7/300] Iter [330/794] Loss: 0.2575
[Epoch 7/300] Iter [340/794] Loss: 0.2657
[Epoch 7/300] Iter [350/794] Loss: 0.2933
[Epoch 7/300] Iter [360/794] Loss: 0.1667
[Epoch 7/300] Iter [370/794] Loss: 0.1970
[Epoch 7/300] Iter [380/794] Loss: 0.3454
[Epoch 7/300] Iter [390/794] Loss: 0.1890
[Epoch 7/300] Iter [400/794] Loss: 0.2786
[Epoch 7/300] Iter [410/794] Loss: 0.2782
[Epoch 7/300] Iter [420/794] Loss: 0.3013
[Epoch 7/300] Iter [430/794] Loss: 0.2703
[Epoch 7/300] Iter [440/794] Loss: 0.2708
[Epoch 7/300] Iter [450/794] Loss: 0.3375
[Epoch 7/300] Iter [460/794] Loss: 0.3976
[Epoch 7/300] Iter [470/794] Loss: 0.2879
[Epoch 7/300] Iter [480/794] Loss: 0.2201
[Epoch 7/300] Iter [490/794] Loss: 0.3395
[Epoch 7/300] Iter [500/794] Loss: 0.4036
[Epoch 7/300] Iter [510/794] Loss: 0.2447
[Epoch 7/300] Iter [520/794] Loss: 0.2435
[Epoch 7/300] Iter [530/794] Loss: 0.2646
[Epoch 7/300] Iter [540/794] Loss: 0.4832
[Epoch 7/300] Iter [550/794] Loss: 0.3146
[Epoch 7/300] Iter [560/794] Loss: 0.1811
[Epoch 7/300] Iter [570/794] Loss: 0.2925
[Epoch 7/300] Iter [580/794] Loss: 0.2182
[Epoch 7/300] Iter [590/794] Loss: 0.4337
[Epoch 7/300] Iter [600/794] Loss: 0.2995
[Epoch 7/300] Iter [610/794] Loss: 0.2636
[Epoch 7/300] Iter [620/794] Loss: 0.2395
[Epoch 7/300] Iter [630/794] Loss: 0.2806
[Epoch 7/300] Iter [640/794] Loss: 0.2293
[Epoch 7/300] Iter [650/794] Loss: 0.2777
[Epoch 7/300] Iter [660/794] Loss: 0.3075
[Epoch 7/300] Iter [670/794] Loss: 0.3044
[Epoch 7/300] Iter [680/794] Loss: 0.3204
[Epoch 7/300] Iter [690/794] Loss: 0.2057
[Epoch 7/300] Iter [700/794] Loss: 0.3546
[Epoch 7/300] Iter [710/794] Loss: 0.3794
[Epoch 7/300] Iter [720/794] Loss: 0.2731
[Epoch 7/300] Iter [730/794] Loss: 0.3240
[Epoch 7/300] Iter [740/794] Loss: 0.3842
[Epoch 7/300] Iter [750/794] Loss: 0.2411
[Epoch 7/300] Iter [760/794] Loss: 0.3427
[Epoch 7/300] Iter [770/794] Loss: 0.2609
[Epoch 7/300] Iter [780/794] Loss: 0.2334
[Epoch 7/300] Iter [790/794] Loss: 0.3489
Epoch [7/300] Validation Loss: 0.3889
No improvement for 1 epoch(s).
[Epoch 8/300] Iter [10/794] Loss: 0.3243
[Epoch 8/300] Iter [20/794] Loss: 0.2528
[Epoch 8/300] Iter [30/794] Loss: 0.2014
[Epoch 8/300] Iter [40/794] Loss: 0.2238
[Epoch 8/300] Iter [50/794] Loss: 0.2997
[Epoch 8/300] Iter [60/794] Loss: 0.3699
[Epoch 8/300] Iter [70/794] Loss: 0.2187
[Epoch 8/300] Iter [80/794] Loss: 0.3247
[Epoch 8/300] Iter [90/794] Loss: 0.2359
[Epoch 8/300] Iter [100/794] Loss: 0.2820
[Epoch 8/300] Iter [110/794] Loss: 0.2142
[Epoch 8/300] Iter [120/794] Loss: 0.3114
[Epoch 8/300] Iter [130/794] Loss: 0.2668
[Epoch 8/300] Iter [140/794] Loss: 0.3319
[Epoch 8/300] Iter [150/794] Loss: 0.3146
[Epoch 8/300] Iter [160/794] Loss: 0.1653
[Epoch 8/300] Iter [170/794] Loss: 0.2459
[Epoch 8/300] Iter [180/794] Loss: 0.1915
[Epoch 8/300] Iter [190/794] Loss: 0.3027
[Epoch 8/300] Iter [200/794] Loss: 0.2607
[Epoch 8/300] Iter [210/794] Loss: 0.2352
[Epoch 8/300] Iter [220/794] Loss: 0.1859
[Epoch 8/300] Iter [230/794] Loss: 0.2900
[Epoch 8/300] Iter [240/794] Loss: 0.3691
[Epoch 8/300] Iter [250/794] Loss: 0.1523
[Epoch 8/300] Iter [260/794] Loss: 0.3088
[Epoch 8/300] Iter [270/794] Loss: 0.2237
[Epoch 8/300] Iter [280/794] Loss: 0.1952
[Epoch 8/300] Iter [290/794] Loss: 0.2062
[Epoch 8/300] Iter [300/794] Loss: 0.2058
[Epoch 8/300] Iter [310/794] Loss: 0.1652
[Epoch 8/300] Iter [320/794] Loss: 0.1777
[Epoch 8/300] Iter [330/794] Loss: 0.3500
[Epoch 8/300] Iter [340/794] Loss: 0.1591
[Epoch 8/300] Iter [350/794] Loss: 0.2962
[Epoch 8/300] Iter [360/794] Loss: 0.2666
[Epoch 8/300] Iter [370/794] Loss: 0.3212
[Epoch 8/300] Iter [380/794] Loss: 0.2197
[Epoch 8/300] Iter [390/794] Loss: 0.1981
[Epoch 8/300] Iter [400/794] Loss: 0.2008
[Epoch 8/300] Iter [410/794] Loss: 0.3071
[Epoch 8/300] Iter [420/794] Loss: 0.2342
[Epoch 8/300] Iter [430/794] Loss: 0.3274
[Epoch 8/300] Iter [440/794] Loss: 0.3924
[Epoch 8/300] Iter [450/794] Loss: 0.4078
[Epoch 8/300] Iter [460/794] Loss: 0.2312
[Epoch 8/300] Iter [470/794] Loss: 0.2746
[Epoch 8/300] Iter [480/794] Loss: 0.3202
[Epoch 8/300] Iter [490/794] Loss: 0.3055
[Epoch 8/300] Iter [500/794] Loss: 0.2650
[Epoch 8/300] Iter [510/794] Loss: 0.2820
[Epoch 8/300] Iter [520/794] Loss: 0.2180
[Epoch 8/300] Iter [530/794] Loss: 0.2682
[Epoch 8/300] Iter [540/794] Loss: 0.2626
[Epoch 8/300] Iter [550/794] Loss: 0.2776
[Epoch 8/300] Iter [560/794] Loss: 0.2557
[Epoch 8/300] Iter [570/794] Loss: 0.2255
[Epoch 8/300] Iter [580/794] Loss: 0.2116
[Epoch 8/300] Iter [590/794] Loss: 0.2195
[Epoch 8/300] Iter [600/794] Loss: 0.1978
[Epoch 8/300] Iter [610/794] Loss: 0.3218
[Epoch 8/300] Iter [620/794] Loss: 0.2004
[Epoch 8/300] Iter [630/794] Loss: 0.3338
[Epoch 8/300] Iter [640/794] Loss: 0.1957
[Epoch 8/300] Iter [650/794] Loss: 0.2364
[Epoch 8/300] Iter [660/794] Loss: 0.2231
[Epoch 8/300] Iter [670/794] Loss: 0.1934
[Epoch 8/300] Iter [680/794] Loss: 0.2388
[Epoch 8/300] Iter [690/794] Loss: 0.2441
[Epoch 8/300] Iter [700/794] Loss: 0.2328
[Epoch 8/300] Iter [710/794] Loss: 0.2403
[Epoch 8/300] Iter [720/794] Loss: 0.2652
[Epoch 8/300] Iter [730/794] Loss: 0.2219
[Epoch 8/300] Iter [740/794] Loss: 0.2213
[Epoch 8/300] Iter [750/794] Loss: 0.2522
[Epoch 8/300] Iter [760/794] Loss: 0.2443
[Epoch 8/300] Iter [770/794] Loss: 0.2322
[Epoch 8/300] Iter [780/794] Loss: 0.2240
[Epoch 8/300] Iter [790/794] Loss: 0.2793
Epoch [8/300] Validation Loss: 0.3838
No improvement for 2 epoch(s).
[Epoch 9/300] Iter [10/794] Loss: 0.4196
[Epoch 9/300] Iter [20/794] Loss: 0.2682
[Epoch 9/300] Iter [30/794] Loss: 0.2329
[Epoch 9/300] Iter [40/794] Loss: 0.1813
[Epoch 9/300] Iter [50/794] Loss: 0.2273
[Epoch 9/300] Iter [60/794] Loss: 0.2445
[Epoch 9/300] Iter [70/794] Loss: 0.2359
[Epoch 9/300] Iter [80/794] Loss: 0.2959
[Epoch 9/300] Iter [90/794] Loss: 0.1768
[Epoch 9/300] Iter [100/794] Loss: 0.2106
[Epoch 9/300] Iter [110/794] Loss: 0.2762
[Epoch 9/300] Iter [120/794] Loss: 0.2186
[Epoch 9/300] Iter [130/794] Loss: 0.2049
[Epoch 9/300] Iter [140/794] Loss: 0.2515
[Epoch 9/300] Iter [150/794] Loss: 0.2207
[Epoch 9/300] Iter [160/794] Loss: 0.3520
[Epoch 9/300] Iter [170/794] Loss: 0.2267
[Epoch 9/300] Iter [180/794] Loss: 0.2392
[Epoch 9/300] Iter [190/794] Loss: 0.2588
[Epoch 9/300] Iter [200/794] Loss: 0.2596
[Epoch 9/300] Iter [210/794] Loss: 0.2393
[Epoch 9/300] Iter [220/794] Loss: 0.2495
[Epoch 9/300] Iter [230/794] Loss: 0.3470
[Epoch 9/300] Iter [240/794] Loss: 0.2854
[Epoch 9/300] Iter [250/794] Loss: 0.2243
[Epoch 9/300] Iter [260/794] Loss: 0.1976
[Epoch 9/300] Iter [270/794] Loss: 0.3528
[Epoch 9/300] Iter [280/794] Loss: 0.2264
[Epoch 9/300] Iter [290/794] Loss: 0.1942
[Epoch 9/300] Iter [300/794] Loss: 0.3021
[Epoch 9/300] Iter [310/794] Loss: 0.1461
[Epoch 9/300] Iter [320/794] Loss: 0.2443
[Epoch 9/300] Iter [330/794] Loss: 0.1693
[Epoch 9/300] Iter [340/794] Loss: 0.1823
[Epoch 9/300] Iter [350/794] Loss: 0.2295
[Epoch 9/300] Iter [360/794] Loss: 0.2399
[Epoch 9/300] Iter [370/794] Loss: 0.2597
[Epoch 9/300] Iter [380/794] Loss: 0.3215
[Epoch 9/300] Iter [390/794] Loss: 0.2145
[Epoch 9/300] Iter [400/794] Loss: 0.3339
[Epoch 9/300] Iter [410/794] Loss: 0.2595
[Epoch 9/300] Iter [420/794] Loss: 0.2817
[Epoch 9/300] Iter [430/794] Loss: 0.3004
[Epoch 9/300] Iter [440/794] Loss: 0.3132
[Epoch 9/300] Iter [450/794] Loss: 0.3458
[Epoch 9/300] Iter [460/794] Loss: 0.4140
[Epoch 9/300] Iter [470/794] Loss: 0.3292
[Epoch 9/300] Iter [480/794] Loss: 0.1965
[Epoch 9/300] Iter [490/794] Loss: 0.2708
[Epoch 9/300] Iter [500/794] Loss: 0.2240
[Epoch 9/300] Iter [510/794] Loss: 0.2576
[Epoch 9/300] Iter [520/794] Loss: 0.3337
[Epoch 9/300] Iter [530/794] Loss: 0.2075
[Epoch 9/300] Iter [540/794] Loss: 0.2669
[Epoch 9/300] Iter [550/794] Loss: 0.2201
[Epoch 9/300] Iter [560/794] Loss: 0.1833
[Epoch 9/300] Iter [570/794] Loss: 0.3262
[Epoch 9/300] Iter [580/794] Loss: 0.2628
[Epoch 9/300] Iter [590/794] Loss: 0.2628
[Epoch 9/300] Iter [600/794] Loss: 0.2134
[Epoch 9/300] Iter [610/794] Loss: 0.2491
[Epoch 9/300] Iter [620/794] Loss: 0.3018
[Epoch 9/300] Iter [630/794] Loss: 0.2473
[Epoch 9/300] Iter [640/794] Loss: 0.2449
[Epoch 9/300] Iter [650/794] Loss: 0.2903
[Epoch 9/300] Iter [660/794] Loss: 0.1951
[Epoch 9/300] Iter [670/794] Loss: 0.2562
[Epoch 9/300] Iter [680/794] Loss: 0.1908
[Epoch 9/300] Iter [690/794] Loss: 0.1814
[Epoch 9/300] Iter [700/794] Loss: 0.2873
[Epoch 9/300] Iter [710/794] Loss: 0.3292
[Epoch 9/300] Iter [720/794] Loss: 0.3010
[Epoch 9/300] Iter [730/794] Loss: 0.2528
[Epoch 9/300] Iter [740/794] Loss: 0.2955
[Epoch 9/300] Iter [750/794] Loss: 0.3381
[Epoch 9/300] Iter [760/794] Loss: 0.2075
[Epoch 9/300] Iter [770/794] Loss: 0.2328
[Epoch 9/300] Iter [780/794] Loss: 0.2312
[Epoch 9/300] Iter [790/794] Loss: 0.2439
Epoch [9/300] Validation Loss: 0.3584
[Epoch 10/300] Iter [10/794] Loss: 0.1387
[Epoch 10/300] Iter [20/794] Loss: 0.2757
[Epoch 10/300] Iter [30/794] Loss: 0.1765
[Epoch 10/300] Iter [40/794] Loss: 0.1634
[Epoch 10/300] Iter [50/794] Loss: 0.1714
[Epoch 10/300] Iter [60/794] Loss: 0.2103
[Epoch 10/300] Iter [70/794] Loss: 0.2615
[Epoch 10/300] Iter [80/794] Loss: 0.2565
[Epoch 10/300] Iter [90/794] Loss: 0.2775
[Epoch 10/300] Iter [100/794] Loss: 0.1492
[Epoch 10/300] Iter [110/794] Loss: 0.2755
[Epoch 10/300] Iter [120/794] Loss: 0.2532
[Epoch 10/300] Iter [130/794] Loss: 0.2149
[Epoch 10/300] Iter [140/794] Loss: 0.2659
[Epoch 10/300] Iter [150/794] Loss: 0.2396
[Epoch 10/300] Iter [160/794] Loss: 0.2664
[Epoch 10/300] Iter [170/794] Loss: 0.1734
[Epoch 10/300] Iter [180/794] Loss: 0.2158
[Epoch 10/300] Iter [190/794] Loss: 0.2492
[Epoch 10/300] Iter [200/794] Loss: 0.2633
[Epoch 10/300] Iter [210/794] Loss: 0.1107
[Epoch 10/300] Iter [220/794] Loss: 0.2011
[Epoch 10/300] Iter [230/794] Loss: 0.2779
[Epoch 10/300] Iter [240/794] Loss: 0.2966
[Epoch 10/300] Iter [250/794] Loss: 0.2880
[Epoch 10/300] Iter [260/794] Loss: 0.2344
[Epoch 10/300] Iter [270/794] Loss: 0.1337
[Epoch 10/300] Iter [280/794] Loss: 0.2071
[Epoch 10/300] Iter [290/794] Loss: 0.3058
[Epoch 10/300] Iter [300/794] Loss: 0.2163
[Epoch 10/300] Iter [310/794] Loss: 0.2418
[Epoch 10/300] Iter [320/794] Loss: 0.2661
[Epoch 10/300] Iter [330/794] Loss: 0.2862
[Epoch 10/300] Iter [340/794] Loss: 0.2323
[Epoch 10/300] Iter [350/794] Loss: 0.2000
[Epoch 10/300] Iter [360/794] Loss: 0.3234
[Epoch 10/300] Iter [370/794] Loss: 0.2065
[Epoch 10/300] Iter [380/794] Loss: 0.3877
[Epoch 10/300] Iter [390/794] Loss: 0.1747
[Epoch 10/300] Iter [400/794] Loss: 0.2381
[Epoch 10/300] Iter [410/794] Loss: 0.1847
[Epoch 10/300] Iter [420/794] Loss: 0.2045
[Epoch 10/300] Iter [430/794] Loss: 0.2536
[Epoch 10/300] Iter [440/794] Loss: 0.2408
[Epoch 10/300] Iter [450/794] Loss: 0.1963
[Epoch 10/300] Iter [460/794] Loss: 0.2403
[Epoch 10/300] Iter [470/794] Loss: 0.3147
[Epoch 10/300] Iter [480/794] Loss: 0.1829
[Epoch 10/300] Iter [490/794] Loss: 0.2308
[Epoch 10/300] Iter [500/794] Loss: 0.2100
[Epoch 10/300] Iter [510/794] Loss: 0.2440
[Epoch 10/300] Iter [520/794] Loss: 0.1722
[Epoch 10/300] Iter [530/794] Loss: 0.2009
[Epoch 10/300] Iter [540/794] Loss: 0.1597
[Epoch 10/300] Iter [550/794] Loss: 0.1889
[Epoch 10/300] Iter [560/794] Loss: 0.2979
[Epoch 10/300] Iter [570/794] Loss: 0.2085
[Epoch 10/300] Iter [580/794] Loss: 0.1456
[Epoch 10/300] Iter [590/794] Loss: 0.1970
[Epoch 10/300] Iter [600/794] Loss: 0.2782
[Epoch 10/300] Iter [610/794] Loss: 0.2223
[Epoch 10/300] Iter [620/794] Loss: 0.1502
[Epoch 10/300] Iter [630/794] Loss: 0.1806
[Epoch 10/300] Iter [640/794] Loss: 0.2454
[Epoch 10/300] Iter [650/794] Loss: 0.2928
[Epoch 10/300] Iter [660/794] Loss: 0.2362
[Epoch 10/300] Iter [670/794] Loss: 0.2027
[Epoch 10/300] Iter [680/794] Loss: 0.2817
[Epoch 10/300] Iter [690/794] Loss: 0.1711
[Epoch 10/300] Iter [700/794] Loss: 0.2845
[Epoch 10/300] Iter [710/794] Loss: 0.3147
[Epoch 10/300] Iter [720/794] Loss: 0.4183
[Epoch 10/300] Iter [730/794] Loss: 0.2902
[Epoch 10/300] Iter [740/794] Loss: 0.2770
[Epoch 10/300] Iter [750/794] Loss: 0.2717
[Epoch 10/300] Iter [760/794] Loss: 0.2098
[Epoch 10/300] Iter [770/794] Loss: 0.2703
[Epoch 10/300] Iter [780/794] Loss: 0.2801
[Epoch 10/300] Iter [790/794] Loss: 0.3096
Epoch [10/300] Validation Loss: 0.3893
No improvement for 1 epoch(s).
[Epoch 11/300] Iter [10/794] Loss: 0.2609
[Epoch 11/300] Iter [20/794] Loss: 0.2711
[Epoch 11/300] Iter [30/794] Loss: 0.2062
[Epoch 11/300] Iter [40/794] Loss: 0.1487
[Epoch 11/300] Iter [50/794] Loss: 0.0866
[Epoch 11/300] Iter [60/794] Loss: 0.2679
[Epoch 11/300] Iter [70/794] Loss: 0.2430
[Epoch 11/300] Iter [80/794] Loss: 0.2041
[Epoch 11/300] Iter [90/794] Loss: 0.1477
[Epoch 11/300] Iter [100/794] Loss: 0.2703
[Epoch 11/300] Iter [110/794] Loss: 0.1486
[Epoch 11/300] Iter [120/794] Loss: 0.1992
[Epoch 11/300] Iter [130/794] Loss: 0.2128
[Epoch 11/300] Iter [140/794] Loss: 0.1061
[Epoch 11/300] Iter [150/794] Loss: 0.2599
[Epoch 11/300] Iter [160/794] Loss: 0.2207
[Epoch 11/300] Iter [170/794] Loss: 0.1828
[Epoch 11/300] Iter [180/794] Loss: 0.2267
[Epoch 11/300] Iter [190/794] Loss: 0.3218
[Epoch 11/300] Iter [200/794] Loss: 0.3692
[Epoch 11/300] Iter [210/794] Loss: 0.2908
[Epoch 11/300] Iter [220/794] Loss: 0.2560
[Epoch 11/300] Iter [230/794] Loss: 0.2805
[Epoch 11/300] Iter [240/794] Loss: 0.3285
[Epoch 11/300] Iter [250/794] Loss: 0.1706
[Epoch 11/300] Iter [260/794] Loss: 0.1878
[Epoch 11/300] Iter [270/794] Loss: 0.2377
[Epoch 11/300] Iter [280/794] Loss: 0.0860
[Epoch 11/300] Iter [290/794] Loss: 0.3717
[Epoch 11/300] Iter [300/794] Loss: 0.1678
[Epoch 11/300] Iter [310/794] Loss: 0.1601
[Epoch 11/300] Iter [320/794] Loss: 0.1977
[Epoch 11/300] Iter [330/794] Loss: 0.1699
[Epoch 11/300] Iter [340/794] Loss: 0.2529
[Epoch 11/300] Iter [350/794] Loss: 0.2677
[Epoch 11/300] Iter [360/794] Loss: 0.2608
[Epoch 11/300] Iter [370/794] Loss: 0.2174
[Epoch 11/300] Iter [380/794] Loss: 0.3847
[Epoch 11/300] Iter [390/794] Loss: 0.3946
[Epoch 11/300] Iter [400/794] Loss: 0.2462
[Epoch 11/300] Iter [410/794] Loss: 0.1829
[Epoch 11/300] Iter [420/794] Loss: 0.2183
[Epoch 11/300] Iter [430/794] Loss: 0.2360
[Epoch 11/300] Iter [440/794] Loss: 0.2782
[Epoch 11/300] Iter [450/794] Loss: 0.2854
[Epoch 11/300] Iter [460/794] Loss: 0.2465
[Epoch 11/300] Iter [470/794] Loss: 0.2567
[Epoch 11/300] Iter [480/794] Loss: 0.1809
[Epoch 11/300] Iter [490/794] Loss: 0.2051
[Epoch 11/300] Iter [500/794] Loss: 0.1804
[Epoch 11/300] Iter [510/794] Loss: 0.2351
[Epoch 11/300] Iter [520/794] Loss: 0.2421
[Epoch 11/300] Iter [530/794] Loss: 0.3313
[Epoch 11/300] Iter [540/794] Loss: 0.2101
[Epoch 11/300] Iter [550/794] Loss: 0.2289
[Epoch 11/300] Iter [560/794] Loss: 0.2039
[Epoch 11/300] Iter [570/794] Loss: 0.3520
[Epoch 11/300] Iter [580/794] Loss: 0.1847
[Epoch 11/300] Iter [590/794] Loss: 0.2516
[Epoch 11/300] Iter [600/794] Loss: 0.2271
[Epoch 11/300] Iter [610/794] Loss: 0.2457
[Epoch 11/300] Iter [620/794] Loss: 0.2002
[Epoch 11/300] Iter [630/794] Loss: 0.1816
[Epoch 11/300] Iter [640/794] Loss: 0.1853
[Epoch 11/300] Iter [650/794] Loss: 0.2316
[Epoch 11/300] Iter [660/794] Loss: 0.1594
[Epoch 11/300] Iter [670/794] Loss: 0.2943
[Epoch 11/300] Iter [680/794] Loss: 0.3086
[Epoch 11/300] Iter [690/794] Loss: 0.3401
[Epoch 11/300] Iter [700/794] Loss: 0.1469
[Epoch 11/300] Iter [710/794] Loss: 0.1368
[Epoch 11/300] Iter [720/794] Loss: 0.1923
[Epoch 11/300] Iter [730/794] Loss: 0.2945
[Epoch 11/300] Iter [740/794] Loss: 0.2047
[Epoch 11/300] Iter [750/794] Loss: 0.3230
[Epoch 11/300] Iter [760/794] Loss: 0.2116
[Epoch 11/300] Iter [770/794] Loss: 0.2127
[Epoch 11/300] Iter [780/794] Loss: 0.3147
[Epoch 11/300] Iter [790/794] Loss: 0.2841
Epoch [11/300] Validation Loss: 0.3783
No improvement for 2 epoch(s).
[Epoch 12/300] Iter [10/794] Loss: 0.2378
[Epoch 12/300] Iter [20/794] Loss: 0.2412
[Epoch 12/300] Iter [30/794] Loss: 0.2089
[Epoch 12/300] Iter [40/794] Loss: 0.1638
[Epoch 12/300] Iter [50/794] Loss: 0.1903
[Epoch 12/300] Iter [60/794] Loss: 0.2423
[Epoch 12/300] Iter [70/794] Loss: 0.1528
[Epoch 12/300] Iter [80/794] Loss: 0.2430
[Epoch 12/300] Iter [90/794] Loss: 0.2209
[Epoch 12/300] Iter [100/794] Loss: 0.1163
[Epoch 12/300] Iter [110/794] Loss: 0.2198
[Epoch 12/300] Iter [120/794] Loss: 0.2031
[Epoch 12/300] Iter [130/794] Loss: 0.1793
[Epoch 12/300] Iter [140/794] Loss: 0.2096
[Epoch 12/300] Iter [150/794] Loss: 0.2266
[Epoch 12/300] Iter [160/794] Loss: 0.2002
[Epoch 12/300] Iter [170/794] Loss: 0.2429
[Epoch 12/300] Iter [180/794] Loss: 0.1565
[Epoch 12/300] Iter [190/794] Loss: 0.2156
[Epoch 12/300] Iter [200/794] Loss: 0.2780
[Epoch 12/300] Iter [210/794] Loss: 0.2124
[Epoch 12/300] Iter [220/794] Loss: 0.2855
[Epoch 12/300] Iter [230/794] Loss: 0.1738
[Epoch 12/300] Iter [240/794] Loss: 0.2966
[Epoch 12/300] Iter [250/794] Loss: 0.1828
[Epoch 12/300] Iter [260/794] Loss: 0.2123
[Epoch 12/300] Iter [270/794] Loss: 0.2856
[Epoch 12/300] Iter [280/794] Loss: 0.2679
[Epoch 12/300] Iter [290/794] Loss: 0.1986
[Epoch 12/300] Iter [300/794] Loss: 0.1578
[Epoch 12/300] Iter [310/794] Loss: 0.1922
[Epoch 12/300] Iter [320/794] Loss: 0.1835
[Epoch 12/300] Iter [330/794] Loss: 0.2479
[Epoch 12/300] Iter [340/794] Loss: 0.4181
[Epoch 12/300] Iter [350/794] Loss: 0.2705
[Epoch 12/300] Iter [360/794] Loss: 0.1867
[Epoch 12/300] Iter [370/794] Loss: 0.2456
[Epoch 12/300] Iter [380/794] Loss: 0.3262
[Epoch 12/300] Iter [390/794] Loss: 0.3142
[Epoch 12/300] Iter [400/794] Loss: 0.2474
[Epoch 12/300] Iter [410/794] Loss: 0.3299
[Epoch 12/300] Iter [420/794] Loss: 0.1810
[Epoch 12/300] Iter [430/794] Loss: 0.2170
[Epoch 12/300] Iter [440/794] Loss: 0.3162
[Epoch 12/300] Iter [450/794] Loss: 0.3060
[Epoch 12/300] Iter [460/794] Loss: 0.1029
[Epoch 12/300] Iter [470/794] Loss: 0.1629
[Epoch 12/300] Iter [480/794] Loss: 0.1348
[Epoch 12/300] Iter [490/794] Loss: 0.2802
[Epoch 12/300] Iter [500/794] Loss: 0.1910
[Epoch 12/300] Iter [510/794] Loss: 0.1936
[Epoch 12/300] Iter [520/794] Loss: 0.1962
[Epoch 12/300] Iter [530/794] Loss: 0.1944
[Epoch 12/300] Iter [540/794] Loss: 0.2996
[Epoch 12/300] Iter [550/794] Loss: 0.1828
[Epoch 12/300] Iter [560/794] Loss: 0.3499
[Epoch 12/300] Iter [570/794] Loss: 0.2582
[Epoch 12/300] Iter [580/794] Loss: 0.2283
[Epoch 12/300] Iter [590/794] Loss: 0.2253
[Epoch 12/300] Iter [600/794] Loss: 0.3502
[Epoch 12/300] Iter [610/794] Loss: 0.2602
[Epoch 12/300] Iter [620/794] Loss: 0.3467
[Epoch 12/300] Iter [630/794] Loss: 0.2586
[Epoch 12/300] Iter [640/794] Loss: 0.2149
[Epoch 12/300] Iter [650/794] Loss: 0.2065
[Epoch 12/300] Iter [660/794] Loss: 0.2531
[Epoch 12/300] Iter [670/794] Loss: 0.1944
[Epoch 12/300] Iter [680/794] Loss: 0.2736
[Epoch 12/300] Iter [690/794] Loss: 0.2196
[Epoch 12/300] Iter [700/794] Loss: 0.3280
[Epoch 12/300] Iter [710/794] Loss: 0.2421
[Epoch 12/300] Iter [720/794] Loss: 0.2295
[Epoch 12/300] Iter [730/794] Loss: 0.2675
[Epoch 12/300] Iter [740/794] Loss: 0.3079
[Epoch 12/300] Iter [750/794] Loss: 0.2538
[Epoch 12/300] Iter [760/794] Loss: 0.2805
[Epoch 12/300] Iter [770/794] Loss: 0.2121
[Epoch 12/300] Iter [780/794] Loss: 0.2292
[Epoch 12/300] Iter [790/794] Loss: 0.2555
Epoch [12/300] Validation Loss: 0.3917
No improvement for 3 epoch(s).
[Epoch 13/300] Iter [10/794] Loss: 0.2563
[Epoch 13/300] Iter [20/794] Loss: 0.2504
[Epoch 13/300] Iter [30/794] Loss: 0.1884
[Epoch 13/300] Iter [40/794] Loss: 0.1415
[Epoch 13/300] Iter [50/794] Loss: 0.1575
[Epoch 13/300] Iter [60/794] Loss: 0.2697
[Epoch 13/300] Iter [70/794] Loss: 0.2046
[Epoch 13/300] Iter [80/794] Loss: 0.2320
[Epoch 13/300] Iter [90/794] Loss: 0.1918
[Epoch 13/300] Iter [100/794] Loss: 0.2063
[Epoch 13/300] Iter [110/794] Loss: 0.2251
[Epoch 13/300] Iter [120/794] Loss: 0.2000
[Epoch 13/300] Iter [130/794] Loss: 0.1940
[Epoch 13/300] Iter [140/794] Loss: 0.1541
[Epoch 13/300] Iter [150/794] Loss: 0.2184
[Epoch 13/300] Iter [160/794] Loss: 0.2499
[Epoch 13/300] Iter [170/794] Loss: 0.2150
[Epoch 13/300] Iter [180/794] Loss: 0.1382
[Epoch 13/300] Iter [190/794] Loss: 0.2883
[Epoch 13/300] Iter [200/794] Loss: 0.2055
[Epoch 13/300] Iter [210/794] Loss: 0.1519
[Epoch 13/300] Iter [220/794] Loss: 0.2038
[Epoch 13/300] Iter [230/794] Loss: 0.2238
[Epoch 13/300] Iter [240/794] Loss: 0.2767
[Epoch 13/300] Iter [250/794] Loss: 0.2489
[Epoch 13/300] Iter [260/794] Loss: 0.2402
[Epoch 13/300] Iter [270/794] Loss: 0.2401
[Epoch 13/300] Iter [280/794] Loss: 0.1504
[Epoch 13/300] Iter [290/794] Loss: 0.2440
[Epoch 13/300] Iter [300/794] Loss: 0.2112
[Epoch 13/300] Iter [310/794] Loss: 0.1846
[Epoch 13/300] Iter [320/794] Loss: 0.2464
[Epoch 13/300] Iter [330/794] Loss: 0.1563
[Epoch 13/300] Iter [340/794] Loss: 0.2363
[Epoch 13/300] Iter [350/794] Loss: 0.1495
[Epoch 13/300] Iter [360/794] Loss: 0.3612
[Epoch 13/300] Iter [370/794] Loss: 0.1959
[Epoch 13/300] Iter [380/794] Loss: 0.1811
[Epoch 13/300] Iter [390/794] Loss: 0.3204
[Epoch 13/300] Iter [400/794] Loss: 0.1414
[Epoch 13/300] Iter [410/794] Loss: 0.1390
[Epoch 13/300] Iter [420/794] Loss: 0.1860
[Epoch 13/300] Iter [430/794] Loss: 0.1764
[Epoch 13/300] Iter [440/794] Loss: 0.2294
[Epoch 13/300] Iter [450/794] Loss: 0.1816
[Epoch 13/300] Iter [460/794] Loss: 0.2070
[Epoch 13/300] Iter [470/794] Loss: 0.1375
[Epoch 13/300] Iter [480/794] Loss: 0.2375
[Epoch 13/300] Iter [490/794] Loss: 0.1644
[Epoch 13/300] Iter [500/794] Loss: 0.2289
[Epoch 13/300] Iter [510/794] Loss: 0.2233
[Epoch 13/300] Iter [520/794] Loss: 0.1644
[Epoch 13/300] Iter [530/794] Loss: 0.1584
[Epoch 13/300] Iter [540/794] Loss: 0.2008
[Epoch 13/300] Iter [550/794] Loss: 0.2140
[Epoch 13/300] Iter [560/794] Loss: 0.2050
[Epoch 13/300] Iter [570/794] Loss: 0.2352
[Epoch 13/300] Iter [580/794] Loss: 0.2126
[Epoch 13/300] Iter [590/794] Loss: 0.2317
[Epoch 13/300] Iter [600/794] Loss: 0.2299
[Epoch 13/300] Iter [610/794] Loss: 0.1626
[Epoch 13/300] Iter [620/794] Loss: 0.2166
[Epoch 13/300] Iter [630/794] Loss: 0.3298
[Epoch 13/300] Iter [640/794] Loss: 0.2003
[Epoch 13/300] Iter [650/794] Loss: 0.2970
[Epoch 13/300] Iter [660/794] Loss: 0.1363
[Epoch 13/300] Iter [670/794] Loss: 0.2125
[Epoch 13/300] Iter [680/794] Loss: 0.1628
[Epoch 13/300] Iter [690/794] Loss: 0.3164
[Epoch 13/300] Iter [700/794] Loss: 0.3049
[Epoch 13/300] Iter [710/794] Loss: 0.2170
[Epoch 13/300] Iter [720/794] Loss: 0.2901
[Epoch 13/300] Iter [730/794] Loss: 0.2039
[Epoch 13/300] Iter [740/794] Loss: 0.4405
[Epoch 13/300] Iter [750/794] Loss: 0.2736
[Epoch 13/300] Iter [760/794] Loss: 0.2762
[Epoch 13/300] Iter [770/794] Loss: 0.2377
[Epoch 13/300] Iter [780/794] Loss: 0.2741
[Epoch 13/300] Iter [790/794] Loss: 0.2291
Epoch [13/300] Validation Loss: 0.4025
No improvement for 4 epoch(s).
[Epoch 14/300] Iter [10/794] Loss: 0.1219
[Epoch 14/300] Iter [20/794] Loss: 0.2064
[Epoch 14/300] Iter [30/794] Loss: 0.1625
[Epoch 14/300] Iter [40/794] Loss: 0.2233
[Epoch 14/300] Iter [50/794] Loss: 0.1914
[Epoch 14/300] Iter [60/794] Loss: 0.2738
[Epoch 14/300] Iter [70/794] Loss: 0.2372
[Epoch 14/300] Iter [80/794] Loss: 0.1279
[Epoch 14/300] Iter [90/794] Loss: 0.1470
[Epoch 14/300] Iter [100/794] Loss: 0.2249
[Epoch 14/300] Iter [110/794] Loss: 0.1920
[Epoch 14/300] Iter [120/794] Loss: 0.1974
[Epoch 14/300] Iter [130/794] Loss: 0.1177
[Epoch 14/300] Iter [140/794] Loss: 0.2312
[Epoch 14/300] Iter [150/794] Loss: 0.2251
[Epoch 14/300] Iter [160/794] Loss: 0.1281
[Epoch 14/300] Iter [170/794] Loss: 0.1917
[Epoch 14/300] Iter [180/794] Loss: 0.1791
[Epoch 14/300] Iter [190/794] Loss: 0.1594
[Epoch 14/300] Iter [200/794] Loss: 0.2383
[Epoch 14/300] Iter [210/794] Loss: 0.2110
[Epoch 14/300] Iter [220/794] Loss: 0.1637
[Epoch 14/300] Iter [230/794] Loss: 0.2607
[Epoch 14/300] Iter [240/794] Loss: 0.1872
[Epoch 14/300] Iter [250/794] Loss: 0.2047
[Epoch 14/300] Iter [260/794] Loss: 0.2101
[Epoch 14/300] Iter [270/794] Loss: 0.2208
[Epoch 14/300] Iter [280/794] Loss: 0.4122
[Epoch 14/300] Iter [290/794] Loss: 0.2854
[Epoch 14/300] Iter [300/794] Loss: 0.1964
[Epoch 14/300] Iter [310/794] Loss: 0.2108
[Epoch 14/300] Iter [320/794] Loss: 0.2310
[Epoch 14/300] Iter [330/794] Loss: 0.2089
[Epoch 14/300] Iter [340/794] Loss: 0.1518
[Epoch 14/300] Iter [350/794] Loss: 0.1902
[Epoch 14/300] Iter [360/794] Loss: 0.1220
[Epoch 14/300] Iter [370/794] Loss: 0.2073
[Epoch 14/300] Iter [380/794] Loss: 0.2243
[Epoch 14/300] Iter [390/794] Loss: 0.1944
[Epoch 14/300] Iter [400/794] Loss: 0.1454
[Epoch 14/300] Iter [410/794] Loss: 0.2100
[Epoch 14/300] Iter [420/794] Loss: 0.2867
[Epoch 14/300] Iter [430/794] Loss: 0.1341
[Epoch 14/300] Iter [440/794] Loss: 0.2251
[Epoch 14/300] Iter [450/794] Loss: 0.2240
[Epoch 14/300] Iter [460/794] Loss: 0.1827
[Epoch 14/300] Iter [470/794] Loss: 0.1641
[Epoch 14/300] Iter [480/794] Loss: 0.2037
[Epoch 14/300] Iter [490/794] Loss: 0.2036
[Epoch 14/300] Iter [500/794] Loss: 0.2055
[Epoch 14/300] Iter [510/794] Loss: 0.2473
[Epoch 14/300] Iter [520/794] Loss: 0.2163
[Epoch 14/300] Iter [530/794] Loss: 0.1996
[Epoch 14/300] Iter [540/794] Loss: 0.2452
[Epoch 14/300] Iter [550/794] Loss: 0.2989
[Epoch 14/300] Iter [560/794] Loss: 0.2453
[Epoch 14/300] Iter [570/794] Loss: 0.1106
[Epoch 14/300] Iter [580/794] Loss: 0.2108
[Epoch 14/300] Iter [590/794] Loss: 0.1531
[Epoch 14/300] Iter [600/794] Loss: 0.2139
[Epoch 14/300] Iter [610/794] Loss: 0.2299
[Epoch 14/300] Iter [620/794] Loss: 0.3312
[Epoch 14/300] Iter [630/794] Loss: 0.1820
[Epoch 14/300] Iter [640/794] Loss: 0.1765
[Epoch 14/300] Iter [650/794] Loss: 0.2511
[Epoch 14/300] Iter [660/794] Loss: 0.2168
[Epoch 14/300] Iter [670/794] Loss: 0.1823
[Epoch 14/300] Iter [680/794] Loss: 0.1638
[Epoch 14/300] Iter [690/794] Loss: 0.2044
[Epoch 14/300] Iter [700/794] Loss: 0.2224
[Epoch 14/300] Iter [710/794] Loss: 0.3091
[Epoch 14/300] Iter [720/794] Loss: 0.1942
[Epoch 14/300] Iter [730/794] Loss: 0.2228
[Epoch 14/300] Iter [740/794] Loss: 0.2409
[Epoch 14/300] Iter [750/794] Loss: 0.2394
[Epoch 14/300] Iter [760/794] Loss: 0.1874
[Epoch 14/300] Iter [770/794] Loss: 0.2754
[Epoch 14/300] Iter [780/794] Loss: 0.3213
[Epoch 14/300] Iter [790/794] Loss: 0.2114
Epoch [14/300] Validation Loss: 0.3989
No improvement for 5 epoch(s).
[Epoch 15/300] Iter [10/794] Loss: 0.3112
[Epoch 15/300] Iter [20/794] Loss: 0.1983
[Epoch 15/300] Iter [30/794] Loss: 0.1605
[Epoch 15/300] Iter [40/794] Loss: 0.2642
[Epoch 15/300] Iter [50/794] Loss: 0.2041
[Epoch 15/300] Iter [60/794] Loss: 0.3381
[Epoch 15/300] Iter [70/794] Loss: 0.1843
[Epoch 15/300] Iter [80/794] Loss: 0.1758
[Epoch 15/300] Iter [90/794] Loss: 0.1499
[Epoch 15/300] Iter [100/794] Loss: 0.1728
[Epoch 15/300] Iter [110/794] Loss: 0.1290
[Epoch 15/300] Iter [120/794] Loss: 0.2638
[Epoch 15/300] Iter [130/794] Loss: 0.2039
[Epoch 15/300] Iter [140/794] Loss: 0.2228
[Epoch 15/300] Iter [150/794] Loss: 0.1695
[Epoch 15/300] Iter [160/794] Loss: 0.1489
[Epoch 15/300] Iter [170/794] Loss: 0.2081
[Epoch 15/300] Iter [180/794] Loss: 0.1836
[Epoch 15/300] Iter [190/794] Loss: 0.2809
[Epoch 15/300] Iter [200/794] Loss: 0.2040
[Epoch 15/300] Iter [210/794] Loss: 0.1756
[Epoch 15/300] Iter [220/794] Loss: 0.1622
[Epoch 15/300] Iter [230/794] Loss: 0.1759
[Epoch 15/300] Iter [240/794] Loss: 0.2786
[Epoch 15/300] Iter [250/794] Loss: 0.1948
[Epoch 15/300] Iter [260/794] Loss: 0.1761
[Epoch 15/300] Iter [270/794] Loss: 0.1642
[Epoch 15/300] Iter [280/794] Loss: 0.2062
[Epoch 15/300] Iter [290/794] Loss: 0.2617
[Epoch 15/300] Iter [300/794] Loss: 0.1882
[Epoch 15/300] Iter [310/794] Loss: 0.1554
[Epoch 15/300] Iter [320/794] Loss: 0.1963
[Epoch 15/300] Iter [330/794] Loss: 0.2254
[Epoch 15/300] Iter [340/794] Loss: 0.3159
[Epoch 15/300] Iter [350/794] Loss: 0.3887
[Epoch 15/300] Iter [360/794] Loss: 0.1933
[Epoch 15/300] Iter [370/794] Loss: 0.2761
[Epoch 15/300] Iter [380/794] Loss: 0.1649
[Epoch 15/300] Iter [390/794] Loss: 0.1765
[Epoch 15/300] Iter [400/794] Loss: 0.1584
[Epoch 15/300] Iter [410/794] Loss: 0.1626
[Epoch 15/300] Iter [420/794] Loss: 0.1962
[Epoch 15/300] Iter [430/794] Loss: 0.1875
[Epoch 15/300] Iter [440/794] Loss: 0.2307
[Epoch 15/300] Iter [450/794] Loss: 0.2014
[Epoch 15/300] Iter [460/794] Loss: 0.1388
[Epoch 15/300] Iter [470/794] Loss: 0.2342
[Epoch 15/300] Iter [480/794] Loss: 0.1988
[Epoch 15/300] Iter [490/794] Loss: 0.2777
[Epoch 15/300] Iter [500/794] Loss: 0.1215
[Epoch 15/300] Iter [510/794] Loss: 0.2406
[Epoch 15/300] Iter [520/794] Loss: 0.1309
[Epoch 15/300] Iter [530/794] Loss: 0.2504
[Epoch 15/300] Iter [540/794] Loss: 0.2033
[Epoch 15/300] Iter [550/794] Loss: 0.2090
[Epoch 15/300] Iter [560/794] Loss: 0.2811
[Epoch 15/300] Iter [570/794] Loss: 0.1680
[Epoch 15/300] Iter [580/794] Loss: 0.2821
[Epoch 15/300] Iter [590/794] Loss: 0.1169
[Epoch 15/300] Iter [600/794] Loss: 0.2320
[Epoch 15/300] Iter [610/794] Loss: 0.2026
[Epoch 15/300] Iter [620/794] Loss: 0.1645
[Epoch 15/300] Iter [630/794] Loss: 0.2245
[Epoch 15/300] Iter [640/794] Loss: 0.2625
[Epoch 15/300] Iter [650/794] Loss: 0.1582
[Epoch 15/300] Iter [660/794] Loss: 0.2492
[Epoch 15/300] Iter [670/794] Loss: 0.1958
[Epoch 15/300] Iter [680/794] Loss: 0.2480
[Epoch 15/300] Iter [690/794] Loss: 0.2129
[Epoch 15/300] Iter [700/794] Loss: 0.1957
[Epoch 15/300] Iter [710/794] Loss: 0.1653
[Epoch 15/300] Iter [720/794] Loss: 0.2140
[Epoch 15/300] Iter [730/794] Loss: 0.2318
[Epoch 15/300] Iter [740/794] Loss: 0.2199
[Epoch 15/300] Iter [750/794] Loss: 0.2108
[Epoch 15/300] Iter [760/794] Loss: 0.1661
[Epoch 15/300] Iter [770/794] Loss: 0.2090
[Epoch 15/300] Iter [780/794] Loss: 0.2974
[Epoch 15/300] Iter [790/794] Loss: 0.2100
Epoch [15/300] Validation Loss: 0.4022
No improvement for 6 epoch(s).
[Epoch 16/300] Iter [10/794] Loss: 0.1546
[Epoch 16/300] Iter [20/794] Loss: 0.1815
[Epoch 16/300] Iter [30/794] Loss: 0.1662
[Epoch 16/300] Iter [40/794] Loss: 0.1679
[Epoch 16/300] Iter [50/794] Loss: 0.2562
[Epoch 16/300] Iter [60/794] Loss: 0.1185
[Epoch 16/300] Iter [70/794] Loss: 0.1691
[Epoch 16/300] Iter [80/794] Loss: 0.1817
[Epoch 16/300] Iter [90/794] Loss: 0.1345
[Epoch 16/300] Iter [100/794] Loss: 0.1925
[Epoch 16/300] Iter [110/794] Loss: 0.1761
[Epoch 16/300] Iter [120/794] Loss: 0.3047
[Epoch 16/300] Iter [130/794] Loss: 0.1446
[Epoch 16/300] Iter [140/794] Loss: 0.1710
[Epoch 16/300] Iter [150/794] Loss: 0.1779
[Epoch 16/300] Iter [160/794] Loss: 0.1924
[Epoch 16/300] Iter [170/794] Loss: 0.2235
[Epoch 16/300] Iter [180/794] Loss: 0.2000
[Epoch 16/300] Iter [190/794] Loss: 0.1971
[Epoch 16/300] Iter [200/794] Loss: 0.2155
[Epoch 16/300] Iter [210/794] Loss: 0.1426
[Epoch 16/300] Iter [220/794] Loss: 0.1537
[Epoch 16/300] Iter [230/794] Loss: 0.2008
[Epoch 16/300] Iter [240/794] Loss: 0.1631
[Epoch 16/300] Iter [250/794] Loss: 0.1545
[Epoch 16/300] Iter [260/794] Loss: 0.1734
[Epoch 16/300] Iter [270/794] Loss: 0.1220
[Epoch 16/300] Iter [280/794] Loss: 0.1614
[Epoch 16/300] Iter [290/794] Loss: 0.2103
[Epoch 16/300] Iter [300/794] Loss: 0.1573
[Epoch 16/300] Iter [310/794] Loss: 0.3036
[Epoch 16/300] Iter [320/794] Loss: 0.1738
[Epoch 16/300] Iter [330/794] Loss: 0.2347
[Epoch 16/300] Iter [340/794] Loss: 0.2479
[Epoch 16/300] Iter [350/794] Loss: 0.2362
[Epoch 16/300] Iter [360/794] Loss: 0.2251
[Epoch 16/300] Iter [370/794] Loss: 0.1798
[Epoch 16/300] Iter [380/794] Loss: 0.2662
[Epoch 16/300] Iter [390/794] Loss: 0.1390
[Epoch 16/300] Iter [400/794] Loss: 0.2430
[Epoch 16/300] Iter [410/794] Loss: 0.1569
[Epoch 16/300] Iter [420/794] Loss: 0.3018
[Epoch 16/300] Iter [430/794] Loss: 0.1959
[Epoch 16/300] Iter [440/794] Loss: 0.1798
[Epoch 16/300] Iter [450/794] Loss: 0.2234
[Epoch 16/300] Iter [460/794] Loss: 0.1440
[Epoch 16/300] Iter [470/794] Loss: 0.2054
[Epoch 16/300] Iter [480/794] Loss: 0.2120
[Epoch 16/300] Iter [490/794] Loss: 0.1569
[Epoch 16/300] Iter [500/794] Loss: 0.1676
[Epoch 16/300] Iter [510/794] Loss: 0.1907
[Epoch 16/300] Iter [520/794] Loss: 0.1843
[Epoch 16/300] Iter [530/794] Loss: 0.2146
[Epoch 16/300] Iter [540/794] Loss: 0.2314
[Epoch 16/300] Iter [550/794] Loss: 0.3976
[Epoch 16/300] Iter [560/794] Loss: 0.2883
[Epoch 16/300] Iter [570/794] Loss: 0.2644
[Epoch 16/300] Iter [580/794] Loss: 0.1813
[Epoch 16/300] Iter [590/794] Loss: 0.1691
[Epoch 16/300] Iter [600/794] Loss: 0.2657
[Epoch 16/300] Iter [610/794] Loss: 0.3025
[Epoch 16/300] Iter [620/794] Loss: 0.1334
[Epoch 16/300] Iter [630/794] Loss: 0.2679
[Epoch 16/300] Iter [640/794] Loss: 0.1668
[Epoch 16/300] Iter [650/794] Loss: 0.2169
[Epoch 16/300] Iter [660/794] Loss: 0.3224
[Epoch 16/300] Iter [670/794] Loss: 0.2221
[Epoch 16/300] Iter [680/794] Loss: 0.2952
[Epoch 16/300] Iter [690/794] Loss: 0.2642
[Epoch 16/300] Iter [700/794] Loss: 0.2497
[Epoch 16/300] Iter [710/794] Loss: 0.1508
[Epoch 16/300] Iter [720/794] Loss: 0.4241
[Epoch 16/300] Iter [730/794] Loss: 0.2388
[Epoch 16/300] Iter [740/794] Loss: 0.2427
[Epoch 16/300] Iter [750/794] Loss: 0.1544
[Epoch 16/300] Iter [760/794] Loss: 0.1851
[Epoch 16/300] Iter [770/794] Loss: 0.2317
[Epoch 16/300] Iter [780/794] Loss: 0.1802
[Epoch 16/300] Iter [790/794] Loss: 0.2225
Epoch [16/300] Validation Loss: 0.4146
No improvement for 7 epoch(s).
[Epoch 17/300] Iter [10/794] Loss: 0.1399
[Epoch 17/300] Iter [20/794] Loss: 0.1316
[Epoch 17/300] Iter [30/794] Loss: 0.2400
[Epoch 17/300] Iter [40/794] Loss: 0.2046
[Epoch 17/300] Iter [50/794] Loss: 0.1606
[Epoch 17/300] Iter [60/794] Loss: 0.1051
[Epoch 17/300] Iter [70/794] Loss: 0.2333
[Epoch 17/300] Iter [80/794] Loss: 0.2031
[Epoch 17/300] Iter [90/794] Loss: 0.2126
[Epoch 17/300] Iter [100/794] Loss: 0.2790
[Epoch 17/300] Iter [110/794] Loss: 0.0695
[Epoch 17/300] Iter [120/794] Loss: 0.2124
[Epoch 17/300] Iter [130/794] Loss: 0.2407
[Epoch 17/300] Iter [140/794] Loss: 0.1975
[Epoch 17/300] Iter [150/794] Loss: 0.1588
[Epoch 17/300] Iter [160/794] Loss: 0.1916
[Epoch 17/300] Iter [170/794] Loss: 0.1883
[Epoch 17/300] Iter [180/794] Loss: 0.1174
[Epoch 17/300] Iter [190/794] Loss: 0.1709
[Epoch 17/300] Iter [200/794] Loss: 0.2616
[Epoch 17/300] Iter [210/794] Loss: 0.2157
[Epoch 17/300] Iter [220/794] Loss: 0.1925
[Epoch 17/300] Iter [230/794] Loss: 0.1180
[Epoch 17/300] Iter [240/794] Loss: 0.1964
[Epoch 17/300] Iter [250/794] Loss: 0.1323
[Epoch 17/300] Iter [260/794] Loss: 0.1777
[Epoch 17/300] Iter [270/794] Loss: 0.1692
[Epoch 17/300] Iter [280/794] Loss: 0.2328
[Epoch 17/300] Iter [290/794] Loss: 0.2136
[Epoch 17/300] Iter [300/794] Loss: 0.1325
[Epoch 17/300] Iter [310/794] Loss: 0.1840
[Epoch 17/300] Iter [320/794] Loss: 0.2245
[Epoch 17/300] Iter [330/794] Loss: 0.1824
[Epoch 17/300] Iter [340/794] Loss: 0.1649
[Epoch 17/300] Iter [350/794] Loss: 0.1520
[Epoch 17/300] Iter [360/794] Loss: 0.1289
[Epoch 17/300] Iter [370/794] Loss: 0.2460
[Epoch 17/300] Iter [380/794] Loss: 0.1642
[Epoch 17/300] Iter [390/794] Loss: 0.1758
[Epoch 17/300] Iter [400/794] Loss: 0.2100
[Epoch 17/300] Iter [410/794] Loss: 0.2479
[Epoch 17/300] Iter [420/794] Loss: 0.2837
[Epoch 17/300] Iter [430/794] Loss: 0.2140
[Epoch 17/300] Iter [440/794] Loss: 0.1796
[Epoch 17/300] Iter [450/794] Loss: 0.1333
[Epoch 17/300] Iter [460/794] Loss: 0.1865
[Epoch 17/300] Iter [470/794] Loss: 0.1561
[Epoch 17/300] Iter [480/794] Loss: 0.1923
[Epoch 17/300] Iter [490/794] Loss: 0.2456
[Epoch 17/300] Iter [500/794] Loss: 0.1269
[Epoch 17/300] Iter [510/794] Loss: 0.2890
[Epoch 17/300] Iter [520/794] Loss: 0.3068
[Epoch 17/300] Iter [530/794] Loss: 0.1116
[Epoch 17/300] Iter [540/794] Loss: 0.2518
[Epoch 17/300] Iter [550/794] Loss: 0.2714
[Epoch 17/300] Iter [560/794] Loss: 0.2289
[Epoch 17/300] Iter [570/794] Loss: 0.1433
[Epoch 17/300] Iter [580/794] Loss: 0.2447
[Epoch 17/300] Iter [590/794] Loss: 0.1319
[Epoch 17/300] Iter [600/794] Loss: 0.1392
[Epoch 17/300] Iter [610/794] Loss: 0.0982
[Epoch 17/300] Iter [620/794] Loss: 0.2092
[Epoch 17/300] Iter [630/794] Loss: 0.3493
[Epoch 17/300] Iter [640/794] Loss: 0.2506
[Epoch 17/300] Iter [650/794] Loss: 0.1575
[Epoch 17/300] Iter [660/794] Loss: 0.1301
[Epoch 17/300] Iter [670/794] Loss: 0.2517
[Epoch 17/300] Iter [680/794] Loss: 0.1521
[Epoch 17/300] Iter [690/794] Loss: 0.1833
[Epoch 17/300] Iter [700/794] Loss: 0.1800
[Epoch 17/300] Iter [710/794] Loss: 0.1120
[Epoch 17/300] Iter [720/794] Loss: 0.1830
[Epoch 17/300] Iter [730/794] Loss: 0.2168
[Epoch 17/300] Iter [740/794] Loss: 0.1899
[Epoch 17/300] Iter [750/794] Loss: 0.2051
[Epoch 17/300] Iter [760/794] Loss: 0.3573
[Epoch 17/300] Iter [770/794] Loss: 0.2111
[Epoch 17/300] Iter [780/794] Loss: 0.1328
[Epoch 17/300] Iter [790/794] Loss: 0.2265
Epoch [17/300] Validation Loss: 0.4325
No improvement for 8 epoch(s).
[Epoch 18/300] Iter [10/794] Loss: 0.2246
[Epoch 18/300] Iter [20/794] Loss: 0.1763
[Epoch 18/300] Iter [30/794] Loss: 0.1453
[Epoch 18/300] Iter [40/794] Loss: 0.3345
[Epoch 18/300] Iter [50/794] Loss: 0.1838
[Epoch 18/300] Iter [60/794] Loss: 0.2155
[Epoch 18/300] Iter [70/794] Loss: 0.2368
[Epoch 18/300] Iter [80/794] Loss: 0.1986
[Epoch 18/300] Iter [90/794] Loss: 0.1893
[Epoch 18/300] Iter [100/794] Loss: 0.2301
[Epoch 18/300] Iter [110/794] Loss: 0.2199
[Epoch 18/300] Iter [120/794] Loss: 0.1470
[Epoch 18/300] Iter [130/794] Loss: 0.2471
[Epoch 18/300] Iter [140/794] Loss: 0.1977
[Epoch 18/300] Iter [150/794] Loss: 0.1909
[Epoch 18/300] Iter [160/794] Loss: 0.1464
[Epoch 18/300] Iter [170/794] Loss: 0.2051
[Epoch 18/300] Iter [180/794] Loss: 0.2108
[Epoch 18/300] Iter [190/794] Loss: 0.1971
[Epoch 18/300] Iter [200/794] Loss: 0.1814
[Epoch 18/300] Iter [210/794] Loss: 0.1146
[Epoch 18/300] Iter [220/794] Loss: 0.1779
[Epoch 18/300] Iter [230/794] Loss: 0.1571
[Epoch 18/300] Iter [240/794] Loss: 0.1594
[Epoch 18/300] Iter [250/794] Loss: 0.2686
[Epoch 18/300] Iter [260/794] Loss: 0.2200
[Epoch 18/300] Iter [270/794] Loss: 0.1448
[Epoch 18/300] Iter [280/794] Loss: 0.0968
[Epoch 18/300] Iter [290/794] Loss: 0.1769
[Epoch 18/300] Iter [300/794] Loss: 0.1844
[Epoch 18/300] Iter [310/794] Loss: 0.1589
[Epoch 18/300] Iter [320/794] Loss: 0.2395
[Epoch 18/300] Iter [330/794] Loss: 0.2178
[Epoch 18/300] Iter [340/794] Loss: 0.1617
[Epoch 18/300] Iter [350/794] Loss: 0.1527
[Epoch 18/300] Iter [360/794] Loss: 0.1647
[Epoch 18/300] Iter [370/794] Loss: 0.1445
[Epoch 18/300] Iter [380/794] Loss: 0.2605
[Epoch 18/300] Iter [390/794] Loss: 0.0957
[Epoch 18/300] Iter [400/794] Loss: 0.2478
[Epoch 18/300] Iter [410/794] Loss: 0.1798
[Epoch 18/300] Iter [420/794] Loss: 0.1326
[Epoch 18/300] Iter [430/794] Loss: 0.2074
[Epoch 18/300] Iter [440/794] Loss: 0.2372
[Epoch 18/300] Iter [450/794] Loss: 0.2012
[Epoch 18/300] Iter [460/794] Loss: 0.1584
[Epoch 18/300] Iter [470/794] Loss: 0.1881
[Epoch 18/300] Iter [480/794] Loss: 0.1796
[Epoch 18/300] Iter [490/794] Loss: 0.1357
[Epoch 18/300] Iter [500/794] Loss: 0.2203
[Epoch 18/300] Iter [510/794] Loss: 0.1317
[Epoch 18/300] Iter [520/794] Loss: 0.3397
[Epoch 18/300] Iter [530/794] Loss: 0.2089
[Epoch 18/300] Iter [540/794] Loss: 0.1876
[Epoch 18/300] Iter [550/794] Loss: 0.2264
[Epoch 18/300] Iter [560/794] Loss: 0.2470
[Epoch 18/300] Iter [570/794] Loss: 0.1887
[Epoch 18/300] Iter [580/794] Loss: 0.1785
[Epoch 18/300] Iter [590/794] Loss: 0.1368
[Epoch 18/300] Iter [600/794] Loss: 0.1530
[Epoch 18/300] Iter [610/794] Loss: 0.1598
[Epoch 18/300] Iter [620/794] Loss: 0.1833
[Epoch 18/300] Iter [630/794] Loss: 0.2429
[Epoch 18/300] Iter [640/794] Loss: 0.2173
[Epoch 18/300] Iter [650/794] Loss: 0.2502
[Epoch 18/300] Iter [660/794] Loss: 0.2560
[Epoch 18/300] Iter [670/794] Loss: 0.2228
[Epoch 18/300] Iter [680/794] Loss: 0.2296
[Epoch 18/300] Iter [690/794] Loss: 0.1921
[Epoch 18/300] Iter [700/794] Loss: 0.1884
[Epoch 18/300] Iter [710/794] Loss: 0.1490
[Epoch 18/300] Iter [720/794] Loss: 0.1653
[Epoch 18/300] Iter [730/794] Loss: 0.2658
[Epoch 18/300] Iter [740/794] Loss: 0.1824
[Epoch 18/300] Iter [750/794] Loss: 0.2086
[Epoch 18/300] Iter [760/794] Loss: 0.1665
[Epoch 18/300] Iter [770/794] Loss: 0.2218
[Epoch 18/300] Iter [780/794] Loss: 0.1598
[Epoch 18/300] Iter [790/794] Loss: 0.1627
Epoch [18/300] Validation Loss: 0.4461
No improvement for 9 epoch(s).
[Epoch 19/300] Iter [10/794] Loss: 0.2027
[Epoch 19/300] Iter [20/794] Loss: 0.1926
[Epoch 19/300] Iter [30/794] Loss: 0.2072
[Epoch 19/300] Iter [40/794] Loss: 0.1608
[Epoch 19/300] Iter [50/794] Loss: 0.1481
[Epoch 19/300] Iter [60/794] Loss: 0.1736
[Epoch 19/300] Iter [70/794] Loss: 0.2001
[Epoch 19/300] Iter [80/794] Loss: 0.1833
[Epoch 19/300] Iter [90/794] Loss: 0.1711
[Epoch 19/300] Iter [100/794] Loss: 0.1654
[Epoch 19/300] Iter [110/794] Loss: 0.1764
[Epoch 19/300] Iter [120/794] Loss: 0.1751
[Epoch 19/300] Iter [130/794] Loss: 0.1852
[Epoch 19/300] Iter [140/794] Loss: 0.2029
[Epoch 19/300] Iter [150/794] Loss: 0.2051
[Epoch 19/300] Iter [160/794] Loss: 0.1130
[Epoch 19/300] Iter [170/794] Loss: 0.2717
[Epoch 19/300] Iter [180/794] Loss: 0.1125
[Epoch 19/300] Iter [190/794] Loss: 0.1735
[Epoch 19/300] Iter [200/794] Loss: 0.2020
[Epoch 19/300] Iter [210/794] Loss: 0.1103
[Epoch 19/300] Iter [220/794] Loss: 0.1163
[Epoch 19/300] Iter [230/794] Loss: 0.1467
[Epoch 19/300] Iter [240/794] Loss: 0.2417
[Epoch 19/300] Iter [250/794] Loss: 0.2144
[Epoch 19/300] Iter [260/794] Loss: 0.1441
[Epoch 19/300] Iter [270/794] Loss: 0.2761
[Epoch 19/300] Iter [280/794] Loss: 0.1204
[Epoch 19/300] Iter [290/794] Loss: 0.2581
[Epoch 19/300] Iter [300/794] Loss: 0.1972
[Epoch 19/300] Iter [310/794] Loss: 0.1648
[Epoch 19/300] Iter [320/794] Loss: 0.1610
[Epoch 19/300] Iter [330/794] Loss: 0.1365
[Epoch 19/300] Iter [340/794] Loss: 0.2509
[Epoch 19/300] Iter [350/794] Loss: 0.1910
[Epoch 19/300] Iter [360/794] Loss: 0.2388
[Epoch 19/300] Iter [370/794] Loss: 0.2626
[Epoch 19/300] Iter [380/794] Loss: 0.1597
[Epoch 19/300] Iter [390/794] Loss: 0.1604
[Epoch 19/300] Iter [400/794] Loss: 0.2171
[Epoch 19/300] Iter [410/794] Loss: 0.1946
[Epoch 19/300] Iter [420/794] Loss: 0.1577
[Epoch 19/300] Iter [430/794] Loss: 0.1850
[Epoch 19/300] Iter [440/794] Loss: 0.2822
[Epoch 19/300] Iter [450/794] Loss: 0.1056
[Epoch 19/300] Iter [460/794] Loss: 0.1981
[Epoch 19/300] Iter [470/794] Loss: 0.1121
[Epoch 19/300] Iter [480/794] Loss: 0.1358
[Epoch 19/300] Iter [490/794] Loss: 0.1033
[Epoch 19/300] Iter [500/794] Loss: 0.1351
[Epoch 19/300] Iter [510/794] Loss: 0.2042
[Epoch 19/300] Iter [520/794] Loss: 0.1635
[Epoch 19/300] Iter [530/794] Loss: 0.2316
[Epoch 19/300] Iter [540/794] Loss: 0.2819
[Epoch 19/300] Iter [550/794] Loss: 0.1450
[Epoch 19/300] Iter [560/794] Loss: 0.1248
[Epoch 19/300] Iter [570/794] Loss: 0.2280
[Epoch 19/300] Iter [580/794] Loss: 0.1647
[Epoch 19/300] Iter [590/794] Loss: 0.2311
[Epoch 19/300] Iter [600/794] Loss: 0.2527
[Epoch 19/300] Iter [610/794] Loss: 0.2065
[Epoch 19/300] Iter [620/794] Loss: 0.1950
[Epoch 19/300] Iter [630/794] Loss: 0.2270
[Epoch 19/300] Iter [640/794] Loss: 0.2298
[Epoch 19/300] Iter [650/794] Loss: 0.1650
[Epoch 19/300] Iter [660/794] Loss: 0.2081
[Epoch 19/300] Iter [670/794] Loss: 0.1647
[Epoch 19/300] Iter [680/794] Loss: 0.2594
[Epoch 19/300] Iter [690/794] Loss: 0.1339
[Epoch 19/300] Iter [700/794] Loss: 0.2584
[Epoch 19/300] Iter [710/794] Loss: 0.1664
[Epoch 19/300] Iter [720/794] Loss: 0.1895
[Epoch 19/300] Iter [730/794] Loss: 0.1667
[Epoch 19/300] Iter [740/794] Loss: 0.2370
[Epoch 19/300] Iter [750/794] Loss: 0.1585
[Epoch 19/300] Iter [760/794] Loss: 0.1926
[Epoch 19/300] Iter [770/794] Loss: 0.1722
[Epoch 19/300] Iter [780/794] Loss: 0.2158
[Epoch 19/300] Iter [790/794] Loss: 0.1656
Epoch [19/300] Validation Loss: 0.4538
No improvement for 10 epoch(s).
Early stopping triggered at epoch 19
Training complete!
Test Accuracy: 86.05%
