===== Training Config =====
Dataset:        mnist
Model:          transformer
BatchSize:      128
Epochs:         300
LR:             0.0022
Patience:       10
NumClasses:     10
SaveDir:        /scratch/gilbreth/hu953/cs57800/pth
Noise Std:      0.3
Noise Type:     gaussian
===========================
[Epoch 1/300] Iter [10/41] Loss: 1.8077
[Epoch 1/300] Iter [20/41] Loss: 1.3523
[Epoch 1/300] Iter [30/41] Loss: 1.0541
[Epoch 1/300] Iter [40/41] Loss: 0.9108
Epoch [1/300] Validation Loss: 0.7851
[Epoch 2/300] Iter [10/41] Loss: 0.9265
[Epoch 2/300] Iter [20/41] Loss: 0.8347
[Epoch 2/300] Iter [30/41] Loss: 0.7068
[Epoch 2/300] Iter [40/41] Loss: 0.6767
Epoch [2/300] Validation Loss: 0.7080
[Epoch 3/300] Iter [10/41] Loss: 0.4994
[Epoch 3/300] Iter [20/41] Loss: 0.7092
[Epoch 3/300] Iter [30/41] Loss: 0.4770
[Epoch 3/300] Iter [40/41] Loss: 0.5287
Epoch [3/300] Validation Loss: 0.4006
[Epoch 4/300] Iter [10/41] Loss: 0.3803
[Epoch 4/300] Iter [20/41] Loss: 0.2392
[Epoch 4/300] Iter [30/41] Loss: 0.3228
[Epoch 4/300] Iter [40/41] Loss: 0.3392
Epoch [4/300] Validation Loss: 0.3733
[Epoch 5/300] Iter [10/41] Loss: 0.2128
[Epoch 5/300] Iter [20/41] Loss: 0.3736
[Epoch 5/300] Iter [30/41] Loss: 0.2154
[Epoch 5/300] Iter [40/41] Loss: 0.4042
Epoch [5/300] Validation Loss: 0.3541
[Epoch 6/300] Iter [10/41] Loss: 0.2319
[Epoch 6/300] Iter [20/41] Loss: 0.2312
[Epoch 6/300] Iter [30/41] Loss: 0.4410
[Epoch 6/300] Iter [40/41] Loss: 0.2294
Epoch [6/300] Validation Loss: 0.2563
[Epoch 7/300] Iter [10/41] Loss: 0.2185
[Epoch 7/300] Iter [20/41] Loss: 0.2506
[Epoch 7/300] Iter [30/41] Loss: 0.2324
[Epoch 7/300] Iter [40/41] Loss: 0.2653
Epoch [7/300] Validation Loss: 0.2434
[Epoch 8/300] Iter [10/41] Loss: 0.2903
[Epoch 8/300] Iter [20/41] Loss: 0.2421
[Epoch 8/300] Iter [30/41] Loss: 0.3507
[Epoch 8/300] Iter [40/41] Loss: 0.3433
Epoch [8/300] Validation Loss: 0.3181
No improvement for 1 epoch(s).
[Epoch 9/300] Iter [10/41] Loss: 0.2126
[Epoch 9/300] Iter [20/41] Loss: 0.2376
[Epoch 9/300] Iter [30/41] Loss: 0.3144
[Epoch 9/300] Iter [40/41] Loss: 0.1932
Epoch [9/300] Validation Loss: 0.2710
No improvement for 2 epoch(s).
[Epoch 10/300] Iter [10/41] Loss: 0.1610
[Epoch 10/300] Iter [20/41] Loss: 0.2972
[Epoch 10/300] Iter [30/41] Loss: 0.2939
[Epoch 10/300] Iter [40/41] Loss: 0.1876
Epoch [10/300] Validation Loss: 0.3552
No improvement for 3 epoch(s).
[Epoch 11/300] Iter [10/41] Loss: 0.2941
[Epoch 11/300] Iter [20/41] Loss: 0.1569
[Epoch 11/300] Iter [30/41] Loss: 0.0783
[Epoch 11/300] Iter [40/41] Loss: 0.3050
Epoch [11/300] Validation Loss: 0.2645
No improvement for 4 epoch(s).
[Epoch 12/300] Iter [10/41] Loss: 0.1277
[Epoch 12/300] Iter [20/41] Loss: 0.1076
[Epoch 12/300] Iter [30/41] Loss: 0.1371
[Epoch 12/300] Iter [40/41] Loss: 0.1456
Epoch [12/300] Validation Loss: 0.3160
No improvement for 5 epoch(s).
[Epoch 13/300] Iter [10/41] Loss: 0.1757
[Epoch 13/300] Iter [20/41] Loss: 0.1600
[Epoch 13/300] Iter [30/41] Loss: 0.1917
[Epoch 13/300] Iter [40/41] Loss: 0.1651
Epoch [13/300] Validation Loss: 0.3975
No improvement for 6 epoch(s).
[Epoch 14/300] Iter [10/41] Loss: 0.1243
[Epoch 14/300] Iter [20/41] Loss: 0.0906
[Epoch 14/300] Iter [30/41] Loss: 0.1514
[Epoch 14/300] Iter [40/41] Loss: 0.1121
Epoch [14/300] Validation Loss: 0.2258
[Epoch 15/300] Iter [10/41] Loss: 0.0522
[Epoch 15/300] Iter [20/41] Loss: 0.0414
[Epoch 15/300] Iter [30/41] Loss: 0.0794
[Epoch 15/300] Iter [40/41] Loss: 0.1069
Epoch [15/300] Validation Loss: 0.2342
No improvement for 1 epoch(s).
[Epoch 16/300] Iter [10/41] Loss: 0.1656
[Epoch 16/300] Iter [20/41] Loss: 0.1088
[Epoch 16/300] Iter [30/41] Loss: 0.1365
[Epoch 16/300] Iter [40/41] Loss: 0.0593
Epoch [16/300] Validation Loss: 0.2146
[Epoch 17/300] Iter [10/41] Loss: 0.1478
[Epoch 17/300] Iter [20/41] Loss: 0.0851
[Epoch 17/300] Iter [30/41] Loss: 0.0856
[Epoch 17/300] Iter [40/41] Loss: 0.0460
Epoch [17/300] Validation Loss: 0.2418
No improvement for 1 epoch(s).
[Epoch 18/300] Iter [10/41] Loss: 0.0365
[Epoch 18/300] Iter [20/41] Loss: 0.0362
[Epoch 18/300] Iter [30/41] Loss: 0.1137
[Epoch 18/300] Iter [40/41] Loss: 0.0415
Epoch [18/300] Validation Loss: 0.2388
No improvement for 2 epoch(s).
[Epoch 19/300] Iter [10/41] Loss: 0.0229
[Epoch 19/300] Iter [20/41] Loss: 0.0128
[Epoch 19/300] Iter [30/41] Loss: 0.0748
[Epoch 19/300] Iter [40/41] Loss: 0.0881
Epoch [19/300] Validation Loss: 0.2648
No improvement for 3 epoch(s).
[Epoch 20/300] Iter [10/41] Loss: 0.2468
[Epoch 20/300] Iter [20/41] Loss: 0.1778
[Epoch 20/300] Iter [30/41] Loss: 0.0473
[Epoch 20/300] Iter [40/41] Loss: 0.0701
Epoch [20/300] Validation Loss: 0.2657
No improvement for 4 epoch(s).
[Epoch 21/300] Iter [10/41] Loss: 0.1229
[Epoch 21/300] Iter [20/41] Loss: 0.0824
[Epoch 21/300] Iter [30/41] Loss: 0.0593
[Epoch 21/300] Iter [40/41] Loss: 0.0663
Epoch [21/300] Validation Loss: 0.3453
No improvement for 5 epoch(s).
[Epoch 22/300] Iter [10/41] Loss: 0.1056
[Epoch 22/300] Iter [20/41] Loss: 0.1146
[Epoch 22/300] Iter [30/41] Loss: 0.0067
[Epoch 22/300] Iter [40/41] Loss: 0.1280
Epoch [22/300] Validation Loss: 0.2557
No improvement for 6 epoch(s).
[Epoch 23/300] Iter [10/41] Loss: 0.1075
[Epoch 23/300] Iter [20/41] Loss: 0.0557
[Epoch 23/300] Iter [30/41] Loss: 0.0477
[Epoch 23/300] Iter [40/41] Loss: 0.0309
Epoch [23/300] Validation Loss: 0.3325
No improvement for 7 epoch(s).
[Epoch 24/300] Iter [10/41] Loss: 0.0961
[Epoch 24/300] Iter [20/41] Loss: 0.0826
[Epoch 24/300] Iter [30/41] Loss: 0.0403
[Epoch 24/300] Iter [40/41] Loss: 0.0744
Epoch [24/300] Validation Loss: 0.3154
No improvement for 8 epoch(s).
[Epoch 25/300] Iter [10/41] Loss: 0.1119
[Epoch 25/300] Iter [20/41] Loss: 0.0796
[Epoch 25/300] Iter [30/41] Loss: 0.1076
[Epoch 25/300] Iter [40/41] Loss: 0.0649
Epoch [25/300] Validation Loss: 0.2326
No improvement for 9 epoch(s).
[Epoch 26/300] Iter [10/41] Loss: 0.0240
[Epoch 26/300] Iter [20/41] Loss: 0.0084
[Epoch 26/300] Iter [30/41] Loss: 0.0202
[Epoch 26/300] Iter [40/41] Loss: 0.0389
Epoch [26/300] Validation Loss: 0.2339
No improvement for 10 epoch(s).
Early stopping triggered at epoch 26
Training complete!
Test Accuracy: 74.06%
