===== Training Config =====
Dataset:        mnist
Model:          lenet
BatchSize:      128
Epochs:         300
LR:             0.0022
Patience:       10
NumClasses:     10
SaveDir:        /scratch/gilbreth/hu953/cs57800/pth
Noise Std:      0.8
Noise Type:     gaussian
===========================
[Epoch 1/300] Iter [10/41] Loss: 1.1164
[Epoch 1/300] Iter [20/41] Loss: 0.7062
[Epoch 1/300] Iter [30/41] Loss: 0.5324
[Epoch 1/300] Iter [40/41] Loss: 0.3502
Epoch [1/300] Validation Loss: 0.3341
[Epoch 2/300] Iter [10/41] Loss: 0.2929
[Epoch 2/300] Iter [20/41] Loss: 0.2678
[Epoch 2/300] Iter [30/41] Loss: 0.2603
[Epoch 2/300] Iter [40/41] Loss: 0.2594
Epoch [2/300] Validation Loss: 0.2357
[Epoch 3/300] Iter [10/41] Loss: 0.1541
[Epoch 3/300] Iter [20/41] Loss: 0.1114
[Epoch 3/300] Iter [30/41] Loss: 0.0953
[Epoch 3/300] Iter [40/41] Loss: 0.0921
Epoch [3/300] Validation Loss: 0.1960
[Epoch 4/300] Iter [10/41] Loss: 0.0946
[Epoch 4/300] Iter [20/41] Loss: 0.0754
[Epoch 4/300] Iter [30/41] Loss: 0.0661
[Epoch 4/300] Iter [40/41] Loss: 0.0885
Epoch [4/300] Validation Loss: 0.2052
No improvement for 1 epoch(s).
[Epoch 5/300] Iter [10/41] Loss: 0.0401
[Epoch 5/300] Iter [20/41] Loss: 0.0589
[Epoch 5/300] Iter [30/41] Loss: 0.1000
[Epoch 5/300] Iter [40/41] Loss: 0.0436
Epoch [5/300] Validation Loss: 0.1715
[Epoch 6/300] Iter [10/41] Loss: 0.0281
[Epoch 6/300] Iter [20/41] Loss: 0.0170
[Epoch 6/300] Iter [30/41] Loss: 0.0373
[Epoch 6/300] Iter [40/41] Loss: 0.0327
Epoch [6/300] Validation Loss: 0.2003
No improvement for 1 epoch(s).
[Epoch 7/300] Iter [10/41] Loss: 0.0055
[Epoch 7/300] Iter [20/41] Loss: 0.0391
[Epoch 7/300] Iter [30/41] Loss: 0.0183
[Epoch 7/300] Iter [40/41] Loss: 0.0240
Epoch [7/300] Validation Loss: 0.2083
No improvement for 2 epoch(s).
[Epoch 8/300] Iter [10/41] Loss: 0.0135
[Epoch 8/300] Iter [20/41] Loss: 0.0188
[Epoch 8/300] Iter [30/41] Loss: 0.0121
[Epoch 8/300] Iter [40/41] Loss: 0.0310
Epoch [8/300] Validation Loss: 0.1912
No improvement for 3 epoch(s).
[Epoch 9/300] Iter [10/41] Loss: 0.0063
[Epoch 9/300] Iter [20/41] Loss: 0.0029
[Epoch 9/300] Iter [30/41] Loss: 0.0298
[Epoch 9/300] Iter [40/41] Loss: 0.0172
Epoch [9/300] Validation Loss: 0.2160
No improvement for 4 epoch(s).
[Epoch 10/300] Iter [10/41] Loss: 0.0013
[Epoch 10/300] Iter [20/41] Loss: 0.0098
[Epoch 10/300] Iter [30/41] Loss: 0.0047
[Epoch 10/300] Iter [40/41] Loss: 0.0066
Epoch [10/300] Validation Loss: 0.2060
No improvement for 5 epoch(s).
[Epoch 11/300] Iter [10/41] Loss: 0.0024
[Epoch 11/300] Iter [20/41] Loss: 0.0039
[Epoch 11/300] Iter [30/41] Loss: 0.0016
[Epoch 11/300] Iter [40/41] Loss: 0.0010
Epoch [11/300] Validation Loss: 0.2268
No improvement for 6 epoch(s).
[Epoch 12/300] Iter [10/41] Loss: 0.0087
[Epoch 12/300] Iter [20/41] Loss: 0.0336
[Epoch 12/300] Iter [30/41] Loss: 0.0010
[Epoch 12/300] Iter [40/41] Loss: 0.0022
Epoch [12/300] Validation Loss: 0.3196
No improvement for 7 epoch(s).
[Epoch 13/300] Iter [10/41] Loss: 0.0066
[Epoch 13/300] Iter [20/41] Loss: 0.0142
[Epoch 13/300] Iter [30/41] Loss: 0.0043
[Epoch 13/300] Iter [40/41] Loss: 0.0093
Epoch [13/300] Validation Loss: 0.2622
No improvement for 8 epoch(s).
[Epoch 14/300] Iter [10/41] Loss: 0.0135
[Epoch 14/300] Iter [20/41] Loss: 0.0207
[Epoch 14/300] Iter [30/41] Loss: 0.0137
[Epoch 14/300] Iter [40/41] Loss: 0.0076
Epoch [14/300] Validation Loss: 0.1975
No improvement for 9 epoch(s).
[Epoch 15/300] Iter [10/41] Loss: 0.0118
[Epoch 15/300] Iter [20/41] Loss: 0.0572
[Epoch 15/300] Iter [30/41] Loss: 0.1080
[Epoch 15/300] Iter [40/41] Loss: 0.0640
Epoch [15/300] Validation Loss: 0.2619
No improvement for 10 epoch(s).
Early stopping triggered at epoch 15
Training complete!
Test Accuracy: 12.34%
