===== Training Config =====
Dataset:        mnist
Model:          transformer
BatchSize:      128
Epochs:         300
LR:             0.0022
Patience:       10
NumClasses:     10
SaveDir:        /scratch/gilbreth/hu953/cs57800/pth
Noise Std:      0.0
Noise Type:     gaussian
===========================
[Epoch 1/300] Iter [10/41] Loss: 1.4667
[Epoch 1/300] Iter [20/41] Loss: 1.4270
[Epoch 1/300] Iter [30/41] Loss: 1.1588
[Epoch 1/300] Iter [40/41] Loss: 1.1334
Epoch [1/300] Validation Loss: 1.0318
[Epoch 2/300] Iter [10/41] Loss: 0.9781
[Epoch 2/300] Iter [20/41] Loss: 0.7479
[Epoch 2/300] Iter [30/41] Loss: 0.6897
[Epoch 2/300] Iter [40/41] Loss: 0.6338
Epoch [2/300] Validation Loss: 0.6745
[Epoch 3/300] Iter [10/41] Loss: 0.5580
[Epoch 3/300] Iter [20/41] Loss: 0.6089
[Epoch 3/300] Iter [30/41] Loss: 0.5128
[Epoch 3/300] Iter [40/41] Loss: 0.6015
Epoch [3/300] Validation Loss: 0.4356
[Epoch 4/300] Iter [10/41] Loss: 0.5089
[Epoch 4/300] Iter [20/41] Loss: 0.5115
[Epoch 4/300] Iter [30/41] Loss: 0.3505
[Epoch 4/300] Iter [40/41] Loss: 0.4424
Epoch [4/300] Validation Loss: 0.3233
[Epoch 5/300] Iter [10/41] Loss: 0.3275
[Epoch 5/300] Iter [20/41] Loss: 0.2834
[Epoch 5/300] Iter [30/41] Loss: 0.3658
[Epoch 5/300] Iter [40/41] Loss: 0.2636
Epoch [5/300] Validation Loss: 0.3337
No improvement for 1 epoch(s).
[Epoch 6/300] Iter [10/41] Loss: 0.2883
[Epoch 6/300] Iter [20/41] Loss: 0.4533
[Epoch 6/300] Iter [30/41] Loss: 0.3310
[Epoch 6/300] Iter [40/41] Loss: 0.2152
Epoch [6/300] Validation Loss: 0.2928
[Epoch 7/300] Iter [10/41] Loss: 0.2526
[Epoch 7/300] Iter [20/41] Loss: 0.2346
[Epoch 7/300] Iter [30/41] Loss: 0.3134
[Epoch 7/300] Iter [40/41] Loss: 0.3567
Epoch [7/300] Validation Loss: 0.2955
No improvement for 1 epoch(s).
[Epoch 8/300] Iter [10/41] Loss: 0.3610
[Epoch 8/300] Iter [20/41] Loss: 0.2131
[Epoch 8/300] Iter [30/41] Loss: 0.1524
[Epoch 8/300] Iter [40/41] Loss: 0.2188
Epoch [8/300] Validation Loss: 0.3304
No improvement for 2 epoch(s).
[Epoch 9/300] Iter [10/41] Loss: 0.2609
[Epoch 9/300] Iter [20/41] Loss: 0.2766
[Epoch 9/300] Iter [30/41] Loss: 0.1277
[Epoch 9/300] Iter [40/41] Loss: 0.2025
Epoch [9/300] Validation Loss: 0.2388
[Epoch 10/300] Iter [10/41] Loss: 0.2237
[Epoch 10/300] Iter [20/41] Loss: 0.1868
[Epoch 10/300] Iter [30/41] Loss: 0.2182
[Epoch 10/300] Iter [40/41] Loss: 0.4140
Epoch [10/300] Validation Loss: 0.3513
No improvement for 1 epoch(s).
[Epoch 11/300] Iter [10/41] Loss: 0.2100
[Epoch 11/300] Iter [20/41] Loss: 0.2671
[Epoch 11/300] Iter [30/41] Loss: 0.1485
[Epoch 11/300] Iter [40/41] Loss: 0.1421
Epoch [11/300] Validation Loss: 0.3072
No improvement for 2 epoch(s).
[Epoch 12/300] Iter [10/41] Loss: 0.0724
[Epoch 12/300] Iter [20/41] Loss: 0.2753
[Epoch 12/300] Iter [30/41] Loss: 0.2975
[Epoch 12/300] Iter [40/41] Loss: 0.2532
Epoch [12/300] Validation Loss: 0.2183
[Epoch 13/300] Iter [10/41] Loss: 0.1430
[Epoch 13/300] Iter [20/41] Loss: 0.1853
[Epoch 13/300] Iter [30/41] Loss: 0.1371
[Epoch 13/300] Iter [40/41] Loss: 0.0808
Epoch [13/300] Validation Loss: 0.2462
No improvement for 1 epoch(s).
[Epoch 14/300] Iter [10/41] Loss: 0.1354
[Epoch 14/300] Iter [20/41] Loss: 0.1096
[Epoch 14/300] Iter [30/41] Loss: 0.0511
[Epoch 14/300] Iter [40/41] Loss: 0.1357
Epoch [14/300] Validation Loss: 0.2502
No improvement for 2 epoch(s).
[Epoch 15/300] Iter [10/41] Loss: 0.0966
[Epoch 15/300] Iter [20/41] Loss: 0.0613
[Epoch 15/300] Iter [30/41] Loss: 0.1205
[Epoch 15/300] Iter [40/41] Loss: 0.1595
Epoch [15/300] Validation Loss: 0.2521
No improvement for 3 epoch(s).
[Epoch 16/300] Iter [10/41] Loss: 0.1233
[Epoch 16/300] Iter [20/41] Loss: 0.0996
[Epoch 16/300] Iter [30/41] Loss: 0.1493
[Epoch 16/300] Iter [40/41] Loss: 0.1777
Epoch [16/300] Validation Loss: 0.3224
No improvement for 4 epoch(s).
[Epoch 17/300] Iter [10/41] Loss: 0.1864
[Epoch 17/300] Iter [20/41] Loss: 0.2609
[Epoch 17/300] Iter [30/41] Loss: 0.1163
[Epoch 17/300] Iter [40/41] Loss: 0.1617
Epoch [17/300] Validation Loss: 0.2113
[Epoch 18/300] Iter [10/41] Loss: 0.1224
[Epoch 18/300] Iter [20/41] Loss: 0.0591
[Epoch 18/300] Iter [30/41] Loss: 0.1727
[Epoch 18/300] Iter [40/41] Loss: 0.1235
Epoch [18/300] Validation Loss: 0.2817
No improvement for 1 epoch(s).
[Epoch 19/300] Iter [10/41] Loss: 0.0926
[Epoch 19/300] Iter [20/41] Loss: 0.1043
[Epoch 19/300] Iter [30/41] Loss: 0.1167
[Epoch 19/300] Iter [40/41] Loss: 0.0681
Epoch [19/300] Validation Loss: 0.2711
No improvement for 2 epoch(s).
[Epoch 20/300] Iter [10/41] Loss: 0.0560
[Epoch 20/300] Iter [20/41] Loss: 0.0637
[Epoch 20/300] Iter [30/41] Loss: 0.0541
[Epoch 20/300] Iter [40/41] Loss: 0.0620
Epoch [20/300] Validation Loss: 0.2675
No improvement for 3 epoch(s).
[Epoch 21/300] Iter [10/41] Loss: 0.0368
[Epoch 21/300] Iter [20/41] Loss: 0.0216
[Epoch 21/300] Iter [30/41] Loss: 0.0553
[Epoch 21/300] Iter [40/41] Loss: 0.0866
Epoch [21/300] Validation Loss: 0.2759
No improvement for 4 epoch(s).
[Epoch 22/300] Iter [10/41] Loss: 0.1146
[Epoch 22/300] Iter [20/41] Loss: 0.0699
[Epoch 22/300] Iter [30/41] Loss: 0.0756
[Epoch 22/300] Iter [40/41] Loss: 0.0464
Epoch [22/300] Validation Loss: 0.2771
No improvement for 5 epoch(s).
[Epoch 23/300] Iter [10/41] Loss: 0.1365
[Epoch 23/300] Iter [20/41] Loss: 0.2198
[Epoch 23/300] Iter [30/41] Loss: 0.1005
[Epoch 23/300] Iter [40/41] Loss: 0.1066
Epoch [23/300] Validation Loss: 0.2300
No improvement for 6 epoch(s).
[Epoch 24/300] Iter [10/41] Loss: 0.1349
[Epoch 24/300] Iter [20/41] Loss: 0.1251
[Epoch 24/300] Iter [30/41] Loss: 0.0464
[Epoch 24/300] Iter [40/41] Loss: 0.1022
Epoch [24/300] Validation Loss: 0.3775
No improvement for 7 epoch(s).
[Epoch 25/300] Iter [10/41] Loss: 0.0600
[Epoch 25/300] Iter [20/41] Loss: 0.0777
[Epoch 25/300] Iter [30/41] Loss: 0.0936
[Epoch 25/300] Iter [40/41] Loss: 0.1727
Epoch [25/300] Validation Loss: 0.2894
No improvement for 8 epoch(s).
[Epoch 26/300] Iter [10/41] Loss: 0.1164
[Epoch 26/300] Iter [20/41] Loss: 0.0515
[Epoch 26/300] Iter [30/41] Loss: 0.0546
[Epoch 26/300] Iter [40/41] Loss: 0.0730
Epoch [26/300] Validation Loss: 0.2905
No improvement for 9 epoch(s).
[Epoch 27/300] Iter [10/41] Loss: 0.1556
[Epoch 27/300] Iter [20/41] Loss: 0.0230
[Epoch 27/300] Iter [30/41] Loss: 0.1216
[Epoch 27/300] Iter [40/41] Loss: 0.0584
Epoch [27/300] Validation Loss: 0.2676
No improvement for 10 epoch(s).
Early stopping triggered at epoch 27
Training complete!
Test Accuracy: 92.03%
