===== Training Config =====
Dataset:        mnist
Model:          lenet
BatchSize:      128
Epochs:         300
LR:             0.0022
Patience:       10
NumClasses:     10
SaveDir:        /scratch/gilbreth/hu953/cs57800/pth
Noise Std:      0.2
Noise Type:     gaussian
===========================
[Epoch 1/300] Iter [10/41] Loss: 1.1535
[Epoch 1/300] Iter [20/41] Loss: 0.6135
[Epoch 1/300] Iter [30/41] Loss: 0.4471
[Epoch 1/300] Iter [40/41] Loss: 0.3451
Epoch [1/300] Validation Loss: 0.2900
[Epoch 2/300] Iter [10/41] Loss: 0.2142
[Epoch 2/300] Iter [20/41] Loss: 0.1750
[Epoch 2/300] Iter [30/41] Loss: 0.2291
[Epoch 2/300] Iter [40/41] Loss: 0.1713
Epoch [2/300] Validation Loss: 0.2014
[Epoch 3/300] Iter [10/41] Loss: 0.1036
[Epoch 3/300] Iter [20/41] Loss: 0.0621
[Epoch 3/300] Iter [30/41] Loss: 0.1167
[Epoch 3/300] Iter [40/41] Loss: 0.1091
Epoch [3/300] Validation Loss: 0.2054
No improvement for 1 epoch(s).
[Epoch 4/300] Iter [10/41] Loss: 0.0548
[Epoch 4/300] Iter [20/41] Loss: 0.0189
[Epoch 4/300] Iter [30/41] Loss: 0.0205
[Epoch 4/300] Iter [40/41] Loss: 0.0315
Epoch [4/300] Validation Loss: 0.1482
[Epoch 5/300] Iter [10/41] Loss: 0.0161
[Epoch 5/300] Iter [20/41] Loss: 0.0286
[Epoch 5/300] Iter [30/41] Loss: 0.0958
[Epoch 5/300] Iter [40/41] Loss: 0.0130
Epoch [5/300] Validation Loss: 0.1533
No improvement for 1 epoch(s).
[Epoch 6/300] Iter [10/41] Loss: 0.0227
[Epoch 6/300] Iter [20/41] Loss: 0.0159
[Epoch 6/300] Iter [30/41] Loss: 0.0143
[Epoch 6/300] Iter [40/41] Loss: 0.0376
Epoch [6/300] Validation Loss: 0.1984
No improvement for 2 epoch(s).
[Epoch 7/300] Iter [10/41] Loss: 0.0116
[Epoch 7/300] Iter [20/41] Loss: 0.0142
[Epoch 7/300] Iter [30/41] Loss: 0.0595
[Epoch 7/300] Iter [40/41] Loss: 0.0085
Epoch [7/300] Validation Loss: 0.1753
No improvement for 3 epoch(s).
[Epoch 8/300] Iter [10/41] Loss: 0.0015
[Epoch 8/300] Iter [20/41] Loss: 0.0026
[Epoch 8/300] Iter [30/41] Loss: 0.0021
[Epoch 8/300] Iter [40/41] Loss: 0.0015
Epoch [8/300] Validation Loss: 0.1760
No improvement for 4 epoch(s).
[Epoch 9/300] Iter [10/41] Loss: 0.0048
[Epoch 9/300] Iter [20/41] Loss: 0.0031
[Epoch 9/300] Iter [30/41] Loss: 0.0058
[Epoch 9/300] Iter [40/41] Loss: 0.0048
Epoch [9/300] Validation Loss: 0.1885
No improvement for 5 epoch(s).
[Epoch 10/300] Iter [10/41] Loss: 0.0006
[Epoch 10/300] Iter [20/41] Loss: 0.0005
[Epoch 10/300] Iter [30/41] Loss: 0.0023
[Epoch 10/300] Iter [40/41] Loss: 0.0014
Epoch [10/300] Validation Loss: 0.1799
No improvement for 6 epoch(s).
[Epoch 11/300] Iter [10/41] Loss: 0.0005
[Epoch 11/300] Iter [20/41] Loss: 0.0007
[Epoch 11/300] Iter [30/41] Loss: 0.0007
[Epoch 11/300] Iter [40/41] Loss: 0.0005
Epoch [11/300] Validation Loss: 0.1967
No improvement for 7 epoch(s).
[Epoch 12/300] Iter [10/41] Loss: 0.0009
[Epoch 12/300] Iter [20/41] Loss: 0.0004
[Epoch 12/300] Iter [30/41] Loss: 0.0005
[Epoch 12/300] Iter [40/41] Loss: 0.0003
Epoch [12/300] Validation Loss: 0.1870
No improvement for 8 epoch(s).
[Epoch 13/300] Iter [10/41] Loss: 0.0005
[Epoch 13/300] Iter [20/41] Loss: 0.0003
[Epoch 13/300] Iter [30/41] Loss: 0.0001
[Epoch 13/300] Iter [40/41] Loss: 0.0003
Epoch [13/300] Validation Loss: 0.1844
No improvement for 9 epoch(s).
[Epoch 14/300] Iter [10/41] Loss: 0.0003
[Epoch 14/300] Iter [20/41] Loss: 0.0005
[Epoch 14/300] Iter [30/41] Loss: 0.0006
[Epoch 14/300] Iter [40/41] Loss: 0.0007
Epoch [14/300] Validation Loss: 0.1832
No improvement for 10 epoch(s).
Early stopping triggered at epoch 14
Training complete!
Test Accuracy: 82.19%
