===== Training Config =====
Dataset:        mnist
Model:          lenet
BatchSize:      128
Epochs:         300
LR:             0.0022
Patience:       10
NumClasses:     10
SaveDir:        /scratch/gilbreth/hu953/cs57800/pth
Noise Std:      0.6
Noise Type:     gaussian
===========================
[Epoch 1/300] Iter [10/41] Loss: 1.2507
[Epoch 1/300] Iter [20/41] Loss: 0.6699
[Epoch 1/300] Iter [30/41] Loss: 0.5497
[Epoch 1/300] Iter [40/41] Loss: 0.3863
Epoch [1/300] Validation Loss: 0.4552
[Epoch 2/300] Iter [10/41] Loss: 0.2953
[Epoch 2/300] Iter [20/41] Loss: 0.2417
[Epoch 2/300] Iter [30/41] Loss: 0.3321
[Epoch 2/300] Iter [40/41] Loss: 0.2312
Epoch [2/300] Validation Loss: 0.3330
[Epoch 3/300] Iter [10/41] Loss: 0.1192
[Epoch 3/300] Iter [20/41] Loss: 0.1271
[Epoch 3/300] Iter [30/41] Loss: 0.1350
[Epoch 3/300] Iter [40/41] Loss: 0.0916
Epoch [3/300] Validation Loss: 0.2620
[Epoch 4/300] Iter [10/41] Loss: 0.0594
[Epoch 4/300] Iter [20/41] Loss: 0.0388
[Epoch 4/300] Iter [30/41] Loss: 0.1218
[Epoch 4/300] Iter [40/41] Loss: 0.1039
Epoch [4/300] Validation Loss: 0.1881
[Epoch 5/300] Iter [10/41] Loss: 0.0879
[Epoch 5/300] Iter [20/41] Loss: 0.0425
[Epoch 5/300] Iter [30/41] Loss: 0.0477
[Epoch 5/300] Iter [40/41] Loss: 0.0478
Epoch [5/300] Validation Loss: 0.5318
No improvement for 1 epoch(s).
[Epoch 6/300] Iter [10/41] Loss: 0.0132
[Epoch 6/300] Iter [20/41] Loss: 0.0097
[Epoch 6/300] Iter [30/41] Loss: 0.0324
[Epoch 6/300] Iter [40/41] Loss: 0.0277
Epoch [6/300] Validation Loss: 0.2170
No improvement for 2 epoch(s).
[Epoch 7/300] Iter [10/41] Loss: 0.0280
[Epoch 7/300] Iter [20/41] Loss: 0.0044
[Epoch 7/300] Iter [30/41] Loss: 0.0032
[Epoch 7/300] Iter [40/41] Loss: 0.0174
Epoch [7/300] Validation Loss: 0.2142
No improvement for 3 epoch(s).
[Epoch 8/300] Iter [10/41] Loss: 0.0059
[Epoch 8/300] Iter [20/41] Loss: 0.0048
[Epoch 8/300] Iter [30/41] Loss: 0.0074
[Epoch 8/300] Iter [40/41] Loss: 0.0022
Epoch [8/300] Validation Loss: 0.2341
No improvement for 4 epoch(s).
[Epoch 9/300] Iter [10/41] Loss: 0.0031
[Epoch 9/300] Iter [20/41] Loss: 0.0046
[Epoch 9/300] Iter [30/41] Loss: 0.0048
[Epoch 9/300] Iter [40/41] Loss: 0.0021
Epoch [9/300] Validation Loss: 0.2082
No improvement for 5 epoch(s).
[Epoch 10/300] Iter [10/41] Loss: 0.0058
[Epoch 10/300] Iter [20/41] Loss: 0.0015
[Epoch 10/300] Iter [30/41] Loss: 0.0022
[Epoch 10/300] Iter [40/41] Loss: 0.0024
Epoch [10/300] Validation Loss: 0.2066
No improvement for 6 epoch(s).
[Epoch 11/300] Iter [10/41] Loss: 0.0008
[Epoch 11/300] Iter [20/41] Loss: 0.0023
[Epoch 11/300] Iter [30/41] Loss: 0.0005
[Epoch 11/300] Iter [40/41] Loss: 0.0025
Epoch [11/300] Validation Loss: 0.2205
No improvement for 7 epoch(s).
[Epoch 12/300] Iter [10/41] Loss: 0.0037
[Epoch 12/300] Iter [20/41] Loss: 0.0004
[Epoch 12/300] Iter [30/41] Loss: 0.0035
[Epoch 12/300] Iter [40/41] Loss: 0.0008
Epoch [12/300] Validation Loss: 0.2189
No improvement for 8 epoch(s).
[Epoch 13/300] Iter [10/41] Loss: 0.0004
[Epoch 13/300] Iter [20/41] Loss: 0.0010
[Epoch 13/300] Iter [30/41] Loss: 0.0013
[Epoch 13/300] Iter [40/41] Loss: 0.0004
Epoch [13/300] Validation Loss: 0.2183
No improvement for 9 epoch(s).
[Epoch 14/300] Iter [10/41] Loss: 0.0004
[Epoch 14/300] Iter [20/41] Loss: 0.0004
[Epoch 14/300] Iter [30/41] Loss: 0.0003
[Epoch 14/300] Iter [40/41] Loss: 0.0003
Epoch [14/300] Validation Loss: 0.2272
No improvement for 10 epoch(s).
Early stopping triggered at epoch 14
Training complete!
Test Accuracy: 16.25%
