===== Training Config =====
Dataset:        mnist
Model:          lenet
BatchSize:      128
Epochs:         300
LR:             0.0022
Patience:       10
NumClasses:     10
SaveDir:        /scratch/gilbreth/hu953/cs57800/pth
Noise Std:      0.3
Noise Type:     gaussian
===========================
[Epoch 1/300] Iter [10/41] Loss: 1.1260
[Epoch 1/300] Iter [20/41] Loss: 0.7285
[Epoch 1/300] Iter [30/41] Loss: 0.4596
[Epoch 1/300] Iter [40/41] Loss: 0.4230
Epoch [1/300] Validation Loss: 0.5862
[Epoch 2/300] Iter [10/41] Loss: 0.3156
[Epoch 2/300] Iter [20/41] Loss: 0.2620
[Epoch 2/300] Iter [30/41] Loss: 0.1843
[Epoch 2/300] Iter [40/41] Loss: 0.2578
Epoch [2/300] Validation Loss: 0.3153
[Epoch 3/300] Iter [10/41] Loss: 0.1928
[Epoch 3/300] Iter [20/41] Loss: 0.0684
[Epoch 3/300] Iter [30/41] Loss: 0.1524
[Epoch 3/300] Iter [40/41] Loss: 0.1198
Epoch [3/300] Validation Loss: 0.2064
[Epoch 4/300] Iter [10/41] Loss: 0.1272
[Epoch 4/300] Iter [20/41] Loss: 0.0887
[Epoch 4/300] Iter [30/41] Loss: 0.0873
[Epoch 4/300] Iter [40/41] Loss: 0.0694
Epoch [4/300] Validation Loss: 0.1630
[Epoch 5/300] Iter [10/41] Loss: 0.0630
[Epoch 5/300] Iter [20/41] Loss: 0.0147
[Epoch 5/300] Iter [30/41] Loss: 0.0168
[Epoch 5/300] Iter [40/41] Loss: 0.0466
Epoch [5/300] Validation Loss: 0.1591
[Epoch 6/300] Iter [10/41] Loss: 0.0406
[Epoch 6/300] Iter [20/41] Loss: 0.0077
[Epoch 6/300] Iter [30/41] Loss: 0.0180
[Epoch 6/300] Iter [40/41] Loss: 0.0142
Epoch [6/300] Validation Loss: 0.1457
[Epoch 7/300] Iter [10/41] Loss: 0.0255
[Epoch 7/300] Iter [20/41] Loss: 0.0149
[Epoch 7/300] Iter [30/41] Loss: 0.0112
[Epoch 7/300] Iter [40/41] Loss: 0.0059
Epoch [7/300] Validation Loss: 0.1476
No improvement for 1 epoch(s).
[Epoch 8/300] Iter [10/41] Loss: 0.0045
[Epoch 8/300] Iter [20/41] Loss: 0.0058
[Epoch 8/300] Iter [30/41] Loss: 0.0013
[Epoch 8/300] Iter [40/41] Loss: 0.0037
Epoch [8/300] Validation Loss: 0.1464
No improvement for 2 epoch(s).
[Epoch 9/300] Iter [10/41] Loss: 0.0026
[Epoch 9/300] Iter [20/41] Loss: 0.0018
[Epoch 9/300] Iter [30/41] Loss: 0.0096
[Epoch 9/300] Iter [40/41] Loss: 0.0015
Epoch [9/300] Validation Loss: 0.1494
No improvement for 3 epoch(s).
[Epoch 10/300] Iter [10/41] Loss: 0.0029
[Epoch 10/300] Iter [20/41] Loss: 0.0015
[Epoch 10/300] Iter [30/41] Loss: 0.0066
[Epoch 10/300] Iter [40/41] Loss: 0.0107
Epoch [10/300] Validation Loss: 0.1485
No improvement for 4 epoch(s).
[Epoch 11/300] Iter [10/41] Loss: 0.0042
[Epoch 11/300] Iter [20/41] Loss: 0.0031
[Epoch 11/300] Iter [30/41] Loss: 0.0015
[Epoch 11/300] Iter [40/41] Loss: 0.0024
Epoch [11/300] Validation Loss: 0.1697
No improvement for 5 epoch(s).
[Epoch 12/300] Iter [10/41] Loss: 0.0012
[Epoch 12/300] Iter [20/41] Loss: 0.0016
[Epoch 12/300] Iter [30/41] Loss: 0.0003
[Epoch 12/300] Iter [40/41] Loss: 0.0003
Epoch [12/300] Validation Loss: 0.1645
No improvement for 6 epoch(s).
[Epoch 13/300] Iter [10/41] Loss: 0.0006
[Epoch 13/300] Iter [20/41] Loss: 0.0008
[Epoch 13/300] Iter [30/41] Loss: 0.0003
[Epoch 13/300] Iter [40/41] Loss: 0.0003
Epoch [13/300] Validation Loss: 0.1594
No improvement for 7 epoch(s).
[Epoch 14/300] Iter [10/41] Loss: 0.0003
[Epoch 14/300] Iter [20/41] Loss: 0.0003
[Epoch 14/300] Iter [30/41] Loss: 0.0004
[Epoch 14/300] Iter [40/41] Loss: 0.0003
Epoch [14/300] Validation Loss: 0.1588
No improvement for 8 epoch(s).
[Epoch 15/300] Iter [10/41] Loss: 0.0002
[Epoch 15/300] Iter [20/41] Loss: 0.0005
[Epoch 15/300] Iter [30/41] Loss: 0.0003
[Epoch 15/300] Iter [40/41] Loss: 0.0006
Epoch [15/300] Validation Loss: 0.1599
No improvement for 9 epoch(s).
[Epoch 16/300] Iter [10/41] Loss: 0.0004
[Epoch 16/300] Iter [20/41] Loss: 0.0003
[Epoch 16/300] Iter [30/41] Loss: 0.0002
[Epoch 16/300] Iter [40/41] Loss: 0.0002
Epoch [16/300] Validation Loss: 0.1596
No improvement for 10 epoch(s).
Early stopping triggered at epoch 16
Training complete!
Test Accuracy: 56.72%
