===== Training Config =====
Dataset:        mnist
Model:          transformer
BatchSize:      128
Epochs:         300
LR:             0.0022
Patience:       10
NumClasses:     10
SaveDir:        /scratch/gilbreth/hu953/cs57800/pth
Noise Std:      0.6
Noise Type:     gaussian
===========================
[Epoch 1/300] Iter [10/41] Loss: 1.7344
[Epoch 1/300] Iter [20/41] Loss: 1.2782
[Epoch 1/300] Iter [30/41] Loss: 1.0495
[Epoch 1/300] Iter [40/41] Loss: 1.0080
Epoch [1/300] Validation Loss: 0.9584
[Epoch 2/300] Iter [10/41] Loss: 1.0298
[Epoch 2/300] Iter [20/41] Loss: 0.8374
[Epoch 2/300] Iter [30/41] Loss: 0.8546
[Epoch 2/300] Iter [40/41] Loss: 0.6428
Epoch [2/300] Validation Loss: 0.5386
[Epoch 3/300] Iter [10/41] Loss: 0.7196
[Epoch 3/300] Iter [20/41] Loss: 0.7816
[Epoch 3/300] Iter [30/41] Loss: 0.3881
[Epoch 3/300] Iter [40/41] Loss: 0.5545
Epoch [3/300] Validation Loss: 0.4860
[Epoch 4/300] Iter [10/41] Loss: 0.4740
[Epoch 4/300] Iter [20/41] Loss: 0.5862
[Epoch 4/300] Iter [30/41] Loss: 0.5569
[Epoch 4/300] Iter [40/41] Loss: 0.5287
Epoch [4/300] Validation Loss: 0.3399
[Epoch 5/300] Iter [10/41] Loss: 0.3426
[Epoch 5/300] Iter [20/41] Loss: 0.3273
[Epoch 5/300] Iter [30/41] Loss: 0.3505
[Epoch 5/300] Iter [40/41] Loss: 0.3909
Epoch [5/300] Validation Loss: 0.3636
No improvement for 1 epoch(s).
[Epoch 6/300] Iter [10/41] Loss: 0.1941
[Epoch 6/300] Iter [20/41] Loss: 0.4307
[Epoch 6/300] Iter [30/41] Loss: 0.3206
[Epoch 6/300] Iter [40/41] Loss: 0.3429
Epoch [6/300] Validation Loss: 0.3430
No improvement for 2 epoch(s).
[Epoch 7/300] Iter [10/41] Loss: 0.3467
[Epoch 7/300] Iter [20/41] Loss: 0.2676
[Epoch 7/300] Iter [30/41] Loss: 0.1346
[Epoch 7/300] Iter [40/41] Loss: 0.1661
Epoch [7/300] Validation Loss: 0.2614
[Epoch 8/300] Iter [10/41] Loss: 0.2718
[Epoch 8/300] Iter [20/41] Loss: 0.3352
[Epoch 8/300] Iter [30/41] Loss: 0.3067
[Epoch 8/300] Iter [40/41] Loss: 0.3036
Epoch [8/300] Validation Loss: 0.3754
No improvement for 1 epoch(s).
[Epoch 9/300] Iter [10/41] Loss: 0.3353
[Epoch 9/300] Iter [20/41] Loss: 0.3063
[Epoch 9/300] Iter [30/41] Loss: 0.3227
[Epoch 9/300] Iter [40/41] Loss: 0.3928
Epoch [9/300] Validation Loss: 0.2507
[Epoch 10/300] Iter [10/41] Loss: 0.2876
[Epoch 10/300] Iter [20/41] Loss: 0.0890
[Epoch 10/300] Iter [30/41] Loss: 0.2130
[Epoch 10/300] Iter [40/41] Loss: 0.1436
Epoch [10/300] Validation Loss: 0.2391
[Epoch 11/300] Iter [10/41] Loss: 0.1294
[Epoch 11/300] Iter [20/41] Loss: 0.0931
[Epoch 11/300] Iter [30/41] Loss: 0.1300
[Epoch 11/300] Iter [40/41] Loss: 0.1389
Epoch [11/300] Validation Loss: 0.3224
No improvement for 1 epoch(s).
[Epoch 12/300] Iter [10/41] Loss: 0.1277
[Epoch 12/300] Iter [20/41] Loss: 0.0827
[Epoch 12/300] Iter [30/41] Loss: 0.2567
[Epoch 12/300] Iter [40/41] Loss: 0.1592
Epoch [12/300] Validation Loss: 0.2469
No improvement for 2 epoch(s).
[Epoch 13/300] Iter [10/41] Loss: 0.0950
[Epoch 13/300] Iter [20/41] Loss: 0.1342
[Epoch 13/300] Iter [30/41] Loss: 0.1631
[Epoch 13/300] Iter [40/41] Loss: 0.2721
Epoch [13/300] Validation Loss: 0.2286
[Epoch 14/300] Iter [10/41] Loss: 0.1773
[Epoch 14/300] Iter [20/41] Loss: 0.0766
[Epoch 14/300] Iter [30/41] Loss: 0.2106
[Epoch 14/300] Iter [40/41] Loss: 0.1097
Epoch [14/300] Validation Loss: 0.1876
[Epoch 15/300] Iter [10/41] Loss: 0.0863
[Epoch 15/300] Iter [20/41] Loss: 0.1529
[Epoch 15/300] Iter [30/41] Loss: 0.0970
[Epoch 15/300] Iter [40/41] Loss: 0.0456
Epoch [15/300] Validation Loss: 0.2330
No improvement for 1 epoch(s).
[Epoch 16/300] Iter [10/41] Loss: 0.0955
[Epoch 16/300] Iter [20/41] Loss: 0.0438
[Epoch 16/300] Iter [30/41] Loss: 0.2713
[Epoch 16/300] Iter [40/41] Loss: 0.1768
Epoch [16/300] Validation Loss: 0.2716
No improvement for 2 epoch(s).
[Epoch 17/300] Iter [10/41] Loss: 0.1235
[Epoch 17/300] Iter [20/41] Loss: 0.2239
[Epoch 17/300] Iter [30/41] Loss: 0.1345
[Epoch 17/300] Iter [40/41] Loss: 0.2347
Epoch [17/300] Validation Loss: 0.3489
No improvement for 3 epoch(s).
[Epoch 18/300] Iter [10/41] Loss: 0.1165
[Epoch 18/300] Iter [20/41] Loss: 0.1232
[Epoch 18/300] Iter [30/41] Loss: 0.1183
[Epoch 18/300] Iter [40/41] Loss: 0.0997
Epoch [18/300] Validation Loss: 0.2445
No improvement for 4 epoch(s).
[Epoch 19/300] Iter [10/41] Loss: 0.0632
[Epoch 19/300] Iter [20/41] Loss: 0.1190
[Epoch 19/300] Iter [30/41] Loss: 0.0972
[Epoch 19/300] Iter [40/41] Loss: 0.0653
Epoch [19/300] Validation Loss: 0.2992
No improvement for 5 epoch(s).
[Epoch 20/300] Iter [10/41] Loss: 0.0186
[Epoch 20/300] Iter [20/41] Loss: 0.0412
[Epoch 20/300] Iter [30/41] Loss: 0.1011
[Epoch 20/300] Iter [40/41] Loss: 0.1094
Epoch [20/300] Validation Loss: 0.3257
No improvement for 6 epoch(s).
[Epoch 21/300] Iter [10/41] Loss: 0.1429
[Epoch 21/300] Iter [20/41] Loss: 0.1064
[Epoch 21/300] Iter [30/41] Loss: 0.0724
[Epoch 21/300] Iter [40/41] Loss: 0.0872
Epoch [21/300] Validation Loss: 0.2355
No improvement for 7 epoch(s).
[Epoch 22/300] Iter [10/41] Loss: 0.0715
[Epoch 22/300] Iter [20/41] Loss: 0.0842
[Epoch 22/300] Iter [30/41] Loss: 0.0430
[Epoch 22/300] Iter [40/41] Loss: 0.0348
Epoch [22/300] Validation Loss: 0.3273
No improvement for 8 epoch(s).
[Epoch 23/300] Iter [10/41] Loss: 0.0930
[Epoch 23/300] Iter [20/41] Loss: 0.0745
[Epoch 23/300] Iter [30/41] Loss: 0.0151
[Epoch 23/300] Iter [40/41] Loss: 0.0527
Epoch [23/300] Validation Loss: 0.3137
No improvement for 9 epoch(s).
[Epoch 24/300] Iter [10/41] Loss: 0.0082
[Epoch 24/300] Iter [20/41] Loss: 0.0873
[Epoch 24/300] Iter [30/41] Loss: 0.0857
[Epoch 24/300] Iter [40/41] Loss: 0.0965
Epoch [24/300] Validation Loss: 0.2646
No improvement for 10 epoch(s).
Early stopping triggered at epoch 24
Training complete!
Test Accuracy: 34.69%
